--------BEG-----------
-15
costs: 75

-14
costs: 70

-13
costs: 65

-12
costs: 60

-11
costs: 55

-10
costs: 50

-9
costs: 45

-8
costs: 40

-7
costs: 35

-6
costs: 30

-5
costs: 25

-4
costs: 20

-3
costs: 15

solutions: 13
best solutions: 1
max costs: 75

Slurm Job Summary
*****************
- General information:
    date = Sat Apr 3 18:32:08 CEST 2021
    hostname = node038
- Job information:
    JobId = 900133
    JobName = j1_1_1_1B4_0Vbrute
    UserId = sunip624(67554)
    Account = sunip624
    QOS = normal
    NodeList = node038
    Features = (null)
    Command = /home/sunip624/IntOpt/sbatches/j1_1_1_1B4_0Vbrute.sbatch
    WorkDir = /home/sunip624/IntOpt
    StdOut = /home/sunip624/IntOpt/./stdouts/j1_1_1_1B4_0Vbrute.out
    StdErr = /home/sunip624/IntOpt/./stderrs/j1_1_1_1B4_0Vbrute.err
- Requested resources:
    Timelimit = 04:00:00 ( 14400s )
    MinMemoryNode = 10G ( 10240.000M )
    NumNodes = 1
    NumCPUs = 16
    NumTasks = 1
    CPUs/Task = 16
- Used resources:
    RunTime = 00:00:01 ( 1s )
    MaxRSS = 912K ( 0.891M )
====================
- Important conclusions and remarks:
    * !!! Please, always check if the number of requested cores and nodes matches the need of your program/code !!!
    * !!! Less than 10% of requested walltime used !!! Please, adapt your batch script.
    * !!! Less than 10% of requested main memory used !!! Please, adapt your batch script.

