
Slurm Job Summary
*****************
- General information:
    date = Tue Apr 6 21:44:56 CEST 2021
    hostname = node055
- Job information:
    JobId = 903942
    JobName = j1_1_9_2B1_1V1
    UserId = sunip624(67554)
    Account = sunip624
    QOS = normal
    NodeList = node055
    Features = (null)
    Command = /home/sunip624/IntOpt/sbatches/j1_1_9_2B1_1V1.sbatch
    WorkDir = /home/sunip624/IntOpt
    StdOut = /home/sunip624/IntOpt/./stdouts/j1_1_9_2B1_1V1.out
    StdErr = /home/sunip624/IntOpt/./stderrs/j1_1_9_2B1_1V1.err
- Requested resources:
    Timelimit = 04:00:00 ( 14400s )
    MinMemoryNode = 200G ( 204800.000M )
    NumNodes = 1
    NumCPUs = 16
    NumTasks = 1
    CPUs/Task = 16
- Used resources:
    RunTime = 03:00:48 ( 10848s )
    MaxRSS = 209714640K ( 204799.453M )
====================
- Important conclusions and remarks:
    * !!! Please, always check if the number of requested cores and nodes matches the need of your program/code !!!
    (null)
    (null)

