--------BEG-----------
 4
-7
costs: 67

 0
-2
costs: 10

-4
 3
costs: -47

-8
 8
costs: -104

solutions: 4
best solutions: 1
max costs: 67

Slurm Job Summary
*****************
- General information:
    date = Sat Apr 3 18:32:08 CEST 2021
    hostname = node082
- Job information:
    JobId = 900136
    JobName = j1_1_1_2B1_2Vbrute
    UserId = sunip624(67554)
    Account = sunip624
    QOS = normal
    NodeList = node082
    Features = (null)
    Command = /home/sunip624/IntOpt/sbatches/j1_1_1_2B1_2Vbrute.sbatch
    WorkDir = /home/sunip624/IntOpt
    StdOut = /home/sunip624/IntOpt/./stdouts/j1_1_1_2B1_2Vbrute.out
    StdErr = /home/sunip624/IntOpt/./stderrs/j1_1_1_2B1_2Vbrute.err
- Requested resources:
    Timelimit = 04:00:00 ( 14400s )
    MinMemoryNode = 10G ( 10240.000M )
    NumNodes = 1
    NumCPUs = 16
    NumTasks = 1
    CPUs/Task = 16
- Used resources:
    RunTime = 00:00:01 ( 1s )
    MaxRSS = 920K ( 0.898M )
====================
- Important conclusions and remarks:
    * !!! Please, always check if the number of requested cores and nodes matches the need of your program/code !!!
    * !!! Less than 10% of requested walltime used !!! Please, adapt your batch script.
    * !!! Less than 10% of requested main memory used !!! Please, adapt your batch script.

