solution:
-6
 5
maximum: 220

Slurm Job Summary
*****************
- General information:
    date = Tue Apr 6 19:10:23 CEST 2021
    hostname = node084
- Job information:
    JobId = 903913
    JobName = j1_1_4_2B1_2V1
    UserId = sunip624(67554)
    Account = sunip624
    QOS = normal
    NodeList = node084
    Features = (null)
    Command = /home/sunip624/IntOpt/sbatches/j1_1_4_2B1_2V1.sbatch
    WorkDir = /home/sunip624/IntOpt
    StdOut = /home/sunip624/IntOpt/./stdouts/j1_1_4_2B1_2V1.out
    StdErr = /home/sunip624/IntOpt/./stderrs/j1_1_4_2B1_2V1.err
- Requested resources:
    Timelimit = 04:00:00 ( 14400s )
    MinMemoryNode = 200G ( 204800.000M )
    NumNodes = 1
    NumCPUs = 16
    NumTasks = 1
    CPUs/Task = 16
- Used resources:
    RunTime = 00:26:20 ( 1580s )
    MaxRSS = 60388408K ( 58973.055M )
====================
- Important conclusions and remarks:
    * !!! Please, always check if the number of requested cores and nodes matches the need of your program/code !!!
    * !!! Less than 20% of requested walltime used !!! Please, adapt your batch script.
    * !!! Less than 30% of requested main memory used !!! Please, adapt your batch script.

