--------BEG-----------
-10
  8
-10
costs: -80

-7
 4
-4
costs: 18

-4
 0
 2
costs: 116

solutions: 3
best solutions: 1
max costs: 116

Slurm Job Summary
*****************
- General information:
    date = Sat Apr 3 18:33:08 CEST 2021
    hostname = node035
- Job information:
    JobId = 900142
    JobName = j1_1_1_3B1_2Vbrute
    UserId = sunip624(67554)
    Account = sunip624
    QOS = normal
    NodeList = node035
    Features = (null)
    Command = /home/sunip624/IntOpt/sbatches/j1_1_1_3B1_2Vbrute.sbatch
    WorkDir = /home/sunip624/IntOpt
    StdOut = /home/sunip624/IntOpt/./stdouts/j1_1_1_3B1_2Vbrute.out
    StdErr = /home/sunip624/IntOpt/./stderrs/j1_1_1_3B1_2Vbrute.err
- Requested resources:
    Timelimit = 04:00:00 ( 14400s )
    MinMemoryNode = 10G ( 10240.000M )
    NumNodes = 1
    NumCPUs = 16
    NumTasks = 1
    CPUs/Task = 16
- Used resources:
    RunTime = 00:00:01 ( 1s )
    MaxRSS = 920K ( 0.898M )
====================
- Important conclusions and remarks:
    * !!! Please, always check if the number of requested cores and nodes matches the need of your program/code !!!
    * !!! Less than 10% of requested walltime used !!! Please, adapt your batch script.
    * !!! Less than 10% of requested main memory used !!! Please, adapt your batch script.

