solution:
-9
-8
maximum: 422

Slurm Job Summary
*****************
- General information:
    date = Sat Apr 10 09:54:09 CEST 2021
    hostname = node049
- Job information:
    JobId = 908852
    JobName = j1_10_2_2B1_1V2
    UserId = sunip624(67554)
    Account = sunip624
    QOS = normal
    NodeList = node049
    Features = (null)
    Command = /home/sunip624/IntOpt/sbatches/j1_10_2_2B1_1V2.sbatch
    WorkDir = /home/sunip624/IntOpt
    StdOut = /home/sunip624/IntOpt/./stdouts/j1_10_2_2B1_1V2.out
    StdErr = /home/sunip624/IntOpt/./stderrs/j1_10_2_2B1_1V2.err
- Requested resources:
    Timelimit = 04:00:00 ( 14400s )
    MinMemoryNode = 200G ( 204800.000M )
    NumNodes = 1
    NumCPUs = 16
    NumTasks = 1
    CPUs/Task = 16
- Used resources:
    RunTime = 00:29:22 ( 1762s )
    MaxRSS = 77524668K ( 75707.684M )
====================
- Important conclusions and remarks:
    * !!! Please, always check if the number of requested cores and nodes matches the need of your program/code !!!
    * !!! Less than 20% of requested walltime used !!! Please, adapt your batch script.
    * !!! Less than 40% of requested main memory used !!! Please, adapt your batch script.

