solution:
 7
-8
maximum: -31

Slurm Job Summary
*****************
- General information:
    date = Sun Apr 4 08:02:07 CEST 2021
    hostname = node003
- Job information:
    JobId = 899613
    JobName = j1_1_3_2B2_0V2
    UserId = sunip624(67554)
    Account = sunip624
    QOS = normal
    NodeList = node003
    Features = (null)
    Command = /home/sunip624/IntOpt/sbatches/j1_1_3_2B2_0V2.sbatch
    WorkDir = /home/sunip624/IntOpt
    StdOut = /home/sunip624/IntOpt/./stdouts/j1_1_3_2B2_0V2.out
    StdErr = /home/sunip624/IntOpt/./stderrs/j1_1_3_2B2_0V2.err
- Requested resources:
    Timelimit = 04:00:00 ( 14400s )
    MinMemoryNode = 200G ( 204800.000M )
    NumNodes = 1
    NumCPUs = 16
    NumTasks = 1
    CPUs/Task = 16
- Used resources:
    RunTime = 00:40:34 ( 2434s )
    MaxRSS = 73320912K ( 71602.453M )
====================
- Important conclusions and remarks:
    * !!! Please, always check if the number of requested cores and nodes matches the need of your program/code !!!
    * !!! Less than 20% of requested walltime used !!! Please, adapt your batch script.
    * !!! Less than 40% of requested main memory used !!! Please, adapt your batch script.

