--------BEG-----------
-8
costs: 168

-7
costs: 147

-6
costs: 126

-5
costs: 105

-4
costs: 84

-3
costs: 63

-2
costs: 42

-1
costs: 21

0
costs: 0

1
costs: -21

2
costs: -42

3
costs: -63

4
costs: -84

5
costs: -105

6
costs: -126

7
costs: -147

8
costs: -168

9
costs: -189

solutions: 18
best solutions: 1
max costs: 168

Slurm Job Summary
*****************
- General information:
    date = Sat Apr 3 18:32:08 CEST 2021
    hostname = node037
- Job information:
    JobId = 900132
    JobName = j1_1_1_1B3_0Vbrute
    UserId = sunip624(67554)
    Account = sunip624
    QOS = normal
    NodeList = node037
    Features = (null)
    Command = /home/sunip624/IntOpt/sbatches/j1_1_1_1B3_0Vbrute.sbatch
    WorkDir = /home/sunip624/IntOpt
    StdOut = /home/sunip624/IntOpt/./stdouts/j1_1_1_1B3_0Vbrute.out
    StdErr = /home/sunip624/IntOpt/./stderrs/j1_1_1_1B3_0Vbrute.err
- Requested resources:
    Timelimit = 04:00:00 ( 14400s )
    MinMemoryNode = 10G ( 10240.000M )
    NumNodes = 1
    NumCPUs = 16
    NumTasks = 1
    CPUs/Task = 16
- Used resources:
    RunTime = 00:00:01 ( 1s )
    MaxRSS = 916K ( 0.895M )
====================
- Important conclusions and remarks:
    * !!! Please, always check if the number of requested cores and nodes matches the need of your program/code !!!
    * !!! Less than 10% of requested walltime used !!! Please, adapt your batch script.
    * !!! Less than 10% of requested main memory used !!! Please, adapt your batch script.

