
Slurm Job Summary
*****************
- General information:
    date = Tue Apr 6 20:25:34 CEST 2021
    hostname = node057
- Job information:
    JobId = 903936
    JobName = j1_1_8_2B1_0V1
    UserId = sunip624(67554)
    Account = sunip624
    QOS = normal
    NodeList = node057
    Features = (null)
    Command = /home/sunip624/IntOpt/sbatches/j1_1_8_2B1_0V1.sbatch
    WorkDir = /home/sunip624/IntOpt
    StdOut = /home/sunip624/IntOpt/./stdouts/j1_1_8_2B1_0V1.out
    StdErr = /home/sunip624/IntOpt/./stderrs/j1_1_8_2B1_0V1.err
- Requested resources:
    Timelimit = 04:00:00 ( 14400s )
    MinMemoryNode = 200G ( 204800.000M )
    NumNodes = 1
    NumCPUs = 16
    NumTasks = 1
    CPUs/Task = 16
- Used resources:
    RunTime = 01:41:27 ( 6087s )
    MaxRSS = 209715048K ( 204799.852M )
====================
- Important conclusions and remarks:
    * !!! Please, always check if the number of requested cores and nodes matches the need of your program/code !!!
    * !!! Less than 50% of requested walltime used !!! Please, adapt your batch script.
    (null)

