--------BEG-----------
  2
-10
costs: -236

-3
-8
costs: -313

-8
-6
costs: -390

solutions: 3
best solutions: 1
max costs: -236

Slurm Job Summary
*****************
- General information:
    date = Sat Apr 3 18:32:08 CEST 2021
    hostname = node086
- Job information:
    JobId = 900137
    JobName = j1_1_1_2B1_1Vbrute
    UserId = sunip624(67554)
    Account = sunip624
    QOS = normal
    NodeList = node086
    Features = (null)
    Command = /home/sunip624/IntOpt/sbatches/j1_1_1_2B1_1Vbrute.sbatch
    WorkDir = /home/sunip624/IntOpt
    StdOut = /home/sunip624/IntOpt/./stdouts/j1_1_1_2B1_1Vbrute.out
    StdErr = /home/sunip624/IntOpt/./stderrs/j1_1_1_2B1_1Vbrute.err
- Requested resources:
    Timelimit = 04:00:00 ( 14400s )
    MinMemoryNode = 10G ( 10240.000M )
    NumNodes = 1
    NumCPUs = 16
    NumTasks = 1
    CPUs/Task = 16
- Used resources:
    RunTime = 00:00:01 ( 1s )
    MaxRSS = 916K ( 0.895M )
====================
- Important conclusions and remarks:
    * !!! Please, always check if the number of requested cores and nodes matches the need of your program/code !!!
    * !!! Less than 10% of requested walltime used !!! Please, adapt your batch script.
    * !!! Less than 10% of requested main memory used !!! Please, adapt your batch script.

