--------BEG-----------
 5
-7
-9
costs: 118

 4
-7
-8
costs: 90

 3
-7
-7
costs: 62

 2
-7
-6
costs: 34

 1
-7
-5
costs: 6

 0
-7
-4
costs: -22

-1
-7
-3
costs: -50

-2
-7
-2
costs: -78

-3
-7
-1
costs: -106

-4
-7
 0
costs: -134

-5
-7
 1
costs: -162

-6
-7
 2
costs: -190

-7
-7
 3
costs: -218

-8
-7
 4
costs: -246

-9
-7
 5
costs: -274

-10
 -7
  6
costs: -302

-11
 -7
  7
costs: -330

solutions: 17
best solutions: 1
max costs: 118

Slurm Job Summary
*****************
- General information:
    date = Sat Apr 3 18:35:08 CEST 2021
    hostname = node035
- Job information:
    JobId = 900166
    JobName = j1_1_2_3B2_0Vbrute
    UserId = sunip624(67554)
    Account = sunip624
    QOS = normal
    NodeList = node035
    Features = (null)
    Command = /home/sunip624/IntOpt/sbatches/j1_1_2_3B2_0Vbrute.sbatch
    WorkDir = /home/sunip624/IntOpt
    StdOut = /home/sunip624/IntOpt/./stdouts/j1_1_2_3B2_0Vbrute.out
    StdErr = /home/sunip624/IntOpt/./stderrs/j1_1_2_3B2_0Vbrute.err
- Requested resources:
    Timelimit = 04:00:00 ( 14400s )
    MinMemoryNode = 10G ( 10240.000M )
    NumNodes = 1
    NumCPUs = 16
    NumTasks = 1
    CPUs/Task = 16
- Used resources:
    RunTime = 00:00:01 ( 1s )
    MaxRSS = 904K ( 0.883M )
====================
- Important conclusions and remarks:
    * !!! Please, always check if the number of requested cores and nodes matches the need of your program/code !!!
    * !!! Less than 10% of requested walltime used !!! Please, adapt your batch script.
    * !!! Less than 10% of requested main memory used !!! Please, adapt your batch script.

