
Slurm Job Summary
*****************
- General information:
    date = Sun Apr 4 08:20:44 CEST 2021
    hostname = node059
- Job information:
    JobId = 899614
    JobName = j1_1_3_2B3_0V2
    UserId = sunip624(67554)
    Account = sunip624
    QOS = normal
    NodeList = node059
    Features = (null)
    Command = /home/sunip624/IntOpt/sbatches/j1_1_3_2B3_0V2.sbatch
    WorkDir = /home/sunip624/IntOpt
    StdOut = /home/sunip624/IntOpt/./stdouts/j1_1_3_2B3_0V2.out
    StdErr = /home/sunip624/IntOpt/./stderrs/j1_1_3_2B3_0V2.err
- Requested resources:
    Timelimit = 04:00:00 ( 14400s )
    MinMemoryNode = 200G ( 204800.000M )
    NumNodes = 1
    NumCPUs = 16
    NumTasks = 1
    CPUs/Task = 16
- Used resources:
    RunTime = 00:58:18 ( 3498s )
    MaxRSS = 208757688K ( 203864.930M )
====================
- Important conclusions and remarks:
    * !!! Please, always check if the number of requested cores and nodes matches the need of your program/code !!!
    * !!! Less than 30% of requested walltime used !!! Please, adapt your batch script.
    (null)

