
Slurm Job Summary
*****************
- General information:
    date = Sat Apr 10 09:32:15 CEST 2021
    hostname = node062
- Job information:
    JobId = 908845
    JobName = j1_10_1_2B1_1V2
    UserId = sunip624(67554)
    Account = sunip624
    QOS = normal
    NodeList = node062
    Features = (null)
    Command = /home/sunip624/IntOpt/sbatches/j1_10_1_2B1_1V2.sbatch
    WorkDir = /home/sunip624/IntOpt
    StdOut = /home/sunip624/IntOpt/./stdouts/j1_10_1_2B1_1V2.out
    StdErr = /home/sunip624/IntOpt/./stderrs/j1_10_1_2B1_1V2.err
- Requested resources:
    Timelimit = 04:00:00 ( 14400s )
    MinMemoryNode = 200G ( 204800.000M )
    NumNodes = 1
    NumCPUs = 16
    NumTasks = 1
    CPUs/Task = 16
- Used resources:
    RunTime = 00:18:35 ( 1115s )
    MaxRSS = 209715052K ( 204799.855M )
====================
- Important conclusions and remarks:
    * !!! Please, always check if the number of requested cores and nodes matches the need of your program/code !!!
    * !!! Less than 10% of requested walltime used !!! Please, adapt your batch script.
    (null)

