solution:
-14
  4
maximum: 248

Slurm Job Summary
*****************
- General information:
    date = Sun Apr 4 09:24:27 CEST 2021
    hostname = node085
- Job information:
    JobId = 899616
    JobName = j1_1_3_2B5_0V2
    UserId = sunip624(67554)
    Account = sunip624
    QOS = normal
    NodeList = node085
    Features = (null)
    Command = /home/sunip624/IntOpt/sbatches/j1_1_3_2B5_0V2.sbatch
    WorkDir = /home/sunip624/IntOpt
    StdOut = /home/sunip624/IntOpt/./stdouts/j1_1_3_2B5_0V2.out
    StdErr = /home/sunip624/IntOpt/./stderrs/j1_1_3_2B5_0V2.err
- Requested resources:
    Timelimit = 04:00:00 ( 14400s )
    MinMemoryNode = 200G ( 204800.000M )
    NumNodes = 1
    NumCPUs = 16
    NumTasks = 1
    CPUs/Task = 16
- Used resources:
    RunTime = 01:56:51 ( 7011s )
    MaxRSS = 134507128K ( 131354.617M )
====================
- Important conclusions and remarks:
    * !!! Please, always check if the number of requested cores and nodes matches the need of your program/code !!!
    * !!! Less than 50% of requested walltime used !!! Please, adapt your batch script.
    * !!! Less than 70% of requested main memory used !!! Please, adapt your batch script.

