--------BEG-----------
-5
costs: 25

-4
costs: 20

-3
costs: 15

-2
costs: 10

-1
costs: 5

0
costs: 0

1
costs: -5

2
costs: -10

3
costs: -15

4
costs: -20

5
costs: -25

solutions: 11
best solutions: 1
max costs: 25

Slurm Job Summary
*****************
- General information:
    date = Sat Apr 3 18:32:08 CEST 2021
    hostname = node032
- Job information:
    JobId = 900128
    JobName = j1_1_1_1B1_1Vbrute
    UserId = sunip624(67554)
    Account = sunip624
    QOS = normal
    NodeList = node032
    Features = (null)
    Command = /home/sunip624/IntOpt/sbatches/j1_1_1_1B1_1Vbrute.sbatch
    WorkDir = /home/sunip624/IntOpt
    StdOut = /home/sunip624/IntOpt/./stdouts/j1_1_1_1B1_1Vbrute.out
    StdErr = /home/sunip624/IntOpt/./stderrs/j1_1_1_1B1_1Vbrute.err
- Requested resources:
    Timelimit = 04:00:00 ( 14400s )
    MinMemoryNode = 10G ( 10240.000M )
    NumNodes = 1
    NumCPUs = 16
    NumTasks = 1
    CPUs/Task = 16
- Used resources:
    RunTime = 00:00:02 ( 2s )
    MaxRSS = 912K ( 0.891M )
====================
- Important conclusions and remarks:
    * !!! Please, always check if the number of requested cores and nodes matches the need of your program/code !!!
    * !!! Less than 10% of requested walltime used !!! Please, adapt your batch script.
    * !!! Less than 10% of requested main memory used !!! Please, adapt your batch script.

