solution:
-18
 17
maximum: 310

Slurm Job Summary
*****************
- General information:
    date = Sat Apr 3 20:42:38 CEST 2021
    hostname = node063
- Job information:
    JobId = 899026
    JobName = j1_1_2_2B4_0V1
    UserId = sunip624(67554)
    Account = sunip624
    QOS = normal
    NodeList = node063
    Features = (null)
    Command = /home/sunip624/IntOpt/sbatches/j1_1_2_2B4_0V1.sbatch
    WorkDir = /home/sunip624/IntOpt
    StdOut = /home/sunip624/IntOpt/./stdouts/j1_1_2_2B4_0V1.out
    StdErr = /home/sunip624/IntOpt/./stderrs/j1_1_2_2B4_0V1.err
- Requested resources:
    Timelimit = 04:00:00 ( 14400s )
    MinMemoryNode = 200G ( 204800.000M )
    NumNodes = 1
    NumCPUs = 16
    NumTasks = 1
    CPUs/Task = 16
- Used resources:
    RunTime = 02:12:57 ( 7977s )
    MaxRSS = 85833204K ( 83821.488M )
====================
- Important conclusions and remarks:
    * !!! Please, always check if the number of requested cores and nodes matches the need of your program/code !!!
    * !!! Less than 60% of requested walltime used !!! Please, adapt your batch script.
    * !!! Less than 50% of requested main memory used !!! Please, adapt your batch script.

