--------BEG-----------
 3
-4
costs: -54

 4
-2
costs: 28

solutions: 2
best solutions: 1
max costs: 28

Slurm Job Summary
*****************
- General information:
    date = Sat Apr 3 18:34:08 CEST 2021
    hostname = node080
- Job information:
    JobId = 900159
    JobName = j1_1_2_2B2_0Vbrute
    UserId = sunip624(67554)
    Account = sunip624
    QOS = normal
    NodeList = node080
    Features = (null)
    Command = /home/sunip624/IntOpt/sbatches/j1_1_2_2B2_0Vbrute.sbatch
    WorkDir = /home/sunip624/IntOpt
    StdOut = /home/sunip624/IntOpt/./stdouts/j1_1_2_2B2_0Vbrute.out
    StdErr = /home/sunip624/IntOpt/./stderrs/j1_1_2_2B2_0Vbrute.err
- Requested resources:
    Timelimit = 04:00:00 ( 14400s )
    MinMemoryNode = 10G ( 10240.000M )
    NumNodes = 1
    NumCPUs = 16
    NumTasks = 1
    CPUs/Task = 16
- Used resources:
    RunTime = 00:00:00 ( 0s )
    MaxRSS = 912K ( 0.891M )
====================
- Important conclusions and remarks:
    * !!! Please, always check if the number of requested cores and nodes matches the need of your program/code !!!
    * !!! Less than 10% of requested walltime used !!! Please, adapt your batch script.
    * !!! Less than 10% of requested main memory used !!! Please, adapt your batch script.

