solution:
 6
-6
maximum: 186

Slurm Job Summary
*****************
- General information:
    date = Sat Apr 3 18:44:56 CEST 2021
    hostname = node062
- Job information:
    JobId = 899043
    JobName = j1_1_3_2B1_0V1
    UserId = sunip624(67554)
    Account = sunip624
    QOS = normal
    NodeList = node062
    Features = (null)
    Command = /home/sunip624/IntOpt/sbatches/j1_1_3_2B1_0V1.sbatch
    WorkDir = /home/sunip624/IntOpt
    StdOut = /home/sunip624/IntOpt/./stdouts/j1_1_3_2B1_0V1.out
    StdErr = /home/sunip624/IntOpt/./stderrs/j1_1_3_2B1_0V1.err
- Requested resources:
    Timelimit = 04:00:00 ( 14400s )
    MinMemoryNode = 200G ( 204800.000M )
    NumNodes = 1
    NumCPUs = 16
    NumTasks = 1
    CPUs/Task = 16
- Used resources:
    RunTime = 00:15:13 ( 913s )
    MaxRSS = 43967644K ( 42937.152M )
====================
- Important conclusions and remarks:
    * !!! Please, always check if the number of requested cores and nodes matches the need of your program/code !!!
    * !!! Less than 10% of requested walltime used !!! Please, adapt your batch script.
    * !!! Less than 30% of requested main memory used !!! Please, adapt your batch script.

