
Slurm Job Summary
*****************
- General information:
    date = Sat Apr 10 04:46:16 CEST 2021
    hostname = node051
- Job information:
    JobId = 908593
    JobName = j1_10_1_2B1_0V1
    UserId = sunip624(67554)
    Account = sunip624
    QOS = normal
    NodeList = node051
    Features = (null)
    Command = /home/sunip624/IntOpt/sbatches/j1_10_1_2B1_0V1.sbatch
    WorkDir = /home/sunip624/IntOpt
    StdOut = /home/sunip624/IntOpt/./stdouts/j1_10_1_2B1_0V1.out
    StdErr = /home/sunip624/IntOpt/./stderrs/j1_10_1_2B1_0V1.err
- Requested resources:
    Timelimit = 04:00:00 ( 14400s )
    MinMemoryNode = 200G ( 204800.000M )
    NumNodes = 1
    NumCPUs = 16
    NumTasks = 1
    CPUs/Task = 16
- Used resources:
    RunTime = 02:50:21 ( 10221s )
    MaxRSS = 209714940K ( 204799.746M )
====================
- Important conclusions and remarks:
    * !!! Please, always check if the number of requested cores and nodes matches the need of your program/code !!!
    (null)
    (null)

