
Slurm Job Summary
*****************
- General information:
    date = Sat Apr 3 20:59:34 CEST 2021
    hostname = node056
- Job information:
    JobId = 899119
    JobName = j1_2_3_3B5_0V1
    UserId = sunip624(67554)
    Account = sunip624
    QOS = normal
    NodeList = node056
    Features = (null)
    Command = /home/sunip624/IntOpt/sbatches/j1_2_3_3B5_0V1.sbatch
    WorkDir = /home/sunip624/IntOpt
    StdOut = /home/sunip624/IntOpt/./stdouts/j1_2_3_3B5_0V1.out
    StdErr = /home/sunip624/IntOpt/./stderrs/j1_2_3_3B5_0V1.err
- Requested resources:
    Timelimit = 04:00:00 ( 14400s )
    MinMemoryNode = 200G ( 204800.000M )
    NumNodes = 1
    NumCPUs = 16
    NumTasks = 1
    CPUs/Task = 16
- Used resources:
    RunTime = 01:46:24 ( 6384s )
    MaxRSS = 209714864K ( 204799.672M )
====================
- Important conclusions and remarks:
    * !!! Please, always check if the number of requested cores and nodes matches the need of your program/code !!!
    * !!! Less than 50% of requested walltime used !!! Please, adapt your batch script.
    (null)

