
Slurm Job Summary
*****************
- General information:
    date = Tue Apr 6 21:13:50 CEST 2021
    hostname = node056
- Job information:
    JobId = 904127
    JobName = j1_2_5_2B1_1V2
    UserId = sunip624(67554)
    Account = sunip624
    QOS = normal
    NodeList = node056
    Features = (null)
    Command = /home/sunip624/IntOpt/sbatches/j1_2_5_2B1_1V2.sbatch
    WorkDir = /home/sunip624/IntOpt
    StdOut = /home/sunip624/IntOpt/./stdouts/j1_2_5_2B1_1V2.out
    StdErr = /home/sunip624/IntOpt/./stderrs/j1_2_5_2B1_1V2.err
- Requested resources:
    Timelimit = 04:00:00 ( 14400s )
    MinMemoryNode = 200G ( 204800.000M )
    NumNodes = 1
    NumCPUs = 16
    NumTasks = 1
    CPUs/Task = 16
- Used resources:
    RunTime = 00:51:22 ( 3082s )
    MaxRSS = 209714704K ( 204799.516M )
====================
- Important conclusions and remarks:
    * !!! Please, always check if the number of requested cores and nodes matches the need of your program/code !!!
    * !!! Less than 30% of requested walltime used !!! Please, adapt your batch script.
    (null)

