solution:
 -8
  4
-12
maximum: -44

Slurm Job Summary
*****************
- General information:
    date = Sun Apr 4 09:12:46 CEST 2021
    hostname = node088
- Job information:
    JobId = 899664
    JobName = j1_2_2_3B4_0V2
    UserId = sunip624(67554)
    Account = sunip624
    QOS = normal
    NodeList = node088
    Features = (null)
    Command = /home/sunip624/IntOpt/sbatches/j1_2_2_3B4_0V2.sbatch
    WorkDir = /home/sunip624/IntOpt
    StdOut = /home/sunip624/IntOpt/./stdouts/j1_2_2_3B4_0V2.out
    StdErr = /home/sunip624/IntOpt/./stderrs/j1_2_2_3B4_0V2.err
- Requested resources:
    Timelimit = 04:00:00 ( 14400s )
    MinMemoryNode = 200G ( 204800.000M )
    NumNodes = 1
    NumCPUs = 16
    NumTasks = 1
    CPUs/Task = 16
- Used resources:
    RunTime = 01:12:01 ( 4321s )
    MaxRSS = 81894628K ( 79975.223M )
====================
- Important conclusions and remarks:
    * !!! Please, always check if the number of requested cores and nodes matches the need of your program/code !!!
    * !!! Less than 40% of requested walltime used !!! Please, adapt your batch script.
    * !!! Less than 40% of requested main memory used !!! Please, adapt your batch script.

