
Slurm Job Summary
*****************
- General information:
    date = Sun Apr 4 08:54:09 CEST 2021
    hostname = node089
- Job information:
    JobId = 899682
    JobName = j1_2_3_3B1_1V2
    UserId = sunip624(67554)
    Account = sunip624
    QOS = normal
    NodeList = node089
    Features = (null)
    Command = /home/sunip624/IntOpt/sbatches/j1_2_3_3B1_1V2.sbatch
    WorkDir = /home/sunip624/IntOpt
    StdOut = /home/sunip624/IntOpt/./stdouts/j1_2_3_3B1_1V2.out
    StdErr = /home/sunip624/IntOpt/./stderrs/j1_2_3_3B1_1V2.err
- Requested resources:
    Timelimit = 04:00:00 ( 14400s )
    MinMemoryNode = 200G ( 204800.000M )
    NumNodes = 1
    NumCPUs = 16
    NumTasks = 1
    CPUs/Task = 16
- Used resources:
    RunTime = 00:20:27 ( 1227s )
    MaxRSS = 209715000K ( 204799.805M )
====================
- Important conclusions and remarks:
    * !!! Please, always check if the number of requested cores and nodes matches the need of your program/code !!!
    * !!! Less than 10% of requested walltime used !!! Please, adapt your batch script.
    (null)

