
Slurm Job Summary
*****************
- General information:
    date = Sat Apr 3 19:47:40 CEST 2021
    hostname = node061
- Job information:
    JobId = 899087
    JobName = j1_2_2_2B3_0V1
    UserId = sunip624(67554)
    Account = sunip624
    QOS = normal
    NodeList = node061
    Features = (null)
    Command = /home/sunip624/IntOpt/sbatches/j1_2_2_2B3_0V1.sbatch
    WorkDir = /home/sunip624/IntOpt
    StdOut = /home/sunip624/IntOpt/./stdouts/j1_2_2_2B3_0V1.out
    StdErr = /home/sunip624/IntOpt/./stderrs/j1_2_2_2B3_0V1.err
- Requested resources:
    Timelimit = 04:00:00 ( 14400s )
    MinMemoryNode = 200G ( 204800.000M )
    NumNodes = 1
    NumCPUs = 16
    NumTasks = 1
    CPUs/Task = 16
- Used resources:
    RunTime = 01:17:41 ( 4661s )
    MaxRSS = 200G ( 204800.000M )
====================
- Important conclusions and remarks:
    * !!! Please, always check if the number of requested cores and nodes matches the need of your program/code !!!
    * !!! Less than 40% of requested walltime used !!! Please, adapt your batch script.
    (null)

