solution:
-10
  3
  1
maximum: 125

Slurm Job Summary
*****************
- General information:
    date = Sun Apr 4 09:32:06 CEST 2021
    hostname = node083
- Job information:
    JobId = 899640
    JobName = j1_2_1_3B1_2V2
    UserId = sunip624(67554)
    Account = sunip624
    QOS = normal
    NodeList = node083
    Features = (null)
    Command = /home/sunip624/IntOpt/sbatches/j1_2_1_3B1_2V2.sbatch
    WorkDir = /home/sunip624/IntOpt
    StdOut = /home/sunip624/IntOpt/./stdouts/j1_2_1_3B1_2V2.out
    StdErr = /home/sunip624/IntOpt/./stderrs/j1_2_1_3B1_2V2.err
- Requested resources:
    Timelimit = 04:00:00 ( 14400s )
    MinMemoryNode = 200G ( 204800.000M )
    NumNodes = 1
    NumCPUs = 16
    NumTasks = 1
    CPUs/Task = 16
- Used resources:
    RunTime = 01:43:40 ( 6220s )
    MaxRSS = 40983420K ( 40022.871M )
====================
- Important conclusions and remarks:
    * !!! Please, always check if the number of requested cores and nodes matches the need of your program/code !!!
    * !!! Less than 50% of requested walltime used !!! Please, adapt your batch script.
    * !!! Less than 20% of requested main memory used !!! Please, adapt your batch script.

