--------BEG-----------
-2
costs: 44

-1
costs: 22

0
costs: 0

1
costs: -22

2
costs: -44

3
costs: -66

solutions: 6
best solutions: 1
max costs: 44

Slurm Job Summary
*****************
- General information:
    date = Sat Apr 3 18:37:08 CEST 2021
    hostname = node039
- Job information:
    JobId = 900194
    JobName = j1_2_1_1B4_0Vbrute
    UserId = sunip624(67554)
    Account = sunip624
    QOS = normal
    NodeList = node039
    Features = (null)
    Command = /home/sunip624/IntOpt/sbatches/j1_2_1_1B4_0Vbrute.sbatch
    WorkDir = /home/sunip624/IntOpt
    StdOut = /home/sunip624/IntOpt/./stdouts/j1_2_1_1B4_0Vbrute.out
    StdErr = /home/sunip624/IntOpt/./stderrs/j1_2_1_1B4_0Vbrute.err
- Requested resources:
    Timelimit = 04:00:00 ( 14400s )
    MinMemoryNode = 10G ( 10240.000M )
    NumNodes = 1
    NumCPUs = 16
    NumTasks = 1
    CPUs/Task = 16
- Used resources:
    RunTime = 00:00:01 ( 1s )
    MaxRSS = 920K ( 0.898M )
====================
- Important conclusions and remarks:
    * !!! Please, always check if the number of requested cores and nodes matches the need of your program/code !!!
    * !!! Less than 10% of requested walltime used !!! Please, adapt your batch script.
    * !!! Less than 10% of requested main memory used !!! Please, adapt your batch script.

