solution:
-5
 8
maximum: 194

Slurm Job Summary
*****************
- General information:
    date = Sun Apr 4 08:27:34 CEST 2021
    hostname = node059
- Job information:
    JobId = 899677
    JobName = j1_2_3_2B1_2V2
    UserId = sunip624(67554)
    Account = sunip624
    QOS = normal
    NodeList = node059
    Features = (null)
    Command = /home/sunip624/IntOpt/sbatches/j1_2_3_2B1_2V2.sbatch
    WorkDir = /home/sunip624/IntOpt
    StdOut = /home/sunip624/IntOpt/./stdouts/j1_2_3_2B1_2V2.out
    StdErr = /home/sunip624/IntOpt/./stderrs/j1_2_3_2B1_2V2.err
- Requested resources:
    Timelimit = 04:00:00 ( 14400s )
    MinMemoryNode = 200G ( 204800.000M )
    NumNodes = 1
    NumCPUs = 16
    NumTasks = 1
    CPUs/Task = 16
- Used resources:
    RunTime = 00:05:46 ( 346s )
    MaxRSS = 8195856K ( 8003.766M )
====================
- Important conclusions and remarks:
    * !!! Please, always check if the number of requested cores and nodes matches the need of your program/code !!!
    * !!! Less than 10% of requested walltime used !!! Please, adapt your batch script.
    * !!! Less than 10% of requested main memory used !!! Please, adapt your batch script.

