--------BEG-----------
-8
costs: 96

-7
costs: 84

-6
costs: 72

-5
costs: 60

-4
costs: 48

-3
costs: 36

-2
costs: 24

solutions: 7
best solutions: 1
max costs: 96

Slurm Job Summary
*****************
- General information:
    date = Sat Apr 3 18:37:08 CEST 2021
    hostname = node038
- Job information:
    JobId = 900193
    JobName = j1_2_1_1B2_0Vbrute
    UserId = sunip624(67554)
    Account = sunip624
    QOS = normal
    NodeList = node038
    Features = (null)
    Command = /home/sunip624/IntOpt/sbatches/j1_2_1_1B2_0Vbrute.sbatch
    WorkDir = /home/sunip624/IntOpt
    StdOut = /home/sunip624/IntOpt/./stdouts/j1_2_1_1B2_0Vbrute.out
    StdErr = /home/sunip624/IntOpt/./stderrs/j1_2_1_1B2_0Vbrute.err
- Requested resources:
    Timelimit = 04:00:00 ( 14400s )
    MinMemoryNode = 10G ( 10240.000M )
    NumNodes = 1
    NumCPUs = 16
    NumTasks = 1
    CPUs/Task = 16
- Used resources:
    RunTime = 00:00:01 ( 1s )
    MaxRSS = 920K ( 0.898M )
====================
- Important conclusions and remarks:
    * !!! Please, always check if the number of requested cores and nodes matches the need of your program/code !!!
    * !!! Less than 10% of requested walltime used !!! Please, adapt your batch script.
    * !!! Less than 10% of requested main memory used !!! Please, adapt your batch script.

