
Slurm Job Summary
*****************
- General information:
    date = Sat Apr 3 19:31:48 CEST 2021
    hostname = node048
- Job information:
    JobId = 899115
    JobName = j1_2_3_3B1_1V1
    UserId = sunip624(67554)
    Account = sunip624
    QOS = normal
    NodeList = node048
    Features = (null)
    Command = /home/sunip624/IntOpt/sbatches/j1_2_3_3B1_1V1.sbatch
    WorkDir = /home/sunip624/IntOpt
    StdOut = /home/sunip624/IntOpt/./stdouts/j1_2_3_3B1_1V1.out
    StdErr = /home/sunip624/IntOpt/./stderrs/j1_2_3_3B1_1V1.err
- Requested resources:
    Timelimit = 04:00:00 ( 14400s )
    MinMemoryNode = 200G ( 204800.000M )
    NumNodes = 1
    NumCPUs = 16
    NumTasks = 1
    CPUs/Task = 16
- Used resources:
    RunTime = 00:36:41 ( 2201s )
    MaxRSS = 209714716K ( 204799.527M )
====================
- Important conclusions and remarks:
    * !!! Please, always check if the number of requested cores and nodes matches the need of your program/code !!!
    * !!! Less than 20% of requested walltime used !!! Please, adapt your batch script.
    (null)

