--------BEG-----------
10
-7
costs: -87

 9
-6
costs: -84

 8
-5
costs: -81

 7
-4
costs: -78

 6
-3
costs: -75

 5
-2
costs: -72

 4
-1
costs: -69

3
0
costs: -66

2
1
costs: -63

1
2
costs: -60

0
3
costs: -57

-1
 4
costs: -54

-2
 5
costs: -51

-3
 6
costs: -48

-4
 7
costs: -45

-5
 8
costs: -42

solutions: 16
best solutions: 1
max costs: -42

Slurm Job Summary
*****************
- General information:
    date = Sat Apr 3 18:38:07 CEST 2021
    hostname = node032
- Job information:
    JobId = 900200
    JobName = j1_2_1_2B2_0Vbrute
    UserId = sunip624(67554)
    Account = sunip624
    QOS = normal
    NodeList = node032
    Features = (null)
    Command = /home/sunip624/IntOpt/sbatches/j1_2_1_2B2_0Vbrute.sbatch
    WorkDir = /home/sunip624/IntOpt
    StdOut = /home/sunip624/IntOpt/./stdouts/j1_2_1_2B2_0Vbrute.out
    StdErr = /home/sunip624/IntOpt/./stderrs/j1_2_1_2B2_0Vbrute.err
- Requested resources:
    Timelimit = 04:00:00 ( 14400s )
    MinMemoryNode = 10G ( 10240.000M )
    NumNodes = 1
    NumCPUs = 16
    NumTasks = 1
    CPUs/Task = 16
- Used resources:
    RunTime = 00:00:00 ( 0s )
    MaxRSS = 916K ( 0.895M )
====================
- Important conclusions and remarks:
    * !!! Please, always check if the number of requested cores and nodes matches the need of your program/code !!!
    * !!! Less than 10% of requested walltime used !!! Please, adapt your batch script.
    * !!! Less than 10% of requested main memory used !!! Please, adapt your batch script.

