--------BEG-----------
-8
costs: -128

-7
costs: -112

-6
costs: -96

-5
costs: -80

-4
costs: -64

-3
costs: -48

-2
costs: -32

-1
costs: -16

0
costs: 0

1
costs: 16

2
costs: 32

3
costs: 48

4
costs: 64

5
costs: 80

6
costs: 96

7
costs: 112

8
costs: 128

9
costs: 144

10
costs: 160

11
costs: 176

12
costs: 192

13
costs: 208

14
costs: 224

15
costs: 240

16
costs: 256

17
costs: 272

18
costs: 288

19
costs: 304

20
costs: 320

21
costs: 336

22
costs: 352

solutions: 31
best solutions: 1
max costs: 352

Slurm Job Summary
*****************
- General information:
    date = Sat Apr 3 18:37:08 CEST 2021
    hostname = node086
- Job information:
    JobId = 900197
    JobName = j1_2_1_1B5_0Vbrute
    UserId = sunip624(67554)
    Account = sunip624
    QOS = normal
    NodeList = node086
    Features = (null)
    Command = /home/sunip624/IntOpt/sbatches/j1_2_1_1B5_0Vbrute.sbatch
    WorkDir = /home/sunip624/IntOpt
    StdOut = /home/sunip624/IntOpt/./stdouts/j1_2_1_1B5_0Vbrute.out
    StdErr = /home/sunip624/IntOpt/./stderrs/j1_2_1_1B5_0Vbrute.err
- Requested resources:
    Timelimit = 04:00:00 ( 14400s )
    MinMemoryNode = 10G ( 10240.000M )
    NumNodes = 1
    NumCPUs = 16
    NumTasks = 1
    CPUs/Task = 16
- Used resources:
    RunTime = 00:00:01 ( 1s )
    MaxRSS = 912K ( 0.891M )
====================
- Important conclusions and remarks:
    * !!! Please, always check if the number of requested cores and nodes matches the need of your program/code !!!
    * !!! Less than 10% of requested walltime used !!! Please, adapt your batch script.
    * !!! Less than 10% of requested main memory used !!! Please, adapt your batch script.

