--------BEG-----------
21
24
25
costs: -1146

 6
17
27
costs: -1036

solutions: 2
best solutions: 1
max costs: -1036

Slurm Job Summary
*****************
- General information:
    date = Sat Apr 3 18:38:07 CEST 2021
    hostname = node086
- Job information:
    JobId = 900209
    JobName = j1_2_1_3B5_0Vbrute
    UserId = sunip624(67554)
    Account = sunip624
    QOS = normal
    NodeList = node086
    Features = (null)
    Command = /home/sunip624/IntOpt/sbatches/j1_2_1_3B5_0Vbrute.sbatch
    WorkDir = /home/sunip624/IntOpt
    StdOut = /home/sunip624/IntOpt/./stdouts/j1_2_1_3B5_0Vbrute.out
    StdErr = /home/sunip624/IntOpt/./stderrs/j1_2_1_3B5_0Vbrute.err
- Requested resources:
    Timelimit = 04:00:00 ( 14400s )
    MinMemoryNode = 10G ( 10240.000M )
    NumNodes = 1
    NumCPUs = 16
    NumTasks = 1
    CPUs/Task = 16
- Used resources:
    RunTime = 00:00:00 ( 0s )
    MaxRSS = 904K ( 0.883M )
====================
- Important conclusions and remarks:
    * !!! Please, always check if the number of requested cores and nodes matches the need of your program/code !!!
    * !!! Less than 10% of requested walltime used !!! Please, adapt your batch script.
    * !!! Less than 10% of requested main memory used !!! Please, adapt your batch script.

