
Slurm Job Summary
*****************
- General information:
    date = Tue Apr 6 22:14:11 CEST 2021
    hostname = node057
- Job information:
    JobId = 904146
    JobName = j1_2_8_2B1_2V2
    UserId = sunip624(67554)
    Account = sunip624
    QOS = normal
    NodeList = node057
    Features = (null)
    Command = /home/sunip624/IntOpt/sbatches/j1_2_8_2B1_2V2.sbatch
    WorkDir = /home/sunip624/IntOpt
    StdOut = /home/sunip624/IntOpt/./stdouts/j1_2_8_2B1_2V2.out
    StdErr = /home/sunip624/IntOpt/./stderrs/j1_2_8_2B1_2V2.err
- Requested resources:
    Timelimit = 04:00:00 ( 14400s )
    MinMemoryNode = 200G ( 204800.000M )
    NumNodes = 1
    NumCPUs = 16
    NumTasks = 1
    CPUs/Task = 16
- Used resources:
    RunTime = 01:34:42 ( 5682s )
    MaxRSS = 209714960K ( 204799.766M )
====================
- Important conclusions and remarks:
    * !!! Please, always check if the number of requested cores and nodes matches the need of your program/code !!!
    * !!! Less than 40% of requested walltime used !!! Please, adapt your batch script.
    (null)

