--------BEG-----------
-3
-3
costs: -72

-2
-2
costs: -48

-1
-1
costs: -24

0
0
costs: 0

1
1
costs: 24

2
2
costs: 48

3
3
costs: 72

4
4
costs: 96

5
5
costs: 120

6
6
costs: 144

7
7
costs: 168

8
8
costs: 192

9
9
costs: 216

solutions: 13
best solutions: 1
max costs: 216

Slurm Job Summary
*****************
- General information:
    date = Sat Apr 3 18:38:07 CEST 2021
    hostname = node034
- Job information:
    JobId = 900201
    JobName = j1_2_1_2B1_2Vbrute
    UserId = sunip624(67554)
    Account = sunip624
    QOS = normal
    NodeList = node034
    Features = (null)
    Command = /home/sunip624/IntOpt/sbatches/j1_2_1_2B1_2Vbrute.sbatch
    WorkDir = /home/sunip624/IntOpt
    StdOut = /home/sunip624/IntOpt/./stdouts/j1_2_1_2B1_2Vbrute.out
    StdErr = /home/sunip624/IntOpt/./stderrs/j1_2_1_2B1_2Vbrute.err
- Requested resources:
    Timelimit = 04:00:00 ( 14400s )
    MinMemoryNode = 10G ( 10240.000M )
    NumNodes = 1
    NumCPUs = 16
    NumTasks = 1
    CPUs/Task = 16
- Used resources:
    RunTime = 00:00:00 ( 0s )
    MaxRSS = 908K ( 0.887M )
====================
- Important conclusions and remarks:
    * !!! Please, always check if the number of requested cores and nodes matches the need of your program/code !!!
    * !!! Less than 10% of requested walltime used !!! Please, adapt your batch script.
    * !!! Less than 10% of requested main memory used !!! Please, adapt your batch script.

