solution:
-7
-6
maximum: -250

Slurm Job Summary
*****************
- General information:
    date = Tue Apr 6 18:45:43 CEST 2021
    hostname = node046
- Job information:
    JobId = 903971
    JobName = j1_2_7_2B1_1V1
    UserId = sunip624(67554)
    Account = sunip624
    QOS = normal
    NodeList = node046
    Features = (null)
    Command = /home/sunip624/IntOpt/sbatches/j1_2_7_2B1_1V1.sbatch
    WorkDir = /home/sunip624/IntOpt
    StdOut = /home/sunip624/IntOpt/./stdouts/j1_2_7_2B1_1V1.out
    StdErr = /home/sunip624/IntOpt/./stderrs/j1_2_7_2B1_1V1.err
- Requested resources:
    Timelimit = 04:00:00 ( 14400s )
    MinMemoryNode = 200G ( 204800.000M )
    NumNodes = 1
    NumCPUs = 16
    NumTasks = 1
    CPUs/Task = 16
- Used resources:
    RunTime = 00:01:30 ( 90s )
    MaxRSS = 5830808K ( 5694.148M )
====================
- Important conclusions and remarks:
    * !!! Please, always check if the number of requested cores and nodes matches the need of your program/code !!!
    * !!! Less than 10% of requested walltime used !!! Please, adapt your batch script.
    * !!! Less than 10% of requested main memory used !!! Please, adapt your batch script.

