--------BEG-----------
-18
 -3
costs: 495

-15
  1
costs: 381

-12
  5
costs: 267

-9
 9
costs: 153

-6
13
costs: 39

-3
17
costs: -75

 0
21
costs: -189

 3
25
costs: -303

solutions: 8
best solutions: 1
max costs: 495

Slurm Job Summary
*****************
- General information:
    date = Sat Apr 3 18:40:08 CEST 2021
    hostname = node032
- Job information:
    JobId = 900224
    JobName = j1_2_2_2B5_0Vbrute
    UserId = sunip624(67554)
    Account = sunip624
    QOS = normal
    NodeList = node032
    Features = (null)
    Command = /home/sunip624/IntOpt/sbatches/j1_2_2_2B5_0Vbrute.sbatch
    WorkDir = /home/sunip624/IntOpt
    StdOut = /home/sunip624/IntOpt/./stdouts/j1_2_2_2B5_0Vbrute.out
    StdErr = /home/sunip624/IntOpt/./stderrs/j1_2_2_2B5_0Vbrute.err
- Requested resources:
    Timelimit = 04:00:00 ( 14400s )
    MinMemoryNode = 10G ( 10240.000M )
    NumNodes = 1
    NumCPUs = 16
    NumTasks = 1
    CPUs/Task = 16
- Used resources:
    RunTime = 00:00:01 ( 1s )
    MaxRSS = 904K ( 0.883M )
====================
- Important conclusions and remarks:
    * !!! Please, always check if the number of requested cores and nodes matches the need of your program/code !!!
    * !!! Less than 10% of requested walltime used !!! Please, adapt your batch script.
    * !!! Less than 10% of requested main memory used !!! Please, adapt your batch script.

