
Slurm Job Summary
*****************
- General information:
    date = Sun Apr 4 10:49:24 CEST 2021
    hostname = node054
- Job information:
    JobId = 899686
    JobName = j1_2_3_3B5_0V2
    UserId = sunip624(67554)
    Account = sunip624
    QOS = normal
    NodeList = node054
    Features = (null)
    Command = /home/sunip624/IntOpt/sbatches/j1_2_3_3B5_0V2.sbatch
    WorkDir = /home/sunip624/IntOpt
    StdOut = /home/sunip624/IntOpt/./stdouts/j1_2_3_3B5_0V2.out
    StdErr = /home/sunip624/IntOpt/./stderrs/j1_2_3_3B5_0V2.err
- Requested resources:
    Timelimit = 04:00:00 ( 14400s )
    MinMemoryNode = 200G ( 204800.000M )
    NumNodes = 1
    NumCPUs = 16
    NumTasks = 1
    CPUs/Task = 16
- Used resources:
    RunTime = 01:54:08 ( 6848s )
    MaxRSS = 209714872K ( 204799.680M )
====================
- Important conclusions and remarks:
    * !!! Please, always check if the number of requested cores and nodes matches the need of your program/code !!!
    * !!! Less than 50% of requested walltime used !!! Please, adapt your batch script.
    (null)

