
Slurm Job Summary
*****************
- General information:
    date = Sun Apr 4 08:55:29 CEST 2021
    hostname = node084
- Job information:
    JobId = 899656
    JobName = j1_2_2_2B2_0V2
    UserId = sunip624(67554)
    Account = sunip624
    QOS = normal
    NodeList = node084
    Features = (null)
    Command = /home/sunip624/IntOpt/sbatches/j1_2_2_2B2_0V2.sbatch
    WorkDir = /home/sunip624/IntOpt
    StdOut = /home/sunip624/IntOpt/./stdouts/j1_2_2_2B2_0V2.out
    StdErr = /home/sunip624/IntOpt/./stderrs/j1_2_2_2B2_0V2.err
- Requested resources:
    Timelimit = 04:00:00 ( 14400s )
    MinMemoryNode = 200G ( 204800.000M )
    NumNodes = 1
    NumCPUs = 16
    NumTasks = 1
    CPUs/Task = 16
- Used resources:
    RunTime = 00:59:17 ( 3557s )
    MaxRSS = 209715060K ( 204799.863M )
====================
- Important conclusions and remarks:
    * !!! Please, always check if the number of requested cores and nodes matches the need of your program/code !!!
    * !!! Less than 30% of requested walltime used !!! Please, adapt your batch script.
    (null)

