--------BEG-----------
6
9
0
costs: -204

2
3
3
costs: 13

-2
-3
 6
costs: 230

-6
-9
 9
costs: 447

solutions: 4
best solutions: 1
max costs: 447

Slurm Job Summary
*****************
- General information:
    date = Sat Apr 3 18:40:08 CEST 2021
    hostname = node039
- Job information:
    JobId = 900230
    JobName = j1_2_2_3B3_0Vbrute
    UserId = sunip624(67554)
    Account = sunip624
    QOS = normal
    NodeList = node039
    Features = (null)
    Command = /home/sunip624/IntOpt/sbatches/j1_2_2_3B3_0Vbrute.sbatch
    WorkDir = /home/sunip624/IntOpt
    StdOut = /home/sunip624/IntOpt/./stdouts/j1_2_2_3B3_0Vbrute.out
    StdErr = /home/sunip624/IntOpt/./stderrs/j1_2_2_3B3_0Vbrute.err
- Requested resources:
    Timelimit = 04:00:00 ( 14400s )
    MinMemoryNode = 10G ( 10240.000M )
    NumNodes = 1
    NumCPUs = 16
    NumTasks = 1
    CPUs/Task = 16
- Used resources:
    RunTime = 00:00:01 ( 1s )
    MaxRSS = 912K ( 0.891M )
====================
- Important conclusions and remarks:
    * !!! Please, always check if the number of requested cores and nodes matches the need of your program/code !!!
    * !!! Less than 10% of requested walltime used !!! Please, adapt your batch script.
    * !!! Less than 10% of requested main memory used !!! Please, adapt your batch script.

