--------BEG-----------
-9
costs: -126

-8
costs: -112

-7
costs: -98

-6
costs: -84

-5
costs: -70

-4
costs: -56

-3
costs: -42

-2
costs: -28

-1
costs: -14

0
costs: 0

1
costs: 14

2
costs: 28

3
costs: 42

4
costs: 56

5
costs: 70

6
costs: 84

solutions: 16
best solutions: 1
max costs: 84

Slurm Job Summary
*****************
- General information:
    date = Sat Apr 3 18:37:08 CEST 2021
    hostname = node037
- Job information:
    JobId = 900192
    JobName = j1_2_1_1B1_1Vbrute
    UserId = sunip624(67554)
    Account = sunip624
    QOS = normal
    NodeList = node037
    Features = (null)
    Command = /home/sunip624/IntOpt/sbatches/j1_2_1_1B1_1Vbrute.sbatch
    WorkDir = /home/sunip624/IntOpt
    StdOut = /home/sunip624/IntOpt/./stdouts/j1_2_1_1B1_1Vbrute.out
    StdErr = /home/sunip624/IntOpt/./stderrs/j1_2_1_1B1_1Vbrute.err
- Requested resources:
    Timelimit = 04:00:00 ( 14400s )
    MinMemoryNode = 10G ( 10240.000M )
    NumNodes = 1
    NumCPUs = 16
    NumTasks = 1
    CPUs/Task = 16
- Used resources:
    RunTime = 00:00:01 ( 1s )
    MaxRSS = 920K ( 0.898M )
====================
- Important conclusions and remarks:
    * !!! Please, always check if the number of requested cores and nodes matches the need of your program/code !!!
    * !!! Less than 10% of requested walltime used !!! Please, adapt your batch script.
    * !!! Less than 10% of requested main memory used !!! Please, adapt your batch script.

