solution:
 -4
-10
maximum: 150

Slurm Job Summary
*****************
- General information:
    date = Tue Apr 6 21:30:45 CEST 2021
    hostname = node046
- Job information:
    JobId = 904140
    JobName = j1_2_7_2B1_0V2
    UserId = sunip624(67554)
    Account = sunip624
    QOS = normal
    NodeList = node046
    Features = (null)
    Command = /home/sunip624/IntOpt/sbatches/j1_2_7_2B1_0V2.sbatch
    WorkDir = /home/sunip624/IntOpt
    StdOut = /home/sunip624/IntOpt/./stdouts/j1_2_7_2B1_0V2.out
    StdErr = /home/sunip624/IntOpt/./stderrs/j1_2_7_2B1_0V2.err
- Requested resources:
    Timelimit = 04:00:00 ( 14400s )
    MinMemoryNode = 200G ( 204800.000M )
    NumNodes = 1
    NumCPUs = 16
    NumTasks = 1
    CPUs/Task = 16
- Used resources:
    RunTime = 00:53:27 ( 3207s )
    MaxRSS = 151478468K ( 147928.191M )
====================
- Important conclusions and remarks:
    * !!! Please, always check if the number of requested cores and nodes matches the need of your program/code !!!
    * !!! Less than 30% of requested walltime used !!! Please, adapt your batch script.
    (null)

