--------BEG-----------
-8
 0
-1
costs: 59

-8
 0
 0
costs: 48

-8
 0
 1
costs: 37

-8
 0
 2
costs: 26

-8
 0
 3
costs: 15

-8
 0
 4
costs: 4

solutions: 6
best solutions: 1
max costs: 59

Slurm Job Summary
*****************
- General information:
    date = Sat Apr 3 18:40:08 CEST 2021
    hostname = node038
- Job information:
    JobId = 900229
    JobName = j1_2_2_3B2_0Vbrute
    UserId = sunip624(67554)
    Account = sunip624
    QOS = normal
    NodeList = node038
    Features = (null)
    Command = /home/sunip624/IntOpt/sbatches/j1_2_2_3B2_0Vbrute.sbatch
    WorkDir = /home/sunip624/IntOpt
    StdOut = /home/sunip624/IntOpt/./stdouts/j1_2_2_3B2_0Vbrute.out
    StdErr = /home/sunip624/IntOpt/./stderrs/j1_2_2_3B2_0Vbrute.err
- Requested resources:
    Timelimit = 04:00:00 ( 14400s )
    MinMemoryNode = 10G ( 10240.000M )
    NumNodes = 1
    NumCPUs = 16
    NumTasks = 1
    CPUs/Task = 16
- Used resources:
    RunTime = 00:00:01 ( 1s )
    MaxRSS = 916K ( 0.895M )
====================
- Important conclusions and remarks:
    * !!! Please, always check if the number of requested cores and nodes matches the need of your program/code !!!
    * !!! Less than 10% of requested walltime used !!! Please, adapt your batch script.
    * !!! Less than 10% of requested main memory used !!! Please, adapt your batch script.

