solution:
-5
 8
maximum: 194

Slurm Job Summary
*****************
- General information:
    date = Sat Apr 3 18:47:19 CEST 2021
    hostname = node045
- Job information:
    JobId = 899110
    JobName = j1_2_3_2B1_2V1
    UserId = sunip624(67554)
    Account = sunip624
    QOS = normal
    NodeList = node045
    Features = (null)
    Command = /home/sunip624/IntOpt/sbatches/j1_2_3_2B1_2V1.sbatch
    WorkDir = /home/sunip624/IntOpt
    StdOut = /home/sunip624/IntOpt/./stdouts/j1_2_3_2B1_2V1.out
    StdErr = /home/sunip624/IntOpt/./stderrs/j1_2_3_2B1_2V1.err
- Requested resources:
    Timelimit = 04:00:00 ( 14400s )
    MinMemoryNode = 200G ( 204800.000M )
    NumNodes = 1
    NumCPUs = 16
    NumTasks = 1
    CPUs/Task = 16
- Used resources:
    RunTime = 00:03:09 ( 189s )
    MaxRSS = 8195852K ( 8003.762M )
====================
- Important conclusions and remarks:
    * !!! Please, always check if the number of requested cores and nodes matches the need of your program/code !!!
    * !!! Less than 10% of requested walltime used !!! Please, adapt your batch script.
    * !!! Less than 10% of requested main memory used !!! Please, adapt your batch script.

