
Slurm Job Summary
*****************
- General information:
    date = Sun Apr 4 10:31:07 CEST 2021
    hostname = node003
- Job information:
    JobId = 899741
    JobName = j1_3_3_2B5_0V2
    UserId = sunip624(67554)
    Account = sunip624
    QOS = normal
    NodeList = node003
    Features = (null)
    Command = /home/sunip624/IntOpt/sbatches/j1_3_3_2B5_0V2.sbatch
    WorkDir = /home/sunip624/IntOpt
    StdOut = /home/sunip624/IntOpt/./stdouts/j1_3_3_2B5_0V2.out
    StdErr = /home/sunip624/IntOpt/./stderrs/j1_3_3_2B5_0V2.err
- Requested resources:
    Timelimit = 04:00:00 ( 14400s )
    MinMemoryNode = 200G ( 204800.000M )
    NumNodes = 1
    NumCPUs = 16
    NumTasks = 1
    CPUs/Task = 16
- Used resources:
    RunTime = 00:57:08 ( 3428s )
    MaxRSS = 209715180K ( 204799.980M )
====================
- Important conclusions and remarks:
    * !!! Please, always check if the number of requested cores and nodes matches the need of your program/code !!!
    * !!! Less than 30% of requested walltime used !!! Please, adapt your batch script.
    (null)

