solution:
 8
-8
maximum: 0

Slurm Job Summary
*****************
- General information:
    date = Sat Apr 3 19:20:23 CEST 2021
    hostname = node087
- Job information:
    JobId = 899127
    JobName = j1_3_1_2B1_0V1
    UserId = sunip624(67554)
    Account = sunip624
    QOS = normal
    NodeList = node087
    Features = (null)
    Command = /home/sunip624/IntOpt/sbatches/j1_3_1_2B1_0V1.sbatch
    WorkDir = /home/sunip624/IntOpt
    StdOut = /home/sunip624/IntOpt/./stdouts/j1_3_1_2B1_0V1.out
    StdErr = /home/sunip624/IntOpt/./stderrs/j1_3_1_2B1_0V1.err
- Requested resources:
    Timelimit = 04:00:00 ( 14400s )
    MinMemoryNode = 200G ( 204800.000M )
    NumNodes = 1
    NumCPUs = 16
    NumTasks = 1
    CPUs/Task = 16
- Used resources:
    RunTime = 00:00:42 ( 42s )
    MaxRSS = 1515272K ( 1479.758M )
====================
- Important conclusions and remarks:
    * !!! Please, always check if the number of requested cores and nodes matches the need of your program/code !!!
    * !!! Less than 10% of requested walltime used !!! Please, adapt your batch script.
    * !!! Less than 10% of requested main memory used !!! Please, adapt your batch script.

