solution:
 1
-1
-1
maximum: -45

Slurm Job Summary
*****************
- General information:
    date = Sun Apr 4 09:52:45 CEST 2021
    hostname = node061
- Job information:
    JobId = 899745
    JobName = j1_3_3_3B2_0V2
    UserId = sunip624(67554)
    Account = sunip624
    QOS = normal
    NodeList = node061
    Features = (null)
    Command = /home/sunip624/IntOpt/sbatches/j1_3_3_3B2_0V2.sbatch
    WorkDir = /home/sunip624/IntOpt
    StdOut = /home/sunip624/IntOpt/./stdouts/j1_3_3_3B2_0V2.out
    StdErr = /home/sunip624/IntOpt/./stderrs/j1_3_3_3B2_0V2.err
- Requested resources:
    Timelimit = 04:00:00 ( 14400s )
    MinMemoryNode = 200G ( 204800.000M )
    NumNodes = 1
    NumCPUs = 16
    NumTasks = 1
    CPUs/Task = 16
- Used resources:
    RunTime = 00:14:27 ( 867s )
    MaxRSS = 40773240K ( 39817.617M )
====================
- Important conclusions and remarks:
    * !!! Please, always check if the number of requested cores and nodes matches the need of your program/code !!!
    * !!! Less than 10% of requested walltime used !!! Please, adapt your batch script.
    * !!! Less than 20% of requested main memory used !!! Please, adapt your batch script.

