--------BEG-----------
10
15
costs: -245

15
16
costs: -361

20
17
costs: -477

solutions: 3
best solutions: 1
max costs: -245

Slurm Job Summary
*****************
- General information:
    date = Sat Apr 3 18:45:08 CEST 2021
    hostname = node037
- Job information:
    JobId = 900288
    JobName = j1_3_2_2B4_0Vbrute
    UserId = sunip624(67554)
    Account = sunip624
    QOS = normal
    NodeList = node037
    Features = (null)
    Command = /home/sunip624/IntOpt/sbatches/j1_3_2_2B4_0Vbrute.sbatch
    WorkDir = /home/sunip624/IntOpt
    StdOut = /home/sunip624/IntOpt/./stdouts/j1_3_2_2B4_0Vbrute.out
    StdErr = /home/sunip624/IntOpt/./stderrs/j1_3_2_2B4_0Vbrute.err
- Requested resources:
    Timelimit = 04:00:00 ( 14400s )
    MinMemoryNode = 10G ( 10240.000M )
    NumNodes = 1
    NumCPUs = 16
    NumTasks = 1
    CPUs/Task = 16
- Used resources:
    RunTime = 00:00:01 ( 1s )
    MaxRSS = 900K ( 0.879M )
====================
- Important conclusions and remarks:
    * !!! Please, always check if the number of requested cores and nodes matches the need of your program/code !!!
    * !!! Less than 10% of requested walltime used !!! Please, adapt your batch script.
    * !!! Less than 10% of requested main memory used !!! Please, adapt your batch script.

