--------BEG-----------
-1
costs: -4

0
costs: 0

1
costs: 4

2
costs: 8

3
costs: 12

4
costs: 16

5
costs: 20

6
costs: 24

solutions: 8
best solutions: 1
max costs: 24

Slurm Job Summary
*****************
- General information:
    date = Sat Apr 3 18:42:08 CEST 2021
    hostname = node061
- Job information:
    JobId = 900259
    JobName = j1_3_1_1B5_0Vbrute
    UserId = sunip624(67554)
    Account = sunip624
    QOS = normal
    NodeList = node061
    Features = (null)
    Command = /home/sunip624/IntOpt/sbatches/j1_3_1_1B5_0Vbrute.sbatch
    WorkDir = /home/sunip624/IntOpt
    StdOut = /home/sunip624/IntOpt/./stdouts/j1_3_1_1B5_0Vbrute.out
    StdErr = /home/sunip624/IntOpt/./stderrs/j1_3_1_1B5_0Vbrute.err
- Requested resources:
    Timelimit = 04:00:00 ( 14400s )
    MinMemoryNode = 10G ( 10240.000M )
    NumNodes = 1
    NumCPUs = 16
    NumTasks = 1
    CPUs/Task = 16
- Used resources:
    RunTime = 00:00:01 ( 1s )
    MaxRSS = 920K ( 0.898M )
====================
- Important conclusions and remarks:
    * !!! Please, always check if the number of requested cores and nodes matches the need of your program/code !!!
    * !!! Less than 10% of requested walltime used !!! Please, adapt your batch script.
    * !!! Less than 10% of requested main memory used !!! Please, adapt your batch script.

