solution:
3
9
maximum: -180

Slurm Job Summary
*****************
- General information:
    date = Sun Apr 4 09:35:05 CEST 2021
    hostname = node083
- Job information:
    JobId = 899740
    JobName = j1_3_3_2B2_0V2
    UserId = sunip624(67554)
    Account = sunip624
    QOS = normal
    NodeList = node083
    Features = (null)
    Command = /home/sunip624/IntOpt/sbatches/j1_3_3_2B2_0V2.sbatch
    WorkDir = /home/sunip624/IntOpt
    StdOut = /home/sunip624/IntOpt/./stdouts/j1_3_3_2B2_0V2.out
    StdErr = /home/sunip624/IntOpt/./stderrs/j1_3_3_2B2_0V2.err
- Requested resources:
    Timelimit = 04:00:00 ( 14400s )
    MinMemoryNode = 200G ( 204800.000M )
    NumNodes = 1
    NumCPUs = 16
    NumTasks = 1
    CPUs/Task = 16
- Used resources:
    RunTime = 00:03:00 ( 180s )
    MaxRSS = 10822704K ( 10569.047M )
====================
- Important conclusions and remarks:
    * !!! Please, always check if the number of requested cores and nodes matches the need of your program/code !!!
    * !!! Less than 10% of requested walltime used !!! Please, adapt your batch script.
    * !!! Less than 10% of requested main memory used !!! Please, adapt your batch script.

