--------BEG-----------
-8
 9
costs: -477

-7
 9
costs: -450

-6
 9
costs: -423

-5
 9
costs: -396

-4
 9
costs: -369

-3
 9
costs: -342

-2
 9
costs: -315

-1
 9
costs: -288

0
9
costs: -261

1
9
costs: -234

2
9
costs: -207

3
9
costs: -180

solutions: 12
best solutions: 1
max costs: -180

Slurm Job Summary
*****************
- General information:
    date = Sat Apr 3 18:46:08 CEST 2021
    hostname = node061
- Job information:
    JobId = 900307
    JobName = j1_3_3_2B2_0Vbrute
    UserId = sunip624(67554)
    Account = sunip624
    QOS = normal
    NodeList = node061
    Features = (null)
    Command = /home/sunip624/IntOpt/sbatches/j1_3_3_2B2_0Vbrute.sbatch
    WorkDir = /home/sunip624/IntOpt
    StdOut = /home/sunip624/IntOpt/./stdouts/j1_3_3_2B2_0Vbrute.out
    StdErr = /home/sunip624/IntOpt/./stderrs/j1_3_3_2B2_0Vbrute.err
- Requested resources:
    Timelimit = 04:00:00 ( 14400s )
    MinMemoryNode = 10G ( 10240.000M )
    NumNodes = 1
    NumCPUs = 16
    NumTasks = 1
    CPUs/Task = 16
- Used resources:
    RunTime = 00:00:01 ( 1s )
    MaxRSS = 916K ( 0.895M )
====================
- Important conclusions and remarks:
    * !!! Please, always check if the number of requested cores and nodes matches the need of your program/code !!!
    * !!! Less than 10% of requested walltime used !!! Please, adapt your batch script.
    * !!! Less than 10% of requested main memory used !!! Please, adapt your batch script.

