--------BEG-----------
 5
-9
costs: 132

 5
-8
costs: 129

 5
-7
costs: 126

 5
-6
costs: 123

 5
-5
costs: 120

 5
-4
costs: 117

 5
-3
costs: 114

 5
-2
costs: 111

 5
-1
costs: 108

5
0
costs: 105

5
1
costs: 102

5
2
costs: 99

5
3
costs: 96

solutions: 13
best solutions: 1
max costs: 132

Slurm Job Summary
*****************
- General information:
    date = Sat Apr 3 18:45:08 CEST 2021
    hostname = node036
- Job information:
    JobId = 900287
    JobName = j1_3_2_2B3_0Vbrute
    UserId = sunip624(67554)
    Account = sunip624
    QOS = normal
    NodeList = node036
    Features = (null)
    Command = /home/sunip624/IntOpt/sbatches/j1_3_2_2B3_0Vbrute.sbatch
    WorkDir = /home/sunip624/IntOpt
    StdOut = /home/sunip624/IntOpt/./stdouts/j1_3_2_2B3_0Vbrute.out
    StdErr = /home/sunip624/IntOpt/./stderrs/j1_3_2_2B3_0Vbrute.err
- Requested resources:
    Timelimit = 04:00:00 ( 14400s )
    MinMemoryNode = 10G ( 10240.000M )
    NumNodes = 1
    NumCPUs = 16
    NumTasks = 1
    CPUs/Task = 16
- Used resources:
    RunTime = 00:00:01 ( 1s )
    MaxRSS = 912K ( 0.891M )
====================
- Important conclusions and remarks:
    * !!! Please, always check if the number of requested cores and nodes matches the need of your program/code !!!
    * !!! Less than 10% of requested walltime used !!! Please, adapt your batch script.
    * !!! Less than 10% of requested main memory used !!! Please, adapt your batch script.

