--------BEG-----------
 2
-9
costs: -84

7
9
costs: -51

solutions: 2
best solutions: 1
max costs: -51

Slurm Job Summary
*****************
- General information:
    date = Sat Apr 3 18:46:08 CEST 2021
    hostname = node082
- Job information:
    JobId = 900304
    JobName = j1_3_3_2B1_2Vbrute
    UserId = sunip624(67554)
    Account = sunip624
    QOS = normal
    NodeList = node082
    Features = (null)
    Command = /home/sunip624/IntOpt/sbatches/j1_3_3_2B1_2Vbrute.sbatch
    WorkDir = /home/sunip624/IntOpt
    StdOut = /home/sunip624/IntOpt/./stdouts/j1_3_3_2B1_2Vbrute.out
    StdErr = /home/sunip624/IntOpt/./stderrs/j1_3_3_2B1_2Vbrute.err
- Requested resources:
    Timelimit = 04:00:00 ( 14400s )
    MinMemoryNode = 10G ( 10240.000M )
    NumNodes = 1
    NumCPUs = 16
    NumTasks = 1
    CPUs/Task = 16
- Used resources:
    RunTime = 00:00:01 ( 1s )
    MaxRSS = 920K ( 0.898M )
====================
- Important conclusions and remarks:
    * !!! Please, always check if the number of requested cores and nodes matches the need of your program/code !!!
    * !!! Less than 10% of requested walltime used !!! Please, adapt your batch script.
    * !!! Less than 10% of requested main memory used !!! Please, adapt your batch script.

