solution:
-13
-25
-19
maximum: 561

Slurm Job Summary
*****************
- General information:
    date = Sun Apr 4 10:08:41 CEST 2021
    hostname = node048
- Job information:
    JobId = 899728
    JobName = j1_3_2_3B5_0V2
    UserId = sunip624(67554)
    Account = sunip624
    QOS = normal
    NodeList = node048
    Features = (null)
    Command = /home/sunip624/IntOpt/sbatches/j1_3_2_3B5_0V2.sbatch
    WorkDir = /home/sunip624/IntOpt
    StdOut = /home/sunip624/IntOpt/./stdouts/j1_3_2_3B5_0V2.out
    StdErr = /home/sunip624/IntOpt/./stderrs/j1_3_2_3B5_0V2.err
- Requested resources:
    Timelimit = 04:00:00 ( 14400s )
    MinMemoryNode = 200G ( 204800.000M )
    NumNodes = 1
    NumCPUs = 16
    NumTasks = 1
    CPUs/Task = 16
- Used resources:
    RunTime = 00:40:57 ( 2457s )
    MaxRSS = 112444568K ( 109809.148M )
====================
- Important conclusions and remarks:
    * !!! Please, always check if the number of requested cores and nodes matches the need of your program/code !!!
    * !!! Less than 20% of requested walltime used !!! Please, adapt your batch script.
    * !!! Less than 60% of requested main memory used !!! Please, adapt your batch script.

