
Slurm Job Summary
*****************
- General information:
    date = Sun Apr 4 11:01:31 CEST 2021
    hostname = node046
- Job information:
    JobId = 899747
    JobName = j1_3_3_3B3_0V2
    UserId = sunip624(67554)
    Account = sunip624
    QOS = normal
    NodeList = node046
    Features = (null)
    Command = /home/sunip624/IntOpt/sbatches/j1_3_3_3B3_0V2.sbatch
    WorkDir = /home/sunip624/IntOpt
    StdOut = /home/sunip624/IntOpt/./stdouts/j1_3_3_3B3_0V2.out
    StdErr = /home/sunip624/IntOpt/./stderrs/j1_3_3_3B3_0V2.err
- Requested resources:
    Timelimit = 04:00:00 ( 14400s )
    MinMemoryNode = 200G ( 204800.000M )
    NumNodes = 1
    NumCPUs = 16
    NumTasks = 1
    CPUs/Task = 16
- Used resources:
    RunTime = 01:15:53 ( 4553s )
    MaxRSS = 209714760K ( 204799.570M )
====================
- Important conclusions and remarks:
    * !!! Please, always check if the number of requested cores and nodes matches the need of your program/code !!!
    * !!! Less than 40% of requested walltime used !!! Please, adapt your batch script.
    (null)

