--------BEG-----------
-3
costs: -87

-2
costs: -58

-1
costs: -29

0
costs: 0

1
costs: 29

2
costs: 58

3
costs: 87

4
costs: 116

5
costs: 145

6
costs: 174

solutions: 10
best solutions: 1
max costs: 174

Slurm Job Summary
*****************
- General information:
    date = Sat Apr 3 18:42:07 CEST 2021
    hostname = node086
- Job information:
    JobId = 900257
    JobName = j1_3_1_1B3_0Vbrute
    UserId = sunip624(67554)
    Account = sunip624
    QOS = normal
    NodeList = node086
    Features = (null)
    Command = /home/sunip624/IntOpt/sbatches/j1_3_1_1B3_0Vbrute.sbatch
    WorkDir = /home/sunip624/IntOpt
    StdOut = /home/sunip624/IntOpt/./stdouts/j1_3_1_1B3_0Vbrute.out
    StdErr = /home/sunip624/IntOpt/./stderrs/j1_3_1_1B3_0Vbrute.err
- Requested resources:
    Timelimit = 04:00:00 ( 14400s )
    MinMemoryNode = 10G ( 10240.000M )
    NumNodes = 1
    NumCPUs = 16
    NumTasks = 1
    CPUs/Task = 16
- Used resources:
    RunTime = 00:00:00 ( 0s )
    MaxRSS = 916K ( 0.895M )
====================
- Important conclusions and remarks:
    * !!! Please, always check if the number of requested cores and nodes matches the need of your program/code !!!
    * !!! Less than 10% of requested walltime used !!! Please, adapt your batch script.
    * !!! Less than 10% of requested main memory used !!! Please, adapt your batch script.

