--------BEG-----------
8
costs: 232

9
costs: 261

10
costs: 290

11
costs: 319

12
costs: 348

13
costs: 377

14
costs: 406

15
costs: 435

16
costs: 464

17
costs: 493

18
costs: 522

19
costs: 551

solutions: 12
best solutions: 1
max costs: 551

Slurm Job Summary
*****************
- General information:
    date = Sat Apr 3 18:43:08 CEST 2021
    hostname = node032
- Job information:
    JobId = 900260
    JobName = j1_3_1_1B4_0Vbrute
    UserId = sunip624(67554)
    Account = sunip624
    QOS = normal
    NodeList = node032
    Features = (null)
    Command = /home/sunip624/IntOpt/sbatches/j1_3_1_1B4_0Vbrute.sbatch
    WorkDir = /home/sunip624/IntOpt
    StdOut = /home/sunip624/IntOpt/./stdouts/j1_3_1_1B4_0Vbrute.out
    StdErr = /home/sunip624/IntOpt/./stderrs/j1_3_1_1B4_0Vbrute.err
- Requested resources:
    Timelimit = 04:00:00 ( 14400s )
    MinMemoryNode = 10G ( 10240.000M )
    NumNodes = 1
    NumCPUs = 16
    NumTasks = 1
    CPUs/Task = 16
- Used resources:
    RunTime = 00:00:01 ( 1s )
    MaxRSS = 916K ( 0.895M )
====================
- Important conclusions and remarks:
    * !!! Please, always check if the number of requested cores and nodes matches the need of your program/code !!!
    * !!! Less than 10% of requested walltime used !!! Please, adapt your batch script.
    * !!! Less than 10% of requested main memory used !!! Please, adapt your batch script.

