solution:
-15
 17
-16
maximum: 400

Slurm Job Summary
*****************
- General information:
    date = Sun Apr 4 10:34:10 CEST 2021
    hostname = node004
- Job information:
    JobId = 899707
    JobName = j1_3_1_3B5_0V2
    UserId = sunip624(67554)
    Account = sunip624
    QOS = normal
    NodeList = node004
    Features = (null)
    Command = /home/sunip624/IntOpt/sbatches/j1_3_1_3B5_0V2.sbatch
    WorkDir = /home/sunip624/IntOpt
    StdOut = /home/sunip624/IntOpt/./stdouts/j1_3_1_3B5_0V2.out
    StdErr = /home/sunip624/IntOpt/./stderrs/j1_3_1_3B5_0V2.err
- Requested resources:
    Timelimit = 04:00:00 ( 14400s )
    MinMemoryNode = 200G ( 204800.000M )
    NumNodes = 1
    NumCPUs = 16
    NumTasks = 1
    CPUs/Task = 16
- Used resources:
    RunTime = 01:26:13 ( 5173s )
    MaxRSS = 90810492K ( 88682.121M )
====================
- Important conclusions and remarks:
    * !!! Please, always check if the number of requested cores and nodes matches the need of your program/code !!!
    * !!! Less than 40% of requested walltime used !!! Please, adapt your batch script.
    * !!! Less than 50% of requested main memory used !!! Please, adapt your batch script.

