--------BEG-----------
-10
  3
-11
costs: 90

 -9
  2
-10
costs: 97

-8
 1
-9
costs: 104

-7
 0
-8
costs: 111

-6
-1
-7
costs: 118

-5
-2
-6
costs: 125

-4
-3
-5
costs: 132

-3
-4
-4
costs: 139

-2
-5
-3
costs: 146

-1
-6
-2
costs: 153

 0
-7
-1
costs: 160

 1
-8
 0
costs: 167

 2
-9
 1
costs: 174

  3
-10
  2
costs: 181

solutions: 14
best solutions: 1
max costs: 181

Slurm Job Summary
*****************
- General information:
    date = Sat Apr 3 18:43:08 CEST 2021
    hostname = node060
- Job information:
    JobId = 900270
    JobName = j1_3_1_3B2_0Vbrute
    UserId = sunip624(67554)
    Account = sunip624
    QOS = normal
    NodeList = node060
    Features = (null)
    Command = /home/sunip624/IntOpt/sbatches/j1_3_1_3B2_0Vbrute.sbatch
    WorkDir = /home/sunip624/IntOpt
    StdOut = /home/sunip624/IntOpt/./stdouts/j1_3_1_3B2_0Vbrute.out
    StdErr = /home/sunip624/IntOpt/./stderrs/j1_3_1_3B2_0Vbrute.err
- Requested resources:
    Timelimit = 04:00:00 ( 14400s )
    MinMemoryNode = 10G ( 10240.000M )
    NumNodes = 1
    NumCPUs = 16
    NumTasks = 1
    CPUs/Task = 16
- Used resources:
    RunTime = 00:00:01 ( 1s )
    MaxRSS = 920K ( 0.898M )
====================
- Important conclusions and remarks:
    * !!! Please, always check if the number of requested cores and nodes matches the need of your program/code !!!
    * !!! Less than 10% of requested walltime used !!! Please, adapt your batch script.
    * !!! Less than 10% of requested main memory used !!! Please, adapt your batch script.

