--------BEG-----------
 -6
  6
-13
costs: 132

 -5
  5
-10
costs: 95

-4
 4
-7
costs: 58

-3
 3
-4
costs: 21

-2
 2
-1
costs: -16

-1
 1
 2
costs: -53

0
0
5
costs: -90

 1
-1
 8
costs: -127

 2
-2
11
costs: -164

 3
-3
14
costs: -201

 4
-4
17
costs: -238

solutions: 11
best solutions: 1
max costs: 132

Slurm Job Summary
*****************
- General information:
    date = Sat Apr 3 18:45:08 CEST 2021
    hostname = node060
- Job information:
    JobId = 900294
    JobName = j1_3_2_3B4_0Vbrute
    UserId = sunip624(67554)
    Account = sunip624
    QOS = normal
    NodeList = node060
    Features = (null)
    Command = /home/sunip624/IntOpt/sbatches/j1_3_2_3B4_0Vbrute.sbatch
    WorkDir = /home/sunip624/IntOpt
    StdOut = /home/sunip624/IntOpt/./stdouts/j1_3_2_3B4_0Vbrute.out
    StdErr = /home/sunip624/IntOpt/./stderrs/j1_3_2_3B4_0Vbrute.err
- Requested resources:
    Timelimit = 04:00:00 ( 14400s )
    MinMemoryNode = 10G ( 10240.000M )
    NumNodes = 1
    NumCPUs = 16
    NumTasks = 1
    CPUs/Task = 16
- Used resources:
    RunTime = 00:00:01 ( 1s )
    MaxRSS = 912K ( 0.891M )
====================
- Important conclusions and remarks:
    * !!! Please, always check if the number of requested cores and nodes matches the need of your program/code !!!
    * !!! Less than 10% of requested walltime used !!! Please, adapt your batch script.
    * !!! Less than 10% of requested main memory used !!! Please, adapt your batch script.

