solution:
14
26
 9
maximum: 940

Slurm Job Summary
*****************
- General information:
    date = Sun Apr 4 10:11:15 CEST 2021
    hostname = node060
- Job information:
    JobId = 899748
    JobName = j1_3_3_3B5_0V2
    UserId = sunip624(67554)
    Account = sunip624
    QOS = normal
    NodeList = node060
    Features = (null)
    Command = /home/sunip624/IntOpt/sbatches/j1_3_3_3B5_0V2.sbatch
    WorkDir = /home/sunip624/IntOpt
    StdOut = /home/sunip624/IntOpt/./stdouts/j1_3_3_3B5_0V2.out
    StdErr = /home/sunip624/IntOpt/./stderrs/j1_3_3_3B5_0V2.err
- Requested resources:
    Timelimit = 04:00:00 ( 14400s )
    MinMemoryNode = 200G ( 204800.000M )
    NumNodes = 1
    NumCPUs = 16
    NumTasks = 1
    CPUs/Task = 16
- Used resources:
    RunTime = 00:25:32 ( 1532s )
    MaxRSS = 68565976K ( 66958.961M )
====================
- Important conclusions and remarks:
    * !!! Please, always check if the number of requested cores and nodes matches the need of your program/code !!!
    * !!! Less than 20% of requested walltime used !!! Please, adapt your batch script.
    * !!! Less than 40% of requested main memory used !!! Please, adapt your batch script.

