solution:
-8
-5
-6
maximum: -34

Slurm Job Summary
*****************
- General information:
    date = Sat Apr 3 19:45:40 CEST 2021
    hostname = node060
- Job information:
    JobId = 899156
    JobName = j1_3_2_3B1_0V1
    UserId = sunip624(67554)
    Account = sunip624
    QOS = normal
    NodeList = node060
    Features = (null)
    Command = /home/sunip624/IntOpt/sbatches/j1_3_2_3B1_0V1.sbatch
    WorkDir = /home/sunip624/IntOpt
    StdOut = /home/sunip624/IntOpt/./stdouts/j1_3_2_3B1_0V1.out
    StdErr = /home/sunip624/IntOpt/./stderrs/j1_3_2_3B1_0V1.err
- Requested resources:
    Timelimit = 04:00:00 ( 14400s )
    MinMemoryNode = 200G ( 204800.000M )
    NumNodes = 1
    NumCPUs = 16
    NumTasks = 1
    CPUs/Task = 16
- Used resources:
    RunTime = 00:04:52 ( 292s )
    MaxRSS = 15680004K ( 15312.504M )
====================
- Important conclusions and remarks:
    * !!! Please, always check if the number of requested cores and nodes matches the need of your program/code !!!
    * !!! Less than 10% of requested walltime used !!! Please, adapt your batch script.
    * !!! Less than 10% of requested main memory used !!! Please, adapt your batch script.

