solution:
-6
 2
 3
maximum: 63

Slurm Job Summary
*****************
- General information:
    date = Sat Apr 3 19:26:47 CEST 2021
    hostname = node045
- Job information:
    JobId = 899135
    JobName = j1_3_1_3B1_1V1
    UserId = sunip624(67554)
    Account = sunip624
    QOS = normal
    NodeList = node045
    Features = (null)
    Command = /home/sunip624/IntOpt/sbatches/j1_3_1_3B1_1V1.sbatch
    WorkDir = /home/sunip624/IntOpt
    StdOut = /home/sunip624/IntOpt/./stdouts/j1_3_1_3B1_1V1.out
    StdErr = /home/sunip624/IntOpt/./stderrs/j1_3_1_3B1_1V1.err
- Requested resources:
    Timelimit = 04:00:00 ( 14400s )
    MinMemoryNode = 200G ( 204800.000M )
    NumNodes = 1
    NumCPUs = 16
    NumTasks = 1
    CPUs/Task = 16
- Used resources:
    RunTime = 00:01:59 ( 119s )
    MaxRSS = 2378924K ( 2323.168M )
====================
- Important conclusions and remarks:
    * !!! Please, always check if the number of requested cores and nodes matches the need of your program/code !!!
    * !!! Less than 10% of requested walltime used !!! Please, adapt your batch script.
    * !!! Less than 10% of requested main memory used !!! Please, adapt your batch script.

