solution:
 5
-4
 4
maximum: -21

Slurm Job Summary
*****************
- General information:
    date = Sun Apr 4 09:34:42 CEST 2021
    hostname = node084
- Job information:
    JobId = 899701
    JobName = j1_3_1_3B1_0V2
    UserId = sunip624(67554)
    Account = sunip624
    QOS = normal
    NodeList = node084
    Features = (null)
    Command = /home/sunip624/IntOpt/sbatches/j1_3_1_3B1_0V2.sbatch
    WorkDir = /home/sunip624/IntOpt
    StdOut = /home/sunip624/IntOpt/./stdouts/j1_3_1_3B1_0V2.out
    StdErr = /home/sunip624/IntOpt/./stderrs/j1_3_1_3B1_0V2.err
- Requested resources:
    Timelimit = 04:00:00 ( 14400s )
    MinMemoryNode = 200G ( 204800.000M )
    NumNodes = 1
    NumCPUs = 16
    NumTasks = 1
    CPUs/Task = 16
- Used resources:
    RunTime = 00:31:19 ( 1879s )
    MaxRSS = 50984996K ( 49790.035M )
====================
- Important conclusions and remarks:
    * !!! Please, always check if the number of requested cores and nodes matches the need of your program/code !!!
    * !!! Less than 20% of requested walltime used !!! Please, adapt your batch script.
    * !!! Less than 30% of requested main memory used !!! Please, adapt your batch script.

