solution:
1
0
maximum: 20

Slurm Job Summary
*****************
- General information:
    date = Sat Apr 10 08:47:00 CEST 2021
    hostname = node004
- Job information:
    JobId = 908798
    JobName = j1_6_1_2B1_2V2
    UserId = sunip624(67554)
    Account = sunip624
    QOS = normal
    NodeList = node004
    Features = (null)
    Command = /home/sunip624/IntOpt/sbatches/j1_6_1_2B1_2V2.sbatch
    WorkDir = /home/sunip624/IntOpt
    StdOut = /home/sunip624/IntOpt/./stdouts/j1_6_1_2B1_2V2.out
    StdErr = /home/sunip624/IntOpt/./stderrs/j1_6_1_2B1_2V2.err
- Requested resources:
    Timelimit = 04:00:00 ( 14400s )
    MinMemoryNode = 200G ( 204800.000M )
    NumNodes = 1
    NumCPUs = 16
    NumTasks = 1
    CPUs/Task = 16
- Used resources:
    RunTime = 00:00:34 ( 34s )
    MaxRSS = 1792360K ( 1750.352M )
====================
- Important conclusions and remarks:
    * !!! Please, always check if the number of requested cores and nodes matches the need of your program/code !!!
    * !!! Less than 10% of requested walltime used !!! Please, adapt your batch script.
    * !!! Less than 10% of requested main memory used !!! Please, adapt your batch script.

