
Slurm Job Summary
*****************
- General information:
    date = Sat Apr 10 00:06:31 CEST 2021
    hostname = node060
- Job information:
    JobId = 908550
    JobName = j1_6_2_2B1_2V1
    UserId = sunip624(67554)
    Account = sunip624
    QOS = normal
    NodeList = node060
    Features = (null)
    Command = /home/sunip624/IntOpt/sbatches/j1_6_2_2B1_2V1.sbatch
    WorkDir = /home/sunip624/IntOpt
    StdOut = /home/sunip624/IntOpt/./stdouts/j1_6_2_2B1_2V1.out
    StdErr = /home/sunip624/IntOpt/./stderrs/j1_6_2_2B1_2V1.err
- Requested resources:
    Timelimit = 04:00:00 ( 14400s )
    MinMemoryNode = 200G ( 204800.000M )
    NumNodes = 1
    NumCPUs = 16
    NumTasks = 1
    CPUs/Task = 16
- Used resources:
    RunTime = 00:32:02 ( 1922s )
    MaxRSS = 209715096K ( 204799.898M )
====================
- Important conclusions and remarks:
    * !!! Please, always check if the number of requested cores and nodes matches the need of your program/code !!!
    * !!! Less than 20% of requested walltime used !!! Please, adapt your batch script.
    (null)

