
Slurm Job Summary
*****************
- General information:
    date = Sat Apr 10 01:56:44 CEST 2021
    hostname = node089
- Job information:
    JobId = 908588
    JobName = j1_9_2_2B1_1V1
    UserId = sunip624(67554)
    Account = sunip624
    QOS = normal
    NodeList = node089
    Features = (null)
    Command = /home/sunip624/IntOpt/sbatches/j1_9_2_2B1_1V1.sbatch
    WorkDir = /home/sunip624/IntOpt
    StdOut = /home/sunip624/IntOpt/./stdouts/j1_9_2_2B1_1V1.out
    StdErr = /home/sunip624/IntOpt/./stderrs/j1_9_2_2B1_1V1.err
- Requested resources:
    Timelimit = 04:00:00 ( 14400s )
    MinMemoryNode = 200G ( 204800.000M )
    NumNodes = 1
    NumCPUs = 16
    NumTasks = 1
    CPUs/Task = 16
- Used resources:
    RunTime = 00:22:49 ( 1369s )
    MaxRSS = 209714832K ( 204799.641M )
====================
- Important conclusions and remarks:
    * !!! Please, always check if the number of requested cores and nodes matches the need of your program/code !!!
    * !!! Less than 10% of requested walltime used !!! Please, adapt your batch script.
    (null)

