
Slurm Job Summary
*****************
- General information:
    date = Sat Apr 10 09:44:08 CEST 2021
    hostname = node089
- Job information:
    JobId = 908833
    JobName = j1_9_1_2B1_0V2
    UserId = sunip624(67554)
    Account = sunip624
    QOS = normal
    NodeList = node089
    Features = (null)
    Command = /home/sunip624/IntOpt/sbatches/j1_9_1_2B1_0V2.sbatch
    WorkDir = /home/sunip624/IntOpt
    StdOut = /home/sunip624/IntOpt/./stdouts/j1_9_1_2B1_0V2.out
    StdErr = /home/sunip624/IntOpt/./stderrs/j1_9_1_2B1_0V2.err
- Requested resources:
    Timelimit = 04:00:00 ( 14400s )
    MinMemoryNode = 200G ( 204800.000M )
    NumNodes = 1
    NumCPUs = 16
    NumTasks = 1
    CPUs/Task = 16
- Used resources:
    RunTime = 00:41:58 ( 2518s )
    MaxRSS = 209715140K ( 204799.941M )
====================
- Important conclusions and remarks:
    * !!! Please, always check if the number of requested cores and nodes matches the need of your program/code !!!
    * !!! Less than 20% of requested walltime used !!! Please, adapt your batch script.
    (null)

