
Slurm Job Summary
*****************
- General information:
    date = Sat Apr 10 01:38:13 CEST 2021
    hostname = node084
- Job information:
    JobId = 908582
    JobName = j1_9_1_2B1_1V1
    UserId = sunip624(67554)
    Account = sunip624
    QOS = normal
    NodeList = node084
    Features = (null)
    Command = /home/sunip624/IntOpt/sbatches/j1_9_1_2B1_1V1.sbatch
    WorkDir = /home/sunip624/IntOpt
    StdOut = /home/sunip624/IntOpt/./stdouts/j1_9_1_2B1_1V1.out
    StdErr = /home/sunip624/IntOpt/./stderrs/j1_9_1_2B1_1V1.err
- Requested resources:
    Timelimit = 04:00:00 ( 14400s )
    MinMemoryNode = 200G ( 204800.000M )
    NumNodes = 1
    NumCPUs = 16
    NumTasks = 1
    CPUs/Task = 16
- Used resources:
    RunTime = 00:34:08 ( 2048s )
    MaxRSS = 209715040K ( 204799.844M )
====================
- Important conclusions and remarks:
    * !!! Please, always check if the number of requested cores and nodes matches the need of your program/code !!!
    * !!! Less than 20% of requested walltime used !!! Please, adapt your batch script.
    (null)

