solution:
 4
-7
-5
-8
maximum: 445

Slurm Job Summary
*****************
- General information:
    date = Tue Apr 6 19:05:02 CEST 2021
    hostname = node048
- Job information:
    JobId = 903996
    JobName = j2_1_4_2B1_2V1
    UserId = sunip624(67554)
    Account = sunip624
    QOS = normal
    NodeList = node048
    Features = (null)
    Command = /home/sunip624/IntOpt/sbatches/j2_1_4_2B1_2V1.sbatch
    WorkDir = /home/sunip624/IntOpt
    StdOut = /home/sunip624/IntOpt/./stdouts/j2_1_4_2B1_2V1.out
    StdErr = /home/sunip624/IntOpt/./stderrs/j2_1_4_2B1_2V1.err
- Requested resources:
    Timelimit = 04:00:00 ( 14400s )
    MinMemoryNode = 200G ( 204800.000M )
    NumNodes = 1
    NumCPUs = 16
    NumTasks = 1
    CPUs/Task = 16
- Used resources:
    RunTime = 00:13:54 ( 834s )
    MaxRSS = 47930956K ( 46807.574M )
====================
- Important conclusions and remarks:
    * !!! Please, always check if the number of requested cores and nodes matches the need of your program/code !!!
    * !!! Less than 10% of requested walltime used !!! Please, adapt your batch script.
    * !!! Less than 30% of requested main memory used !!! Please, adapt your batch script.

