solution:
-7
-7
-2
-9
-6
 3
maximum: -443

Slurm Job Summary
*****************
- General information:
    date = Sun Apr 4 10:22:47 CEST 2021
    hostname = node055
- Job information:
    JobId = 899786
    JobName = j2_1_2_3B1_2V2
    UserId = sunip624(67554)
    Account = sunip624
    QOS = normal
    NodeList = node055
    Features = (null)
    Command = /home/sunip624/IntOpt/sbatches/j2_1_2_3B1_2V2.sbatch
    WorkDir = /home/sunip624/IntOpt
    StdOut = /home/sunip624/IntOpt/./stdouts/j2_1_2_3B1_2V2.out
    StdErr = /home/sunip624/IntOpt/./stderrs/j2_1_2_3B1_2V2.err
- Requested resources:
    Timelimit = 04:00:00 ( 14400s )
    MinMemoryNode = 200G ( 204800.000M )
    NumNodes = 1
    NumCPUs = 16
    NumTasks = 1
    CPUs/Task = 16
- Used resources:
    RunTime = 00:17:59 ( 1079s )
    MaxRSS = 5616056K ( 5484.430M )
====================
- Important conclusions and remarks:
    * !!! Please, always check if the number of requested cores and nodes matches the need of your program/code !!!
    * !!! Less than 10% of requested walltime used !!! Please, adapt your batch script.
    * !!! Less than 10% of requested main memory used !!! Please, adapt your batch script.

