--------BEG-----------
2
4
costs: 14

3
4
costs: -11

4
4
costs: -36

5
4
costs: -61

6
4
costs: -86

7
4
costs: -111

8
4
costs: -136

9
4
costs: -161

10
 4
costs: -186

solutions: 9
best solutions: 1
max costs: 14

Slurm Job Summary
*****************
- General information:
    date = Sat Apr 3 18:51:07 CEST 2021
    hostname = node037
- Job information:
    JobId = 900360
    JobName = j2_1_3_1B1_1Vbrute
    UserId = sunip624(67554)
    Account = sunip624
    QOS = normal
    NodeList = node037
    Features = (null)
    Command = /home/sunip624/IntOpt/sbatches/j2_1_3_1B1_1Vbrute.sbatch
    WorkDir = /home/sunip624/IntOpt
    StdOut = /home/sunip624/IntOpt/./stdouts/j2_1_3_1B1_1Vbrute.out
    StdErr = /home/sunip624/IntOpt/./stderrs/j2_1_3_1B1_1Vbrute.err
- Requested resources:
    Timelimit = 04:00:00 ( 14400s )
    MinMemoryNode = 10G ( 10240.000M )
    NumNodes = 1
    NumCPUs = 16
    NumTasks = 1
    CPUs/Task = 16
- Used resources:
    RunTime = 00:00:00 ( 0s )
    MaxRSS = 916K ( 0.895M )
====================
- Important conclusions and remarks:
    * !!! Please, always check if the number of requested cores and nodes matches the need of your program/code !!!
    * !!! Less than 10% of requested walltime used !!! Please, adapt your batch script.
    * !!! Less than 10% of requested main memory used !!! Please, adapt your batch script.

