solution:
-2
10
10
 4
maximum: -136

Slurm Job Summary
*****************
- General information:
    date = Tue Apr 6 20:12:18 CEST 2021
    hostname = node060
- Job information:
    JobId = 904008
    JobName = j2_1_6_2B1_1V1
    UserId = sunip624(67554)
    Account = sunip624
    QOS = normal
    NodeList = node060
    Features = (null)
    Command = /home/sunip624/IntOpt/sbatches/j2_1_6_2B1_1V1.sbatch
    WorkDir = /home/sunip624/IntOpt
    StdOut = /home/sunip624/IntOpt/./stdouts/j2_1_6_2B1_1V1.out
    StdErr = /home/sunip624/IntOpt/./stderrs/j2_1_6_2B1_1V1.err
- Requested resources:
    Timelimit = 04:00:00 ( 14400s )
    MinMemoryNode = 200G ( 204800.000M )
    NumNodes = 1
    NumCPUs = 16
    NumTasks = 1
    CPUs/Task = 16
- Used resources:
    RunTime = 01:04:33 ( 3873s )
    MaxRSS = 195746444K ( 191158.637M )
====================
- Important conclusions and remarks:
    * !!! Please, always check if the number of requested cores and nodes matches the need of your program/code !!!
    * !!! Less than 30% of requested walltime used !!! Please, adapt your batch script.
    (null)

