
Slurm Job Summary
*****************
- General information:
    date = Tue Apr 6 23:07:32 CEST 2021
    hostname = node056
- Job information:
    JobId = 904201
    JobName = j2_1_10_2B1_0V2
    UserId = sunip624(67554)
    Account = sunip624
    QOS = normal
    NodeList = node056
    Features = (null)
    Command = /home/sunip624/IntOpt/sbatches/j2_1_10_2B1_0V2.sbatch
    WorkDir = /home/sunip624/IntOpt
    StdOut = /home/sunip624/IntOpt/./stdouts/j2_1_10_2B1_0V2.out
    StdErr = /home/sunip624/IntOpt/./stderrs/j2_1_10_2B1_0V2.err
- Requested resources:
    Timelimit = 04:00:00 ( 14400s )
    MinMemoryNode = 200G ( 204800.000M )
    NumNodes = 1
    NumCPUs = 16
    NumTasks = 1
    CPUs/Task = 16
- Used resources:
    RunTime = 01:53:42 ( 6822s )
    MaxRSS = 209715092K ( 204799.895M )
====================
- Important conclusions and remarks:
    * !!! Please, always check if the number of requested cores and nodes matches the need of your program/code !!!
    * !!! Less than 50% of requested walltime used !!! Please, adapt your batch script.
    (null)

