--------BEG-----------
-6
-2
 0
-3
costs: 27

-8
-2
 5
 3
costs: 151

solutions: 2
best solutions: 1
max costs: 151

Slurm Job Summary
*****************
- General information:
    date = Sat Apr 3 18:50:08 CEST 2021
    hostname = node036
- Job information:
    JobId = 900347
    JobName = j2_1_2_2B1_2Vbrute
    UserId = sunip624(67554)
    Account = sunip624
    QOS = normal
    NodeList = node036
    Features = (null)
    Command = /home/sunip624/IntOpt/sbatches/j2_1_2_2B1_2Vbrute.sbatch
    WorkDir = /home/sunip624/IntOpt
    StdOut = /home/sunip624/IntOpt/./stdouts/j2_1_2_2B1_2Vbrute.out
    StdErr = /home/sunip624/IntOpt/./stderrs/j2_1_2_2B1_2Vbrute.err
- Requested resources:
    Timelimit = 04:00:00 ( 14400s )
    MinMemoryNode = 10G ( 10240.000M )
    NumNodes = 1
    NumCPUs = 16
    NumTasks = 1
    CPUs/Task = 16
- Used resources:
    RunTime = 00:00:01 ( 1s )
    MaxRSS = 912K ( 0.891M )
====================
- Important conclusions and remarks:
    * !!! Please, always check if the number of requested cores and nodes matches the need of your program/code !!!
    * !!! Less than 10% of requested walltime used !!! Please, adapt your batch script.
    * !!! Less than 10% of requested main memory used !!! Please, adapt your batch script.

