solution:
 8
 1
-9
-2
 1
 6
maximum: 157

Slurm Job Summary
*****************
- General information:
    date = Sun Apr 4 09:53:02 CEST 2021
    hostname = node055
- Job information:
    JobId = 899768
    JobName = j2_1_1_3B1_2V2
    UserId = sunip624(67554)
    Account = sunip624
    QOS = normal
    NodeList = node055
    Features = (null)
    Command = /home/sunip624/IntOpt/sbatches/j2_1_1_3B1_2V2.sbatch
    WorkDir = /home/sunip624/IntOpt
    StdOut = /home/sunip624/IntOpt/./stdouts/j2_1_1_3B1_2V2.out
    StdErr = /home/sunip624/IntOpt/./stderrs/j2_1_1_3B1_2V2.err
- Requested resources:
    Timelimit = 04:00:00 ( 14400s )
    MinMemoryNode = 200G ( 204800.000M )
    NumNodes = 1
    NumCPUs = 16
    NumTasks = 1
    CPUs/Task = 16
- Used resources:
    RunTime = 00:00:05 ( 5s )
    MaxRSS = 912K ( 0.891M )
====================
- Important conclusions and remarks:
    * !!! Please, always check if the number of requested cores and nodes matches the need of your program/code !!!
    * !!! Less than 10% of requested walltime used !!! Please, adapt your batch script.
    * !!! Less than 10% of requested main memory used !!! Please, adapt your batch script.

