--------BEG-----------
-10
  0
costs: -200

-9
 0
costs: -180

-8
 0
costs: -160

-7
 0
costs: -140

-6
 0
costs: -120

-5
 0
costs: -100

-4
 0
costs: -80

-3
 0
costs: -60

-2
 0
costs: -40

-1
 0
costs: -20

0
0
costs: 0

solutions: 11
best solutions: 1
max costs: 0

Slurm Job Summary
*****************
- General information:
    date = Sat Apr 3 18:49:07 CEST 2021
    hostname = node086
- Job information:
    JobId = 900341
    JobName = j2_1_2_1B1_2Vbrute
    UserId = sunip624(67554)
    Account = sunip624
    QOS = normal
    NodeList = node086
    Features = (null)
    Command = /home/sunip624/IntOpt/sbatches/j2_1_2_1B1_2Vbrute.sbatch
    WorkDir = /home/sunip624/IntOpt
    StdOut = /home/sunip624/IntOpt/./stdouts/j2_1_2_1B1_2Vbrute.out
    StdErr = /home/sunip624/IntOpt/./stderrs/j2_1_2_1B1_2Vbrute.err
- Requested resources:
    Timelimit = 04:00:00 ( 14400s )
    MinMemoryNode = 10G ( 10240.000M )
    NumNodes = 1
    NumCPUs = 16
    NumTasks = 1
    CPUs/Task = 16
- Used resources:
    RunTime = 00:00:00 ( 0s )
    MaxRSS = 912K ( 0.891M )
====================
- Important conclusions and remarks:
    * !!! Please, always check if the number of requested cores and nodes matches the need of your program/code !!!
    * !!! Less than 10% of requested walltime used !!! Please, adapt your batch script.
    * !!! Less than 10% of requested main memory used !!! Please, adapt your batch script.

