solution:
 6
-5
 3
 1
10
 3
maximum: 98

Slurm Job Summary
*****************
- General information:
    date = Sat Apr 3 20:39:19 CEST 2021
    hostname = node088
- Job information:
    JobId = 899241
    JobName = j2_1_3_3B2_0V1
    UserId = sunip624(67554)
    Account = sunip624
    QOS = normal
    NodeList = node088
    Features = (null)
    Command = /home/sunip624/IntOpt/sbatches/j2_1_3_3B2_0V1.sbatch
    WorkDir = /home/sunip624/IntOpt
    StdOut = /home/sunip624/IntOpt/./stdouts/j2_1_3_3B2_0V1.out
    StdErr = /home/sunip624/IntOpt/./stderrs/j2_1_3_3B2_0V1.err
- Requested resources:
    Timelimit = 04:00:00 ( 14400s )
    MinMemoryNode = 200G ( 204800.000M )
    NumNodes = 1
    NumCPUs = 16
    NumTasks = 1
    CPUs/Task = 16
- Used resources:
    RunTime = 00:01:01 ( 61s )
    MaxRSS = 3696940K ( 3610.293M )
====================
- Important conclusions and remarks:
    * !!! Please, always check if the number of requested cores and nodes matches the need of your program/code !!!
    * !!! Less than 10% of requested walltime used !!! Please, adapt your batch script.
    * !!! Less than 10% of requested main memory used !!! Please, adapt your batch script.

