--------BEG-----------
-11
  8
costs: 67

-10
  8
costs: 74

-9
 8
costs: 81

-8
 8
costs: 88

-7
 8
costs: 95

-6
 8
costs: 102

-5
 8
costs: 109

-4
 8
costs: 116

-3
 8
costs: 123

-2
 8
costs: 130

-1
 8
costs: 137

0
8
costs: 144

1
8
costs: 151

2
8
costs: 158

3
8
costs: 165

4
8
costs: 172

5
8
costs: 179

6
8
costs: 186

solutions: 18
best solutions: 1
max costs: 186

Slurm Job Summary
*****************
- General information:
    date = Sat Apr 3 18:49:07 CEST 2021
    hostname = node039
- Job information:
    JobId = 900338
    JobName = j2_1_2_1B1_0Vbrute
    UserId = sunip624(67554)
    Account = sunip624
    QOS = normal
    NodeList = node039
    Features = (null)
    Command = /home/sunip624/IntOpt/sbatches/j2_1_2_1B1_0Vbrute.sbatch
    WorkDir = /home/sunip624/IntOpt
    StdOut = /home/sunip624/IntOpt/./stdouts/j2_1_2_1B1_0Vbrute.out
    StdErr = /home/sunip624/IntOpt/./stderrs/j2_1_2_1B1_0Vbrute.err
- Requested resources:
    Timelimit = 04:00:00 ( 14400s )
    MinMemoryNode = 10G ( 10240.000M )
    NumNodes = 1
    NumCPUs = 16
    NumTasks = 1
    CPUs/Task = 16
- Used resources:
    RunTime = 00:00:00 ( 0s )
    MaxRSS = 908K ( 0.887M )
====================
- Important conclusions and remarks:
    * !!! Please, always check if the number of requested cores and nodes matches the need of your program/code !!!
    * !!! Less than 10% of requested walltime used !!! Please, adapt your batch script.
    * !!! Less than 10% of requested main memory used !!! Please, adapt your batch script.

