solution:
 3
 8
-5
-5
maximum: 131

Slurm Job Summary
*****************
- General information:
    date = Sun Apr 4 10:14:46 CEST 2021
    hostname = node060
- Job information:
    JobId = 899802
    JobName = j2_1_3_2B1_2V2
    UserId = sunip624(67554)
    Account = sunip624
    QOS = normal
    NodeList = node060
    Features = (null)
    Command = /home/sunip624/IntOpt/sbatches/j2_1_3_2B1_2V2.sbatch
    WorkDir = /home/sunip624/IntOpt
    StdOut = /home/sunip624/IntOpt/./stdouts/j2_1_3_2B1_2V2.out
    StdErr = /home/sunip624/IntOpt/./stderrs/j2_1_3_2B1_2V2.err
- Requested resources:
    Timelimit = 04:00:00 ( 14400s )
    MinMemoryNode = 200G ( 204800.000M )
    NumNodes = 1
    NumCPUs = 16
    NumTasks = 1
    CPUs/Task = 16
- Used resources:
    RunTime = 00:03:04 ( 184s )
    MaxRSS = 7675844K ( 7495.941M )
====================
- Important conclusions and remarks:
    * !!! Please, always check if the number of requested cores and nodes matches the need of your program/code !!!
    * !!! Less than 10% of requested walltime used !!! Please, adapt your batch script.
    * !!! Less than 10% of requested main memory used !!! Please, adapt your batch script.

