--------BEG-----------
10
-1
costs: -106

10
 0
costs: -110

10
 1
costs: -114

10
 2
costs: -118

10
 3
costs: -122

10
 4
costs: -126

10
 5
costs: -130

10
 6
costs: -134

10
 7
costs: -138

solutions: 9
best solutions: 1
max costs: -106

Slurm Job Summary
*****************
- General information:
    date = Sat Apr 3 18:51:07 CEST 2021
    hostname = node082
- Job information:
    JobId = 900364
    JobName = j2_1_3_1B2_0Vbrute
    UserId = sunip624(67554)
    Account = sunip624
    QOS = normal
    NodeList = node082
    Features = (null)
    Command = /home/sunip624/IntOpt/sbatches/j2_1_3_1B2_0Vbrute.sbatch
    WorkDir = /home/sunip624/IntOpt
    StdOut = /home/sunip624/IntOpt/./stdouts/j2_1_3_1B2_0Vbrute.out
    StdErr = /home/sunip624/IntOpt/./stderrs/j2_1_3_1B2_0Vbrute.err
- Requested resources:
    Timelimit = 04:00:00 ( 14400s )
    MinMemoryNode = 10G ( 10240.000M )
    NumNodes = 1
    NumCPUs = 16
    NumTasks = 1
    CPUs/Task = 16
- Used resources:
    RunTime = 00:00:00 ( 0s )
    MaxRSS = 912K ( 0.891M )
====================
- Important conclusions and remarks:
    * !!! Please, always check if the number of requested cores and nodes matches the need of your program/code !!!
    * !!! Less than 10% of requested walltime used !!! Please, adapt your batch script.
    * !!! Less than 10% of requested main memory used !!! Please, adapt your batch script.

