--------BEG-----------
 2
 6
-8
 2
 2
 2
costs: 16

 5
 6
 5
 1
10
 9
costs: 404

solutions: 2
best solutions: 1
max costs: 404

Slurm Job Summary
*****************
- General information:
    date = Sat Apr 3 18:52:08 CEST 2021
    hostname = node080
- Job information:
    JobId = 900374
    JobName = j2_1_3_3B1_2Vbrute
    UserId = sunip624(67554)
    Account = sunip624
    QOS = normal
    NodeList = node080
    Features = (null)
    Command = /home/sunip624/IntOpt/sbatches/j2_1_3_3B1_2Vbrute.sbatch
    WorkDir = /home/sunip624/IntOpt
    StdOut = /home/sunip624/IntOpt/./stdouts/j2_1_3_3B1_2Vbrute.out
    StdErr = /home/sunip624/IntOpt/./stderrs/j2_1_3_3B1_2Vbrute.err
- Requested resources:
    Timelimit = 04:00:00 ( 14400s )
    MinMemoryNode = 10G ( 10240.000M )
    NumNodes = 1
    NumCPUs = 16
    NumTasks = 1
    CPUs/Task = 16
- Used resources:
    RunTime = 00:00:01 ( 1s )
    MaxRSS = 912K ( 0.891M )
====================
- Important conclusions and remarks:
    * !!! Please, always check if the number of requested cores and nodes matches the need of your program/code !!!
    * !!! Less than 10% of requested walltime used !!! Please, adapt your batch script.
    * !!! Less than 10% of requested main memory used !!! Please, adapt your batch script.

