--------BEG-----------
-19
 -2
costs: 269

-19
 -1
costs: 239

-19
  0
costs: 209

-19
  1
costs: 179

-19
  2
costs: 149

-19
  3
costs: 119

-19
  4
costs: 89

-19
  5
costs: 59

-19
  6
costs: 29

solutions: 9
best solutions: 1
max costs: 269

Slurm Job Summary
*****************
- General information:
    date = Sat Apr 3 18:51:07 CEST 2021
    hostname = node039
- Job information:
    JobId = 900362
    JobName = j2_1_3_1B4_0Vbrute
    UserId = sunip624(67554)
    Account = sunip624
    QOS = normal
    NodeList = node039
    Features = (null)
    Command = /home/sunip624/IntOpt/sbatches/j2_1_3_1B4_0Vbrute.sbatch
    WorkDir = /home/sunip624/IntOpt
    StdOut = /home/sunip624/IntOpt/./stdouts/j2_1_3_1B4_0Vbrute.out
    StdErr = /home/sunip624/IntOpt/./stderrs/j2_1_3_1B4_0Vbrute.err
- Requested resources:
    Timelimit = 04:00:00 ( 14400s )
    MinMemoryNode = 10G ( 10240.000M )
    NumNodes = 1
    NumCPUs = 16
    NumTasks = 1
    CPUs/Task = 16
- Used resources:
    RunTime = 00:00:00 ( 0s )
    MaxRSS = 920K ( 0.898M )
====================
- Important conclusions and remarks:
    * !!! Please, always check if the number of requested cores and nodes matches the need of your program/code !!!
    * !!! Less than 10% of requested walltime used !!! Please, adapt your batch script.
    * !!! Less than 10% of requested main memory used !!! Please, adapt your batch script.

