
Slurm Job Summary
*****************
- General information:
    date = Sun Apr 4 14:05:19 CEST 2021
    hostname = node048
- Job information:
    JobId = 899790
    JobName = j2_1_2_3B3_0V2
    UserId = sunip624(67554)
    Account = sunip624
    QOS = normal
    NodeList = node048
    Features = (null)
    Command = /home/sunip624/IntOpt/sbatches/j2_1_2_3B3_0V2.sbatch
    WorkDir = /home/sunip624/IntOpt
    StdOut = /home/sunip624/IntOpt/./stdouts/j2_1_2_3B3_0V2.out
    StdErr = /home/sunip624/IntOpt/./stderrs/j2_1_2_3B3_0V2.err
- Requested resources:
    Timelimit = 04:00:00 ( 14400s )
    MinMemoryNode = 200G ( 204800.000M )
    NumNodes = 1
    NumCPUs = 16
    NumTasks = 1
    CPUs/Task = 16
- Used resources:
    RunTime = 03:56:37 ( 14197s )
    MaxRSS = 209714996K ( 204799.801M )
====================
- Important conclusions and remarks:
    * !!! Please, always check if the number of requested cores and nodes matches the need of your program/code !!!
    (null)
    (null)

