--------BEG-----------
-19
  4
  6
 -4
costs: 169

-18
 -7
  3
  0
costs: 320

-17
-18
  0
  4
costs: 471

solutions: 3
best solutions: 1
max costs: 471

Slurm Job Summary
*****************
- General information:
    date = Sat Apr 3 18:48:08 CEST 2021
    hostname = node082
- Job information:
    JobId = 900328
    JobName = j2_1_1_2B4_0Vbrute
    UserId = sunip624(67554)
    Account = sunip624
    QOS = normal
    NodeList = node082
    Features = (null)
    Command = /home/sunip624/IntOpt/sbatches/j2_1_1_2B4_0Vbrute.sbatch
    WorkDir = /home/sunip624/IntOpt
    StdOut = /home/sunip624/IntOpt/./stdouts/j2_1_1_2B4_0Vbrute.out
    StdErr = /home/sunip624/IntOpt/./stderrs/j2_1_1_2B4_0Vbrute.err
- Requested resources:
    Timelimit = 04:00:00 ( 14400s )
    MinMemoryNode = 10G ( 10240.000M )
    NumNodes = 1
    NumCPUs = 16
    NumTasks = 1
    CPUs/Task = 16
- Used resources:
    RunTime = 00:00:01 ( 1s )
    MaxRSS = 916K ( 0.895M )
====================
- Important conclusions and remarks:
    * !!! Please, always check if the number of requested cores and nodes matches the need of your program/code !!!
    * !!! Less than 10% of requested walltime used !!! Please, adapt your batch script.
    * !!! Less than 10% of requested main memory used !!! Please, adapt your batch script.

