--------BEG-----------
 5
-7
costs: 121

 5
-6
costs: 118

 5
-5
costs: 115

 5
-4
costs: 112

 5
-3
costs: 109

 5
-2
costs: 106

 5
-1
costs: 103

5
0
costs: 100

5
1
costs: 97

5
2
costs: 94

5
3
costs: 91

5
4
costs: 88

5
5
costs: 85

5
6
costs: 82

5
7
costs: 79

solutions: 15
best solutions: 1
max costs: 121

Slurm Job Summary
*****************
- General information:
    date = Sat Apr 3 18:48:08 CEST 2021
    hostname = node036
- Job information:
    JobId = 900323
    JobName = j2_1_1_1B2_0Vbrute
    UserId = sunip624(67554)
    Account = sunip624
    QOS = normal
    NodeList = node036
    Features = (null)
    Command = /home/sunip624/IntOpt/sbatches/j2_1_1_1B2_0Vbrute.sbatch
    WorkDir = /home/sunip624/IntOpt
    StdOut = /home/sunip624/IntOpt/./stdouts/j2_1_1_1B2_0Vbrute.out
    StdErr = /home/sunip624/IntOpt/./stderrs/j2_1_1_1B2_0Vbrute.err
- Requested resources:
    Timelimit = 04:00:00 ( 14400s )
    MinMemoryNode = 10G ( 10240.000M )
    NumNodes = 1
    NumCPUs = 16
    NumTasks = 1
    CPUs/Task = 16
- Used resources:
    RunTime = 00:00:01 ( 1s )
    MaxRSS = 920K ( 0.898M )
====================
- Important conclusions and remarks:
    * !!! Please, always check if the number of requested cores and nodes matches the need of your program/code !!!
    * !!! Less than 10% of requested walltime used !!! Please, adapt your batch script.
    * !!! Less than 10% of requested main memory used !!! Please, adapt your batch script.

