--------BEG-----------
-26
 27
-26
 14
costs: 439

-10
 19
-15
 30
costs: 737

solutions: 2
best solutions: 1
max costs: 737

Slurm Job Summary
*****************
- General information:
    date = Sat Apr 3 18:50:08 CEST 2021
    hostname = node039
- Job information:
    JobId = 900350
    JobName = j2_1_2_2B5_0Vbrute
    UserId = sunip624(67554)
    Account = sunip624
    QOS = normal
    NodeList = node039
    Features = (null)
    Command = /home/sunip624/IntOpt/sbatches/j2_1_2_2B5_0Vbrute.sbatch
    WorkDir = /home/sunip624/IntOpt
    StdOut = /home/sunip624/IntOpt/./stdouts/j2_1_2_2B5_0Vbrute.out
    StdErr = /home/sunip624/IntOpt/./stderrs/j2_1_2_2B5_0Vbrute.err
- Requested resources:
    Timelimit = 04:00:00 ( 14400s )
    MinMemoryNode = 10G ( 10240.000M )
    NumNodes = 1
    NumCPUs = 16
    NumTasks = 1
    CPUs/Task = 16
- Used resources:
    RunTime = 00:00:01 ( 1s )
    MaxRSS = 904K ( 0.883M )
====================
- Important conclusions and remarks:
    * !!! Please, always check if the number of requested cores and nodes matches the need of your program/code !!!
    * !!! Less than 10% of requested walltime used !!! Please, adapt your batch script.
    * !!! Less than 10% of requested main memory used !!! Please, adapt your batch script.

