solution:
 5
 6
 5
 1
10
 9
maximum: 404

Slurm Job Summary
*****************
- General information:
    date = Sun Apr 4 10:38:14 CEST 2021
    hostname = node060
- Job information:
    JobId = 899807
    JobName = j2_1_3_3B1_2V2
    UserId = sunip624(67554)
    Account = sunip624
    QOS = normal
    NodeList = node060
    Features = (null)
    Command = /home/sunip624/IntOpt/sbatches/j2_1_3_3B1_2V2.sbatch
    WorkDir = /home/sunip624/IntOpt
    StdOut = /home/sunip624/IntOpt/./stdouts/j2_1_3_3B1_2V2.out
    StdErr = /home/sunip624/IntOpt/./stderrs/j2_1_3_3B1_2V2.err
- Requested resources:
    Timelimit = 04:00:00 ( 14400s )
    MinMemoryNode = 200G ( 204800.000M )
    NumNodes = 1
    NumCPUs = 16
    NumTasks = 1
    CPUs/Task = 16
- Used resources:
    RunTime = 00:22:23 ( 1343s )
    MaxRSS = 63194772K ( 61713.645M )
====================
- Important conclusions and remarks:
    * !!! Please, always check if the number of requested cores and nodes matches the need of your program/code !!!
    * !!! Less than 10% of requested walltime used !!! Please, adapt your batch script.
    * !!! Less than 40% of requested main memory used !!! Please, adapt your batch script.

