
Slurm Job Summary
*****************
- General information:
    date = Tue Apr 6 20:05:21 CEST 2021
    hostname = node063
- Job information:
    JobId = 904032
    JobName = j2_1_10_2B1_1V1
    UserId = sunip624(67554)
    Account = sunip624
    QOS = normal
    NodeList = node063
    Features = (null)
    Command = /home/sunip624/IntOpt/sbatches/j2_1_10_2B1_1V1.sbatch
    WorkDir = /home/sunip624/IntOpt
    StdOut = /home/sunip624/IntOpt/./stdouts/j2_1_10_2B1_1V1.out
    StdErr = /home/sunip624/IntOpt/./stderrs/j2_1_10_2B1_1V1.err
- Requested resources:
    Timelimit = 04:00:00 ( 14400s )
    MinMemoryNode = 200G ( 204800.000M )
    NumNodes = 1
    NumCPUs = 16
    NumTasks = 1
    CPUs/Task = 16
- Used resources:
    RunTime = 00:46:59 ( 2819s )
    MaxRSS = 209715004K ( 204799.809M )
====================
- Important conclusions and remarks:
    * !!! Please, always check if the number of requested cores and nodes matches the need of your program/code !!!
    * !!! Less than 20% of requested walltime used !!! Please, adapt your batch script.
    (null)

