solution:
 5
-3
 0
 4
 9
-9
maximum: -269

Slurm Job Summary
*****************
- General information:
    date = Sat Apr 3 21:17:14 CEST 2021
    hostname = node083
- Job information:
    JobId = 899242
    JobName = j2_1_3_3B1_1V1
    UserId = sunip624(67554)
    Account = sunip624
    QOS = normal
    NodeList = node083
    Features = (null)
    Command = /home/sunip624/IntOpt/sbatches/j2_1_3_3B1_1V1.sbatch
    WorkDir = /home/sunip624/IntOpt
    StdOut = /home/sunip624/IntOpt/./stdouts/j2_1_3_3B1_1V1.out
    StdErr = /home/sunip624/IntOpt/./stderrs/j2_1_3_3B1_1V1.err
- Requested resources:
    Timelimit = 04:00:00 ( 14400s )
    MinMemoryNode = 200G ( 204800.000M )
    NumNodes = 1
    NumCPUs = 16
    NumTasks = 1
    CPUs/Task = 16
- Used resources:
    RunTime = 00:38:39 ( 2319s )
    MaxRSS = 124466996K ( 121549.801M )
====================
- Important conclusions and remarks:
    * !!! Please, always check if the number of requested cores and nodes matches the need of your program/code !!!
    * !!! Less than 20% of requested walltime used !!! Please, adapt your batch script.
    * !!! Less than 60% of requested main memory used !!! Please, adapt your batch script.

