
Slurm Job Summary
*****************
- General information:
    date = Sat Apr 3 21:57:19 CEST 2021
    hostname = node047
- Job information:
    JobId = 899244
    JobName = j2_1_3_3B4_0V1
    UserId = sunip624(67554)
    Account = sunip624
    QOS = normal
    NodeList = node047
    Features = (null)
    Command = /home/sunip624/IntOpt/sbatches/j2_1_3_3B4_0V1.sbatch
    WorkDir = /home/sunip624/IntOpt
    StdOut = /home/sunip624/IntOpt/./stdouts/j2_1_3_3B4_0V1.out
    StdErr = /home/sunip624/IntOpt/./stderrs/j2_1_3_3B4_0V1.err
- Requested resources:
    Timelimit = 04:00:00 ( 14400s )
    MinMemoryNode = 200G ( 204800.000M )
    NumNodes = 1
    NumCPUs = 16
    NumTasks = 1
    CPUs/Task = 16
- Used resources:
    RunTime = 01:18:32 ( 4712s )
    MaxRSS = 209714712K ( 204799.523M )
====================
- Important conclusions and remarks:
    * !!! Please, always check if the number of requested cores and nodes matches the need of your program/code !!!
    * !!! Less than 40% of requested walltime used !!! Please, adapt your batch script.
    (null)

