--------BEG-----------
-3
 4
costs: -31

-2
 4
costs: -38

-1
 4
costs: -45

0
4
costs: -52

1
4
costs: -59

2
4
costs: -66

3
4
costs: -73

4
4
costs: -80

5
4
costs: -87

6
4
costs: -94

7
4
costs: -101

solutions: 11
best solutions: 1
max costs: -31

Slurm Job Summary
*****************
- General information:
    date = Sat Apr 3 18:49:07 CEST 2021
    hostname = node082
- Job information:
    JobId = 900340
    JobName = j2_1_2_1B3_0Vbrute
    UserId = sunip624(67554)
    Account = sunip624
    QOS = normal
    NodeList = node082
    Features = (null)
    Command = /home/sunip624/IntOpt/sbatches/j2_1_2_1B3_0Vbrute.sbatch
    WorkDir = /home/sunip624/IntOpt
    StdOut = /home/sunip624/IntOpt/./stdouts/j2_1_2_1B3_0Vbrute.out
    StdErr = /home/sunip624/IntOpt/./stderrs/j2_1_2_1B3_0Vbrute.err
- Requested resources:
    Timelimit = 04:00:00 ( 14400s )
    MinMemoryNode = 10G ( 10240.000M )
    NumNodes = 1
    NumCPUs = 16
    NumTasks = 1
    CPUs/Task = 16
- Used resources:
    RunTime = 00:00:00 ( 0s )
    MaxRSS = 908K ( 0.887M )
====================
- Important conclusions and remarks:
    * !!! Please, always check if the number of requested cores and nodes matches the need of your program/code !!!
    * !!! Less than 10% of requested walltime used !!! Please, adapt your batch script.
    * !!! Less than 10% of requested main memory used !!! Please, adapt your batch script.

