--------BEG-----------
-15
-20
costs: 215

-15
-19
costs: 187

-15
-18
costs: 159

-15
-17
costs: 131

-15
-16
costs: 103

-15
-15
costs: 75

-15
-14
costs: 47

-15
-13
costs: 19

-15
-12
costs: -9

-15
-11
costs: -37

solutions: 10
best solutions: 1
max costs: 215

Slurm Job Summary
*****************
- General information:
    date = Sat Apr 3 18:50:08 CEST 2021
    hostname = node032
- Job information:
    JobId = 900344
    JobName = j2_1_2_1B4_0Vbrute
    UserId = sunip624(67554)
    Account = sunip624
    QOS = normal
    NodeList = node032
    Features = (null)
    Command = /home/sunip624/IntOpt/sbatches/j2_1_2_1B4_0Vbrute.sbatch
    WorkDir = /home/sunip624/IntOpt
    StdOut = /home/sunip624/IntOpt/./stdouts/j2_1_2_1B4_0Vbrute.out
    StdErr = /home/sunip624/IntOpt/./stderrs/j2_1_2_1B4_0Vbrute.err
- Requested resources:
    Timelimit = 04:00:00 ( 14400s )
    MinMemoryNode = 10G ( 10240.000M )
    NumNodes = 1
    NumCPUs = 16
    NumTasks = 1
    CPUs/Task = 16
- Used resources:
    RunTime = 00:00:01 ( 1s )
    MaxRSS = 916K ( 0.895M )
====================
- Important conclusions and remarks:
    * !!! Please, always check if the number of requested cores and nodes matches the need of your program/code !!!
    * !!! Less than 10% of requested walltime used !!! Please, adapt your batch script.
    * !!! Less than 10% of requested main memory used !!! Please, adapt your batch script.

