--------BEG-----------
-11
 -2
costs: 280

-10
 -2
costs: 250

-9
-2
costs: 220

-8
-2
costs: 190

-7
-2
costs: 160

-6
-2
costs: 130

-5
-2
costs: 100

-4
-2
costs: 70

-3
-2
costs: 40

-2
-2
costs: 10

-1
-2
costs: -20

 0
-2
costs: -50

 1
-2
costs: -80

 2
-2
costs: -110

 3
-2
costs: -140

 4
-2
costs: -170

 5
-2
costs: -200

 6
-2
costs: -230

 7
-2
costs: -260

 8
-2
costs: -290

 9
-2
costs: -320

solutions: 21
best solutions: 1
max costs: 280

Slurm Job Summary
*****************
- General information:
    date = Sat Apr 3 18:51:07 CEST 2021
    hostname = node038
- Job information:
    JobId = 900361
    JobName = j2_1_3_1B1_0Vbrute
    UserId = sunip624(67554)
    Account = sunip624
    QOS = normal
    NodeList = node038
    Features = (null)
    Command = /home/sunip624/IntOpt/sbatches/j2_1_3_1B1_0Vbrute.sbatch
    WorkDir = /home/sunip624/IntOpt
    StdOut = /home/sunip624/IntOpt/./stdouts/j2_1_3_1B1_0Vbrute.out
    StdErr = /home/sunip624/IntOpt/./stderrs/j2_1_3_1B1_0Vbrute.err
- Requested resources:
    Timelimit = 04:00:00 ( 14400s )
    MinMemoryNode = 10G ( 10240.000M )
    NumNodes = 1
    NumCPUs = 16
    NumTasks = 1
    CPUs/Task = 16
- Used resources:
    RunTime = 00:00:00 ( 0s )
    MaxRSS = 916K ( 0.895M )
====================
- Important conclusions and remarks:
    * !!! Please, always check if the number of requested cores and nodes matches the need of your program/code !!!
    * !!! Less than 10% of requested walltime used !!! Please, adapt your batch script.
    * !!! Less than 10% of requested main memory used !!! Please, adapt your batch script.

