--------BEG-----------
 6
-2
 6
-2
 7
 0
costs: 92

 6
-3
 5
-1
 8
 1
costs: 94

 6
-4
 4
 0
 9
 2
costs: 96

 6
-5
 3
 1
10
 3
costs: 98

solutions: 4
best solutions: 1
max costs: 98

Slurm Job Summary
*****************
- General information:
    date = Sat Apr 3 18:52:08 CEST 2021
    hostname = node082
- Job information:
    JobId = 900375
    JobName = j2_1_3_3B2_0Vbrute
    UserId = sunip624(67554)
    Account = sunip624
    QOS = normal
    NodeList = node082
    Features = (null)
    Command = /home/sunip624/IntOpt/sbatches/j2_1_3_3B2_0Vbrute.sbatch
    WorkDir = /home/sunip624/IntOpt
    StdOut = /home/sunip624/IntOpt/./stdouts/j2_1_3_3B2_0Vbrute.out
    StdErr = /home/sunip624/IntOpt/./stderrs/j2_1_3_3B2_0Vbrute.err
- Requested resources:
    Timelimit = 04:00:00 ( 14400s )
    MinMemoryNode = 10G ( 10240.000M )
    NumNodes = 1
    NumCPUs = 16
    NumTasks = 1
    CPUs/Task = 16
- Used resources:
    RunTime = 00:00:01 ( 1s )
    MaxRSS = 920K ( 0.898M )
====================
- Important conclusions and remarks:
    * !!! Please, always check if the number of requested cores and nodes matches the need of your program/code !!!
    * !!! Less than 10% of requested walltime used !!! Please, adapt your batch script.
    * !!! Less than 10% of requested main memory used !!! Please, adapt your batch script.

