solution:
 0
-2
maximum: 40

Slurm Job Summary
*****************
- General information:
    date = Tue Apr 6 20:43:48 CEST 2021
    hostname = node081
- Job information:
    JobId = 904161
    JobName = j2_1_4_1B1_2V2
    UserId = sunip624(67554)
    Account = sunip624
    QOS = normal
    NodeList = node081
    Features = (null)
    Command = /home/sunip624/IntOpt/sbatches/j2_1_4_1B1_2V2.sbatch
    WorkDir = /home/sunip624/IntOpt
    StdOut = /home/sunip624/IntOpt/./stdouts/j2_1_4_1B1_2V2.out
    StdErr = /home/sunip624/IntOpt/./stderrs/j2_1_4_1B1_2V2.err
- Requested resources:
    Timelimit = 04:00:00 ( 14400s )
    MinMemoryNode = 200G ( 204800.000M )
    NumNodes = 1
    NumCPUs = 16
    NumTasks = 1
    CPUs/Task = 16
- Used resources:
    RunTime = 00:00:00 ( 0s )
    MaxRSS = 896K ( 0.875M )
====================
- Important conclusions and remarks:
    * !!! Please, always check if the number of requested cores and nodes matches the need of your program/code !!!
    * !!! Less than 10% of requested walltime used !!! Please, adapt your batch script.
    * !!! Less than 10% of requested main memory used !!! Please, adapt your batch script.

