solution:
 4
-5
-3
 2
maximum: -32

Slurm Job Summary
*****************
- General information:
    date = Sun Apr 4 12:12:19 CEST 2021
    hostname = node061
- Job information:
    JobId = 899801
    JobName = j2_1_3_2B2_0V2
    UserId = sunip624(67554)
    Account = sunip624
    QOS = normal
    NodeList = node061
    Features = (null)
    Command = /home/sunip624/IntOpt/sbatches/j2_1_3_2B2_0V2.sbatch
    WorkDir = /home/sunip624/IntOpt
    StdOut = /home/sunip624/IntOpt/./stdouts/j2_1_3_2B2_0V2.out
    StdErr = /home/sunip624/IntOpt/./stderrs/j2_1_3_2B2_0V2.err
- Requested resources:
    Timelimit = 04:00:00 ( 14400s )
    MinMemoryNode = 200G ( 204800.000M )
    NumNodes = 1
    NumCPUs = 16
    NumTasks = 1
    CPUs/Task = 16
- Used resources:
    RunTime = 02:00:42 ( 7242s )
    MaxRSS = 201582064K ( 196857.484M )
====================
- Important conclusions and remarks:
    * !!! Please, always check if the number of requested cores and nodes matches the need of your program/code !!!
    * !!! Less than 60% of requested walltime used !!! Please, adapt your batch script.
    (null)

