--------BEG-----------
 -2
 16
  7
-23
costs: 86

-4
-1
 3
-1
costs: 87

 -6
-18
 -1
 21
costs: 88

solutions: 3
best solutions: 1
max costs: 88

Slurm Job Summary
*****************
- General information:
    date = Sat Apr 3 18:52:08 CEST 2021
    hostname = node036
- Job information:
    JobId = 900370
    JobName = j2_1_3_2B5_0Vbrute
    UserId = sunip624(67554)
    Account = sunip624
    QOS = normal
    NodeList = node036
    Features = (null)
    Command = /home/sunip624/IntOpt/sbatches/j2_1_3_2B5_0Vbrute.sbatch
    WorkDir = /home/sunip624/IntOpt
    StdOut = /home/sunip624/IntOpt/./stdouts/j2_1_3_2B5_0Vbrute.out
    StdErr = /home/sunip624/IntOpt/./stderrs/j2_1_3_2B5_0Vbrute.err
- Requested resources:
    Timelimit = 04:00:00 ( 14400s )
    MinMemoryNode = 10G ( 10240.000M )
    NumNodes = 1
    NumCPUs = 16
    NumTasks = 1
    CPUs/Task = 16
- Used resources:
    RunTime = 00:00:01 ( 1s )
    MaxRSS = 920K ( 0.898M )
====================
- Important conclusions and remarks:
    * !!! Please, always check if the number of requested cores and nodes matches the need of your program/code !!!
    * !!! Less than 10% of requested walltime used !!! Please, adapt your batch script.
    * !!! Less than 10% of requested main memory used !!! Please, adapt your batch script.

