
Slurm Job Summary
*****************
- General information:
    date = Tue Apr 6 22:26:03 CEST 2021
    hostname = node081
- Job information:
    JobId = 904194
    JobName = j2_1_9_2B1_2V2
    UserId = sunip624(67554)
    Account = sunip624
    QOS = normal
    NodeList = node081
    Features = (null)
    Command = /home/sunip624/IntOpt/sbatches/j2_1_9_2B1_2V2.sbatch
    WorkDir = /home/sunip624/IntOpt
    StdOut = /home/sunip624/IntOpt/./stdouts/j2_1_9_2B1_2V2.out
    StdErr = /home/sunip624/IntOpt/./stderrs/j2_1_9_2B1_2V2.err
- Requested resources:
    Timelimit = 04:00:00 ( 14400s )
    MinMemoryNode = 200G ( 204800.000M )
    NumNodes = 1
    NumCPUs = 16
    NumTasks = 1
    CPUs/Task = 16
- Used resources:
    RunTime = 01:25:11 ( 5111s )
    MaxRSS = 209715144K ( 204799.945M )
====================
- Important conclusions and remarks:
    * !!! Please, always check if the number of requested cores and nodes matches the need of your program/code !!!
    * !!! Less than 40% of requested walltime used !!! Please, adapt your batch script.
    (null)

