--------BEG-----------
 3
 4
-3
-9
-7
 2
costs: 179

 8
 2
-1
 4
-4
 5
costs: 374

solutions: 2
best solutions: 1
max costs: 374

Slurm Job Summary
*****************
- General information:
    date = Sat Apr 3 18:54:08 CEST 2021
    hostname = node037
- Job information:
    JobId = 900395
    JobName = j2_2_1_3B1_1Vbrute
    UserId = sunip624(67554)
    Account = sunip624
    QOS = normal
    NodeList = node037
    Features = (null)
    Command = /home/sunip624/IntOpt/sbatches/j2_2_1_3B1_1Vbrute.sbatch
    WorkDir = /home/sunip624/IntOpt
    StdOut = /home/sunip624/IntOpt/./stdouts/j2_2_1_3B1_1Vbrute.out
    StdErr = /home/sunip624/IntOpt/./stderrs/j2_2_1_3B1_1Vbrute.err
- Requested resources:
    Timelimit = 04:00:00 ( 14400s )
    MinMemoryNode = 10G ( 10240.000M )
    NumNodes = 1
    NumCPUs = 16
    NumTasks = 1
    CPUs/Task = 16
- Used resources:
    RunTime = 00:00:01 ( 1s )
    MaxRSS = 912K ( 0.891M )
====================
- Important conclusions and remarks:
    * !!! Please, always check if the number of requested cores and nodes matches the need of your program/code !!!
    * !!! Less than 10% of requested walltime used !!! Please, adapt your batch script.
    * !!! Less than 10% of requested main memory used !!! Please, adapt your batch script.

