
Slurm Job Summary
*****************
- General information:
    date = Tue Apr 6 22:55:51 CEST 2021
    hostname = node004
- Job information:
    JobId = 904212
    JobName = j2_2_5_2B1_0V2
    UserId = sunip624(67554)
    Account = sunip624
    QOS = normal
    NodeList = node004
    Features = (null)
    Command = /home/sunip624/IntOpt/sbatches/j2_2_5_2B1_0V2.sbatch
    WorkDir = /home/sunip624/IntOpt
    StdOut = /home/sunip624/IntOpt/./stdouts/j2_2_5_2B1_0V2.out
    StdErr = /home/sunip624/IntOpt/./stderrs/j2_2_5_2B1_0V2.err
- Requested resources:
    Timelimit = 04:00:00 ( 14400s )
    MinMemoryNode = 200G ( 204800.000M )
    NumNodes = 1
    NumCPUs = 16
    NumTasks = 1
    CPUs/Task = 16
- Used resources:
    RunTime = 01:30:03 ( 5403s )
    MaxRSS = 209715188K ( 204799.988M )
====================
- Important conclusions and remarks:
    * !!! Please, always check if the number of requested cores and nodes matches the need of your program/code !!!
    * !!! Less than 40% of requested walltime used !!! Please, adapt your batch script.
    (null)

