--------BEG-----------
 23
-20
 -4
 10
 29
-21
costs: -820

-23
 23
 -3
-26
 -5
 23
costs: 74

solutions: 2
best solutions: 1
max costs: 74

Slurm Job Summary
*****************
- General information:
    date = Sat Apr 3 18:56:48 CEST 2021
    hostname = node082
- Job information:
    JobId = 900399
    JobName = j2_2_1_3B5_0Vbrute
    UserId = sunip624(67554)
    Account = sunip624
    QOS = normal
    NodeList = node082
    Features = (null)
    Command = /home/sunip624/IntOpt/sbatches/j2_2_1_3B5_0Vbrute.sbatch
    WorkDir = /home/sunip624/IntOpt
    StdOut = /home/sunip624/IntOpt/./stdouts/j2_2_1_3B5_0Vbrute.out
    StdErr = /home/sunip624/IntOpt/./stderrs/j2_2_1_3B5_0Vbrute.err
- Requested resources:
    Timelimit = 04:00:00 ( 14400s )
    MinMemoryNode = 10G ( 10240.000M )
    NumNodes = 1
    NumCPUs = 16
    NumTasks = 1
    CPUs/Task = 16
- Used resources:
    RunTime = 00:02:41 ( 161s )
    MaxRSS = 920K ( 0.898M )
====================
- Important conclusions and remarks:
    * !!! Please, always check if the number of requested cores and nodes matches the need of your program/code !!!
    * !!! Less than 10% of requested walltime used !!! Please, adapt your batch script.
    * !!! Less than 10% of requested main memory used !!! Please, adapt your batch script.

