--------BEG-----------
 -2
 18
 28
  7
 21
-24
costs: 649

  1
 -4
-16
 -7
 25
-17
costs: 942

solutions: 2
best solutions: 1
max costs: 942

Slurm Job Summary
*****************
- General information:
    date = Sat Apr 3 18:58:11 CEST 2021
    hostname = node037
- Job information:
    JobId = 900441
    JobName = j2_2_3_3B5_0Vbrute
    UserId = sunip624(67554)
    Account = sunip624
    QOS = normal
    NodeList = node037
    Features = (null)
    Command = /home/sunip624/IntOpt/sbatches/j2_2_3_3B5_0Vbrute.sbatch
    WorkDir = /home/sunip624/IntOpt
    StdOut = /home/sunip624/IntOpt/./stdouts/j2_2_3_3B5_0Vbrute.out
    StdErr = /home/sunip624/IntOpt/./stderrs/j2_2_3_3B5_0Vbrute.err
- Requested resources:
    Timelimit = 04:00:00 ( 14400s )
    MinMemoryNode = 10G ( 10240.000M )
    NumNodes = 1
    NumCPUs = 16
    NumTasks = 1
    CPUs/Task = 16
- Used resources:
    RunTime = 00:00:04 ( 4s )
    MaxRSS = 908K ( 0.887M )
====================
- Important conclusions and remarks:
    * !!! Please, always check if the number of requested cores and nodes matches the need of your program/code !!!
    * !!! Less than 10% of requested walltime used !!! Please, adapt your batch script.
    * !!! Less than 10% of requested main memory used !!! Please, adapt your batch script.

