--------BEG-----------
-3
-1
-6
 7
 0
-9
costs: -54

-3
-1
-5
 7
 4
-9
costs: -37

-3
-1
-4
 7
 8
-9
costs: -20

 7
-9
 8
-2
 2
 0
costs: 231

 7
-9
 9
-2
 6
 0
costs: 248

 7
-9
10
-2
10
 0
costs: 265

solutions: 6
best solutions: 1
max costs: 265

Slurm Job Summary
*****************
- General information:
    date = Sat Apr 3 18:54:09 CEST 2021
    hostname = node038
- Job information:
    JobId = 900396
    JobName = j2_2_1_3B1_2Vbrute
    UserId = sunip624(67554)
    Account = sunip624
    QOS = normal
    NodeList = node038
    Features = (null)
    Command = /home/sunip624/IntOpt/sbatches/j2_2_1_3B1_2Vbrute.sbatch
    WorkDir = /home/sunip624/IntOpt
    StdOut = /home/sunip624/IntOpt/./stdouts/j2_2_1_3B1_2Vbrute.out
    StdErr = /home/sunip624/IntOpt/./stderrs/j2_2_1_3B1_2Vbrute.err
- Requested resources:
    Timelimit = 04:00:00 ( 14400s )
    MinMemoryNode = 10G ( 10240.000M )
    NumNodes = 1
    NumCPUs = 16
    NumTasks = 1
    CPUs/Task = 16
- Used resources:
    RunTime = 00:00:02 ( 2s )
    MaxRSS = 904K ( 0.883M )
====================
- Important conclusions and remarks:
    * !!! Please, always check if the number of requested cores and nodes matches the need of your program/code !!!
    * !!! Less than 10% of requested walltime used !!! Please, adapt your batch script.
    * !!! Less than 10% of requested main memory used !!! Please, adapt your batch script.

