--------BEG-----------
7
6
costs: 168

7
7
costs: 161

7
8
costs: 154

7
9
costs: 147

solutions: 4
best solutions: 1
max costs: 168

Slurm Job Summary
*****************
- General information:
    date = Sat Apr 3 18:56:07 CEST 2021
    hostname = node086
- Job information:
    JobId = 900422
    JobName = j2_2_3_1B1_1Vbrute
    UserId = sunip624(67554)
    Account = sunip624
    QOS = normal
    NodeList = node086
    Features = (null)
    Command = /home/sunip624/IntOpt/sbatches/j2_2_3_1B1_1Vbrute.sbatch
    WorkDir = /home/sunip624/IntOpt
    StdOut = /home/sunip624/IntOpt/./stdouts/j2_2_3_1B1_1Vbrute.out
    StdErr = /home/sunip624/IntOpt/./stderrs/j2_2_3_1B1_1Vbrute.err
- Requested resources:
    Timelimit = 04:00:00 ( 14400s )
    MinMemoryNode = 10G ( 10240.000M )
    NumNodes = 1
    NumCPUs = 16
    NumTasks = 1
    CPUs/Task = 16
- Used resources:
    RunTime = 00:00:00 ( 0s )
    MaxRSS = 920K ( 0.898M )
====================
- Important conclusions and remarks:
    * !!! Please, always check if the number of requested cores and nodes matches the need of your program/code !!!
    * !!! Less than 10% of requested walltime used !!! Please, adapt your batch script.
    * !!! Less than 10% of requested main memory used !!! Please, adapt your batch script.

