solution:
 5
 3
-7
-6
10
-9
maximum: -307

Slurm Job Summary
*****************
- General information:
    date = Sun Apr 4 11:21:17 CEST 2021
    hostname = node054
- Job information:
    JobId = 899849
    JobName = j2_2_2_3B1_1V2
    UserId = sunip624(67554)
    Account = sunip624
    QOS = normal
    NodeList = node054
    Features = (null)
    Command = /home/sunip624/IntOpt/sbatches/j2_2_2_3B1_1V2.sbatch
    WorkDir = /home/sunip624/IntOpt
    StdOut = /home/sunip624/IntOpt/./stdouts/j2_2_2_3B1_1V2.out
    StdErr = /home/sunip624/IntOpt/./stderrs/j2_2_2_3B1_1V2.err
- Requested resources:
    Timelimit = 04:00:00 ( 14400s )
    MinMemoryNode = 200G ( 204800.000M )
    NumNodes = 1
    NumCPUs = 16
    NumTasks = 1
    CPUs/Task = 16
- Used resources:
    RunTime = 00:31:53 ( 1913s )
    MaxRSS = 32405544K ( 31646.039M )
====================
- Important conclusions and remarks:
    * !!! Please, always check if the number of requested cores and nodes matches the need of your program/code !!!
    * !!! Less than 20% of requested walltime used !!! Please, adapt your batch script.
    * !!! Less than 20% of requested main memory used !!! Please, adapt your batch script.

