--------BEG-----------
  2
-10
-20
 18
 -4
-18
costs: -186

  8
 -2
 10
 -6
 20
-13
costs: 999

solutions: 2
best solutions: 1
max costs: 999

Slurm Job Summary
*****************
- General information:
    date = Sat Apr 3 18:58:16 CEST 2021
    hostname = node038
- Job information:
    JobId = 900442
    JobName = j2_2_3_3B4_0Vbrute
    UserId = sunip624(67554)
    Account = sunip624
    QOS = normal
    NodeList = node038
    Features = (null)
    Command = /home/sunip624/IntOpt/sbatches/j2_2_3_3B4_0Vbrute.sbatch
    WorkDir = /home/sunip624/IntOpt
    StdOut = /home/sunip624/IntOpt/./stdouts/j2_2_3_3B4_0Vbrute.out
    StdErr = /home/sunip624/IntOpt/./stderrs/j2_2_3_3B4_0Vbrute.err
- Requested resources:
    Timelimit = 04:00:00 ( 14400s )
    MinMemoryNode = 10G ( 10240.000M )
    NumNodes = 1
    NumCPUs = 16
    NumTasks = 1
    CPUs/Task = 16
- Used resources:
    RunTime = 00:00:09 ( 9s )
    MaxRSS = 904K ( 0.883M )
====================
- Important conclusions and remarks:
    * !!! Please, always check if the number of requested cores and nodes matches the need of your program/code !!!
    * !!! Less than 10% of requested walltime used !!! Please, adapt your batch script.
    * !!! Less than 10% of requested main memory used !!! Please, adapt your batch script.

