--------BEG-----------
-9
12
costs: 240

-9
13
costs: 245

-9
14
costs: 250

-9
15
costs: 255

-9
16
costs: 260

-9
17
costs: 265

-9
18
costs: 270

-9
19
costs: 275

-9
20
costs: 280

-9
21
costs: 285

-9
22
costs: 290

-9
23
costs: 295

-9
24
costs: 300

solutions: 13
best solutions: 1
max costs: 300

Slurm Job Summary
*****************
- General information:
    date = Sat Apr 3 18:57:08 CEST 2021
    hostname = node036
- Job information:
    JobId = 900428
    JobName = j2_2_3_1B5_0Vbrute
    UserId = sunip624(67554)
    Account = sunip624
    QOS = normal
    NodeList = node036
    Features = (null)
    Command = /home/sunip624/IntOpt/sbatches/j2_2_3_1B5_0Vbrute.sbatch
    WorkDir = /home/sunip624/IntOpt
    StdOut = /home/sunip624/IntOpt/./stdouts/j2_2_3_1B5_0Vbrute.out
    StdErr = /home/sunip624/IntOpt/./stderrs/j2_2_3_1B5_0Vbrute.err
- Requested resources:
    Timelimit = 04:00:00 ( 14400s )
    MinMemoryNode = 10G ( 10240.000M )
    NumNodes = 1
    NumCPUs = 16
    NumTasks = 1
    CPUs/Task = 16
- Used resources:
    RunTime = 00:00:01 ( 1s )
    MaxRSS = 916K ( 0.895M )
====================
- Important conclusions and remarks:
    * !!! Please, always check if the number of requested cores and nodes matches the need of your program/code !!!
    * !!! Less than 10% of requested walltime used !!! Please, adapt your batch script.
    * !!! Less than 10% of requested main memory used !!! Please, adapt your batch script.

