
Slurm Job Summary
*****************
- General information:
    date = Tue Apr 6 22:10:35 CEST 2021
    hostname = node047
- Job information:
    JobId = 904211
    JobName = j2_2_5_2B1_2V2
    UserId = sunip624(67554)
    Account = sunip624
    QOS = normal
    NodeList = node047
    Features = (null)
    Command = /home/sunip624/IntOpt/sbatches/j2_2_5_2B1_2V2.sbatch
    WorkDir = /home/sunip624/IntOpt
    StdOut = /home/sunip624/IntOpt/./stdouts/j2_2_5_2B1_2V2.out
    StdErr = /home/sunip624/IntOpt/./stderrs/j2_2_5_2B1_2V2.err
- Requested resources:
    Timelimit = 04:00:00 ( 14400s )
    MinMemoryNode = 200G ( 204800.000M )
    NumNodes = 1
    NumCPUs = 16
    NumTasks = 1
    CPUs/Task = 16
- Used resources:
    RunTime = 00:46:16 ( 2776s )
    MaxRSS = 209714764K ( 204799.574M )
====================
- Important conclusions and remarks:
    * !!! Please, always check if the number of requested cores and nodes matches the need of your program/code !!!
    * !!! Less than 20% of requested walltime used !!! Please, adapt your batch script.
    (null)

