solution:
 0
-3
 2
-7
-7
-2
maximum: 76

Slurm Job Summary
*****************
- General information:
    date = Sun Apr 4 12:14:06 CEST 2021
    hostname = node004
- Job information:
    JobId = 899869
    JobName = j2_2_3_3B1_0V2
    UserId = sunip624(67554)
    Account = sunip624
    QOS = normal
    NodeList = node004
    Features = (null)
    Command = /home/sunip624/IntOpt/sbatches/j2_2_3_3B1_0V2.sbatch
    WorkDir = /home/sunip624/IntOpt
    StdOut = /home/sunip624/IntOpt/./stdouts/j2_2_3_3B1_0V2.out
    StdErr = /home/sunip624/IntOpt/./stderrs/j2_2_3_3B1_0V2.err
- Requested resources:
    Timelimit = 04:00:00 ( 14400s )
    MinMemoryNode = 200G ( 204800.000M )
    NumNodes = 1
    NumCPUs = 16
    NumTasks = 1
    CPUs/Task = 16
- Used resources:
    RunTime = 00:49:04 ( 2944s )
    MaxRSS = 123636396K ( 120738.668M )
====================
- Important conclusions and remarks:
    * !!! Please, always check if the number of requested cores and nodes matches the need of your program/code !!!
    * !!! Less than 30% of requested walltime used !!! Please, adapt your batch script.
    * !!! Less than 60% of requested main memory used !!! Please, adapt your batch script.

