
Slurm Job Summary
*****************
- General information:
    date = Sun Apr 4 12:18:37 CEST 2021
    hostname = node054
- Job information:
    JobId = 899867
    JobName = j2_2_3_2B4_0V2
    UserId = sunip624(67554)
    Account = sunip624
    QOS = normal
    NodeList = node054
    Features = (null)
    Command = /home/sunip624/IntOpt/sbatches/j2_2_3_2B4_0V2.sbatch
    WorkDir = /home/sunip624/IntOpt
    StdOut = /home/sunip624/IntOpt/./stdouts/j2_2_3_2B4_0V2.out
    StdErr = /home/sunip624/IntOpt/./stderrs/j2_2_3_2B4_0V2.err
- Requested resources:
    Timelimit = 04:00:00 ( 14400s )
    MinMemoryNode = 200G ( 204800.000M )
    NumNodes = 1
    NumCPUs = 16
    NumTasks = 1
    CPUs/Task = 16
- Used resources:
    RunTime = 00:57:01 ( 3421s )
    MaxRSS = 209714304K ( 204799.125M )
====================
- Important conclusions and remarks:
    * !!! Please, always check if the number of requested cores and nodes matches the need of your program/code !!!
    * !!! Less than 30% of requested walltime used !!! Please, adapt your batch script.
    (null)

