--------BEG-----------
  4
-11
costs: -226

  4
-10
costs: -200

 4
-9
costs: -174

 4
-8
costs: -148

 4
-7
costs: -122

 4
-6
costs: -96

 4
-5
costs: -70

 4
-4
costs: -44

 4
-3
costs: -18

solutions: 9
best solutions: 1
max costs: -18

Slurm Job Summary
*****************
- General information:
    date = Sat Apr 3 18:55:09 CEST 2021
    hostname = node032
- Job information:
    JobId = 900403
    JobName = j2_2_2_1B3_0Vbrute
    UserId = sunip624(67554)
    Account = sunip624
    QOS = normal
    NodeList = node032
    Features = (null)
    Command = /home/sunip624/IntOpt/sbatches/j2_2_2_1B3_0Vbrute.sbatch
    WorkDir = /home/sunip624/IntOpt
    StdOut = /home/sunip624/IntOpt/./stdouts/j2_2_2_1B3_0Vbrute.out
    StdErr = /home/sunip624/IntOpt/./stderrs/j2_2_2_1B3_0Vbrute.err
- Requested resources:
    Timelimit = 04:00:00 ( 14400s )
    MinMemoryNode = 10G ( 10240.000M )
    NumNodes = 1
    NumCPUs = 16
    NumTasks = 1
    CPUs/Task = 16
- Used resources:
    RunTime = 00:00:00 ( 0s )
    MaxRSS = 908K ( 0.887M )
====================
- Important conclusions and remarks:
    * !!! Please, always check if the number of requested cores and nodes matches the need of your program/code !!!
    * !!! Less than 10% of requested walltime used !!! Please, adapt your batch script.
    * !!! Less than 10% of requested main memory used !!! Please, adapt your batch script.

