--------BEG-----------
  9
 -1
  5
-10
  8
 -9
costs: -18

 8
 2
 1
-7
 2
-4
costs: -25

 7
 5
-3
-4
-4
 1
costs: -32

  6
  8
 -7
 -1
-10
  6
costs: -39

solutions: 4
best solutions: 1
max costs: -18

Slurm Job Summary
*****************
- General information:
    date = Sat Apr 3 18:54:09 CEST 2021
    hostname = node036
- Job information:
    JobId = 900394
    JobName = j2_2_1_3B1_0Vbrute
    UserId = sunip624(67554)
    Account = sunip624
    QOS = normal
    NodeList = node036
    Features = (null)
    Command = /home/sunip624/IntOpt/sbatches/j2_2_1_3B1_0Vbrute.sbatch
    WorkDir = /home/sunip624/IntOpt
    StdOut = /home/sunip624/IntOpt/./stdouts/j2_2_1_3B1_0Vbrute.out
    StdErr = /home/sunip624/IntOpt/./stderrs/j2_2_1_3B1_0Vbrute.err
- Requested resources:
    Timelimit = 04:00:00 ( 14400s )
    MinMemoryNode = 10G ( 10240.000M )
    NumNodes = 1
    NumCPUs = 16
    NumTasks = 1
    CPUs/Task = 16
- Used resources:
    RunTime = 00:00:02 ( 2s )
    MaxRSS = 912K ( 0.891M )
====================
- Important conclusions and remarks:
    * !!! Please, always check if the number of requested cores and nodes matches the need of your program/code !!!
    * !!! Less than 10% of requested walltime used !!! Please, adapt your batch script.
    * !!! Less than 10% of requested main memory used !!! Please, adapt your batch script.

