
Slurm Job Summary
*****************
- General information:
    date = Tue Apr 6 20:16:36 CEST 2021
    hostname = node004
- Job information:
    JobId = 904057
    JobName = j2_2_7_2B1_2V1
    UserId = sunip624(67554)
    Account = sunip624
    QOS = normal
    NodeList = node004
    Features = (null)
    Command = /home/sunip624/IntOpt/sbatches/j2_2_7_2B1_2V1.sbatch
    WorkDir = /home/sunip624/IntOpt
    StdOut = /home/sunip624/IntOpt/./stdouts/j2_2_7_2B1_2V1.out
    StdErr = /home/sunip624/IntOpt/./stderrs/j2_2_7_2B1_2V1.err
- Requested resources:
    Timelimit = 04:00:00 ( 14400s )
    MinMemoryNode = 200G ( 204800.000M )
    NumNodes = 1
    NumCPUs = 16
    NumTasks = 1
    CPUs/Task = 16
- Used resources:
    RunTime = 00:34:08 ( 2048s )
    MaxRSS = 209714876K ( 204799.684M )
====================
- Important conclusions and remarks:
    * !!! Please, always check if the number of requested cores and nodes matches the need of your program/code !!!
    * !!! Less than 20% of requested walltime used !!! Please, adapt your batch script.
    (null)

