--------BEG-----------
3
8
costs: -8

3
9
costs: -9

 3
10
costs: -10

 3
11
costs: -11

solutions: 4
best solutions: 1
max costs: -8

Slurm Job Summary
*****************
- General information:
    date = Sat Apr 3 18:53:07 CEST 2021
    hostname = node035
- Job information:
    JobId = 900381
    JobName = j2_2_1_1B1_2Vbrute
    UserId = sunip624(67554)
    Account = sunip624
    QOS = normal
    NodeList = node035
    Features = (null)
    Command = /home/sunip624/IntOpt/sbatches/j2_2_1_1B1_2Vbrute.sbatch
    WorkDir = /home/sunip624/IntOpt
    StdOut = /home/sunip624/IntOpt/./stdouts/j2_2_1_1B1_2Vbrute.out
    StdErr = /home/sunip624/IntOpt/./stderrs/j2_2_1_1B1_2Vbrute.err
- Requested resources:
    Timelimit = 04:00:00 ( 14400s )
    MinMemoryNode = 10G ( 10240.000M )
    NumNodes = 1
    NumCPUs = 16
    NumTasks = 1
    CPUs/Task = 16
- Used resources:
    RunTime = 00:00:00 ( 0s )
    MaxRSS = 908K ( 0.887M )
====================
- Important conclusions and remarks:
    * !!! Please, always check if the number of requested cores and nodes matches the need of your program/code !!!
    * !!! Less than 10% of requested walltime used !!! Please, adapt your batch script.
    * !!! Less than 10% of requested main memory used !!! Please, adapt your batch script.

