
Slurm Job Summary
*****************
- General information:
    date = Tue Apr 6 20:47:46 CEST 2021
    hostname = node059
- Job information:
    JobId = 904049
    JobName = j2_2_6_2B1_2V1
    UserId = sunip624(67554)
    Account = sunip624
    QOS = normal
    NodeList = node059
    Features = (null)
    Command = /home/sunip624/IntOpt/sbatches/j2_2_6_2B1_2V1.sbatch
    WorkDir = /home/sunip624/IntOpt
    StdOut = /home/sunip624/IntOpt/./stdouts/j2_2_6_2B1_2V1.out
    StdErr = /home/sunip624/IntOpt/./stderrs/j2_2_6_2B1_2V1.err
- Requested resources:
    Timelimit = 04:00:00 ( 14400s )
    MinMemoryNode = 200G ( 204800.000M )
    NumNodes = 1
    NumCPUs = 16
    NumTasks = 1
    CPUs/Task = 16
- Used resources:
    RunTime = 01:11:24 ( 4284s )
    MaxRSS = 209714772K ( 204799.582M )
====================
- Important conclusions and remarks:
    * !!! Please, always check if the number of requested cores and nodes matches the need of your program/code !!!
    * !!! Less than 30% of requested walltime used !!! Please, adapt your batch script.
    (null)

