--------BEG-----------
 4
-9
costs: -189

 4
-8
costs: -176

 4
-7
costs: -163

 4
-6
costs: -150

 4
-5
costs: -137

 4
-4
costs: -124

 4
-3
costs: -111

 4
-2
costs: -98

 4
-1
costs: -85

4
0
costs: -72

4
1
costs: -59

solutions: 11
best solutions: 1
max costs: -59

Slurm Job Summary
*****************
- General information:
    date = Sat Apr 3 18:56:07 CEST 2021
    hostname = node060
- Job information:
    JobId = 900423
    JobName = j2_2_3_1B1_0Vbrute
    UserId = sunip624(67554)
    Account = sunip624
    QOS = normal
    NodeList = node060
    Features = (null)
    Command = /home/sunip624/IntOpt/sbatches/j2_2_3_1B1_0Vbrute.sbatch
    WorkDir = /home/sunip624/IntOpt
    StdOut = /home/sunip624/IntOpt/./stdouts/j2_2_3_1B1_0Vbrute.out
    StdErr = /home/sunip624/IntOpt/./stderrs/j2_2_3_1B1_0Vbrute.err
- Requested resources:
    Timelimit = 04:00:00 ( 14400s )
    MinMemoryNode = 10G ( 10240.000M )
    NumNodes = 1
    NumCPUs = 16
    NumTasks = 1
    CPUs/Task = 16
- Used resources:
    RunTime = 00:00:00 ( 0s )
    MaxRSS = 916K ( 0.895M )
====================
- Important conclusions and remarks:
    * !!! Please, always check if the number of requested cores and nodes matches the need of your program/code !!!
    * !!! Less than 10% of requested walltime used !!! Please, adapt your batch script.
    * !!! Less than 10% of requested main memory used !!! Please, adapt your batch script.

