--------BEG-----------
 8
-7
costs: -202

 8
-6
costs: -172

 8
-5
costs: -142

 8
-4
costs: -112

 8
-3
costs: -82

 8
-2
costs: -52

 8
-1
costs: -22

8
0
costs: 8

8
1
costs: 38

8
2
costs: 68

8
3
costs: 98

8
4
costs: 128

solutions: 12
best solutions: 1
max costs: 128

Slurm Job Summary
*****************
- General information:
    date = Sat Apr 3 18:53:07 CEST 2021
    hostname = node037
- Job information:
    JobId = 900383
    JobName = j2_2_1_1B2_0Vbrute
    UserId = sunip624(67554)
    Account = sunip624
    QOS = normal
    NodeList = node037
    Features = (null)
    Command = /home/sunip624/IntOpt/sbatches/j2_2_1_1B2_0Vbrute.sbatch
    WorkDir = /home/sunip624/IntOpt
    StdOut = /home/sunip624/IntOpt/./stdouts/j2_2_1_1B2_0Vbrute.out
    StdErr = /home/sunip624/IntOpt/./stderrs/j2_2_1_1B2_0Vbrute.err
- Requested resources:
    Timelimit = 04:00:00 ( 14400s )
    MinMemoryNode = 10G ( 10240.000M )
    NumNodes = 1
    NumCPUs = 16
    NumTasks = 1
    CPUs/Task = 16
- Used resources:
    RunTime = 00:00:00 ( 0s )
    MaxRSS = 916K ( 0.895M )
====================
- Important conclusions and remarks:
    * !!! Please, always check if the number of requested cores and nodes matches the need of your program/code !!!
    * !!! Less than 10% of requested walltime used !!! Please, adapt your batch script.
    * !!! Less than 10% of requested main memory used !!! Please, adapt your batch script.

