--------BEG-----------
-10
 -8
costs: 136

-9
-8
costs: 128

-8
-8
costs: 120

-7
-8
costs: 112

-6
-8
costs: 104

-5
-8
costs: 96

solutions: 6
best solutions: 1
max costs: 136

Slurm Job Summary
*****************
- General information:
    date = Sat Apr 3 18:55:09 CEST 2021
    hostname = node034
- Job information:
    JobId = 900404
    JobName = j2_2_2_1B1_2Vbrute
    UserId = sunip624(67554)
    Account = sunip624
    QOS = normal
    NodeList = node034
    Features = (null)
    Command = /home/sunip624/IntOpt/sbatches/j2_2_2_1B1_2Vbrute.sbatch
    WorkDir = /home/sunip624/IntOpt
    StdOut = /home/sunip624/IntOpt/./stdouts/j2_2_2_1B1_2Vbrute.out
    StdErr = /home/sunip624/IntOpt/./stderrs/j2_2_2_1B1_2Vbrute.err
- Requested resources:
    Timelimit = 04:00:00 ( 14400s )
    MinMemoryNode = 10G ( 10240.000M )
    NumNodes = 1
    NumCPUs = 16
    NumTasks = 1
    CPUs/Task = 16
- Used resources:
    RunTime = 00:00:00 ( 0s )
    MaxRSS = 912K ( 0.891M )
====================
- Important conclusions and remarks:
    * !!! Please, always check if the number of requested cores and nodes matches the need of your program/code !!!
    * !!! Less than 10% of requested walltime used !!! Please, adapt your batch script.
    * !!! Less than 10% of requested main memory used !!! Please, adapt your batch script.

