solution:
 0
-1
maximum: 23

Slurm Job Summary
*****************
- General information:
    date = Tue Apr 6 20:02:54 CEST 2021
    hostname = node048
- Job information:
    JobId = 904071
    JobName = j2_2_10_1B1_1V1
    UserId = sunip624(67554)
    Account = sunip624
    QOS = normal
    NodeList = node048
    Features = (null)
    Command = /home/sunip624/IntOpt/sbatches/j2_2_10_1B1_1V1.sbatch
    WorkDir = /home/sunip624/IntOpt
    StdOut = /home/sunip624/IntOpt/./stdouts/j2_2_10_1B1_1V1.out
    StdErr = /home/sunip624/IntOpt/./stderrs/j2_2_10_1B1_1V1.err
- Requested resources:
    Timelimit = 04:00:00 ( 14400s )
    MinMemoryNode = 200G ( 204800.000M )
    NumNodes = 1
    NumCPUs = 16
    NumTasks = 1
    CPUs/Task = 16
- Used resources:
    RunTime = 00:00:54 ( 54s )
    MaxRSS = 950628K ( 928.348M )
====================
- Important conclusions and remarks:
    * !!! Please, always check if the number of requested cores and nodes matches the need of your program/code !!!
    * !!! Less than 10% of requested walltime used !!! Please, adapt your batch script.
    * !!! Less than 10% of requested main memory used !!! Please, adapt your batch script.

