solution:
 8
 2
-1
 4
-4
 5
maximum: 374

Slurm Job Summary
*****************
- General information:
    date = Sat Apr 3 20:47:10 CEST 2021
    hostname = node003
- Job information:
    JobId = 899261
    JobName = j2_2_1_3B1_1V1
    UserId = sunip624(67554)
    Account = sunip624
    QOS = normal
    NodeList = node003
    Features = (null)
    Command = /home/sunip624/IntOpt/sbatches/j2_2_1_3B1_1V1.sbatch
    WorkDir = /home/sunip624/IntOpt
    StdOut = /home/sunip624/IntOpt/./stdouts/j2_2_1_3B1_1V1.out
    StdErr = /home/sunip624/IntOpt/./stderrs/j2_2_1_3B1_1V1.err
- Requested resources:
    Timelimit = 04:00:00 ( 14400s )
    MinMemoryNode = 200G ( 204800.000M )
    NumNodes = 1
    NumCPUs = 16
    NumTasks = 1
    CPUs/Task = 16
- Used resources:
    RunTime = 00:01:34 ( 94s )
    MaxRSS = 2121044K ( 2071.332M )
====================
- Important conclusions and remarks:
    * !!! Please, always check if the number of requested cores and nodes matches the need of your program/code !!!
    * !!! Less than 10% of requested walltime used !!! Please, adapt your batch script.
    * !!! Less than 10% of requested main memory used !!! Please, adapt your batch script.

