--------BEG-----------
  9
  8
-10
 -4
-10
  0
costs: -57

 9
 9
-9
-4
-5
10
costs: 172

solutions: 2
best solutions: 1
max costs: 172

Slurm Job Summary
*****************
- General information:
    date = Sat Apr 3 18:58:07 CEST 2021
    hostname = node035
- Job information:
    JobId = 900439
    JobName = j2_2_3_3B2_0Vbrute
    UserId = sunip624(67554)
    Account = sunip624
    QOS = normal
    NodeList = node035
    Features = (null)
    Command = /home/sunip624/IntOpt/sbatches/j2_2_3_3B2_0Vbrute.sbatch
    WorkDir = /home/sunip624/IntOpt
    StdOut = /home/sunip624/IntOpt/./stdouts/j2_2_3_3B2_0Vbrute.out
    StdErr = /home/sunip624/IntOpt/./stderrs/j2_2_3_3B2_0Vbrute.err
- Requested resources:
    Timelimit = 04:00:00 ( 14400s )
    MinMemoryNode = 10G ( 10240.000M )
    NumNodes = 1
    NumCPUs = 16
    NumTasks = 1
    CPUs/Task = 16
- Used resources:
    RunTime = 00:00:00 ( 0s )
    MaxRSS = 916K ( 0.895M )
====================
- Important conclusions and remarks:
    * !!! Please, always check if the number of requested cores and nodes matches the need of your program/code !!!
    * !!! Less than 10% of requested walltime used !!! Please, adapt your batch script.
    * !!! Less than 10% of requested main memory used !!! Please, adapt your batch script.

