solution:
-19
 -6
 20
-13
 16
 -7
maximum: 368

Slurm Job Summary
*****************
- General information:
    date = Sun Apr 4 00:04:15 CEST 2021
    hostname = node061
- Job information:
    JobId = 899266
    JobName = j2_2_1_3B4_0V1
    UserId = sunip624(67554)
    Account = sunip624
    QOS = normal
    NodeList = node061
    Features = (null)
    Command = /home/sunip624/IntOpt/sbatches/j2_2_1_3B4_0V1.sbatch
    WorkDir = /home/sunip624/IntOpt
    StdOut = /home/sunip624/IntOpt/./stdouts/j2_2_1_3B4_0V1.out
    StdErr = /home/sunip624/IntOpt/./stderrs/j2_2_1_3B4_0V1.err
- Requested resources:
    Timelimit = 04:00:00 ( 14400s )
    MinMemoryNode = 200G ( 204800.000M )
    NumNodes = 1
    NumCPUs = 16
    NumTasks = 1
    CPUs/Task = 16
- Used resources:
    RunTime = 03:09:00 ( 11340s )
    MaxRSS = 145504472K ( 142094.211M )
====================
- Important conclusions and remarks:
    * !!! Please, always check if the number of requested cores and nodes matches the need of your program/code !!!
    (null)
    * !!! Less than 70% of requested main memory used !!! Please, adapt your batch script.

