
Slurm Job Summary
*****************
- General information:
    date = Tue Apr 6 22:04:46 CEST 2021
    hostname = node089
- Job information:
    JobId = 904236
    JobName = j2_2_9_2B1_2V2
    UserId = sunip624(67554)
    Account = sunip624
    QOS = normal
    NodeList = node089
    Features = (null)
    Command = /home/sunip624/IntOpt/sbatches/j2_2_9_2B1_2V2.sbatch
    WorkDir = /home/sunip624/IntOpt
    StdOut = /home/sunip624/IntOpt/./stdouts/j2_2_9_2B1_2V2.out
    StdErr = /home/sunip624/IntOpt/./stderrs/j2_2_9_2B1_2V2.err
- Requested resources:
    Timelimit = 04:00:00 ( 14400s )
    MinMemoryNode = 200G ( 204800.000M )
    NumNodes = 1
    NumCPUs = 16
    NumTasks = 1
    CPUs/Task = 16
- Used resources:
    RunTime = 00:22:11 ( 1331s )
    MaxRSS = 207237792K ( 202380.656M )
====================
- Important conclusions and remarks:
    * !!! Please, always check if the number of requested cores and nodes matches the need of your program/code !!!
    * !!! Less than 10% of requested walltime used !!! Please, adapt your batch script.
    (null)

