--------BEG-----------
-7
10
-1
 5
costs: -163

-3
-3
-9
10
costs: 28

solutions: 2
best solutions: 1
max costs: 28

Slurm Job Summary
*****************
- General information:
    date = Sat Apr 3 18:53:07 CEST 2021
    hostname = node082
- Job information:
    JobId = 900387
    JobName = j2_2_1_2B1_1Vbrute
    UserId = sunip624(67554)
    Account = sunip624
    QOS = normal
    NodeList = node082
    Features = (null)
    Command = /home/sunip624/IntOpt/sbatches/j2_2_1_2B1_1Vbrute.sbatch
    WorkDir = /home/sunip624/IntOpt
    StdOut = /home/sunip624/IntOpt/./stdouts/j2_2_1_2B1_1Vbrute.out
    StdErr = /home/sunip624/IntOpt/./stderrs/j2_2_1_2B1_1Vbrute.err
- Requested resources:
    Timelimit = 04:00:00 ( 14400s )
    MinMemoryNode = 10G ( 10240.000M )
    NumNodes = 1
    NumCPUs = 16
    NumTasks = 1
    CPUs/Task = 16
- Used resources:
    RunTime = 00:00:00 ( 0s )
    MaxRSS = 912K ( 0.891M )
====================
- Important conclusions and remarks:
    * !!! Please, always check if the number of requested cores and nodes matches the need of your program/code !!!
    * !!! Less than 10% of requested walltime used !!! Please, adapt your batch script.
    * !!! Less than 10% of requested main memory used !!! Please, adapt your batch script.

