--------BEG-----------
  8
-10
costs: 378

 8
-9
costs: 361

 8
-8
costs: 344

 8
-7
costs: 327

 8
-6
costs: 310

 8
-5
costs: 293

 8
-4
costs: 276

 8
-3
costs: 259

 8
-2
costs: 242

 8
-1
costs: 225

8
0
costs: 208

solutions: 11
best solutions: 1
max costs: 378

Slurm Job Summary
*****************
- General information:
    date = Sat Apr 3 19:02:08 CEST 2021
    hostname = node032
- Job information:
    JobId = 900485
    JobName = j2_3_3_1B1_1Vbrute
    UserId = sunip624(67554)
    Account = sunip624
    QOS = normal
    NodeList = node032
    Features = (null)
    Command = /home/sunip624/IntOpt/sbatches/j2_3_3_1B1_1Vbrute.sbatch
    WorkDir = /home/sunip624/IntOpt
    StdOut = /home/sunip624/IntOpt/./stdouts/j2_3_3_1B1_1Vbrute.out
    StdErr = /home/sunip624/IntOpt/./stderrs/j2_3_3_1B1_1Vbrute.err
- Requested resources:
    Timelimit = 04:00:00 ( 14400s )
    MinMemoryNode = 10G ( 10240.000M )
    NumNodes = 1
    NumCPUs = 16
    NumTasks = 1
    CPUs/Task = 16
- Used resources:
    RunTime = 00:00:01 ( 1s )
    MaxRSS = 912K ( 0.891M )
====================
- Important conclusions and remarks:
    * !!! Please, always check if the number of requested cores and nodes matches the need of your program/code !!!
    * !!! Less than 10% of requested walltime used !!! Please, adapt your batch script.
    * !!! Less than 10% of requested main memory used !!! Please, adapt your batch script.

