--------BEG-----------
 7
-9
-5
-9
-9
-5
costs: 129

 6
-6
-4
-6
-6
-3
costs: 122

 5
-3
-3
-3
-3
-1
costs: 115

 4
 0
-2
 0
 0
 1
costs: 108

 3
 3
-1
 3
 3
 3
costs: 101

2
6
0
6
6
5
costs: 94

solutions: 6
best solutions: 1
max costs: 129

Slurm Job Summary
*****************
- General information:
    date = Sat Apr 3 18:59:09 CEST 2021
    hostname = node086
- Job information:
    JobId = 900458
    JobName = j2_3_1_3B2_0Vbrute
    UserId = sunip624(67554)
    Account = sunip624
    QOS = normal
    NodeList = node086
    Features = (null)
    Command = /home/sunip624/IntOpt/sbatches/j2_3_1_3B2_0Vbrute.sbatch
    WorkDir = /home/sunip624/IntOpt
    StdOut = /home/sunip624/IntOpt/./stdouts/j2_3_1_3B2_0Vbrute.out
    StdErr = /home/sunip624/IntOpt/./stderrs/j2_3_1_3B2_0Vbrute.err
- Requested resources:
    Timelimit = 04:00:00 ( 14400s )
    MinMemoryNode = 10G ( 10240.000M )
    NumNodes = 1
    NumCPUs = 16
    NumTasks = 1
    CPUs/Task = 16
- Used resources:
    RunTime = 00:00:02 ( 2s )
    MaxRSS = 908K ( 0.887M )
====================
- Important conclusions and remarks:
    * !!! Please, always check if the number of requested cores and nodes matches the need of your program/code !!!
    * !!! Less than 10% of requested walltime used !!! Please, adapt your batch script.
    * !!! Less than 10% of requested main memory used !!! Please, adapt your batch script.

