--------BEG-----------
 1
-9
costs: -68

 1
-8
costs: -63

 1
-7
costs: -58

 1
-6
costs: -53

 1
-5
costs: -48

 1
-4
costs: -43

 1
-3
costs: -38

 1
-2
costs: -33

 1
-1
costs: -28

1
0
costs: -23

1
1
costs: -18

1
2
costs: -13

1
3
costs: -8

1
4
costs: -3

1
5
costs: 2

1
6
costs: 7

1
7
costs: 12

1
8
costs: 17

1
9
costs: 22

solutions: 19
best solutions: 1
max costs: 22

Slurm Job Summary
*****************
- General information:
    date = Sat Apr 3 19:02:08 CEST 2021
    hostname = node034
- Job information:
    JobId = 900486
    JobName = j2_3_3_1B1_2Vbrute
    UserId = sunip624(67554)
    Account = sunip624
    QOS = normal
    NodeList = node034
    Features = (null)
    Command = /home/sunip624/IntOpt/sbatches/j2_3_3_1B1_2Vbrute.sbatch
    WorkDir = /home/sunip624/IntOpt
    StdOut = /home/sunip624/IntOpt/./stdouts/j2_3_3_1B1_2Vbrute.out
    StdErr = /home/sunip624/IntOpt/./stderrs/j2_3_3_1B1_2Vbrute.err
- Requested resources:
    Timelimit = 04:00:00 ( 14400s )
    MinMemoryNode = 10G ( 10240.000M )
    NumNodes = 1
    NumCPUs = 16
    NumTasks = 1
    CPUs/Task = 16
- Used resources:
    RunTime = 00:00:01 ( 1s )
    MaxRSS = 904K ( 0.883M )
====================
- Important conclusions and remarks:
    * !!! Please, always check if the number of requested cores and nodes matches the need of your program/code !!!
    * !!! Less than 10% of requested walltime used !!! Please, adapt your batch script.
    * !!! Less than 10% of requested main memory used !!! Please, adapt your batch script.

