
Slurm Job Summary
*****************
- General information:
    date = Sun Apr 4 14:42:25 CEST 2021
    hostname = node083
- Job information:
    JobId = 899934
    JobName = j2_3_3_3B1_2V2
    UserId = sunip624(67554)
    Account = sunip624
    QOS = normal
    NodeList = node083
    Features = (null)
    Command = /home/sunip624/IntOpt/sbatches/j2_3_3_3B1_2V2.sbatch
    WorkDir = /home/sunip624/IntOpt
    StdOut = /home/sunip624/IntOpt/./stdouts/j2_3_3_3B1_2V2.out
    StdErr = /home/sunip624/IntOpt/./stderrs/j2_3_3_3B1_2V2.err
- Requested resources:
    Timelimit = 04:00:00 ( 14400s )
    MinMemoryNode = 200G ( 204800.000M )
    NumNodes = 1
    NumCPUs = 16
    NumTasks = 1
    CPUs/Task = 16
- Used resources:
    RunTime = 00:41:51 ( 2511s )
    MaxRSS = 209715164K ( 204799.965M )
====================
- Important conclusions and remarks:
    * !!! Please, always check if the number of requested cores and nodes matches the need of your program/code !!!
    * !!! Less than 20% of requested walltime used !!! Please, adapt your batch script.
    (null)

