--------BEG-----------
 0
-4
costs: 108

 0
-3
costs: 81

 0
-2
costs: 54

 0
-1
costs: 27

0
0
costs: 0

solutions: 5
best solutions: 1
max costs: 108

Slurm Job Summary
*****************
- General information:
    date = Sat Apr 3 19:00:08 CEST 2021
    hostname = node036
- Job information:
    JobId = 900464
    JobName = j2_3_2_1B1_2Vbrute
    UserId = sunip624(67554)
    Account = sunip624
    QOS = normal
    NodeList = node036
    Features = (null)
    Command = /home/sunip624/IntOpt/sbatches/j2_3_2_1B1_2Vbrute.sbatch
    WorkDir = /home/sunip624/IntOpt
    StdOut = /home/sunip624/IntOpt/./stdouts/j2_3_2_1B1_2Vbrute.out
    StdErr = /home/sunip624/IntOpt/./stderrs/j2_3_2_1B1_2Vbrute.err
- Requested resources:
    Timelimit = 04:00:00 ( 14400s )
    MinMemoryNode = 10G ( 10240.000M )
    NumNodes = 1
    NumCPUs = 16
    NumTasks = 1
    CPUs/Task = 16
- Used resources:
    RunTime = 00:00:00 ( 0s )
    MaxRSS = 916K ( 0.895M )
====================
- Important conclusions and remarks:
    * !!! Please, always check if the number of requested cores and nodes matches the need of your program/code !!!
    * !!! Less than 10% of requested walltime used !!! Please, adapt your batch script.
    * !!! Less than 10% of requested main memory used !!! Please, adapt your batch script.

