--------BEG-----------
-2
 1
-3
 9
10
-4
costs: 330

-3
 0
-2
 8
10
-3
costs: 282

-4
-1
-1
 7
10
-2
costs: 234

-5
-2
 0
 6
10
-1
costs: 186

-6
-3
 1
 5
10
 0
costs: 138

solutions: 5
best solutions: 1
max costs: 330

Slurm Job Summary
*****************
- General information:
    date = Sat Apr 3 19:03:08 CEST 2021
    hostname = node080
- Job information:
    JobId = 900504
    JobName = j2_3_3_3B2_0Vbrute
    UserId = sunip624(67554)
    Account = sunip624
    QOS = normal
    NodeList = node080
    Features = (null)
    Command = /home/sunip624/IntOpt/sbatches/j2_3_3_3B2_0Vbrute.sbatch
    WorkDir = /home/sunip624/IntOpt
    StdOut = /home/sunip624/IntOpt/./stdouts/j2_3_3_3B2_0Vbrute.out
    StdErr = /home/sunip624/IntOpt/./stderrs/j2_3_3_3B2_0Vbrute.err
- Requested resources:
    Timelimit = 04:00:00 ( 14400s )
    MinMemoryNode = 10G ( 10240.000M )
    NumNodes = 1
    NumCPUs = 16
    NumTasks = 1
    CPUs/Task = 16
- Used resources:
    RunTime = 00:00:01 ( 1s )
    MaxRSS = 916K ( 0.895M )
====================
- Important conclusions and remarks:
    * !!! Please, always check if the number of requested cores and nodes matches the need of your program/code !!!
    * !!! Less than 10% of requested walltime used !!! Please, adapt your batch script.
    * !!! Less than 10% of requested main memory used !!! Please, adapt your batch script.

