solution:
 6
-9
 9
 9
 9
 7
maximum: 717

Slurm Job Summary
*****************
- General information:
    date = Sun Apr 4 13:23:19 CEST 2021
    hostname = node060
- Job information:
    JobId = 899894
    JobName = j2_3_1_3B1_1V2
    UserId = sunip624(67554)
    Account = sunip624
    QOS = normal
    NodeList = node060
    Features = (null)
    Command = /home/sunip624/IntOpt/sbatches/j2_3_1_3B1_1V2.sbatch
    WorkDir = /home/sunip624/IntOpt
    StdOut = /home/sunip624/IntOpt/./stdouts/j2_3_1_3B1_1V2.out
    StdErr = /home/sunip624/IntOpt/./stderrs/j2_3_1_3B1_1V2.err
- Requested resources:
    Timelimit = 04:00:00 ( 14400s )
    MinMemoryNode = 200G ( 204800.000M )
    NumNodes = 1
    NumCPUs = 16
    NumTasks = 1
    CPUs/Task = 16
- Used resources:
    RunTime = 01:06:14 ( 3974s )
    MaxRSS = 88343368K ( 86272.820M )
====================
- Important conclusions and remarks:
    * !!! Please, always check if the number of requested cores and nodes matches the need of your program/code !!!
    * !!! Less than 30% of requested walltime used !!! Please, adapt your batch script.
    * !!! Less than 50% of requested main memory used !!! Please, adapt your batch script.

