solution:
 21
-17
 -3
 12
maximum: -481

Slurm Job Summary
*****************
- General information:
    date = Sun Apr 4 12:07:54 CEST 2021
    hostname = node088
- Job information:
    JobId = 899889
    JobName = j2_3_1_2B5_0V2
    UserId = sunip624(67554)
    Account = sunip624
    QOS = normal
    NodeList = node088
    Features = (null)
    Command = /home/sunip624/IntOpt/sbatches/j2_3_1_2B5_0V2.sbatch
    WorkDir = /home/sunip624/IntOpt
    StdOut = /home/sunip624/IntOpt/./stdouts/j2_3_1_2B5_0V2.out
    StdErr = /home/sunip624/IntOpt/./stderrs/j2_3_1_2B5_0V2.err
- Requested resources:
    Timelimit = 04:00:00 ( 14400s )
    MinMemoryNode = 200G ( 204800.000M )
    NumNodes = 1
    NumCPUs = 16
    NumTasks = 1
    CPUs/Task = 16
- Used resources:
    RunTime = 00:01:26 ( 86s )
    MaxRSS = 4673544K ( 4564.008M )
====================
- Important conclusions and remarks:
    * !!! Please, always check if the number of requested cores and nodes matches the need of your program/code !!!
    * !!! Less than 10% of requested walltime used !!! Please, adapt your batch script.
    * !!! Less than 10% of requested main memory used !!! Please, adapt your batch script.

