--------BEG-----------
 1
-6
costs: 74

 1
-5
costs: 64

 1
-4
costs: 54

 1
-3
costs: 44

 1
-2
costs: 34

 1
-1
costs: 24

1
0
costs: 14

1
1
costs: 4

1
2
costs: -6

1
3
costs: -16

solutions: 10
best solutions: 1
max costs: 74

Slurm Job Summary
*****************
- General information:
    date = Sat Apr 3 18:59:08 CEST 2021
    hostname = node032
- Job information:
    JobId = 900449
    JobName = j2_3_1_1B2_0Vbrute
    UserId = sunip624(67554)
    Account = sunip624
    QOS = normal
    NodeList = node032
    Features = (null)
    Command = /home/sunip624/IntOpt/sbatches/j2_3_1_1B2_0Vbrute.sbatch
    WorkDir = /home/sunip624/IntOpt
    StdOut = /home/sunip624/IntOpt/./stdouts/j2_3_1_1B2_0Vbrute.out
    StdErr = /home/sunip624/IntOpt/./stderrs/j2_3_1_1B2_0Vbrute.err
- Requested resources:
    Timelimit = 04:00:00 ( 14400s )
    MinMemoryNode = 10G ( 10240.000M )
    NumNodes = 1
    NumCPUs = 16
    NumTasks = 1
    CPUs/Task = 16
- Used resources:
    RunTime = 00:00:01 ( 1s )
    MaxRSS = 904K ( 0.883M )
====================
- Important conclusions and remarks:
    * !!! Please, always check if the number of requested cores and nodes matches the need of your program/code !!!
    * !!! Less than 10% of requested walltime used !!! Please, adapt your batch script.
    * !!! Less than 10% of requested main memory used !!! Please, adapt your batch script.

