
Slurm Job Summary
*****************
- General information:
    date = Sun Apr 4 15:47:13 CEST 2021
    hostname = node057
- Job information:
    JobId = 899916
    JobName = j2_3_2_3B5_0V2
    UserId = sunip624(67554)
    Account = sunip624
    QOS = normal
    NodeList = node057
    Features = (null)
    Command = /home/sunip624/IntOpt/sbatches/j2_3_2_3B5_0V2.sbatch
    WorkDir = /home/sunip624/IntOpt
    StdOut = /home/sunip624/IntOpt/./stdouts/j2_3_2_3B5_0V2.out
    StdErr = /home/sunip624/IntOpt/./stderrs/j2_3_2_3B5_0V2.err
- Requested resources:
    Timelimit = 04:00:00 ( 14400s )
    MinMemoryNode = 200G ( 204800.000M )
    NumNodes = 1
    NumCPUs = 16
    NumTasks = 1
    CPUs/Task = 16
- Used resources:
    RunTime = 02:22:21 ( 8541s )
    MaxRSS = 209715076K ( 204799.879M )
====================
- Important conclusions and remarks:
    * !!! Please, always check if the number of requested cores and nodes matches the need of your program/code !!!
    * !!! Less than 60% of requested walltime used !!! Please, adapt your batch script.
    (null)

