--------BEG-----------
 0
-9
costs: 189

 1
-9
costs: 185

 2
-9
costs: 181

 3
-9
costs: 177

 4
-9
costs: 173

 5
-9
costs: 169

solutions: 6
best solutions: 1
max costs: 189

Slurm Job Summary
*****************
- General information:
    date = Sat Apr 3 19:00:08 CEST 2021
    hostname = node038
- Job information:
    JobId = 900466
    JobName = j2_3_2_1B2_0Vbrute
    UserId = sunip624(67554)
    Account = sunip624
    QOS = normal
    NodeList = node038
    Features = (null)
    Command = /home/sunip624/IntOpt/sbatches/j2_3_2_1B2_0Vbrute.sbatch
    WorkDir = /home/sunip624/IntOpt
    StdOut = /home/sunip624/IntOpt/./stdouts/j2_3_2_1B2_0Vbrute.out
    StdErr = /home/sunip624/IntOpt/./stderrs/j2_3_2_1B2_0Vbrute.err
- Requested resources:
    Timelimit = 04:00:00 ( 14400s )
    MinMemoryNode = 10G ( 10240.000M )
    NumNodes = 1
    NumCPUs = 16
    NumTasks = 1
    CPUs/Task = 16
- Used resources:
    RunTime = 00:00:00 ( 0s )
    MaxRSS = 916K ( 0.895M )
====================
- Important conclusions and remarks:
    * !!! Please, always check if the number of requested cores and nodes matches the need of your program/code !!!
    * !!! Less than 10% of requested walltime used !!! Please, adapt your batch script.
    * !!! Less than 10% of requested main memory used !!! Please, adapt your batch script.

