--------BEG-----------
  2
-10
  5
 -8
 -2
  2
costs: -66

  2
-10
  5
 -4
  1
  3
costs: -45

  2
-10
  5
  0
  4
  4
costs: -24

  2
-10
  5
  4
  7
  5
costs: -3

solutions: 4
best solutions: 1
max costs: -3

Slurm Job Summary
*****************
- General information:
    date = Sat Apr 3 19:01:08 CEST 2021
    hostname = node080
- Job information:
    JobId = 900480
    JobName = j2_3_2_3B2_0Vbrute
    UserId = sunip624(67554)
    Account = sunip624
    QOS = normal
    NodeList = node080
    Features = (null)
    Command = /home/sunip624/IntOpt/sbatches/j2_3_2_3B2_0Vbrute.sbatch
    WorkDir = /home/sunip624/IntOpt
    StdOut = /home/sunip624/IntOpt/./stdouts/j2_3_2_3B2_0Vbrute.out
    StdErr = /home/sunip624/IntOpt/./stderrs/j2_3_2_3B2_0Vbrute.err
- Requested resources:
    Timelimit = 04:00:00 ( 14400s )
    MinMemoryNode = 10G ( 10240.000M )
    NumNodes = 1
    NumCPUs = 16
    NumTasks = 1
    CPUs/Task = 16
- Used resources:
    RunTime = 00:00:01 ( 1s )
    MaxRSS = 908K ( 0.887M )
====================
- Important conclusions and remarks:
    * !!! Please, always check if the number of requested cores and nodes matches the need of your program/code !!!
    * !!! Less than 10% of requested walltime used !!! Please, adapt your batch script.
    * !!! Less than 10% of requested main memory used !!! Please, adapt your batch script.

