--------BEG-----------
-10
  4
costs: 150

-9
 4
costs: 135

-8
 4
costs: 120

-7
 4
costs: 105

-6
 4
costs: 90

-5
 4
costs: 75

-4
 4
costs: 60

-3
 4
costs: 45

-2
 4
costs: 30

-1
 4
costs: 15

0
4
costs: 0

1
4
costs: -15

2
4
costs: -30

3
4
costs: -45

4
4
costs: -60

5
4
costs: -75

6
4
costs: -90

7
4
costs: -105

8
4
costs: -120

9
4
costs: -135

10
 4
costs: -150

solutions: 21
best solutions: 1
max costs: 150

Slurm Job Summary
*****************
- General information:
    date = Sat Apr 3 19:02:08 CEST 2021
    hostname = node035
- Job information:
    JobId = 900487
    JobName = j2_3_3_1B2_0Vbrute
    UserId = sunip624(67554)
    Account = sunip624
    QOS = normal
    NodeList = node035
    Features = (null)
    Command = /home/sunip624/IntOpt/sbatches/j2_3_3_1B2_0Vbrute.sbatch
    WorkDir = /home/sunip624/IntOpt
    StdOut = /home/sunip624/IntOpt/./stdouts/j2_3_3_1B2_0Vbrute.out
    StdErr = /home/sunip624/IntOpt/./stderrs/j2_3_3_1B2_0Vbrute.err
- Requested resources:
    Timelimit = 04:00:00 ( 14400s )
    MinMemoryNode = 10G ( 10240.000M )
    NumNodes = 1
    NumCPUs = 16
    NumTasks = 1
    CPUs/Task = 16
- Used resources:
    RunTime = 00:00:01 ( 1s )
    MaxRSS = 908K ( 0.887M )
====================
- Important conclusions and remarks:
    * !!! Please, always check if the number of requested cores and nodes matches the need of your program/code !!!
    * !!! Less than 10% of requested walltime used !!! Please, adapt your batch script.
    * !!! Less than 10% of requested main memory used !!! Please, adapt your batch script.

