--------BEG-----------
-23
 -3
  1
 -3
 -5
-26
costs: -62

 -5
 25
-11
 28
-10
 26
costs: -39

solutions: 2
best solutions: 1
max costs: -39

Slurm Job Summary
*****************
- General information:
    date = Sat Apr 3 19:00:55 CEST 2021
    hostname = node035
- Job information:
    JobId = 900463
    JobName = j2_3_1_3B5_0Vbrute
    UserId = sunip624(67554)
    Account = sunip624
    QOS = normal
    NodeList = node035
    Features = (null)
    Command = /home/sunip624/IntOpt/sbatches/j2_3_1_3B5_0Vbrute.sbatch
    WorkDir = /home/sunip624/IntOpt
    StdOut = /home/sunip624/IntOpt/./stdouts/j2_3_1_3B5_0Vbrute.out
    StdErr = /home/sunip624/IntOpt/./stderrs/j2_3_1_3B5_0Vbrute.err
- Requested resources:
    Timelimit = 04:00:00 ( 14400s )
    MinMemoryNode = 10G ( 10240.000M )
    NumNodes = 1
    NumCPUs = 16
    NumTasks = 1
    CPUs/Task = 16
- Used resources:
    RunTime = 00:00:47 ( 47s )
    MaxRSS = 912K ( 0.891M )
====================
- Important conclusions and remarks:
    * !!! Please, always check if the number of requested cores and nodes matches the need of your program/code !!!
    * !!! Less than 10% of requested walltime used !!! Please, adapt your batch script.
    * !!! Less than 10% of requested main memory used !!! Please, adapt your batch script.

