--------BEG-----------
-2
 1
costs: 75

0
2
costs: 58

2
3
costs: 41

4
4
costs: 24

6
5
costs: 7

8
6
costs: -10

10
 7
costs: -27

solutions: 7
best solutions: 1
max costs: 75

Slurm Job Summary
*****************
- General information:
    date = Sat Apr 3 18:58:07 CEST 2021
    hostname = node080
- Job information:
    JobId = 900444
    JobName = j2_3_1_1B1_2Vbrute
    UserId = sunip624(67554)
    Account = sunip624
    QOS = normal
    NodeList = node080
    Features = (null)
    Command = /home/sunip624/IntOpt/sbatches/j2_3_1_1B1_2Vbrute.sbatch
    WorkDir = /home/sunip624/IntOpt
    StdOut = /home/sunip624/IntOpt/./stdouts/j2_3_1_1B1_2Vbrute.out
    StdErr = /home/sunip624/IntOpt/./stderrs/j2_3_1_1B1_2Vbrute.err
- Requested resources:
    Timelimit = 04:00:00 ( 14400s )
    MinMemoryNode = 10G ( 10240.000M )
    NumNodes = 1
    NumCPUs = 16
    NumTasks = 1
    CPUs/Task = 16
- Used resources:
    RunTime = 00:00:00 ( 0s )
    MaxRSS = 908K ( 0.887M )
====================
- Important conclusions and remarks:
    * !!! Please, always check if the number of requested cores and nodes matches the need of your program/code !!!
    * !!! Less than 10% of requested walltime used !!! Please, adapt your batch script.
    * !!! Less than 10% of requested main memory used !!! Please, adapt your batch script.

