--------BEG-----------
-25
-21
costs: 243

-25
-20
costs: 260

-25
-19
costs: 277

-25
-18
costs: 294

-25
-17
costs: 311

-25
-16
costs: 328

-25
-15
costs: 345

-25
-14
costs: 362

-25
-13
costs: 379

-25
-12
costs: 396

-25
-11
costs: 413

-25
-10
costs: 430

solutions: 12
best solutions: 1
max costs: 430

Slurm Job Summary
*****************
- General information:
    date = Sat Apr 3 19:02:08 CEST 2021
    hostname = node037
- Job information:
    JobId = 900489
    JobName = j2_3_3_1B5_0Vbrute
    UserId = sunip624(67554)
    Account = sunip624
    QOS = normal
    NodeList = node037
    Features = (null)
    Command = /home/sunip624/IntOpt/sbatches/j2_3_3_1B5_0Vbrute.sbatch
    WorkDir = /home/sunip624/IntOpt
    StdOut = /home/sunip624/IntOpt/./stdouts/j2_3_3_1B5_0Vbrute.out
    StdErr = /home/sunip624/IntOpt/./stderrs/j2_3_3_1B5_0Vbrute.err
- Requested resources:
    Timelimit = 04:00:00 ( 14400s )
    MinMemoryNode = 10G ( 10240.000M )
    NumNodes = 1
    NumCPUs = 16
    NumTasks = 1
    CPUs/Task = 16
- Used resources:
    RunTime = 00:00:01 ( 1s )
    MaxRSS = 912K ( 0.891M )
====================
- Important conclusions and remarks:
    * !!! Please, always check if the number of requested cores and nodes matches the need of your program/code !!!
    * !!! Less than 10% of requested walltime used !!! Please, adapt your batch script.
    * !!! Less than 10% of requested main memory used !!! Please, adapt your batch script.

