solution:
  2
-10
  5
  4
  7
  5
maximum: -3

Slurm Job Summary
*****************
- General information:
    date = Sun Apr 4 01:36:59 CEST 2021
    hostname = node055
- Job information:
    JobId = 899346
    JobName = j2_3_2_3B2_0V1
    UserId = sunip624(67554)
    Account = sunip624
    QOS = normal
    NodeList = node055
    Features = (null)
    Command = /home/sunip624/IntOpt/sbatches/j2_3_2_3B2_0V1.sbatch
    WorkDir = /home/sunip624/IntOpt
    StdOut = /home/sunip624/IntOpt/./stdouts/j2_3_2_3B2_0V1.out
    StdErr = /home/sunip624/IntOpt/./stderrs/j2_3_2_3B2_0V1.err
- Requested resources:
    Timelimit = 04:00:00 ( 14400s )
    MinMemoryNode = 200G ( 204800.000M )
    NumNodes = 1
    NumCPUs = 16
    NumTasks = 1
    CPUs/Task = 16
- Used resources:
    RunTime = 01:49:17 ( 6557s )
    MaxRSS = 134326648K ( 131178.367M )
====================
- Important conclusions and remarks:
    * !!! Please, always check if the number of requested cores and nodes matches the need of your program/code !!!
    * !!! Less than 50% of requested walltime used !!! Please, adapt your batch script.
    * !!! Less than 70% of requested main memory used !!! Please, adapt your batch script.

