--------BEG-----------
1
0
costs: -17

1
1
costs: -20

1
2
costs: -23

1
3
costs: -26

1
4
costs: -29

1
5
costs: -32

1
6
costs: -35

1
7
costs: -38

1
8
costs: -41

1
9
costs: -44

 1
10
costs: -47

 1
11
costs: -50

solutions: 12
best solutions: 1
max costs: -17

Slurm Job Summary
*****************
- General information:
    date = Sat Apr 3 19:02:08 CEST 2021
    hostname = node039
- Job information:
    JobId = 900491
    JobName = j2_3_3_1B1_0Vbrute
    UserId = sunip624(67554)
    Account = sunip624
    QOS = normal
    NodeList = node039
    Features = (null)
    Command = /home/sunip624/IntOpt/sbatches/j2_3_3_1B1_0Vbrute.sbatch
    WorkDir = /home/sunip624/IntOpt
    StdOut = /home/sunip624/IntOpt/./stdouts/j2_3_3_1B1_0Vbrute.out
    StdErr = /home/sunip624/IntOpt/./stderrs/j2_3_3_1B1_0Vbrute.err
- Requested resources:
    Timelimit = 04:00:00 ( 14400s )
    MinMemoryNode = 10G ( 10240.000M )
    NumNodes = 1
    NumCPUs = 16
    NumTasks = 1
    CPUs/Task = 16
- Used resources:
    RunTime = 00:00:01 ( 1s )
    MaxRSS = 916K ( 0.895M )
====================
- Important conclusions and remarks:
    * !!! Please, always check if the number of requested cores and nodes matches the need of your program/code !!!
    * !!! Less than 10% of requested walltime used !!! Please, adapt your batch script.
    * !!! Less than 10% of requested main memory used !!! Please, adapt your batch script.

