--------BEG-----------
-13
-19
  2
-13
-18
-17
costs: 508

  9
-10
 -3
-24
  3
-12
costs: 682

solutions: 2
best solutions: 1
max costs: 682

Slurm Job Summary
*****************
- General information:
    date = Sat Apr 3 19:03:10 CEST 2021
    hostname = node082
- Job information:
    JobId = 900505
    JobName = j2_3_3_3B5_0Vbrute
    UserId = sunip624(67554)
    Account = sunip624
    QOS = normal
    NodeList = node082
    Features = (null)
    Command = /home/sunip624/IntOpt/sbatches/j2_3_3_3B5_0Vbrute.sbatch
    WorkDir = /home/sunip624/IntOpt
    StdOut = /home/sunip624/IntOpt/./stdouts/j2_3_3_3B5_0Vbrute.out
    StdErr = /home/sunip624/IntOpt/./stderrs/j2_3_3_3B5_0Vbrute.err
- Requested resources:
    Timelimit = 04:00:00 ( 14400s )
    MinMemoryNode = 10G ( 10240.000M )
    NumNodes = 1
    NumCPUs = 16
    NumTasks = 1
    CPUs/Task = 16
- Used resources:
    RunTime = 00:00:03 ( 3s )
    MaxRSS = 904K ( 0.883M )
====================
- Important conclusions and remarks:
    * !!! Please, always check if the number of requested cores and nodes matches the need of your program/code !!!
    * !!! Less than 10% of requested walltime used !!! Please, adapt your batch script.
    * !!! Less than 10% of requested main memory used !!! Please, adapt your batch script.

