solution:
7
0
0
1
maximum: -148

Slurm Job Summary
*****************
- General information:
    date = Sat Apr 3 22:32:25 CEST 2021
    hostname = node004
- Job information:
    JobId = 899318
    JobName = j2_3_1_2B1_2V1
    UserId = sunip624(67554)
    Account = sunip624
    QOS = normal
    NodeList = node004
    Features = (null)
    Command = /home/sunip624/IntOpt/sbatches/j2_3_1_2B1_2V1.sbatch
    WorkDir = /home/sunip624/IntOpt
    StdOut = /home/sunip624/IntOpt/./stdouts/j2_3_1_2B1_2V1.out
    StdErr = /home/sunip624/IntOpt/./stderrs/j2_3_1_2B1_2V1.err
- Requested resources:
    Timelimit = 04:00:00 ( 14400s )
    MinMemoryNode = 200G ( 204800.000M )
    NumNodes = 1
    NumCPUs = 16
    NumTasks = 1
    CPUs/Task = 16
- Used resources:
    RunTime = 00:00:54 ( 54s )
    MaxRSS = 106160K ( 103.672M )
====================
- Important conclusions and remarks:
    * !!! Please, always check if the number of requested cores and nodes matches the need of your program/code !!!
    * !!! Less than 10% of requested walltime used !!! Please, adapt your batch script.
    * !!! Less than 10% of requested main memory used !!! Please, adapt your batch script.

