solution:
  9
 -3
 -1
-10
maximum: 36

Slurm Job Summary
*****************
- General information:
    date = Sun Apr 4 12:18:15 CEST 2021
    hostname = node081
- Job information:
    JobId = 899887
    JobName = j2_3_1_2B2_0V2
    UserId = sunip624(67554)
    Account = sunip624
    QOS = normal
    NodeList = node081
    Features = (null)
    Command = /home/sunip624/IntOpt/sbatches/j2_3_1_2B2_0V2.sbatch
    WorkDir = /home/sunip624/IntOpt
    StdOut = /home/sunip624/IntOpt/./stdouts/j2_3_1_2B2_0V2.out
    StdErr = /home/sunip624/IntOpt/./stderrs/j2_3_1_2B2_0V2.err
- Requested resources:
    Timelimit = 04:00:00 ( 14400s )
    MinMemoryNode = 200G ( 204800.000M )
    NumNodes = 1
    NumCPUs = 16
    NumTasks = 1
    CPUs/Task = 16
- Used resources:
    RunTime = 00:21:52 ( 1312s )
    MaxRSS = 48508556K ( 47371.637M )
====================
- Important conclusions and remarks:
    * !!! Please, always check if the number of requested cores and nodes matches the need of your program/code !!!
    * !!! Less than 10% of requested walltime used !!! Please, adapt your batch script.
    * !!! Less than 30% of requested main memory used !!! Please, adapt your batch script.

