solution:
  2
 -1
-10
  6
maximum: 200

Slurm Job Summary
*****************
- General information:
    date = Sun Apr 4 14:00:34 CEST 2021
    hostname = node083
- Job information:
    JobId = 899904
    JobName = j2_3_2_2B1_1V2
    UserId = sunip624(67554)
    Account = sunip624
    QOS = normal
    NodeList = node083
    Features = (null)
    Command = /home/sunip624/IntOpt/sbatches/j2_3_2_2B1_1V2.sbatch
    WorkDir = /home/sunip624/IntOpt
    StdOut = /home/sunip624/IntOpt/./stdouts/j2_3_2_2B1_1V2.out
    StdErr = /home/sunip624/IntOpt/./stderrs/j2_3_2_2B1_1V2.err
- Requested resources:
    Timelimit = 04:00:00 ( 14400s )
    MinMemoryNode = 200G ( 204800.000M )
    NumNodes = 1
    NumCPUs = 16
    NumTasks = 1
    CPUs/Task = 16
- Used resources:
    RunTime = 01:37:39 ( 5859s )
    MaxRSS = 109935388K ( 107358.777M )
====================
- Important conclusions and remarks:
    * !!! Please, always check if the number of requested cores and nodes matches the need of your program/code !!!
    * !!! Less than 50% of requested walltime used !!! Please, adapt your batch script.
    * !!! Less than 60% of requested main memory used !!! Please, adapt your batch script.

