--------BEG-----------
-9
-1
costs: 206

-8
-1
costs: 186

-7
-1
costs: 166

-6
-1
costs: 146

-5
-1
costs: 126

-4
-1
costs: 106

-3
-1
costs: 86

-2
-1
costs: 66

-1
-1
costs: 46

 0
-1
costs: 26

 1
-1
costs: 6

 2
-1
costs: -14

 3
-1
costs: -34

 4
-1
costs: -54

 5
-1
costs: -74

 6
-1
costs: -94

 7
-1
costs: -114

 8
-1
costs: -134

solutions: 18
best solutions: 1
max costs: 206

Slurm Job Summary
*****************
- General information:
    date = Sat Apr 3 19:02:08 CEST 2021
    hostname = node036
- Job information:
    JobId = 900488
    JobName = j2_3_3_1B3_0Vbrute
    UserId = sunip624(67554)
    Account = sunip624
    QOS = normal
    NodeList = node036
    Features = (null)
    Command = /home/sunip624/IntOpt/sbatches/j2_3_3_1B3_0Vbrute.sbatch
    WorkDir = /home/sunip624/IntOpt
    StdOut = /home/sunip624/IntOpt/./stdouts/j2_3_3_1B3_0Vbrute.out
    StdErr = /home/sunip624/IntOpt/./stderrs/j2_3_3_1B3_0Vbrute.err
- Requested resources:
    Timelimit = 04:00:00 ( 14400s )
    MinMemoryNode = 10G ( 10240.000M )
    NumNodes = 1
    NumCPUs = 16
    NumTasks = 1
    CPUs/Task = 16
- Used resources:
    RunTime = 00:00:01 ( 1s )
    MaxRSS = 912K ( 0.891M )
====================
- Important conclusions and remarks:
    * !!! Please, always check if the number of requested cores and nodes matches the need of your program/code !!!
    * !!! Less than 10% of requested walltime used !!! Please, adapt your batch script.
    * !!! Less than 10% of requested main memory used !!! Please, adapt your batch script.

