--------BEG-----------
23
-3
costs: -6

1
6
costs: 12

-21
 15
costs: 30

solutions: 3
best solutions: 1
max costs: 30

Slurm Job Summary
*****************
- General information:
    date = Sat Apr 3 18:58:07 CEST 2021
    hostname = node061
- Job information:
    JobId = 900448
    JobName = j2_3_1_1B5_0Vbrute
    UserId = sunip624(67554)
    Account = sunip624
    QOS = normal
    NodeList = node061
    Features = (null)
    Command = /home/sunip624/IntOpt/sbatches/j2_3_1_1B5_0Vbrute.sbatch
    WorkDir = /home/sunip624/IntOpt
    StdOut = /home/sunip624/IntOpt/./stdouts/j2_3_1_1B5_0Vbrute.out
    StdErr = /home/sunip624/IntOpt/./stderrs/j2_3_1_1B5_0Vbrute.err
- Requested resources:
    Timelimit = 04:00:00 ( 14400s )
    MinMemoryNode = 10G ( 10240.000M )
    NumNodes = 1
    NumCPUs = 16
    NumTasks = 1
    CPUs/Task = 16
- Used resources:
    RunTime = 00:00:00 ( 0s )
    MaxRSS = 912K ( 0.891M )
====================
- Important conclusions and remarks:
    * !!! Please, always check if the number of requested cores and nodes matches the need of your program/code !!!
    * !!! Less than 10% of requested walltime used !!! Please, adapt your batch script.
    * !!! Less than 10% of requested main memory used !!! Please, adapt your batch script.

