--------BEG-----------
-19
  6
 -2
 -9
 -6
  3
costs: 363

-28
 -4
-15
 -5
-13
 12
costs: 94

solutions: 2
best solutions: 1
max costs: 363

Slurm Job Summary
*****************
- General information:
    date = Sat Apr 3 19:01:09 CEST 2021
    hostname = node060
- Job information:
    JobId = 900483
    JobName = j2_3_2_3B5_0Vbrute
    UserId = sunip624(67554)
    Account = sunip624
    QOS = normal
    NodeList = node060
    Features = (null)
    Command = /home/sunip624/IntOpt/sbatches/j2_3_2_3B5_0Vbrute.sbatch
    WorkDir = /home/sunip624/IntOpt
    StdOut = /home/sunip624/IntOpt/./stdouts/j2_3_2_3B5_0Vbrute.out
    StdErr = /home/sunip624/IntOpt/./stderrs/j2_3_2_3B5_0Vbrute.err
- Requested resources:
    Timelimit = 04:00:00 ( 14400s )
    MinMemoryNode = 10G ( 10240.000M )
    NumNodes = 1
    NumCPUs = 16
    NumTasks = 1
    CPUs/Task = 16
- Used resources:
    RunTime = 00:00:02 ( 2s )
    MaxRSS = 920K ( 0.898M )
====================
- Important conclusions and remarks:
    * !!! Please, always check if the number of requested cores and nodes matches the need of your program/code !!!
    * !!! Less than 10% of requested walltime used !!! Please, adapt your batch script.
    * !!! Less than 10% of requested main memory used !!! Please, adapt your batch script.

