solution:
10
 4
maximum: -150

Slurm Job Summary
*****************
- General information:
    date = Sun Apr 4 00:22:11 CEST 2021
    hostname = node056
- Job information:
    JobId = 899353
    JobName = j2_3_3_1B2_0V1
    UserId = sunip624(67554)
    Account = sunip624
    QOS = normal
    NodeList = node056
    Features = (null)
    Command = /home/sunip624/IntOpt/sbatches/j2_3_3_1B2_0V1.sbatch
    WorkDir = /home/sunip624/IntOpt
    StdOut = /home/sunip624/IntOpt/./stdouts/j2_3_3_1B2_0V1.out
    StdErr = /home/sunip624/IntOpt/./stderrs/j2_3_3_1B2_0V1.err
- Requested resources:
    Timelimit = 04:00:00 ( 14400s )
    MinMemoryNode = 200G ( 204800.000M )
    NumNodes = 1
    NumCPUs = 16
    NumTasks = 1
    CPUs/Task = 16
- Used resources:
    RunTime = 00:16:06 ( 966s )
    MaxRSS = 34324056K ( 33519.586M )
====================
- Important conclusions and remarks:
    * !!! Please, always check if the number of requested cores and nodes matches the need of your program/code !!!
    * !!! Less than 10% of requested walltime used !!! Please, adapt your batch script.
    * !!! Less than 20% of requested main memory used !!! Please, adapt your batch script.

