--------BEG-----------
-4
-4
costs: -60

-3
-4
costs: -39

-2
-4
costs: -18

-1
-4
costs: 3

 0
-4
costs: 24

 1
-4
costs: 45

 2
-4
costs: 66

 3
-4
costs: 87

 4
-4
costs: 108

 5
-4
costs: 129

 6
-4
costs: 150

 7
-4
costs: 171

 8
-4
costs: 192

 9
-4
costs: 213

solutions: 14
best solutions: 1
max costs: 213

Slurm Job Summary
*****************
- General information:
    date = Sat Apr 3 19:00:08 CEST 2021
    hostname = node037
- Job information:
    JobId = 900465
    JobName = j2_3_2_1B1_0Vbrute
    UserId = sunip624(67554)
    Account = sunip624
    QOS = normal
    NodeList = node037
    Features = (null)
    Command = /home/sunip624/IntOpt/sbatches/j2_3_2_1B1_0Vbrute.sbatch
    WorkDir = /home/sunip624/IntOpt
    StdOut = /home/sunip624/IntOpt/./stdouts/j2_3_2_1B1_0Vbrute.out
    StdErr = /home/sunip624/IntOpt/./stderrs/j2_3_2_1B1_0Vbrute.err
- Requested resources:
    Timelimit = 04:00:00 ( 14400s )
    MinMemoryNode = 10G ( 10240.000M )
    NumNodes = 1
    NumCPUs = 16
    NumTasks = 1
    CPUs/Task = 16
- Used resources:
    RunTime = 00:00:00 ( 0s )
    MaxRSS = 916K ( 0.895M )
====================
- Important conclusions and remarks:
    * !!! Please, always check if the number of requested cores and nodes matches the need of your program/code !!!
    * !!! Less than 10% of requested walltime used !!! Please, adapt your batch script.
    * !!! Less than 10% of requested main memory used !!! Please, adapt your batch script.

