--------BEG-----------
-19
-20
costs: -541

-18
-20
costs: -522

-17
-20
costs: -503

-16
-20
costs: -484

-15
-20
costs: -465

-14
-20
costs: -446

-13
-20
costs: -427

-12
-20
costs: -408

-11
-20
costs: -389

-10
-20
costs: -370

 -9
-20
costs: -351

 -8
-20
costs: -332

 -7
-20
costs: -313

 -6
-20
costs: -294

 -5
-20
costs: -275

 -4
-20
costs: -256

 -3
-20
costs: -237

 -2
-20
costs: -218

 -1
-20
costs: -199

  0
-20
costs: -180

  1
-20
costs: -161

  2
-20
costs: -142

  3
-20
costs: -123

  4
-20
costs: -104

  5
-20
costs: -85

  6
-20
costs: -66

  7
-20
costs: -47

  8
-20
costs: -28

  9
-20
costs: -9

 10
-20
costs: 10

solutions: 30
best solutions: 1
max costs: 10

Slurm Job Summary
*****************
- General information:
    date = Sat Apr 3 19:00:08 CEST 2021
    hostname = node082
- Job information:
    JobId = 900469
    JobName = j2_3_2_1B5_0Vbrute
    UserId = sunip624(67554)
    Account = sunip624
    QOS = normal
    NodeList = node082
    Features = (null)
    Command = /home/sunip624/IntOpt/sbatches/j2_3_2_1B5_0Vbrute.sbatch
    WorkDir = /home/sunip624/IntOpt
    StdOut = /home/sunip624/IntOpt/./stdouts/j2_3_2_1B5_0Vbrute.out
    StdErr = /home/sunip624/IntOpt/./stderrs/j2_3_2_1B5_0Vbrute.err
- Requested resources:
    Timelimit = 04:00:00 ( 14400s )
    MinMemoryNode = 10G ( 10240.000M )
    NumNodes = 1
    NumCPUs = 16
    NumTasks = 1
    CPUs/Task = 16
- Used resources:
    RunTime = 00:00:00 ( 0s )
    MaxRSS = 912K ( 0.891M )
====================
- Important conclusions and remarks:
    * !!! Please, always check if the number of requested cores and nodes matches the need of your program/code !!!
    * !!! Less than 10% of requested walltime used !!! Please, adapt your batch script.
    * !!! Less than 10% of requested main memory used !!! Please, adapt your batch script.

