--------BEG-----------
 0
12
costs: 204

 0
13
costs: 221

 0
14
costs: 238

 0
15
costs: 255

 0
16
costs: 272

 0
17
costs: 289

 0
18
costs: 306

 0
19
costs: 323

 0
20
costs: 340

 0
21
costs: 357

solutions: 10
best solutions: 1
max costs: 357

Slurm Job Summary
*****************
- General information:
    date = Sat Apr 3 19:00:08 CEST 2021
    hostname = node086
- Job information:
    JobId = 900470
    JobName = j2_3_2_1B4_0Vbrute
    UserId = sunip624(67554)
    Account = sunip624
    QOS = normal
    NodeList = node086
    Features = (null)
    Command = /home/sunip624/IntOpt/sbatches/j2_3_2_1B4_0Vbrute.sbatch
    WorkDir = /home/sunip624/IntOpt
    StdOut = /home/sunip624/IntOpt/./stdouts/j2_3_2_1B4_0Vbrute.out
    StdErr = /home/sunip624/IntOpt/./stderrs/j2_3_2_1B4_0Vbrute.err
- Requested resources:
    Timelimit = 04:00:00 ( 14400s )
    MinMemoryNode = 10G ( 10240.000M )
    NumNodes = 1
    NumCPUs = 16
    NumTasks = 1
    CPUs/Task = 16
- Used resources:
    RunTime = 00:00:00 ( 0s )
    MaxRSS = 904K ( 0.883M )
====================
- Important conclusions and remarks:
    * !!! Please, always check if the number of requested cores and nodes matches the need of your program/code !!!
    * !!! Less than 10% of requested walltime used !!! Please, adapt your batch script.
    * !!! Less than 10% of requested main memory used !!! Please, adapt your batch script.

