solution:
-6
-9
maximum: 303

Slurm Job Summary
*****************
- General information:
    date = Sat Apr 10 02:39:02 CEST 2021
    hostname = node081
- Job information:
    JobId = 908607
    JobName = j2_4_2_1B1_2V1
    UserId = sunip624(67554)
    Account = sunip624
    QOS = normal
    NodeList = node081
    Features = (null)
    Command = /home/sunip624/IntOpt/sbatches/j2_4_2_1B1_2V1.sbatch
    WorkDir = /home/sunip624/IntOpt
    StdOut = /home/sunip624/IntOpt/./stdouts/j2_4_2_1B1_2V1.out
    StdErr = /home/sunip624/IntOpt/./stderrs/j2_4_2_1B1_2V1.err
- Requested resources:
    Timelimit = 04:00:00 ( 14400s )
    MinMemoryNode = 200G ( 204800.000M )
    NumNodes = 1
    NumCPUs = 16
    NumTasks = 1
    CPUs/Task = 16
- Used resources:
    RunTime = 00:00:01 ( 1s )
    MaxRSS = 896K ( 0.875M )
====================
- Important conclusions and remarks:
    * !!! Please, always check if the number of requested cores and nodes matches the need of your program/code !!!
    * !!! Less than 10% of requested walltime used !!! Please, adapt your batch script.
    * !!! Less than 10% of requested main memory used !!! Please, adapt your batch script.

