solution:
-1
-6
maximum: 21

Slurm Job Summary
*****************
- General information:
    date = Sat Apr 10 02:59:19 CEST 2021
    hostname = node089
- Job information:
    JobId = 908613
    JobName = j2_5_1_1B1_1V1
    UserId = sunip624(67554)
    Account = sunip624
    QOS = normal
    NodeList = node089
    Features = (null)
    Command = /home/sunip624/IntOpt/sbatches/j2_5_1_1B1_1V1.sbatch
    WorkDir = /home/sunip624/IntOpt
    StdOut = /home/sunip624/IntOpt/./stdouts/j2_5_1_1B1_1V1.out
    StdErr = /home/sunip624/IntOpt/./stderrs/j2_5_1_1B1_1V1.err
- Requested resources:
    Timelimit = 04:00:00 ( 14400s )
    MinMemoryNode = 200G ( 204800.000M )
    NumNodes = 1
    NumCPUs = 16
    NumTasks = 1
    CPUs/Task = 16
- Used resources:
    RunTime = 00:01:46 ( 106s )
    MaxRSS = 2201196K ( 2149.605M )
====================
- Important conclusions and remarks:
    * !!! Please, always check if the number of requested cores and nodes matches the need of your program/code !!!
    * !!! Less than 10% of requested walltime used !!! Please, adapt your batch script.
    * !!! Less than 10% of requested main memory used !!! Please, adapt your batch script.

