solution:
-4
-7
maximum: -9

Slurm Job Summary
*****************
- General information:
    date = Sat Apr 10 03:54:15 CEST 2021
    hostname = node089
- Job information:
    JobId = 908627
    JobName = j2_6_1_1B1_1V1
    UserId = sunip624(67554)
    Account = sunip624
    QOS = normal
    NodeList = node089
    Features = (null)
    Command = /home/sunip624/IntOpt/sbatches/j2_6_1_1B1_1V1.sbatch
    WorkDir = /home/sunip624/IntOpt
    StdOut = /home/sunip624/IntOpt/./stdouts/j2_6_1_1B1_1V1.out
    StdErr = /home/sunip624/IntOpt/./stderrs/j2_6_1_1B1_1V1.err
- Requested resources:
    Timelimit = 04:00:00 ( 14400s )
    MinMemoryNode = 200G ( 204800.000M )
    NumNodes = 1
    NumCPUs = 16
    NumTasks = 1
    CPUs/Task = 16
- Used resources:
    RunTime = 00:24:52 ( 1492s )
    MaxRSS = 25181052K ( 24590.871M )
====================
- Important conclusions and remarks:
    * !!! Please, always check if the number of requested cores and nodes matches the need of your program/code !!!
    * !!! Less than 20% of requested walltime used !!! Please, adapt your batch script.
    * !!! Less than 20% of requested main memory used !!! Please, adapt your batch script.

