
Slurm Job Summary
*****************
- General information:
    date = Sat Apr 10 04:28:08 CEST 2021
    hostname = node084
- Job information:
    JobId = 908629
    JobName = j2_6_1_2B1_0V1
    UserId = sunip624(67554)
    Account = sunip624
    QOS = normal
    NodeList = node084
    Features = (null)
    Command = /home/sunip624/IntOpt/sbatches/j2_6_1_2B1_0V1.sbatch
    WorkDir = /home/sunip624/IntOpt
    StdOut = /home/sunip624/IntOpt/./stdouts/j2_6_1_2B1_0V1.out
    StdErr = /home/sunip624/IntOpt/./stderrs/j2_6_1_2B1_0V1.err
- Requested resources:
    Timelimit = 04:00:00 ( 14400s )
    MinMemoryNode = 200G ( 204800.000M )
    NumNodes = 1
    NumCPUs = 16
    NumTasks = 1
    CPUs/Task = 16
- Used resources:
    RunTime = 00:49:41 ( 2981s )
    MaxRSS = 209715152K ( 204799.953M )
====================
- Important conclusions and remarks:
    * !!! Please, always check if the number of requested cores and nodes matches the need of your program/code !!!
    * !!! Less than 30% of requested walltime used !!! Please, adapt your batch script.
    (null)

