
Slurm Job Summary
*****************
- General information:
    date = Sat Apr 10 03:59:56 CEST 2021
    hostname = node090
- Job information:
    JobId = 908635
    JobName = j2_6_2_2B1_2V1
    UserId = sunip624(67554)
    Account = sunip624
    QOS = normal
    NodeList = node090
    Features = (null)
    Command = /home/sunip624/IntOpt/sbatches/j2_6_2_2B1_2V1.sbatch
    WorkDir = /home/sunip624/IntOpt
    StdOut = /home/sunip624/IntOpt/./stdouts/j2_6_2_2B1_2V1.out
    StdErr = /home/sunip624/IntOpt/./stderrs/j2_6_2_2B1_2V1.err
- Requested resources:
    Timelimit = 04:00:00 ( 14400s )
    MinMemoryNode = 200G ( 204800.000M )
    NumNodes = 1
    NumCPUs = 16
    NumTasks = 1
    CPUs/Task = 16
- Used resources:
    RunTime = 00:20:23 ( 1223s )
    MaxRSS = 209714912K ( 204799.719M )
====================
- Important conclusions and remarks:
    * !!! Please, always check if the number of requested cores and nodes matches the need of your program/code !!!
    * !!! Less than 10% of requested walltime used !!! Please, adapt your batch script.
    (null)

