solution:
-2
-3
maximum: 48

Slurm Job Summary
*****************
- General information:
    date = Sat Apr 10 10:14:22 CEST 2021
    hostname = node090
- Job information:
    JobId = 908891
    JobName = j2_7_1_1B1_1V2
    UserId = sunip624(67554)
    Account = sunip624
    QOS = normal
    NodeList = node090
    Features = (null)
    Command = /home/sunip624/IntOpt/sbatches/j2_7_1_1B1_1V2.sbatch
    WorkDir = /home/sunip624/IntOpt
    StdOut = /home/sunip624/IntOpt/./stdouts/j2_7_1_1B1_1V2.out
    StdErr = /home/sunip624/IntOpt/./stderrs/j2_7_1_1B1_1V2.err
- Requested resources:
    Timelimit = 04:00:00 ( 14400s )
    MinMemoryNode = 200G ( 204800.000M )
    NumNodes = 1
    NumCPUs = 16
    NumTasks = 1
    CPUs/Task = 16
- Used resources:
    RunTime = 00:10:22 ( 622s )
    MaxRSS = 23699M ( 23699.000M )
====================
- Important conclusions and remarks:
    * !!! Please, always check if the number of requested cores and nodes matches the need of your program/code !!!
    * !!! Less than 10% of requested walltime used !!! Please, adapt your batch script.
    * !!! Less than 20% of requested main memory used !!! Please, adapt your batch script.

