solution:
-2
-1
maximum: -57

Slurm Job Summary
*****************
- General information:
    date = Sat Apr 10 10:47:51 CEST 2021
    hostname = node081
- Job information:
    JobId = 908892
    JobName = j2_7_1_1B1_0V2
    UserId = sunip624(67554)
    Account = sunip624
    QOS = normal
    NodeList = node081
    Features = (null)
    Command = /home/sunip624/IntOpt/sbatches/j2_7_1_1B1_0V2.sbatch
    WorkDir = /home/sunip624/IntOpt
    StdOut = /home/sunip624/IntOpt/./stdouts/j2_7_1_1B1_0V2.out
    StdErr = /home/sunip624/IntOpt/./stderrs/j2_7_1_1B1_0V2.err
- Requested resources:
    Timelimit = 04:00:00 ( 14400s )
    MinMemoryNode = 200G ( 204800.000M )
    NumNodes = 1
    NumCPUs = 16
    NumTasks = 1
    CPUs/Task = 16
- Used resources:
    RunTime = 00:42:46 ( 2566s )
    MaxRSS = 64471668K ( 62960.613M )
====================
- Important conclusions and remarks:
    * !!! Please, always check if the number of requested cores and nodes matches the need of your program/code !!!
    * !!! Less than 20% of requested walltime used !!! Please, adapt your batch script.
    * !!! Less than 40% of requested main memory used !!! Please, adapt your batch script.

