solution:
8
0
8
1
maximum: 105

Slurm Job Summary
*****************
- General information:
    date = Sat Apr 10 10:27:36 CEST 2021
    hostname = node051
- Job information:
    JobId = 908907
    JobName = j2_8_1_2B1_2V2
    UserId = sunip624(67554)
    Account = sunip624
    QOS = normal
    NodeList = node051
    Features = (null)
    Command = /home/sunip624/IntOpt/sbatches/j2_8_1_2B1_2V2.sbatch
    WorkDir = /home/sunip624/IntOpt
    StdOut = /home/sunip624/IntOpt/./stdouts/j2_8_1_2B1_2V2.out
    StdErr = /home/sunip624/IntOpt/./stderrs/j2_8_1_2B1_2V2.err
- Requested resources:
    Timelimit = 04:00:00 ( 14400s )
    MinMemoryNode = 200G ( 204800.000M )
    NumNodes = 1
    NumCPUs = 16
    NumTasks = 1
    CPUs/Task = 16
- Used resources:
    RunTime = 00:05:25 ( 325s )
    MaxRSS = 17464896K ( 17055.562M )
====================
- Important conclusions and remarks:
    * !!! Please, always check if the number of requested cores and nodes matches the need of your program/code !!!
    * !!! Less than 10% of requested walltime used !!! Please, adapt your batch script.
    * !!! Less than 10% of requested main memory used !!! Please, adapt your batch script.

