
Slurm Job Summary
*****************
- General information:
    date = Sun Apr 4 15:42:33 CEST 2021
    hostname = node063
- Job information:
    JobId = 899997
    JobName = j3_1_3_3B3_0V2
    UserId = sunip624(67554)
    Account = sunip624
    QOS = normal
    NodeList = node063
    Features = (null)
    Command = /home/sunip624/IntOpt/sbatches/j3_1_3_3B3_0V2.sbatch
    WorkDir = /home/sunip624/IntOpt
    StdOut = /home/sunip624/IntOpt/./stdouts/j3_1_3_3B3_0V2.out
    StdErr = /home/sunip624/IntOpt/./stderrs/j3_1_3_3B3_0V2.err
- Requested resources:
    Timelimit = 04:00:00 ( 14400s )
    MinMemoryNode = 200G ( 204800.000M )
    NumNodes = 1
    NumCPUs = 16
    NumTasks = 1
    CPUs/Task = 16
- Used resources:
    RunTime = 00:54:31 ( 3271s )
    MaxRSS = 209715096K ( 204799.898M )
====================
- Important conclusions and remarks:
    * !!! Please, always check if the number of requested cores and nodes matches the need of your program/code !!!
    * !!! Less than 30% of requested walltime used !!! Please, adapt your batch script.
    (null)

