solution:
-1
-3
 5
 8
-4
 1
maximum: 30

Slurm Job Summary
*****************
- General information:
    date = Sun Apr 4 00:55:36 CEST 2021
    hostname = node088
- Job information:
    JobId = 899406
    JobName = j3_1_2_2B1_2V1
    UserId = sunip624(67554)
    Account = sunip624
    QOS = normal
    NodeList = node088
    Features = (null)
    Command = /home/sunip624/IntOpt/sbatches/j3_1_2_2B1_2V1.sbatch
    WorkDir = /home/sunip624/IntOpt
    StdOut = /home/sunip624/IntOpt/./stdouts/j3_1_2_2B1_2V1.out
    StdErr = /home/sunip624/IntOpt/./stderrs/j3_1_2_2B1_2V1.err
- Requested resources:
    Timelimit = 04:00:00 ( 14400s )
    MinMemoryNode = 200G ( 204800.000M )
    NumNodes = 1
    NumCPUs = 16
    NumTasks = 1
    CPUs/Task = 16
- Used resources:
    RunTime = 00:01:12 ( 72s )
    MaxRSS = 2213568K ( 2161.688M )
====================
- Important conclusions and remarks:
    * !!! Please, always check if the number of requested cores and nodes matches the need of your program/code !!!
    * !!! Less than 10% of requested walltime used !!! Please, adapt your batch script.
    * !!! Less than 10% of requested main memory used !!! Please, adapt your batch script.

