--------BEG-----------
-6
-3
-5
costs: 65

-5
-3
 0
costs: -50

-4
-3
 5
costs: -165

-3
-3
10
costs: -280

solutions: 4
best solutions: 1
max costs: 65

Slurm Job Summary
*****************
- General information:
    date = Sat Apr 3 19:08:07 CEST 2021
    hostname = node061
- Job information:
    JobId = 900550
    JobName = j3_1_3_1B1_2Vbrute
    UserId = sunip624(67554)
    Account = sunip624
    QOS = normal
    NodeList = node061
    Features = (null)
    Command = /home/sunip624/IntOpt/sbatches/j3_1_3_1B1_2Vbrute.sbatch
    WorkDir = /home/sunip624/IntOpt
    StdOut = /home/sunip624/IntOpt/./stdouts/j3_1_3_1B1_2Vbrute.out
    StdErr = /home/sunip624/IntOpt/./stderrs/j3_1_3_1B1_2Vbrute.err
- Requested resources:
    Timelimit = 04:00:00 ( 14400s )
    MinMemoryNode = 10G ( 10240.000M )
    NumNodes = 1
    NumCPUs = 16
    NumTasks = 1
    CPUs/Task = 16
- Used resources:
    RunTime = 00:00:00 ( 0s )
    MaxRSS = 912K ( 0.891M )
====================
- Important conclusions and remarks:
    * !!! Please, always check if the number of requested cores and nodes matches the need of your program/code !!!
    * !!! Less than 10% of requested walltime used !!! Please, adapt your batch script.
    * !!! Less than 10% of requested main memory used !!! Please, adapt your batch script.

