--------BEG-----------
-8
 6
-1
-3
 7
-2
costs: 264

 2
 4
-2
 4
 7
-2
costs: 207

-8
 6
-1
-3
 5
-1
costs: 220

 2
 4
-2
 4
 5
-1
costs: 163

-8
 6
-1
-3
 3
 0
costs: 176

 2
 4
-2
 4
 3
 0
costs: 119

-8
 6
-1
-3
 1
 1
costs: 132

 2
 4
-2
 4
 1
 1
costs: 75

-8
 6
-1
-3
-1
 2
costs: 88

 2
 4
-2
 4
-1
 2
costs: 31

-8
 6
-1
-3
-3
 3
costs: 44

 2
 4
-2
 4
-3
 3
costs: -13

-8
 6
-1
-3
-5
 4
costs: 0

 2
 4
-2
 4
-5
 4
costs: -57

-8
 6
-1
-3
-7
 5
costs: -44

 2
 4
-2
 4
-7
 5
costs: -101

solutions: 16
best solutions: 1
max costs: 264

Slurm Job Summary
*****************
- General information:
    date = Sat Apr 3 19:09:08 CEST 2021
    hostname = node061
- Job information:
    JobId = 900556
    JobName = j3_1_3_2B1_2Vbrute
    UserId = sunip624(67554)
    Account = sunip624
    QOS = normal
    NodeList = node061
    Features = (null)
    Command = /home/sunip624/IntOpt/sbatches/j3_1_3_2B1_2Vbrute.sbatch
    WorkDir = /home/sunip624/IntOpt
    StdOut = /home/sunip624/IntOpt/./stdouts/j3_1_3_2B1_2Vbrute.out
    StdErr = /home/sunip624/IntOpt/./stderrs/j3_1_3_2B1_2Vbrute.err
- Requested resources:
    Timelimit = 04:00:00 ( 14400s )
    MinMemoryNode = 10G ( 10240.000M )
    NumNodes = 1
    NumCPUs = 16
    NumTasks = 1
    CPUs/Task = 16
- Used resources:
    RunTime = 00:00:00 ( 0s )
    MaxRSS = 916K ( 0.895M )
====================
- Important conclusions and remarks:
    * !!! Please, always check if the number of requested cores and nodes matches the need of your program/code !!!
    * !!! Less than 10% of requested walltime used !!! Please, adapt your batch script.
    * !!! Less than 10% of requested main memory used !!! Please, adapt your batch script.

