--------BEG-----------
 10
 -6
 10
  3
  0
 10
  8
  7
-10
costs: -7

 8
 4
-9
 8
 8
 3
-4
-4
-5
costs: 299

solutions: 2
best solutions: 1
max costs: 299

Slurm Job Summary
*****************
- General information:
    date = Sat Apr 3 19:18:06 CEST 2021
    hostname = node037
- Job information:
    JobId = 900525
    JobName = j3_1_1_3B2_0Vbrute
    UserId = sunip624(67554)
    Account = sunip624
    QOS = normal
    NodeList = node037
    Features = (null)
    Command = /home/sunip624/IntOpt/sbatches/j3_1_1_3B2_0Vbrute.sbatch
    WorkDir = /home/sunip624/IntOpt
    StdOut = /home/sunip624/IntOpt/./stdouts/j3_1_1_3B2_0Vbrute.out
    StdErr = /home/sunip624/IntOpt/./stderrs/j3_1_1_3B2_0Vbrute.err
- Requested resources:
    Timelimit = 04:00:00 ( 14400s )
    MinMemoryNode = 10G ( 10240.000M )
    NumNodes = 1
    NumCPUs = 16
    NumTasks = 1
    CPUs/Task = 16
- Used resources:
    RunTime = 00:12:59 ( 779s )
    MaxRSS = 908K ( 0.887M )
====================
- Important conclusions and remarks:
    * !!! Please, always check if the number of requested cores and nodes matches the need of your program/code !!!
    * !!! Less than 10% of requested walltime used !!! Please, adapt your batch script.
    * !!! Less than 10% of requested main memory used !!! Please, adapt your batch script.

