--------BEG-----------
 -1
 -8
 14
 -6
 19
 10
 15
-13
-10
costs: 163

 -5
-17
 11
-11
  1
 -6
 13
-13
 -8
costs: -190

solutions: 2
best solutions: 1
max costs: 163

Slurm Job Summary
*****************
- General information:
    date = Sat Apr 3 19:12:17 CEST 2021
    hostname = node082
- Job information:
    JobId = 900567
    JobName = j3_1_3_3B4_0Vbrute
    UserId = sunip624(67554)
    Account = sunip624
    QOS = normal
    NodeList = node082
    Features = (null)
    Command = /home/sunip624/IntOpt/sbatches/j3_1_3_3B4_0Vbrute.sbatch
    WorkDir = /home/sunip624/IntOpt
    StdOut = /home/sunip624/IntOpt/./stdouts/j3_1_3_3B4_0Vbrute.out
    StdErr = /home/sunip624/IntOpt/./stderrs/j3_1_3_3B4_0Vbrute.err
- Requested resources:
    Timelimit = 04:00:00 ( 14400s )
    MinMemoryNode = 10G ( 10240.000M )
    NumNodes = 1
    NumCPUs = 16
    NumTasks = 1
    CPUs/Task = 16
- Used resources:
    RunTime = 00:01:10 ( 70s )
    MaxRSS = 912K ( 0.891M )
====================
- Important conclusions and remarks:
    * !!! Please, always check if the number of requested cores and nodes matches the need of your program/code !!!
    * !!! Less than 10% of requested walltime used !!! Please, adapt your batch script.
    * !!! Less than 10% of requested main memory used !!! Please, adapt your batch script.

