--------BEG-----------
  5
 -9
  9
-12
 10
  0
costs: -284

-12
  0
  3
 14
-10
 30
costs: -286

solutions: 2
best solutions: 1
max costs: -284

Slurm Job Summary
*****************
- General information:
    date = Sat Apr 3 19:06:23 CEST 2021
    hostname = node061
- Job information:
    JobId = 900539
    JobName = j3_1_2_2B5_0Vbrute
    UserId = sunip624(67554)
    Account = sunip624
    QOS = normal
    NodeList = node061
    Features = (null)
    Command = /home/sunip624/IntOpt/sbatches/j3_1_2_2B5_0Vbrute.sbatch
    WorkDir = /home/sunip624/IntOpt
    StdOut = /home/sunip624/IntOpt/./stdouts/j3_1_2_2B5_0Vbrute.out
    StdErr = /home/sunip624/IntOpt/./stderrs/j3_1_2_2B5_0Vbrute.err
- Requested resources:
    Timelimit = 04:00:00 ( 14400s )
    MinMemoryNode = 10G ( 10240.000M )
    NumNodes = 1
    NumCPUs = 16
    NumTasks = 1
    CPUs/Task = 16
- Used resources:
    RunTime = 00:00:16 ( 16s )
    MaxRSS = 916K ( 0.895M )
====================
- Important conclusions and remarks:
    * !!! Please, always check if the number of requested cores and nodes matches the need of your program/code !!!
    * !!! Less than 10% of requested walltime used !!! Please, adapt your batch script.
    * !!! Less than 10% of requested main memory used !!! Please, adapt your batch script.

