--------BEG-----------
 -7
 -7
 -2
  6
 10
-11
costs: 221

10
 1
17
 6
-7
17
costs: -851

solutions: 2
best solutions: 1
max costs: 221

Slurm Job Summary
*****************
- General information:
    date = Sat Apr 3 19:10:12 CEST 2021
    hostname = node039
- Job information:
    JobId = 900558
    JobName = j3_1_3_2B4_0Vbrute
    UserId = sunip624(67554)
    Account = sunip624
    QOS = normal
    NodeList = node039
    Features = (null)
    Command = /home/sunip624/IntOpt/sbatches/j3_1_3_2B4_0Vbrute.sbatch
    WorkDir = /home/sunip624/IntOpt
    StdOut = /home/sunip624/IntOpt/./stdouts/j3_1_3_2B4_0Vbrute.out
    StdErr = /home/sunip624/IntOpt/./stderrs/j3_1_3_2B4_0Vbrute.err
- Requested resources:
    Timelimit = 04:00:00 ( 14400s )
    MinMemoryNode = 10G ( 10240.000M )
    NumNodes = 1
    NumCPUs = 16
    NumTasks = 1
    CPUs/Task = 16
- Used resources:
    RunTime = 00:00:05 ( 5s )
    MaxRSS = 916K ( 0.895M )
====================
- Important conclusions and remarks:
    * !!! Please, always check if the number of requested cores and nodes matches the need of your program/code !!!
    * !!! Less than 10% of requested walltime used !!! Please, adapt your batch script.
    * !!! Less than 10% of requested main memory used !!! Please, adapt your batch script.

