--------BEG-----------
 29
  1
-21
 23
 24
-12
 14
-25
 -5
costs: -613

  7
 12
-16
 23
 24
-12
 14
-25
 -5
costs: -192

 29
  2
-21
 23
 24
-10
 14
-25
 -5
costs: -695

  7
 13
-16
 23
 24
-10
 14
-25
 -5
costs: -274

 29
  3
-21
 23
 24
 -8
 14
-25
 -5
costs: -777

 29
  4
-21
 23
 24
 -6
 14
-25
 -5
costs: -859

 29
  5
-21
 23
 24
 -4
 14
-25
 -5
costs: -941

 29
  6
-21
 23
 24
 -2
 14
-25
 -5
costs: -1023

 29
  7
-21
 23
 24
  0
 14
-25
 -5
costs: -1105

 29
  8
-21
 23
 24
  2
 14
-25
 -5
costs: -1187

 29
  9
-21
 23
 24
  4
 14
-25
 -5
costs: -1269

 29
  0
-21
 14
 22
-12
 13
-16
 -5
costs: -764

  7
 11
-16
 14
 22
-12
 13
-16
 -5
costs: -343

 29
-19
-21
 23
 24
-12
 13
-16
 -5
costs: -241

  7
 -8
-16
 23
 24
-12
 13
-16
 -5
costs: 180

-15
  3
-11
 23
 24
-12
 13
-16
 -5
costs: 601

 29
  1
-21
 14
 22
-10
 13
-16
 -5
costs: -846

  7
 12
-16
 14
 22
-10
 13
-16
 -5
costs: -425

 29
-18
-21
 23
 24
-10
 13
-16
 -5
costs: -323

  7
 -7
-16
 23
 24
-10
 13
-16
 -5
costs: 98

-15
  4
-11
 23
 24
-10
 13
-16
 -5
costs: 519

 29
  2
-21
 14
 22
 -8
 13
-16
 -5
costs: -928

  7
 13
-16
 14
 22
 -8
 13
-16
 -5
costs: -507

 29
-17
-21
 23
 24
 -8
 13
-16
 -5
costs: -405

  7
 -6
-16
 23
 24
 -8
 13
-16
 -5
costs: 16

-15
  5
-11
 23
 24
 -8
 13
-16
 -5
costs: 437

 29
  3
-21
 14
 22
 -6
 13
-16
 -5
costs: -1010

 29
-16
-21
 23
 24
 -6
 13
-16
 -5
costs: -487

  7
 -5
-16
 23
 24
 -6
 13
-16
 -5
costs: -66

-15
  6
-11
 23
 24
 -6
 13
-16
 -5
costs: 355

 29
  4
-21
 14
 22
 -4
 13
-16
 -5
costs: -1092

 29
-15
-21
 23
 24
 -4
 13
-16
 -5
costs: -569

  7
 -4
-16
 23
 24
 -4
 13
-16
 -5
costs: -148

-15
  7
-11
 23
 24
 -4
 13
-16
 -5
costs: 273

 29
  5
-21
 14
 22
 -2
 13
-16
 -5
costs: -1174

 29
-14
-21
 23
 24
 -2
 13
-16
 -5
costs: -651

  7
 -3
-16
 23
 24
 -2
 13
-16
 -5
costs: -230

-15
  8
-11
 23
 24
 -2
 13
-16
 -5
costs: 191

 29
  6
-21
 14
 22
  0
 13
-16
 -5
costs: -1256

 29
-13
-21
 23
 24
  0
 13
-16
 -5
costs: -733

  7
 -2
-16
 23
 24
  0
 13
-16
 -5
costs: -312

-15
  9
-11
 23
 24
  0
 13
-16
 -5
costs: 109

 29
  7
-21
 14
 22
  2
 13
-16
 -5
costs: -1338

 29
-12
-21
 23
 24
  2
 13
-16
 -5
costs: -815

  7
 -1
-16
 23
 24
  2
 13
-16
 -5
costs: -394

-15
 10
-11
 23
 24
  2
 13
-16
 -5
costs: 27

 29
  8
-21
 14
 22
  4
 13
-16
 -5
costs: -1420

 29
-11
-21
 23
 24
  4
 13
-16
 -5
costs: -897

  7
  0
-16
 23
 24
  4
 13
-16
 -5
costs: -476

-15
 11
-11
 23
 24
  4
 13
-16
 -5
costs: -55

 29
-20
-21
 14
 22
-12
 12
 -7
 -5
costs: -392

  7
 -9
-16
 14
 22
-12
 12
 -7
 -5
costs: 29

-15
  2
-11
 14
 22
-12
 12
 -7
 -5
costs: 450

  7
-28
-16
 23
 24
-12
 12
 -7
 -5
costs: 552

-15
-17
-11
 23
 24
-12
 12
 -7
 -5
costs: 973

 29
-19
-21
 14
 22
-10
 12
 -7
 -5
costs: -474

  7
 -8
-16
 14
 22
-10
 12
 -7
 -5
costs: -53

-15
  3
-11
 14
 22
-10
 12
 -7
 -5
costs: 368

  7
-27
-16
 23
 24
-10
 12
 -7
 -5
costs: 470

-15
-16
-11
 23
 24
-10
 12
 -7
 -5
costs: 891

 29
-18
-21
 14
 22
 -8
 12
 -7
 -5
costs: -556

  7
 -7
-16
 14
 22
 -8
 12
 -7
 -5
costs: -135

-15
  4
-11
 14
 22
 -8
 12
 -7
 -5
costs: 286

  7
-26
-16
 23
 24
 -8
 12
 -7
 -5
costs: 388

-15
-15
-11
 23
 24
 -8
 12
 -7
 -5
costs: 809

 29
-17
-21
 14
 22
 -6
 12
 -7
 -5
costs: -638

  7
 -6
-16
 14
 22
 -6
 12
 -7
 -5
costs: -217

-15
  5
-11
 14
 22
 -6
 12
 -7
 -5
costs: 204

  7
-25
-16
 23
 24
 -6
 12
 -7
 -5
costs: 306

-15
-14
-11
 23
 24
 -6
 12
 -7
 -5
costs: 727

 29
-16
-21
 14
 22
 -4
 12
 -7
 -5
costs: -720

  7
 -5
-16
 14
 22
 -4
 12
 -7
 -5
costs: -299

-15
  6
-11
 14
 22
 -4
 12
 -7
 -5
costs: 122

  7
-24
-16
 23
 24
 -4
 12
 -7
 -5
costs: 224

-15
-13
-11
 23
 24
 -4
 12
 -7
 -5
costs: 645

 29
-15
-21
 14
 22
 -2
 12
 -7
 -5
costs: -802

  7
 -4
-16
 14
 22
 -2
 12
 -7
 -5
costs: -381

-15
  7
-11
 14
 22
 -2
 12
 -7
 -5
costs: 40

  7
-23
-16
 23
 24
 -2
 12
 -7
 -5
costs: 142

-15
-12
-11
 23
 24
 -2
 12
 -7
 -5
costs: 563

 29
-14
-21
 14
 22
  0
 12
 -7
 -5
costs: -884

  7
 -3
-16
 14
 22
  0
 12
 -7
 -5
costs: -463

-15
  8
-11
 14
 22
  0
 12
 -7
 -5
costs: -42

  7
-22
-16
 23
 24
  0
 12
 -7
 -5
costs: 60

-15
-11
-11
 23
 24
  0
 12
 -7
 -5
costs: 481

 29
-13
-21
 14
 22
  2
 12
 -7
 -5
costs: -966

  7
 -2
-16
 14
 22
  2
 12
 -7
 -5
costs: -545

-15
  9
-11
 14
 22
  2
 12
 -7
 -5
costs: -124

  7
-21
-16
 23
 24
  2
 12
 -7
 -5
costs: -22

-15
-10
-11
 23
 24
  2
 12
 -7
 -5
costs: 399

 29
-12
-21
 14
 22
  4
 12
 -7
 -5
costs: -1048

  7
 -1
-16
 14
 22
  4
 12
 -7
 -5
costs: -627

-15
 10
-11
 14
 22
  4
 12
 -7
 -5
costs: -206

  7
-20
-16
 23
 24
  4
 12
 -7
 -5
costs: -104

-15
 -9
-11
 23
 24
  4
 12
 -7
 -5
costs: 317

  7
-29
-16
 14
 22
-12
 11
  2
 -5
costs: 401

-15
-18
-11
 14
 22
-12
 11
  2
 -5
costs: 822

  7
-28
-16
 14
 22
-10
 11
  2
 -5
costs: 319

-15
-17
-11
 14
 22
-10
 11
  2
 -5
costs: 740

  7
-27
-16
 14
 22
 -8
 11
  2
 -5
costs: 237

-15
-16
-11
 14
 22
 -8
 11
  2
 -5
costs: 658

  7
-26
-16
 14
 22
 -6
 11
  2
 -5
costs: 155

-15
-15
-11
 14
 22
 -6
 11
  2
 -5
costs: 576

  7
-25
-16
 14
 22
 -4
 11
  2
 -5
costs: 73

-15
-14
-11
 14
 22
 -4
 11
  2
 -5
costs: 494

  7
-24
-16
 14
 22
 -2
 11
  2
 -5
costs: -9

-15
-13
-11
 14
 22
 -2
 11
  2
 -5
costs: 412

  7
-23
-16
 14
 22
  0
 11
  2
 -5
costs: -91

-15
-12
-11
 14
 22
  0
 11
  2
 -5
costs: 330

  7
-22
-16
 14
 22
  2
 11
  2
 -5
costs: -173

-15
-11
-11
 14
 22
  2
 11
  2
 -5
costs: 248

  7
-21
-16
 14
 22
  4
 11
  2
 -5
costs: -255

-15
-10
-11
 14
 22
  4
 11
  2
 -5
costs: 166

-15
-29
-11
 23
 24
  4
 11
  2
 -5
costs: 689

 29
  4
-21
 23
 24
-12
 14
-26
 -4
costs: -650

 29
  5
-21
 23
 24
-10
 14
-26
 -4
costs: -732

 29
  6
-21
 23
 24
 -8
 14
-26
 -4
costs: -814

 29
  7
-21
 23
 24
 -6
 14
-26
 -4
costs: -896

 29
  8
-21
 23
 24
 -4
 14
-26
 -4
costs: -978

 29
  9
-21
 23
 24
 -2
 14
-26
 -4
costs: -1060

 29
 10
-21
 23
 24
  0
 14
-26
 -4
costs: -1142

 29
 11
-21
 23
 24
  2
 14
-26
 -4
costs: -1224

 29
 12
-21
 23
 24
  4
 14
-26
 -4
costs: -1306

 29
  3
-21
 14
 22
-12
 13
-17
 -4
costs: -801

 29
-16
-21
 23
 24
-12
 13
-17
 -4
costs: -278

  7
 -5
-16
 23
 24
-12
 13
-17
 -4
costs: 143

-15
  6
-11
 23
 24
-12
 13
-17
 -4
costs: 564

 29
  4
-21
 14
 22
-10
 13
-17
 -4
costs: -883

 29
-15
-21
 23
 24
-10
 13
-17
 -4
costs: -360

  7
 -4
-16
 23
 24
-10
 13
-17
 -4
costs: 61

-15
  7
-11
 23
 24
-10
 13
-17
 -4
costs: 482

 29
  5
-21
 14
 22
 -8
 13
-17
 -4
costs: -965

 29
-14
-21
 23
 24
 -8
 13
-17
 -4
costs: -442

  7
 -3
-16
 23
 24
 -8
 13
-17
 -4
costs: -21

-15
  8
-11
 23
 24
 -8
 13
-17
 -4
costs: 400

 29
  6
-21
 14
 22
 -6
 13
-17
 -4
costs: -1047

 29
-13
-21
 23
 24
 -6
 13
-17
 -4
costs: -524

  7
 -2
-16
 23
 24
 -6
 13
-17
 -4
costs: -103

-15
  9
-11
 23
 24
 -6
 13
-17
 -4
costs: 318

 29
  7
-21
 14
 22
 -4
 13
-17
 -4
costs: -1129

 29
-12
-21
 23
 24
 -4
 13
-17
 -4
costs: -606

  7
 -1
-16
 23
 24
 -4
 13
-17
 -4
costs: -185

-15
 10
-11
 23
 24
 -4
 13
-17
 -4
costs: 236

 29
  8
-21
 14
 22
 -2
 13
-17
 -4
costs: -1211

 29
-11
-21
 23
 24
 -2
 13
-17
 -4
costs: -688

  7
  0
-16
 23
 24
 -2
 13
-17
 -4
costs: -267

-15
 11
-11
 23
 24
 -2
 13
-17
 -4
costs: 154

 29
  9
-21
 14
 22
  0
 13
-17
 -4
costs: -1293

 29
-10
-21
 23
 24
  0
 13
-17
 -4
costs: -770

  7
  1
-16
 23
 24
  0
 13
-17
 -4
costs: -349

-15
 12
-11
 23
 24
  0
 13
-17
 -4
costs: 72

 29
 10
-21
 14
 22
  2
 13
-17
 -4
costs: -1375

 29
 -9
-21
 23
 24
  2
 13
-17
 -4
costs: -852

  7
  2
-16
 23
 24
  2
 13
-17
 -4
costs: -431

-15
 13
-11
 23
 24
  2
 13
-17
 -4
costs: -10

 29
 11
-21
 14
 22
  4
 13
-17
 -4
costs: -1457

 29
 -8
-21
 23
 24
  4
 13
-17
 -4
costs: -934

  7
  3
-16
 23
 24
  4
 13
-17
 -4
costs: -513

 29
-17
-21
 14
 22
-12
 12
 -8
 -4
costs: -429

  7
 -6
-16
 14
 22
-12
 12
 -8
 -4
costs: -8

-15
  5
-11
 14
 22
-12
 12
 -8
 -4
costs: 413

  7
-25
-16
 23
 24
-12
 12
 -8
 -4
costs: 515

-15
-14
-11
 23
 24
-12
 12
 -8
 -4
costs: 936

 29
-16
-21
 14
 22
-10
 12
 -8
 -4
costs: -511

  7
 -5
-16
 14
 22
-10
 12
 -8
 -4
costs: -90

-15
  6
-11
 14
 22
-10
 12
 -8
 -4
costs: 331

  7
-24
-16
 23
 24
-10
 12
 -8
 -4
costs: 433

-15
-13
-11
 23
 24
-10
 12
 -8
 -4
costs: 854

 29
-15
-21
 14
 22
 -8
 12
 -8
 -4
costs: -593

  7
 -4
-16
 14
 22
 -8
 12
 -8
 -4
costs: -172

-15
  7
-11
 14
 22
 -8
 12
 -8
 -4
costs: 249

  7
-23
-16
 23
 24
 -8
 12
 -8
 -4
costs: 351

-15
-12
-11
 23
 24
 -8
 12
 -8
 -4
costs: 772

 29
-14
-21
 14
 22
 -6
 12
 -8
 -4
costs: -675

  7
 -3
-16
 14
 22
 -6
 12
 -8
 -4
costs: -254

-15
  8
-11
 14
 22
 -6
 12
 -8
 -4
costs: 167

  7
-22
-16
 23
 24
 -6
 12
 -8
 -4
costs: 269

-15
-11
-11
 23
 24
 -6
 12
 -8
 -4
costs: 690

 29
-13
-21
 14
 22
 -4
 12
 -8
 -4
costs: -757

  7
 -2
-16
 14
 22
 -4
 12
 -8
 -4
costs: -336

-15
  9
-11
 14
 22
 -4
 12
 -8
 -4
costs: 85

  7
-21
-16
 23
 24
 -4
 12
 -8
 -4
costs: 187

-15
-10
-11
 23
 24
 -4
 12
 -8
 -4
costs: 608

 29
-12
-21
 14
 22
 -2
 12
 -8
 -4
costs: -839

  7
 -1
-16
 14
 22
 -2
 12
 -8
 -4
costs: -418

-15
 10
-11
 14
 22
 -2
 12
 -8
 -4
costs: 3

  7
-20
-16
 23
 24
 -2
 12
 -8
 -4
costs: 105

-15
 -9
-11
 23
 24
 -2
 12
 -8
 -4
costs: 526

 29
-11
-21
 14
 22
  0
 12
 -8
 -4
costs: -921

  7
  0
-16
 14
 22
  0
 12
 -8
 -4
costs: -500

-15
 11
-11
 14
 22
  0
 12
 -8
 -4
costs: -79

  7
-19
-16
 23
 24
  0
 12
 -8
 -4
costs: 23

-15
 -8
-11
 23
 24
  0
 12
 -8
 -4
costs: 444

 29
-10
-21
 14
 22
  2
 12
 -8
 -4
costs: -1003

  7
  1
-16
 14
 22
  2
 12
 -8
 -4
costs: -582

-15
 12
-11
 14
 22
  2
 12
 -8
 -4
costs: -161

 29
-29
-21
 23
 24
  2
 12
 -8
 -4
costs: -480

  7
-18
-16
 23
 24
  2
 12
 -8
 -4
costs: -59

-15
 -7
-11
 23
 24
  2
 12
 -8
 -4
costs: 362

 29
 -9
-21
 14
 22
  4
 12
 -8
 -4
costs: -1085

  7
  2
-16
 14
 22
  4
 12
 -8
 -4
costs: -664

-15
 13
-11
 14
 22
  4
 12
 -8
 -4
costs: -243

 29
-28
-21
 23
 24
  4
 12
 -8
 -4
costs: -562

  7
-17
-16
 23
 24
  4
 12
 -8
 -4
costs: -141

-15
 -6
-11
 23
 24
  4
 12
 -8
 -4
costs: 280

  7
-26
-16
 14
 22
-12
 11
  1
 -4
costs: 364

-15
-15
-11
 14
 22
-12
 11
  1
 -4
costs: 785

  7
-25
-16
 14
 22
-10
 11
  1
 -4
costs: 282

-15
-14
-11
 14
 22
-10
 11
  1
 -4
costs: 703

  7
-24
-16
 14
 22
 -8
 11
  1
 -4
costs: 200

-15
-13
-11
 14
 22
 -8
 11
  1
 -4
costs: 621

  7
-23
-16
 14
 22
 -6
 11
  1
 -4
costs: 118

-15
-12
-11
 14
 22
 -6
 11
  1
 -4
costs: 539

  7
-22
-16
 14
 22
 -4
 11
  1
 -4
costs: 36

-15
-11
-11
 14
 22
 -4
 11
  1
 -4
costs: 457

  7
-21
-16
 14
 22
 -2
 11
  1
 -4
costs: -46

-15
-10
-11
 14
 22
 -2
 11
  1
 -4
costs: 375

-15
-29
-11
 23
 24
 -2
 11
  1
 -4
costs: 898

  7
-20
-16
 14
 22
  0
 11
  1
 -4
costs: -128

-15
 -9
-11
 14
 22
  0
 11
  1
 -4
costs: 293

-15
-28
-11
 23
 24
  0
 11
  1
 -4
costs: 816

  7
-19
-16
 14
 22
  2
 11
  1
 -4
costs: -210

-15
 -8
-11
 14
 22
  2
 11
  1
 -4
costs: 211

-15
-27
-11
 23
 24
  2
 11
  1
 -4
costs: 734

 29
-29
-21
 14
 22
  4
 11
  1
 -4
costs: -713

  7
-18
-16
 14
 22
  4
 11
  1
 -4
costs: -292

-15
 -7
-11
 14
 22
  4
 11
  1
 -4
costs: 129

-15
-26
-11
 23
 24
  4
 11
  1
 -4
costs: 652

-15
-29
-11
 14
 22
  0
 10
 10
 -4
costs: 665

-15
-28
-11
 14
 22
  2
 10
 10
 -4
costs: 583

-15
-27
-11
 14
 22
  4
 10
 10
 -4
costs: 501

 29
  7
-21
 23
 24
-12
 14
-27
 -3
costs: -687

 29
  8
-21
 23
 24
-10
 14
-27
 -3
costs: -769

 29
  9
-21
 23
 24
 -8
 14
-27
 -3
costs: -851

 29
 10
-21
 23
 24
 -6
 14
-27
 -3
costs: -933

 29
 11
-21
 23
 24
 -4
 14
-27
 -3
costs: -1015

 29
 12
-21
 23
 24
 -2
 14
-27
 -3
costs: -1097

 29
 13
-21
 23
 24
  0
 14
-27
 -3
costs: -1179

 29
  6
-21
 14
 22
-12
 13
-18
 -3
costs: -838

 29
-13
-21
 23
 24
-12
 13
-18
 -3
costs: -315

  7
 -2
-16
 23
 24
-12
 13
-18
 -3
costs: 106

-15
  9
-11
 23
 24
-12
 13
-18
 -3
costs: 527

 29
  7
-21
 14
 22
-10
 13
-18
 -3
costs: -920

 29
-12
-21
 23
 24
-10
 13
-18
 -3
costs: -397

  7
 -1
-16
 23
 24
-10
 13
-18
 -3
costs: 24

-15
 10
-11
 23
 24
-10
 13
-18
 -3
costs: 445

 29
  8
-21
 14
 22
 -8
 13
-18
 -3
costs: -1002

 29
-11
-21
 23
 24
 -8
 13
-18
 -3
costs: -479

  7
  0
-16
 23
 24
 -8
 13
-18
 -3
costs: -58

-15
 11
-11
 23
 24
 -8
 13
-18
 -3
costs: 363

 29
  9
-21
 14
 22
 -6
 13
-18
 -3
costs: -1084

 29
-10
-21
 23
 24
 -6
 13
-18
 -3
costs: -561

  7
  1
-16
 23
 24
 -6
 13
-18
 -3
costs: -140

-15
 12
-11
 23
 24
 -6
 13
-18
 -3
costs: 281

 29
 10
-21
 14
 22
 -4
 13
-18
 -3
costs: -1166

 29
 -9
-21
 23
 24
 -4
 13
-18
 -3
costs: -643

  7
  2
-16
 23
 24
 -4
 13
-18
 -3
costs: -222

-15
 13
-11
 23
 24
 -4
 13
-18
 -3
costs: 199

 29
 11
-21
 14
 22
 -2
 13
-18
 -3
costs: -1248

 29
 -8
-21
 23
 24
 -2
 13
-18
 -3
costs: -725

  7
  3
-16
 23
 24
 -2
 13
-18
 -3
costs: -304

 29
 12
-21
 14
 22
  0
 13
-18
 -3
costs: -1330

 29
 -7
-21
 23
 24
  0
 13
-18
 -3
costs: -807

  7
  4
-16
 23
 24
  0
 13
-18
 -3
costs: -386

 29
 13
-21
 14
 22
  2
 13
-18
 -3
costs: -1412

 29
 -6
-21
 23
 24
  2
 13
-18
 -3
costs: -889

  7
  5
-16
 23
 24
  2
 13
-18
 -3
costs: -468

 29
 -5
-21
 23
 24
  4
 13
-18
 -3
costs: -971

  7
  6
-16
 23
 24
  4
 13
-18
 -3
costs: -550

 29
-14
-21
 14
 22
-12
 12
 -9
 -3
costs: -466

  7
 -3
-16
 14
 22
-12
 12
 -9
 -3
costs: -45

-15
  8
-11
 14
 22
-12
 12
 -9
 -3
costs: 376

  7
-22
-16
 23
 24
-12
 12
 -9
 -3
costs: 478

-15
-11
-11
 23
 24
-12
 12
 -9
 -3
costs: 899

 29
-13
-21
 14
 22
-10
 12
 -9
 -3
costs: -548

  7
 -2
-16
 14
 22
-10
 12
 -9
 -3
costs: -127

-15
  9
-11
 14
 22
-10
 12
 -9
 -3
costs: 294

  7
-21
-16
 23
 24
-10
 12
 -9
 -3
costs: 396

-15
-10
-11
 23
 24
-10
 12
 -9
 -3
costs: 817

 29
-12
-21
 14
 22
 -8
 12
 -9
 -3
costs: -630

  7
 -1
-16
 14
 22
 -8
 12
 -9
 -3
costs: -209

-15
 10
-11
 14
 22
 -8
 12
 -9
 -3
costs: 212

  7
-20
-16
 23
 24
 -8
 12
 -9
 -3
costs: 314

-15
 -9
-11
 23
 24
 -8
 12
 -9
 -3
costs: 735

 29
-11
-21
 14
 22
 -6
 12
 -9
 -3
costs: -712

  7
  0
-16
 14
 22
 -6
 12
 -9
 -3
costs: -291

-15
 11
-11
 14
 22
 -6
 12
 -9
 -3
costs: 130

  7
-19
-16
 23
 24
 -6
 12
 -9
 -3
costs: 232

-15
 -8
-11
 23
 24
 -6
 12
 -9
 -3
costs: 653

 29
-10
-21
 14
 22
 -4
 12
 -9
 -3
costs: -794

  7
  1
-16
 14
 22
 -4
 12
 -9
 -3
costs: -373

-15
 12
-11
 14
 22
 -4
 12
 -9
 -3
costs: 48

 29
-29
-21
 23
 24
 -4
 12
 -9
 -3
costs: -271

  7
-18
-16
 23
 24
 -4
 12
 -9
 -3
costs: 150

-15
 -7
-11
 23
 24
 -4
 12
 -9
 -3
costs: 571

 29
 -9
-21
 14
 22
 -2
 12
 -9
 -3
costs: -876

  7
  2
-16
 14
 22
 -2
 12
 -9
 -3
costs: -455

-15
 13
-11
 14
 22
 -2
 12
 -9
 -3
costs: -34

 29
-28
-21
 23
 24
 -2
 12
 -9
 -3
costs: -353

  7
-17
-16
 23
 24
 -2
 12
 -9
 -3
costs: 68

-15
 -6
-11
 23
 24
 -2
 12
 -9
 -3
costs: 489

 29
 -8
-21
 14
 22
  0
 12
 -9
 -3
costs: -958

  7
  3
-16
 14
 22
  0
 12
 -9
 -3
costs: -537

 29
-27
-21
 23
 24
  0
 12
 -9
 -3
costs: -435

  7
-16
-16
 23
 24
  0
 12
 -9
 -3
costs: -14

-15
 -5
-11
 23
 24
  0
 12
 -9
 -3
costs: 407

 29
 -7
-21
 14
 22
  2
 12
 -9
 -3
costs: -1040

  7
  4
-16
 14
 22
  2
 12
 -9
 -3
costs: -619

 29
-26
-21
 23
 24
  2
 12
 -9
 -3
costs: -517

  7
-15
-16
 23
 24
  2
 12
 -9
 -3
costs: -96

-15
 -4
-11
 23
 24
  2
 12
 -9
 -3
costs: 325

 29
 -6
-21
 14
 22
  4
 12
 -9
 -3
costs: -1122

  7
  5
-16
 14
 22
  4
 12
 -9
 -3
costs: -701

 29
-25
-21
 23
 24
  4
 12
 -9
 -3
costs: -599

  7
-14
-16
 23
 24
  4
 12
 -9
 -3
costs: -178

-15
 -3
-11
 23
 24
  4
 12
 -9
 -3
costs: 243

  7
-23
-16
 14
 22
-12
 11
  0
 -3
costs: 327

-15
-12
-11
 14
 22
-12
 11
  0
 -3
costs: 748

  7
-22
-16
 14
 22
-10
 11
  0
 -3
costs: 245

-15
-11
-11
 14
 22
-10
 11
  0
 -3
costs: 666

  7
-21
-16
 14
 22
 -8
 11
  0
 -3
costs: 163

-15
-10
-11
 14
 22
 -8
 11
  0
 -3
costs: 584

-15
-29
-11
 23
 24
 -8
 11
  0
 -3
costs: 1107

  7
-20
-16
 14
 22
 -6
 11
  0
 -3
costs: 81

-15
 -9
-11
 14
 22
 -6
 11
  0
 -3
costs: 502

-15
-28
-11
 23
 24
 -6
 11
  0
 -3
costs: 1025

  7
-19
-16
 14
 22
 -4
 11
  0
 -3
costs: -1

-15
 -8
-11
 14
 22
 -4
 11
  0
 -3
costs: 420

-15
-27
-11
 23
 24
 -4
 11
  0
 -3
costs: 943

 29
-29
-21
 14
 22
 -2
 11
  0
 -3
costs: -504

  7
-18
-16
 14
 22
 -2
 11
  0
 -3
costs: -83

-15
 -7
-11
 14
 22
 -2
 11
  0
 -3
costs: 338

-15
-26
-11
 23
 24
 -2
 11
  0
 -3
costs: 861

 29
-28
-21
 14
 22
  0
 11
  0
 -3
costs: -586

  7
-17
-16
 14
 22
  0
 11
  0
 -3
costs: -165

-15
 -6
-11
 14
 22
  0
 11
  0
 -3
costs: 256

-15
-25
-11
 23
 24
  0
 11
  0
 -3
costs: 779

 29
-27
-21
 14
 22
  2
 11
  0
 -3
costs: -668

  7
-16
-16
 14
 22
  2
 11
  0
 -3
costs: -247

-15
 -5
-11
 14
 22
  2
 11
  0
 -3
costs: 174

-15
-24
-11
 23
 24
  2
 11
  0
 -3
costs: 697

 29
-26
-21
 14
 22
  4
 11
  0
 -3
costs: -750

  7
-15
-16
 14
 22
  4
 11
  0
 -3
costs: -329

-15
 -4
-11
 14
 22
  4
 11
  0
 -3
costs: 92

-15
-23
-11
 23
 24
  4
 11
  0
 -3
costs: 615

-15
-29
-11
 14
 22
 -6
 10
  9
 -3
costs: 874

-15
-28
-11
 14
 22
 -4
 10
  9
 -3
costs: 792

-15
-27
-11
 14
 22
 -2
 10
  9
 -3
costs: 710

-15
-26
-11
 14
 22
  0
 10
  9
 -3
costs: 628

-15
-25
-11
 14
 22
  2
 10
  9
 -3
costs: 546

-15
-24
-11
 14
 22
  4
 10
  9
 -3
costs: 464

 29
  9
-21
 14
 22
-12
 13
-19
 -2
costs: -875

 29
-10
-21
 23
 24
-12
 13
-19
 -2
costs: -352

  7
  1
-16
 23
 24
-12
 13
-19
 -2
costs: 69

-15
 12
-11
 23
 24
-12
 13
-19
 -2
costs: 490

 29
 10
-21
 14
 22
-10
 13
-19
 -2
costs: -957

 29
 -9
-21
 23
 24
-10
 13
-19
 -2
costs: -434

  7
  2
-16
 23
 24
-10
 13
-19
 -2
costs: -13

-15
 13
-11
 23
 24
-10
 13
-19
 -2
costs: 408

 29
 11
-21
 14
 22
 -8
 13
-19
 -2
costs: -1039

 29
 -8
-21
 23
 24
 -8
 13
-19
 -2
costs: -516

  7
  3
-16
 23
 24
 -8
 13
-19
 -2
costs: -95

 29
 12
-21
 14
 22
 -6
 13
-19
 -2
costs: -1121

 29
 -7
-21
 23
 24
 -6
 13
-19
 -2
costs: -598

  7
  4
-16
 23
 24
 -6
 13
-19
 -2
costs: -177

 29
 13
-21
 14
 22
 -4
 13
-19
 -2
costs: -1203

 29
 -6
-21
 23
 24
 -4
 13
-19
 -2
costs: -680

  7
  5
-16
 23
 24
 -4
 13
-19
 -2
costs: -259

 29
 -5
-21
 23
 24
 -2
 13
-19
 -2
costs: -762

  7
  6
-16
 23
 24
 -2
 13
-19
 -2
costs: -341

 29
 -4
-21
 23
 24
  0
 13
-19
 -2
costs: -844

  7
  7
-16
 23
 24
  0
 13
-19
 -2
costs: -423

 29
 -3
-21
 23
 24
  2
 13
-19
 -2
costs: -926

  7
  8
-16
 23
 24
  2
 13
-19
 -2
costs: -505

 29
 -2
-21
 23
 24
  4
 13
-19
 -2
costs: -1008

  7
  9
-16
 23
 24
  4
 13
-19
 -2
costs: -587

 29
-11
-21
 14
 22
-12
 12
-10
 -2
costs: -503

  7
  0
-16
 14
 22
-12
 12
-10
 -2
costs: -82

-15
 11
-11
 14
 22
-12
 12
-10
 -2
costs: 339

  7
-19
-16
 23
 24
-12
 12
-10
 -2
costs: 441

-15
 -8
-11
 23
 24
-12
 12
-10
 -2
costs: 862

 29
-10
-21
 14
 22
-10
 12
-10
 -2
costs: -585

  7
  1
-16
 14
 22
-10
 12
-10
 -2
costs: -164

-15
 12
-11
 14
 22
-10
 12
-10
 -2
costs: 257

 29
-29
-21
 23
 24
-10
 12
-10
 -2
costs: -62

  7
-18
-16
 23
 24
-10
 12
-10
 -2
costs: 359

-15
 -7
-11
 23
 24
-10
 12
-10
 -2
costs: 780

 29
 -9
-21
 14
 22
 -8
 12
-10
 -2
costs: -667

  7
  2
-16
 14
 22
 -8
 12
-10
 -2
costs: -246

-15
 13
-11
 14
 22
 -8
 12
-10
 -2
costs: 175

 29
-28
-21
 23
 24
 -8
 12
-10
 -2
costs: -144

  7
-17
-16
 23
 24
 -8
 12
-10
 -2
costs: 277

-15
 -6
-11
 23
 24
 -8
 12
-10
 -2
costs: 698

 29
 -8
-21
 14
 22
 -6
 12
-10
 -2
costs: -749

  7
  3
-16
 14
 22
 -6
 12
-10
 -2
costs: -328

 29
-27
-21
 23
 24
 -6
 12
-10
 -2
costs: -226

  7
-16
-16
 23
 24
 -6
 12
-10
 -2
costs: 195

-15
 -5
-11
 23
 24
 -6
 12
-10
 -2
costs: 616

 29
 -7
-21
 14
 22
 -4
 12
-10
 -2
costs: -831

  7
  4
-16
 14
 22
 -4
 12
-10
 -2
costs: -410

 29
-26
-21
 23
 24
 -4
 12
-10
 -2
costs: -308

  7
-15
-16
 23
 24
 -4
 12
-10
 -2
costs: 113

-15
 -4
-11
 23
 24
 -4
 12
-10
 -2
costs: 534

 29
 -6
-21
 14
 22
 -2
 12
-10
 -2
costs: -913

  7
  5
-16
 14
 22
 -2
 12
-10
 -2
costs: -492

 29
-25
-21
 23
 24
 -2
 12
-10
 -2
costs: -390

  7
-14
-16
 23
 24
 -2
 12
-10
 -2
costs: 31

-15
 -3
-11
 23
 24
 -2
 12
-10
 -2
costs: 452

 29
 -5
-21
 14
 22
  0
 12
-10
 -2
costs: -995

  7
  6
-16
 14
 22
  0
 12
-10
 -2
costs: -574

 29
-24
-21
 23
 24
  0
 12
-10
 -2
costs: -472

  7
-13
-16
 23
 24
  0
 12
-10
 -2
costs: -51

-15
 -2
-11
 23
 24
  0
 12
-10
 -2
costs: 370

 29
 -4
-21
 14
 22
  2
 12
-10
 -2
costs: -1077

  7
  7
-16
 14
 22
  2
 12
-10
 -2
costs: -656

 29
-23
-21
 23
 24
  2
 12
-10
 -2
costs: -554

  7
-12
-16
 23
 24
  2
 12
-10
 -2
costs: -133

-15
 -1
-11
 23
 24
  2
 12
-10
 -2
costs: 288

 29
 -3
-21
 14
 22
  4
 12
-10
 -2
costs: -1159

  7
  8
-16
 14
 22
  4
 12
-10
 -2
costs: -738

 29
-22
-21
 23
 24
  4
 12
-10
 -2
costs: -636

  7
-11
-16
 23
 24
  4
 12
-10
 -2
costs: -215

-15
  0
-11
 23
 24
  4
 12
-10
 -2
costs: 206

  7
-20
-16
 14
 22
-12
 11
 -1
 -2
costs: 290

-15
 -9
-11
 14
 22
-12
 11
 -1
 -2
costs: 711

-15
-28
-11
 23
 24
-12
 11
 -1
 -2
costs: 1234

  7
-19
-16
 14
 22
-10
 11
 -1
 -2
costs: 208

-15
 -8
-11
 14
 22
-10
 11
 -1
 -2
costs: 629

-15
-27
-11
 23
 24
-10
 11
 -1
 -2
costs: 1152

 29
-29
-21
 14
 22
 -8
 11
 -1
 -2
costs: -295

  7
-18
-16
 14
 22
 -8
 11
 -1
 -2
costs: 126

-15
 -7
-11
 14
 22
 -8
 11
 -1
 -2
costs: 547

-15
-26
-11
 23
 24
 -8
 11
 -1
 -2
costs: 1070

 29
-28
-21
 14
 22
 -6
 11
 -1
 -2
costs: -377

  7
-17
-16
 14
 22
 -6
 11
 -1
 -2
costs: 44

-15
 -6
-11
 14
 22
 -6
 11
 -1
 -2
costs: 465

-15
-25
-11
 23
 24
 -6
 11
 -1
 -2
costs: 988

 29
-27
-21
 14
 22
 -4
 11
 -1
 -2
costs: -459

  7
-16
-16
 14
 22
 -4
 11
 -1
 -2
costs: -38

-15
 -5
-11
 14
 22
 -4
 11
 -1
 -2
costs: 383

-15
-24
-11
 23
 24
 -4
 11
 -1
 -2
costs: 906

 29
-26
-21
 14
 22
 -2
 11
 -1
 -2
costs: -541

  7
-15
-16
 14
 22
 -2
 11
 -1
 -2
costs: -120

-15
 -4
-11
 14
 22
 -2
 11
 -1
 -2
costs: 301

-15
-23
-11
 23
 24
 -2
 11
 -1
 -2
costs: 824

 29
-25
-21
 14
 22
  0
 11
 -1
 -2
costs: -623

  7
-14
-16
 14
 22
  0
 11
 -1
 -2
costs: -202

-15
 -3
-11
 14
 22
  0
 11
 -1
 -2
costs: 219

-15
-22
-11
 23
 24
  0
 11
 -1
 -2
costs: 742

 29
-24
-21
 14
 22
  2
 11
 -1
 -2
costs: -705

  7
-13
-16
 14
 22
  2
 11
 -1
 -2
costs: -284

-15
 -2
-11
 14
 22
  2
 11
 -1
 -2
costs: 137

-15
-21
-11
 23
 24
  2
 11
 -1
 -2
costs: 660

 29
-23
-21
 14
 22
  4
 11
 -1
 -2
costs: -787

  7
-12
-16
 14
 22
  4
 11
 -1
 -2
costs: -366

-15
 -1
-11
 14
 22
  4
 11
 -1
 -2
costs: 55

-15
-20
-11
 23
 24
  4
 11
 -1
 -2
costs: 578

-15
-29
-11
 14
 22
-12
 10
  8
 -2
costs: 1083

-15
-28
-11
 14
 22
-10
 10
  8
 -2
costs: 1001

-15
-27
-11
 14
 22
 -8
 10
  8
 -2
costs: 919

-15
-26
-11
 14
 22
 -6
 10
  8
 -2
costs: 837

-15
-25
-11
 14
 22
 -4
 10
  8
 -2
costs: 755

-15
-24
-11
 14
 22
 -2
 10
  8
 -2
costs: 673

-15
-23
-11
 14
 22
  0
 10
  8
 -2
costs: 591

-15
-22
-11
 14
 22
  2
 10
  8
 -2
costs: 509

-15
-21
-11
 14
 22
  4
 10
  8
 -2
costs: 427

