solution:
-10
  7
 10
  8
 -9
 -8
  5
  9
  4
maximum: 180

Slurm Job Summary
*****************
- General information:
    date = Sun Apr 4 02:25:25 CEST 2021
    hostname = node056
- Job information:
    JobId = 899413
    JobName = j3_1_2_3B2_0V1
    UserId = sunip624(67554)
    Account = sunip624
    QOS = normal
    NodeList = node056
    Features = (null)
    Command = /home/sunip624/IntOpt/sbatches/j3_1_2_3B2_0V1.sbatch
    WorkDir = /home/sunip624/IntOpt
    StdOut = /home/sunip624/IntOpt/./stdouts/j3_1_2_3B2_0V1.out
    StdErr = /home/sunip624/IntOpt/./stderrs/j3_1_2_3B2_0V1.err
- Requested resources:
    Timelimit = 04:00:00 ( 14400s )
    MinMemoryNode = 200G ( 204800.000M )
    NumNodes = 1
    NumCPUs = 16
    NumTasks = 1
    CPUs/Task = 16
- Used resources:
    RunTime = 01:18:46 ( 4726s )
    MaxRSS = 36551780K ( 35695.098M )
====================
- Important conclusions and remarks:
    * !!! Please, always check if the number of requested cores and nodes matches the need of your program/code !!!
    * !!! Less than 40% of requested walltime used !!! Please, adapt your batch script.
    * !!! Less than 20% of requested main memory used !!! Please, adapt your batch script.

