--------BEG-----------
-3
 5
 6
 4
10
-3
 1
-7
-8
costs: 152

 5
-6
 6
 7
-4
-4
-4
-2
-3
costs: -108

solutions: 2
best solutions: 1
max costs: 152

Slurm Job Summary
*****************
- General information:
    date = Sat Apr 3 19:05:43 CEST 2021
    hostname = node036
- Job information:
    JobId = 900524
    JobName = j3_1_1_3B3_0Vbrute
    UserId = sunip624(67554)
    Account = sunip624
    QOS = normal
    NodeList = node036
    Features = (null)
    Command = /home/sunip624/IntOpt/sbatches/j3_1_1_3B3_0Vbrute.sbatch
    WorkDir = /home/sunip624/IntOpt
    StdOut = /home/sunip624/IntOpt/./stdouts/j3_1_1_3B3_0Vbrute.out
    StdErr = /home/sunip624/IntOpt/./stderrs/j3_1_1_3B3_0Vbrute.err
- Requested resources:
    Timelimit = 04:00:00 ( 14400s )
    MinMemoryNode = 10G ( 10240.000M )
    NumNodes = 1
    NumCPUs = 16
    NumTasks = 1
    CPUs/Task = 16
- Used resources:
    RunTime = 00:00:36 ( 36s )
    MaxRSS = 912K ( 0.891M )
====================
- Important conclusions and remarks:
    * !!! Please, always check if the number of requested cores and nodes matches the need of your program/code !!!
    * !!! Less than 10% of requested walltime used !!! Please, adapt your batch script.
    * !!! Less than 10% of requested main memory used !!! Please, adapt your batch script.

