--------BEG-----------
  9
-16
  2
  7
-15
-15
costs: 598

  0
 10
 11
  2
-14
 14
costs: 102

solutions: 2
best solutions: 1
max costs: 598

Slurm Job Summary
*****************
- General information:
    date = Sat Apr 3 19:06:09 CEST 2021
    hostname = node082
- Job information:
    JobId = 900536
    JobName = j3_1_2_2B4_0Vbrute
    UserId = sunip624(67554)
    Account = sunip624
    QOS = normal
    NodeList = node082
    Features = (null)
    Command = /home/sunip624/IntOpt/sbatches/j3_1_2_2B4_0Vbrute.sbatch
    WorkDir = /home/sunip624/IntOpt
    StdOut = /home/sunip624/IntOpt/./stdouts/j3_1_2_2B4_0Vbrute.out
    StdErr = /home/sunip624/IntOpt/./stderrs/j3_1_2_2B4_0Vbrute.err
- Requested resources:
    Timelimit = 04:00:00 ( 14400s )
    MinMemoryNode = 10G ( 10240.000M )
    NumNodes = 1
    NumCPUs = 16
    NumTasks = 1
    CPUs/Task = 16
- Used resources:
    RunTime = 00:00:02 ( 2s )
    MaxRSS = 920K ( 0.898M )
====================
- Important conclusions and remarks:
    * !!! Please, always check if the number of requested cores and nodes matches the need of your program/code !!!
    * !!! Less than 10% of requested walltime used !!! Please, adapt your batch script.
    * !!! Less than 10% of requested main memory used !!! Please, adapt your batch script.

