--------BEG-----------
 7
-2
 1
 4
 6
 5
-5
 9
 3
costs: 59

  1
  0
 -8
  1
-10
  4
  0
 -8
  8
costs: -510

solutions: 2
best solutions: 1
max costs: 59

Slurm Job Summary
*****************
- General information:
    date = Sat Apr 3 19:12:50 CEST 2021
    hostname = node061
- Job information:
    JobId = 900562
    JobName = j3_1_3_3B1_0Vbrute
    UserId = sunip624(67554)
    Account = sunip624
    QOS = normal
    NodeList = node061
    Features = (null)
    Command = /home/sunip624/IntOpt/sbatches/j3_1_3_3B1_0Vbrute.sbatch
    WorkDir = /home/sunip624/IntOpt
    StdOut = /home/sunip624/IntOpt/./stdouts/j3_1_3_3B1_0Vbrute.out
    StdErr = /home/sunip624/IntOpt/./stderrs/j3_1_3_3B1_0Vbrute.err
- Requested resources:
    Timelimit = 04:00:00 ( 14400s )
    MinMemoryNode = 10G ( 10240.000M )
    NumNodes = 1
    NumCPUs = 16
    NumTasks = 1
    CPUs/Task = 16
- Used resources:
    RunTime = 00:02:43 ( 163s )
    MaxRSS = 912K ( 0.891M )
====================
- Important conclusions and remarks:
    * !!! Please, always check if the number of requested cores and nodes matches the need of your program/code !!!
    * !!! Less than 10% of requested walltime used !!! Please, adapt your batch script.
    * !!! Less than 10% of requested main memory used !!! Please, adapt your batch script.

