--------BEG-----------
 6
-4
-4
 0
-7
-3
-8
 8
 1
costs: -58

-10
 10
  1
 -2
 -9
 -8
  4
  8
  6
costs: 820

solutions: 2
best solutions: 1
max costs: 820

Slurm Job Summary
*****************
- General information:
    date = Sat Apr 3 19:13:06 CEST 2021
    hostname = node036
- Job information:
    JobId = 900563
    JobName = j3_1_3_3B1_1Vbrute
    UserId = sunip624(67554)
    Account = sunip624
    QOS = normal
    NodeList = node036
    Features = (null)
    Command = /home/sunip624/IntOpt/sbatches/j3_1_3_3B1_1Vbrute.sbatch
    WorkDir = /home/sunip624/IntOpt
    StdOut = /home/sunip624/IntOpt/./stdouts/j3_1_3_3B1_1Vbrute.out
    StdErr = /home/sunip624/IntOpt/./stderrs/j3_1_3_3B1_1Vbrute.err
- Requested resources:
    Timelimit = 04:00:00 ( 14400s )
    MinMemoryNode = 10G ( 10240.000M )
    NumNodes = 1
    NumCPUs = 16
    NumTasks = 1
    CPUs/Task = 16
- Used resources:
    RunTime = 00:01:59 ( 119s )
    MaxRSS = 904K ( 0.883M )
====================
- Important conclusions and remarks:
    * !!! Please, always check if the number of requested cores and nodes matches the need of your program/code !!!
    * !!! Less than 10% of requested walltime used !!! Please, adapt your batch script.
    * !!! Less than 10% of requested main memory used !!! Please, adapt your batch script.

