--------BEG-----------
 1
 4
 3
 4
-9
-6
 1
-3
 1
costs: -41

 -3
 -9
 -7
  6
-11
  4
  1
 -3
  1
costs: 125

 1
 4
 3
 5
-8
-1
 3
-2
 3
costs: -160

 -3
 -9
 -7
  7
-10
  9
  3
 -2
  3
costs: 6

solutions: 4
best solutions: 1
max costs: 125

Slurm Job Summary
*****************
- General information:
    date = Sat Apr 3 19:05:31 CEST 2021
    hostname = node032
- Job information:
    JobId = 900521
    JobName = j3_1_1_3B1_2Vbrute
    UserId = sunip624(67554)
    Account = sunip624
    QOS = normal
    NodeList = node032
    Features = (null)
    Command = /home/sunip624/IntOpt/sbatches/j3_1_1_3B1_2Vbrute.sbatch
    WorkDir = /home/sunip624/IntOpt
    StdOut = /home/sunip624/IntOpt/./stdouts/j3_1_1_3B1_2Vbrute.out
    StdErr = /home/sunip624/IntOpt/./stderrs/j3_1_1_3B1_2Vbrute.err
- Requested resources:
    Timelimit = 04:00:00 ( 14400s )
    MinMemoryNode = 10G ( 10240.000M )
    NumNodes = 1
    NumCPUs = 16
    NumTasks = 1
    CPUs/Task = 16
- Used resources:
    RunTime = 00:00:24 ( 24s )
    MaxRSS = 912K ( 0.891M )
====================
- Important conclusions and remarks:
    * !!! Please, always check if the number of requested cores and nodes matches the need of your program/code !!!
    * !!! Less than 10% of requested walltime used !!! Please, adapt your batch script.
    * !!! Less than 10% of requested main memory used !!! Please, adapt your batch script.

