--------BEG-----------
 1
 7
-8
 1
 9
 1
-4
 2
-1
costs: -172

 4
-1
-4
 4
-5
-6
-8
 1
 9
costs: -365

solutions: 2
best solutions: 1
max costs: -172

Slurm Job Summary
*****************
- General information:
    date = Sat Apr 3 19:08:26 CEST 2021
    hostname = node082
- Job information:
    JobId = 900544
    JobName = j3_1_2_3B3_0Vbrute
    UserId = sunip624(67554)
    Account = sunip624
    QOS = normal
    NodeList = node082
    Features = (null)
    Command = /home/sunip624/IntOpt/sbatches/j3_1_2_3B3_0Vbrute.sbatch
    WorkDir = /home/sunip624/IntOpt
    StdOut = /home/sunip624/IntOpt/./stdouts/j3_1_2_3B3_0Vbrute.out
    StdErr = /home/sunip624/IntOpt/./stderrs/j3_1_2_3B3_0Vbrute.err
- Requested resources:
    Timelimit = 04:00:00 ( 14400s )
    MinMemoryNode = 10G ( 10240.000M )
    NumNodes = 1
    NumCPUs = 16
    NumTasks = 1
    CPUs/Task = 16
- Used resources:
    RunTime = 00:01:19 ( 79s )
    MaxRSS = 916K ( 0.895M )
====================
- Important conclusions and remarks:
    * !!! Please, always check if the number of requested cores and nodes matches the need of your program/code !!!
    * !!! Less than 10% of requested walltime used !!! Please, adapt your batch script.
    * !!! Less than 10% of requested main memory used !!! Please, adapt your batch script.

