solution:
9
7
8
1
4
9
maximum: -228

Slurm Job Summary
*****************
- General information:
    date = Sun Apr 4 01:11:53 CEST 2021
    hostname = node085
- Job information:
    JobId = 899403
    JobName = j3_1_2_2B3_0V1
    UserId = sunip624(67554)
    Account = sunip624
    QOS = normal
    NodeList = node085
    Features = (null)
    Command = /home/sunip624/IntOpt/sbatches/j3_1_2_2B3_0V1.sbatch
    WorkDir = /home/sunip624/IntOpt
    StdOut = /home/sunip624/IntOpt/./stdouts/j3_1_2_2B3_0V1.out
    StdErr = /home/sunip624/IntOpt/./stderrs/j3_1_2_2B3_0V1.err
- Requested resources:
    Timelimit = 04:00:00 ( 14400s )
    MinMemoryNode = 200G ( 204800.000M )
    NumNodes = 1
    NumCPUs = 16
    NumTasks = 1
    CPUs/Task = 16
- Used resources:
    RunTime = 00:21:24 ( 1284s )
    MaxRSS = 36683236K ( 35823.473M )
====================
- Important conclusions and remarks:
    * !!! Please, always check if the number of requested cores and nodes matches the need of your program/code !!!
    * !!! Less than 10% of requested walltime used !!! Please, adapt your batch script.
    * !!! Less than 20% of requested main memory used !!! Please, adapt your batch script.

