solution:
  4
  4
  3
  3
 -8
-10
  2
  7
 -3
maximum: 492

Slurm Job Summary
*****************
- General information:
    date = Sun Apr 4 14:27:08 CEST 2021
    hostname = node085
- Job information:
    JobId = 899974
    JobName = j3_1_2_3B1_2V2
    UserId = sunip624(67554)
    Account = sunip624
    QOS = normal
    NodeList = node085
    Features = (null)
    Command = /home/sunip624/IntOpt/sbatches/j3_1_2_3B1_2V2.sbatch
    WorkDir = /home/sunip624/IntOpt
    StdOut = /home/sunip624/IntOpt/./stdouts/j3_1_2_3B1_2V2.out
    StdErr = /home/sunip624/IntOpt/./stderrs/j3_1_2_3B1_2V2.err
- Requested resources:
    Timelimit = 04:00:00 ( 14400s )
    MinMemoryNode = 200G ( 204800.000M )
    NumNodes = 1
    NumCPUs = 16
    NumTasks = 1
    CPUs/Task = 16
- Used resources:
    RunTime = 00:01:59 ( 119s )
    MaxRSS = 2929764K ( 2861.098M )
====================
- Important conclusions and remarks:
    * !!! Please, always check if the number of requested cores and nodes matches the need of your program/code !!!
    * !!! Less than 10% of requested walltime used !!! Please, adapt your batch script.
    * !!! Less than 10% of requested main memory used !!! Please, adapt your batch script.

