--------BEG-----------
-1
-3
 8
 2
 8
10
 5
 9
-6
costs: -479

 -5
 -5
  1
  1
  3
 -6
 10
-10
  7
costs: 79

solutions: 2
best solutions: 1
max costs: 79

Slurm Job Summary
*****************
- General information:
    date = Sat Apr 3 19:17:32 CEST 2021
    hostname = node032
- Job information:
    JobId = 900565
    JobName = j3_1_3_3B1_2Vbrute
    UserId = sunip624(67554)
    Account = sunip624
    QOS = normal
    NodeList = node032
    Features = (null)
    Command = /home/sunip624/IntOpt/sbatches/j3_1_3_3B1_2Vbrute.sbatch
    WorkDir = /home/sunip624/IntOpt
    StdOut = /home/sunip624/IntOpt/./stdouts/j3_1_3_3B1_2Vbrute.out
    StdErr = /home/sunip624/IntOpt/./stderrs/j3_1_3_3B1_2Vbrute.err
- Requested resources:
    Timelimit = 04:00:00 ( 14400s )
    MinMemoryNode = 10G ( 10240.000M )
    NumNodes = 1
    NumCPUs = 16
    NumTasks = 1
    CPUs/Task = 16
- Used resources:
    RunTime = 00:06:25 ( 385s )
    MaxRSS = 916K ( 0.895M )
====================
- Important conclusions and remarks:
    * !!! Please, always check if the number of requested cores and nodes matches the need of your program/code !!!
    * !!! Less than 10% of requested walltime used !!! Please, adapt your batch script.
    * !!! Less than 10% of requested main memory used !!! Please, adapt your batch script.

