solution:
-10
  7
 10
  8
 -9
 -8
  5
  9
  4
maximum: 180

Slurm Job Summary
*****************
- General information:
    date = Sun Apr 4 15:16:51 CEST 2021
    hostname = node087
- Job information:
    JobId = 899980
    JobName = j3_1_2_3B2_0V2
    UserId = sunip624(67554)
    Account = sunip624
    QOS = normal
    NodeList = node087
    Features = (null)
    Command = /home/sunip624/IntOpt/sbatches/j3_1_2_3B2_0V2.sbatch
    WorkDir = /home/sunip624/IntOpt
    StdOut = /home/sunip624/IntOpt/./stdouts/j3_1_2_3B2_0V2.out
    StdErr = /home/sunip624/IntOpt/./stderrs/j3_1_2_3B2_0V2.err
- Requested resources:
    Timelimit = 04:00:00 ( 14400s )
    MinMemoryNode = 200G ( 204800.000M )
    NumNodes = 1
    NumCPUs = 16
    NumTasks = 1
    CPUs/Task = 16
- Used resources:
    RunTime = 00:45:18 ( 2718s )
    MaxRSS = 36541240K ( 35684.805M )
====================
- Important conclusions and remarks:
    * !!! Please, always check if the number of requested cores and nodes matches the need of your program/code !!!
    * !!! Less than 20% of requested walltime used !!! Please, adapt your batch script.
    * !!! Less than 20% of requested main memory used !!! Please, adapt your batch script.

