
Slurm Job Summary
*****************
- General information:
    date = Sun Apr 4 16:55:19 CEST 2021
    hostname = node061
- Job information:
    JobId = 899993
    JobName = j3_1_3_2B3_0V2
    UserId = sunip624(67554)
    Account = sunip624
    QOS = normal
    NodeList = node061
    Features = (null)
    Command = /home/sunip624/IntOpt/sbatches/j3_1_3_2B3_0V2.sbatch
    WorkDir = /home/sunip624/IntOpt
    StdOut = /home/sunip624/IntOpt/./stdouts/j3_1_3_2B3_0V2.out
    StdErr = /home/sunip624/IntOpt/./stderrs/j3_1_3_2B3_0V2.err
- Requested resources:
    Timelimit = 04:00:00 ( 14400s )
    MinMemoryNode = 200G ( 204800.000M )
    NumNodes = 1
    NumCPUs = 16
    NumTasks = 1
    CPUs/Task = 16
- Used resources:
    RunTime = 02:16:29 ( 8189s )
    MaxRSS = 209715052K ( 204799.855M )
====================
- Important conclusions and remarks:
    * !!! Please, always check if the number of requested cores and nodes matches the need of your program/code !!!
    * !!! Less than 60% of requested walltime used !!! Please, adapt your batch script.
    (null)

