--------BEG-----------
 7
10
 2
costs: -33

 8
10
10
costs: 218

solutions: 2
best solutions: 1
max costs: 218

Slurm Job Summary
*****************
- General information:
    date = Sat Apr 3 19:09:08 CEST 2021
    hostname = node036
- Job information:
    JobId = 900551
    JobName = j3_1_3_1B1_1Vbrute
    UserId = sunip624(67554)
    Account = sunip624
    QOS = normal
    NodeList = node036
    Features = (null)
    Command = /home/sunip624/IntOpt/sbatches/j3_1_3_1B1_1Vbrute.sbatch
    WorkDir = /home/sunip624/IntOpt
    StdOut = /home/sunip624/IntOpt/./stdouts/j3_1_3_1B1_1Vbrute.out
    StdErr = /home/sunip624/IntOpt/./stderrs/j3_1_3_1B1_1Vbrute.err
- Requested resources:
    Timelimit = 04:00:00 ( 14400s )
    MinMemoryNode = 10G ( 10240.000M )
    NumNodes = 1
    NumCPUs = 16
    NumTasks = 1
    CPUs/Task = 16
- Used resources:
    RunTime = 00:00:00 ( 0s )
    MaxRSS = 908K ( 0.887M )
====================
- Important conclusions and remarks:
    * !!! Please, always check if the number of requested cores and nodes matches the need of your program/code !!!
    * !!! Less than 10% of requested walltime used !!! Please, adapt your batch script.
    * !!! Less than 10% of requested main memory used !!! Please, adapt your batch script.

