--------BEG-----------
 6
-7
-9
costs: -314

10
-7
-8
costs: -304

 2
-6
-8
costs: -266

 6
-6
-7
costs: -256

10
-6
-6
costs: -246

 2
-5
-6
costs: -208

 6
-5
-5
costs: -198

10
-5
-4
costs: -188

 2
-4
-4
costs: -150

 6
-4
-3
costs: -140

10
-4
-2
costs: -130

 2
-3
-2
costs: -92

 6
-3
-1
costs: -82

10
-3
 0
costs: -72

 2
-2
 0
costs: -34

 6
-2
 1
costs: -24

10
-2
 2
costs: -14

 2
-1
 2
costs: 24

 6
-1
 3
costs: 34

10
-1
 4
costs: 44

2
0
4
costs: 82

6
0
5
costs: 92

10
 0
 6
costs: 102

2
1
6
costs: 140

6
1
7
costs: 150

solutions: 25
best solutions: 1
max costs: 150

Slurm Job Summary
*****************
- General information:
    date = Sat Apr 3 19:03:08 CEST 2021
    hostname = node060
- Job information:
    JobId = 900507
    JobName = j3_1_1_1B1_1Vbrute
    UserId = sunip624(67554)
    Account = sunip624
    QOS = normal
    NodeList = node060
    Features = (null)
    Command = /home/sunip624/IntOpt/sbatches/j3_1_1_1B1_1Vbrute.sbatch
    WorkDir = /home/sunip624/IntOpt
    StdOut = /home/sunip624/IntOpt/./stdouts/j3_1_1_1B1_1Vbrute.out
    StdErr = /home/sunip624/IntOpt/./stderrs/j3_1_1_1B1_1Vbrute.err
- Requested resources:
    Timelimit = 04:00:00 ( 14400s )
    MinMemoryNode = 10G ( 10240.000M )
    NumNodes = 1
    NumCPUs = 16
    NumTasks = 1
    CPUs/Task = 16
- Used resources:
    RunTime = 00:00:01 ( 1s )
    MaxRSS = 912K ( 0.891M )
====================
- Important conclusions and remarks:
    * !!! Please, always check if the number of requested cores and nodes matches the need of your program/code !!!
    * !!! Less than 10% of requested walltime used !!! Please, adapt your batch script.
    * !!! Less than 10% of requested main memory used !!! Please, adapt your batch script.

