--------BEG-----------
  4
  4
  3
  3
 -8
-10
  2
  7
 -3
costs: 492

-2
 4
10
-2
-8
-4
-8
-4
 6
costs: -6

solutions: 2
best solutions: 1
max costs: 492

Slurm Job Summary
*****************
- General information:
    date = Sat Apr 3 19:08:12 CEST 2021
    hostname = node036
- Job information:
    JobId = 900541
    JobName = j3_1_2_3B1_2Vbrute
    UserId = sunip624(67554)
    Account = sunip624
    QOS = normal
    NodeList = node036
    Features = (null)
    Command = /home/sunip624/IntOpt/sbatches/j3_1_2_3B1_2Vbrute.sbatch
    WorkDir = /home/sunip624/IntOpt
    StdOut = /home/sunip624/IntOpt/./stdouts/j3_1_2_3B1_2Vbrute.out
    StdErr = /home/sunip624/IntOpt/./stderrs/j3_1_2_3B1_2Vbrute.err
- Requested resources:
    Timelimit = 04:00:00 ( 14400s )
    MinMemoryNode = 10G ( 10240.000M )
    NumNodes = 1
    NumCPUs = 16
    NumTasks = 1
    CPUs/Task = 16
- Used resources:
    RunTime = 00:01:05 ( 65s )
    MaxRSS = 912K ( 0.891M )
====================
- Important conclusions and remarks:
    * !!! Please, always check if the number of requested cores and nodes matches the need of your program/code !!!
    * !!! Less than 10% of requested walltime used !!! Please, adapt your batch script.
    * !!! Less than 10% of requested main memory used !!! Please, adapt your batch script.

