solution:
-18
-17
-14
 -8
  3
  2
 13
 -6
-18
maximum: 736

Slurm Job Summary
*****************
- General information:
    date = Sun Apr 4 14:18:53 CEST 2021
    hostname = node001
- Job information:
    JobId = 899956
    JobName = j3_1_1_3B4_0V2
    UserId = sunip624(67554)
    Account = sunip624
    QOS = normal
    NodeList = node001
    Features = (null)
    Command = /home/sunip624/IntOpt/sbatches/j3_1_1_3B4_0V2.sbatch
    WorkDir = /home/sunip624/IntOpt
    StdOut = /home/sunip624/IntOpt/./stdouts/j3_1_1_3B4_0V2.out
    StdErr = /home/sunip624/IntOpt/./stderrs/j3_1_1_3B4_0V2.err
- Requested resources:
    Timelimit = 04:00:00 ( 14400s )
    MinMemoryNode = 200G ( 204800.000M )
    NumNodes = 1
    NumCPUs = 16
    NumTasks = 1
    CPUs/Task = 16
- Used resources:
    RunTime = 00:00:02 ( 2s )
    MaxRSS = 916K ( 0.895M )
====================
- Important conclusions and remarks:
    * !!! Please, always check if the number of requested cores and nodes matches the need of your program/code !!!
    * !!! Less than 10% of requested walltime used !!! Please, adapt your batch script.
    * !!! Less than 10% of requested main memory used !!! Please, adapt your batch script.

