--------BEG-----------
 -4
-13
-21
costs: 782

 -6
 -8
-21
costs: 717

 -8
 -3
-21
costs: 652

 -3
-14
-20
costs: 765

 -5
 -9
-20
costs: 700

 -7
 -4
-20
costs: 635

 -9
  1
-20
costs: 570

 -2
-15
-19
costs: 748

 -4
-10
-19
costs: 683

 -6
 -5
-19
costs: 618

 -8
  0
-19
costs: 553

 -3
-11
-18
costs: 666

 -5
 -6
-18
costs: 601

 -7
 -1
-18
costs: 536

 -9
  4
-18
costs: 471

 -2
-12
-17
costs: 649

 -4
 -7
-17
costs: 584

 -6
 -2
-17
costs: 519

 -8
  3
-17
costs: 454

 -3
 -8
-16
costs: 567

 -5
 -3
-16
costs: 502

 -7
  2
-16
costs: 437

 -9
  7
-16
costs: 372

 -2
 -9
-15
costs: 550

 -4
 -4
-15
costs: 485

 -6
  1
-15
costs: 420

 -8
  6
-15
costs: 355

 -3
 -5
-14
costs: 468

 -5
  0
-14
costs: 403

 -7
  5
-14
costs: 338

 -9
 10
-14
costs: 273

 -2
 -6
-13
costs: 451

 -4
 -1
-13
costs: 386

 -6
  4
-13
costs: 321

 -8
  9
-13
costs: 256

 -3
 -2
-12
costs: 369

 -5
  3
-12
costs: 304

 -7
  8
-12
costs: 239

 -9
 13
-12
costs: 174

 -2
 -3
-11
costs: 352

 -4
  2
-11
costs: 287

 -6
  7
-11
costs: 222

 -8
 12
-11
costs: 157

 -3
  1
-10
costs: 270

 -5
  6
-10
costs: 205

 -7
 11
-10
costs: 140

solutions: 46
best solutions: 1
max costs: 782

Slurm Job Summary
*****************
- General information:
    date = Sat Apr 3 19:04:08 CEST 2021
    hostname = node036
- Job information:
    JobId = 900512
    JobName = j3_1_1_1B5_0Vbrute
    UserId = sunip624(67554)
    Account = sunip624
    QOS = normal
    NodeList = node036
    Features = (null)
    Command = /home/sunip624/IntOpt/sbatches/j3_1_1_1B5_0Vbrute.sbatch
    WorkDir = /home/sunip624/IntOpt
    StdOut = /home/sunip624/IntOpt/./stdouts/j3_1_1_1B5_0Vbrute.out
    StdErr = /home/sunip624/IntOpt/./stderrs/j3_1_1_1B5_0Vbrute.err
- Requested resources:
    Timelimit = 04:00:00 ( 14400s )
    MinMemoryNode = 10G ( 10240.000M )
    NumNodes = 1
    NumCPUs = 16
    NumTasks = 1
    CPUs/Task = 16
- Used resources:
    RunTime = 00:00:01 ( 1s )
    MaxRSS = 900K ( 0.879M )
====================
- Important conclusions and remarks:
    * !!! Please, always check if the number of requested cores and nodes matches the need of your program/code !!!
    * !!! Less than 10% of requested walltime used !!! Please, adapt your batch script.
    * !!! Less than 10% of requested main memory used !!! Please, adapt your batch script.

