solution:
-8
 6
-1
-3
 7
-2
maximum: 264

Slurm Job Summary
*****************
- General information:
    date = Sun Apr 4 14:41:16 CEST 2021
    hostname = node055
- Job information:
    JobId = 899989
    JobName = j3_1_3_2B1_2V2
    UserId = sunip624(67554)
    Account = sunip624
    QOS = normal
    NodeList = node055
    Features = (null)
    Command = /home/sunip624/IntOpt/sbatches/j3_1_3_2B1_2V2.sbatch
    WorkDir = /home/sunip624/IntOpt
    StdOut = /home/sunip624/IntOpt/./stdouts/j3_1_3_2B1_2V2.out
    StdErr = /home/sunip624/IntOpt/./stderrs/j3_1_3_2B1_2V2.err
- Requested resources:
    Timelimit = 04:00:00 ( 14400s )
    MinMemoryNode = 200G ( 204800.000M )
    NumNodes = 1
    NumCPUs = 16
    NumTasks = 1
    CPUs/Task = 16
- Used resources:
    RunTime = 00:07:48 ( 468s )
    MaxRSS = 5340816K ( 5215.641M )
====================
- Important conclusions and remarks:
    * !!! Please, always check if the number of requested cores and nodes matches the need of your program/code !!!
    * !!! Less than 10% of requested walltime used !!! Please, adapt your batch script.
    * !!! Less than 10% of requested main memory used !!! Please, adapt your batch script.

