--------BEG-----------
 0
-2
 3
costs: 63

-2
-1
 3
costs: 32

-1
 0
 5
costs: 30

-3
 1
 5
costs: -1

0
1
7
costs: 28

-2
 2
 7
costs: -3

-1
 3
 9
costs: -5

-3
 4
 9
costs: -36

solutions: 8
best solutions: 1
max costs: 63

Slurm Job Summary
*****************
- General information:
    date = Sat Apr 3 19:03:08 CEST 2021
    hostname = node061
- Job information:
    JobId = 900508
    JobName = j3_1_1_1B1_2Vbrute
    UserId = sunip624(67554)
    Account = sunip624
    QOS = normal
    NodeList = node061
    Features = (null)
    Command = /home/sunip624/IntOpt/sbatches/j3_1_1_1B1_2Vbrute.sbatch
    WorkDir = /home/sunip624/IntOpt
    StdOut = /home/sunip624/IntOpt/./stdouts/j3_1_1_1B1_2Vbrute.out
    StdErr = /home/sunip624/IntOpt/./stderrs/j3_1_1_1B1_2Vbrute.err
- Requested resources:
    Timelimit = 04:00:00 ( 14400s )
    MinMemoryNode = 10G ( 10240.000M )
    NumNodes = 1
    NumCPUs = 16
    NumTasks = 1
    CPUs/Task = 16
- Used resources:
    RunTime = 00:00:01 ( 1s )
    MaxRSS = 900K ( 0.879M )
====================
- Important conclusions and remarks:
    * !!! Please, always check if the number of requested cores and nodes matches the need of your program/code !!!
    * !!! Less than 10% of requested walltime used !!! Please, adapt your batch script.
    * !!! Less than 10% of requested main memory used !!! Please, adapt your batch script.

