--------BEG-----------
 8
-2
 8
 6
 2
-9
-4
 8
-1
costs: -293

 8
-2
 8
 1
 0
-7
-4
 8
-1
costs: -239

 8
 0
 7
 1
 2
-7
-4
 8
-1
costs: -218

 2
-3
 6
 6
-7
-9
-4
10
 0
costs: -68

 2
-1
 5
 6
-5
-9
-4
10
 0
costs: -47

 2
 1
 4
 6
-3
-9
-4
10
 0
costs: -26

 2
 3
 3
 6
-1
-9
-4
10
 0
costs: -5

 2
 5
 2
 6
 1
-9
-4
10
 0
costs: 16

 2
-1
 5
 1
-7
-7
-4
10
 0
costs: 7

 2
 1
 4
 1
-5
-7
-4
10
 0
costs: 28

 2
 3
 3
 1
-3
-7
-4
10
 0
costs: 49

 2
 5
 2
 1
-1
-7
-4
10
 0
costs: 70

 2
-1
 5
 6
-6
-9
-2
 9
 1
costs: -68

 2
 1
 4
 6
-4
-9
-2
 9
 1
costs: -47

 2
 3
 3
 6
-2
-9
-2
 9
 1
costs: -26

 2
 5
 2
 6
 0
-9
-2
 9
 1
costs: -5

 2
 1
 4
 1
-6
-7
-2
 9
 1
costs: 7

 2
 3
 3
 1
-4
-7
-2
 9
 1
costs: 28

 2
 5
 2
 1
-2
-7
-2
 9
 1
costs: 49

 2
-1
 5
 6
-7
-9
 0
 8
 2
costs: -89

 2
 1
 4
 6
-5
-9
 0
 8
 2
costs: -68

 2
 3
 3
 6
-3
-9
 0
 8
 2
costs: -47

 2
 5
 2
 6
-1
-9
 0
 8
 2
costs: -26

 2
 1
 4
 1
-7
-7
 0
 8
 2
costs: -14

 2
 3
 3
 1
-5
-7
 0
 8
 2
costs: 7

 2
 5
 2
 1
-3
-7
 0
 8
 2
costs: 28

 8
-2
 8
 6
-2
-9
 6
11
 8
costs: -492

 8
 0
 7
 6
 0
-9
 6
11
 8
costs: -471

 8
 2
 6
 6
 2
-9
 6
11
 8
costs: -450

 8
-2
 8
 1
-4
-7
 6
11
 8
costs: -438

 8
 0
 7
 1
-2
-7
 6
11
 8
costs: -417

 8
 2
 6
 1
 0
-7
 6
11
 8
costs: -396

 8
 4
 5
 1
 2
-7
 6
11
 8
costs: -375

 8
-2
 8
 6
-3
-9
 8
10
 9
costs: -513

 8
 0
 7
 6
-1
-9
 8
10
 9
costs: -492

 8
 2
 6
 6
 1
-9
 8
10
 9
costs: -471

 8
-2
 8
 1
-5
-7
 8
10
 9
costs: -459

 8
 0
 7
 1
-3
-7
 8
10
 9
costs: -438

 8
 2
 6
 1
-1
-7
 8
10
 9
costs: -417

 8
 4
 5
 1
 1
-7
 8
10
 9
costs: -396

 8
-2
 8
 6
-4
-9
10
 9
10
costs: -534

 8
 0
 7
 6
-2
-9
10
 9
10
costs: -513

 8
 2
 6
 6
 0
-9
10
 9
10
costs: -492

 8
 4
 5
 6
 2
-9
10
 9
10
costs: -471

 8
-2
 8
 1
-6
-7
10
 9
10
costs: -480

 8
 0
 7
 1
-4
-7
10
 9
10
costs: -459

 8
 2
 6
 1
-2
-7
10
 9
10
costs: -438

 8
 4
 5
 1
 0
-7
10
 9
10
costs: -417

 8
 6
 4
 1
 2
-7
10
 9
10
costs: -396

 2
 3
 3
 6
-7
-9
10
11
11
costs: -246

 2
 5
 2
 6
-5
-9
10
11
11
costs: -225

 2
 5
 2
 1
-7
-7
10
11
11
costs: -171

solutions: 52
best solutions: 1
max costs: 70

Slurm Job Summary
*****************
- General information:
    date = Sat Apr 3 19:05:34 CEST 2021
    hostname = node061
- Job information:
    JobId = 900520
    JobName = j3_1_1_3B1_1Vbrute
    UserId = sunip624(67554)
    Account = sunip624
    QOS = normal
    NodeList = node061
    Features = (null)
    Command = /home/sunip624/IntOpt/sbatches/j3_1_1_3B1_1Vbrute.sbatch
    WorkDir = /home/sunip624/IntOpt
    StdOut = /home/sunip624/IntOpt/./stdouts/j3_1_1_3B1_1Vbrute.out
    StdErr = /home/sunip624/IntOpt/./stderrs/j3_1_1_3B1_1Vbrute.err
- Requested resources:
    Timelimit = 04:00:00 ( 14400s )
    MinMemoryNode = 10G ( 10240.000M )
    NumNodes = 1
    NumCPUs = 16
    NumTasks = 1
    CPUs/Task = 16
- Used resources:
    RunTime = 00:01:27 ( 87s )
    MaxRSS = 912K ( 0.891M )
====================
- Important conclusions and remarks:
    * !!! Please, always check if the number of requested cores and nodes matches the need of your program/code !!!
    * !!! Less than 10% of requested walltime used !!! Please, adapt your batch script.
    * !!! Less than 10% of requested main memory used !!! Please, adapt your batch script.

