--------BEG-----------
-8
 8
-3
costs: 18

 2
 7
-2
costs: 96

-8
 5
-1
costs: -48

2
4
0
costs: 30

-8
 2
 1
costs: -114

2
1
2
costs: -36

-8
-1
 3
costs: -180

 2
-2
 4
costs: -102

-8
-4
 5
costs: -246

 2
-5
 6
costs: -168

-8
-7
 7
costs: -312

 2
-8
 8
costs: -234

 -8
-10
  9
costs: -378

  2
-11
 10
costs: -300

solutions: 14
best solutions: 1
max costs: 96

Slurm Job Summary
*****************
- General information:
    date = Sat Apr 3 19:03:08 CEST 2021
    hostname = node086
- Job information:
    JobId = 900506
    JobName = j3_1_1_1B1_0Vbrute
    UserId = sunip624(67554)
    Account = sunip624
    QOS = normal
    NodeList = node086
    Features = (null)
    Command = /home/sunip624/IntOpt/sbatches/j3_1_1_1B1_0Vbrute.sbatch
    WorkDir = /home/sunip624/IntOpt
    StdOut = /home/sunip624/IntOpt/./stdouts/j3_1_1_1B1_0Vbrute.out
    StdErr = /home/sunip624/IntOpt/./stderrs/j3_1_1_1B1_0Vbrute.err
- Requested resources:
    Timelimit = 04:00:00 ( 14400s )
    MinMemoryNode = 10G ( 10240.000M )
    NumNodes = 1
    NumCPUs = 16
    NumTasks = 1
    CPUs/Task = 16
- Used resources:
    RunTime = 00:00:01 ( 1s )
    MaxRSS = 908K ( 0.887M )
====================
- Important conclusions and remarks:
    * !!! Please, always check if the number of requested cores and nodes matches the need of your program/code !!!
    * !!! Less than 10% of requested walltime used !!! Please, adapt your batch script.
    * !!! Less than 10% of requested main memory used !!! Please, adapt your batch script.

