--------BEG-----------
0
2
1
costs: -10

0
1
3
costs: -55

0
0
5
costs: -100

 0
-1
 7
costs: -145

 0
-2
 9
costs: -190

 0
-3
11
costs: -235

 0
-4
13
costs: -280

 0
-5
15
costs: -325

 0
-6
17
costs: -370

solutions: 9
best solutions: 1
max costs: -10

Slurm Job Summary
*****************
- General information:
    date = Sat Apr 3 19:05:07 CEST 2021
    hostname = node082
- Job information:
    JobId = 900529
    JobName = j3_1_2_1B4_0Vbrute
    UserId = sunip624(67554)
    Account = sunip624
    QOS = normal
    NodeList = node082
    Features = (null)
    Command = /home/sunip624/IntOpt/sbatches/j3_1_2_1B4_0Vbrute.sbatch
    WorkDir = /home/sunip624/IntOpt
    StdOut = /home/sunip624/IntOpt/./stdouts/j3_1_2_1B4_0Vbrute.out
    StdErr = /home/sunip624/IntOpt/./stderrs/j3_1_2_1B4_0Vbrute.err
- Requested resources:
    Timelimit = 04:00:00 ( 14400s )
    MinMemoryNode = 10G ( 10240.000M )
    NumNodes = 1
    NumCPUs = 16
    NumTasks = 1
    CPUs/Task = 16
- Used resources:
    RunTime = 00:00:00 ( 0s )
    MaxRSS = 912K ( 0.891M )
====================
- Important conclusions and remarks:
    * !!! Please, always check if the number of requested cores and nodes matches the need of your program/code !!!
    * !!! Less than 10% of requested walltime used !!! Please, adapt your batch script.
    * !!! Less than 10% of requested main memory used !!! Please, adapt your batch script.

