
Slurm Job Summary
*****************
- General information:
    date = Sun Apr 4 03:34:18 CEST 2021
    hostname = node088
- Job information:
    JobId = 899496
    JobName = j3_2_3_3B2_0V1
    UserId = sunip624(67554)
    Account = sunip624
    QOS = normal
    NodeList = node088
    Features = (null)
    Command = /home/sunip624/IntOpt/sbatches/j3_2_3_3B2_0V1.sbatch
    WorkDir = /home/sunip624/IntOpt
    StdOut = /home/sunip624/IntOpt/./stdouts/j3_2_3_3B2_0V1.out
    StdErr = /home/sunip624/IntOpt/./stderrs/j3_2_3_3B2_0V1.err
- Requested resources:
    Timelimit = 04:00:00 ( 14400s )
    MinMemoryNode = 200G ( 204800.000M )
    NumNodes = 1
    NumCPUs = 16
    NumTasks = 1
    CPUs/Task = 16
- Used resources:
    RunTime = 00:13:52 ( 832s )
    MaxRSS = 209714900K ( 204799.707M )
====================
- Important conclusions and remarks:
    * !!! Please, always check if the number of requested cores and nodes matches the need of your program/code !!!
    * !!! Less than 10% of requested walltime used !!! Please, adapt your batch script.
    (null)

