
Slurm Job Summary
*****************
- General information:
    date = Sun Apr 4 03:27:39 CEST 2021
    hostname = node057
- Job information:
    JobId = 899482
    JobName = j3_2_3_1B3_0V1
    UserId = sunip624(67554)
    Account = sunip624
    QOS = normal
    NodeList = node057
    Features = (null)
    Command = /home/sunip624/IntOpt/sbatches/j3_2_3_1B3_0V1.sbatch
    WorkDir = /home/sunip624/IntOpt
    StdOut = /home/sunip624/IntOpt/./stdouts/j3_2_3_1B3_0V1.out
    StdErr = /home/sunip624/IntOpt/./stderrs/j3_2_3_1B3_0V1.err
- Requested resources:
    Timelimit = 04:00:00 ( 14400s )
    MinMemoryNode = 200G ( 204800.000M )
    NumNodes = 1
    NumCPUs = 16
    NumTasks = 1
    CPUs/Task = 16
- Used resources:
    RunTime = 00:50:09 ( 3009s )
    MaxRSS = 209714540K ( 204799.355M )
====================
- Important conclusions and remarks:
    * !!! Please, always check if the number of requested cores and nodes matches the need of your program/code !!!
    * !!! Less than 30% of requested walltime used !!! Please, adapt your batch script.
    (null)

