solution:
 -7
  4
  3
  7
-10
 -1
maximum: 37

Slurm Job Summary
*****************
- General information:
    date = Sun Apr 4 01:58:40 CEST 2021
    hostname = node001
- Job information:
    JobId = 899463
    JobName = j3_2_2_2B1_0V1
    UserId = sunip624(67554)
    Account = sunip624
    QOS = normal
    NodeList = node001
    Features = (null)
    Command = /home/sunip624/IntOpt/sbatches/j3_2_2_2B1_0V1.sbatch
    WorkDir = /home/sunip624/IntOpt
    StdOut = /home/sunip624/IntOpt/./stdouts/j3_2_2_2B1_0V1.out
    StdErr = /home/sunip624/IntOpt/./stderrs/j3_2_2_2B1_0V1.err
- Requested resources:
    Timelimit = 04:00:00 ( 14400s )
    MinMemoryNode = 200G ( 204800.000M )
    NumNodes = 1
    NumCPUs = 16
    NumTasks = 1
    CPUs/Task = 16
- Used resources:
    RunTime = 00:03:10 ( 190s )
    MaxRSS = 11498548K ( 11229.051M )
====================
- Important conclusions and remarks:
    * !!! Please, always check if the number of requested cores and nodes matches the need of your program/code !!!
    * !!! Less than 10% of requested walltime used !!! Please, adapt your batch script.
    * !!! Less than 10% of requested main memory used !!! Please, adapt your batch script.

