--------BEG-----------
-11
 -8
 -3
costs: 273

-10
 -8
 -2
costs: 230

-9
-8
-1
costs: 187

-8
-8
 0
costs: 144

-7
-8
 1
costs: 101

-6
-8
 2
costs: 58

-5
-8
 3
costs: 15

-4
-8
 4
costs: -28

-3
-8
 5
costs: -71

-2
-8
 6
costs: -114

-1
-8
 7
costs: -157

 0
-8
 8
costs: -200

 1
-8
 9
costs: -243

 2
-8
10
costs: -286

solutions: 14
best solutions: 1
max costs: 273

Slurm Job Summary
*****************
- General information:
    date = Sat Apr 3 19:18:08 CEST 2021
    hostname = node032
- Job information:
    JobId = 900595
    JobName = j3_2_2_1B2_0Vbrute
    UserId = sunip624(67554)
    Account = sunip624
    QOS = normal
    NodeList = node032
    Features = (null)
    Command = /home/sunip624/IntOpt/sbatches/j3_2_2_1B2_0Vbrute.sbatch
    WorkDir = /home/sunip624/IntOpt
    StdOut = /home/sunip624/IntOpt/./stdouts/j3_2_2_1B2_0Vbrute.out
    StdErr = /home/sunip624/IntOpt/./stderrs/j3_2_2_1B2_0Vbrute.err
- Requested resources:
    Timelimit = 04:00:00 ( 14400s )
    MinMemoryNode = 10G ( 10240.000M )
    NumNodes = 1
    NumCPUs = 16
    NumTasks = 1
    CPUs/Task = 16
- Used resources:
    RunTime = 00:00:01 ( 1s )
    MaxRSS = 916K ( 0.895M )
====================
- Important conclusions and remarks:
    * !!! Please, always check if the number of requested cores and nodes matches the need of your program/code !!!
    * !!! Less than 10% of requested walltime used !!! Please, adapt your batch script.
    * !!! Less than 10% of requested main memory used !!! Please, adapt your batch script.

