solution:
  9
-18
-18
-10
 19
  6
maximum: -206

Slurm Job Summary
*****************
- General information:
    date = Sun Apr 4 15:51:36 CEST 2021
    hostname = node063
- Job information:
    JobId = 900034
    JobName = j3_2_2_2B4_0V2
    UserId = sunip624(67554)
    Account = sunip624
    QOS = normal
    NodeList = node063
    Features = (null)
    Command = /home/sunip624/IntOpt/sbatches/j3_2_2_2B4_0V2.sbatch
    WorkDir = /home/sunip624/IntOpt
    StdOut = /home/sunip624/IntOpt/./stdouts/j3_2_2_2B4_0V2.out
    StdErr = /home/sunip624/IntOpt/./stderrs/j3_2_2_2B4_0V2.err
- Requested resources:
    Timelimit = 04:00:00 ( 14400s )
    MinMemoryNode = 200G ( 204800.000M )
    NumNodes = 1
    NumCPUs = 16
    NumTasks = 1
    CPUs/Task = 16
- Used resources:
    RunTime = 00:09:03 ( 543s )
    MaxRSS = 8987072K ( 8776.438M )
====================
- Important conclusions and remarks:
    * !!! Please, always check if the number of requested cores and nodes matches the need of your program/code !!!
    * !!! Less than 10% of requested walltime used !!! Please, adapt your batch script.
    * !!! Less than 10% of requested main memory used !!! Please, adapt your batch script.

