
Slurm Job Summary
*****************
- General information:
    date = Sun Apr 4 04:30:58 CEST 2021
    hostname = node084
- Job information:
    JobId = 899490
    JobName = j3_2_3_2B5_0V1
    UserId = sunip624(67554)
    Account = sunip624
    QOS = normal
    NodeList = node084
    Features = (null)
    Command = /home/sunip624/IntOpt/sbatches/j3_2_3_2B5_0V1.sbatch
    WorkDir = /home/sunip624/IntOpt
    StdOut = /home/sunip624/IntOpt/./stdouts/j3_2_3_2B5_0V1.out
    StdErr = /home/sunip624/IntOpt/./stderrs/j3_2_3_2B5_0V1.err
- Requested resources:
    Timelimit = 04:00:00 ( 14400s )
    MinMemoryNode = 200G ( 204800.000M )
    NumNodes = 1
    NumCPUs = 16
    NumTasks = 1
    CPUs/Task = 16
- Used resources:
    RunTime = 01:22:58 ( 4978s )
    MaxRSS = 209715144K ( 204799.945M )
====================
- Important conclusions and remarks:
    * !!! Please, always check if the number of requested cores and nodes matches the need of your program/code !!!
    * !!! Less than 40% of requested walltime used !!! Please, adapt your batch script.
    (null)

