--------BEG-----------
 12
 -4
 -2
 15
-15
 11
 18
 18
 -3
costs: -1114

 16
 18
-14
 17
 -4
 -1
  0
  5
  9
costs: 66

solutions: 2
best solutions: 1
max costs: 66

Slurm Job Summary
*****************
- General information:
    date = Sat Apr 3 22:02:39 CEST 2021
    hostname = node035
- Job information:
    JobId = 900628
    JobName = j3_2_3_3B4_0Vbrute
    UserId = sunip624(67554)
    Account = sunip624
    QOS = normal
    NodeList = node035
    Features = (null)
    Command = /home/sunip624/IntOpt/sbatches/j3_2_3_3B4_0Vbrute.sbatch
    WorkDir = /home/sunip624/IntOpt
    StdOut = /home/sunip624/IntOpt/./stdouts/j3_2_3_3B4_0Vbrute.out
    StdErr = /home/sunip624/IntOpt/./stderrs/j3_2_3_3B4_0Vbrute.err
- Requested resources:
    Timelimit = 04:00:00 ( 14400s )
    MinMemoryNode = 10G ( 10240.000M )
    NumNodes = 1
    NumCPUs = 16
    NumTasks = 1
    CPUs/Task = 16
- Used resources:
    RunTime = 02:35:32 ( 9332s )
    MaxRSS = 916K ( 0.895M )
====================
- Important conclusions and remarks:
    * !!! Please, always check if the number of requested cores and nodes matches the need of your program/code !!!
    * !!! Less than 70% of requested walltime used !!! Please, adapt your batch script.
    * !!! Less than 10% of requested main memory used !!! Please, adapt your batch script.

