
Slurm Job Summary
*****************
- General information:
    date = Sun Apr 4 06:35:05 CEST 2021
    hostname = node054
- Job information:
    JobId = 899495
    JobName = j3_2_3_3B3_0V1
    UserId = sunip624(67554)
    Account = sunip624
    QOS = normal
    NodeList = node054
    Features = (null)
    Command = /home/sunip624/IntOpt/sbatches/j3_2_3_3B3_0V1.sbatch
    WorkDir = /home/sunip624/IntOpt
    StdOut = /home/sunip624/IntOpt/./stdouts/j3_2_3_3B3_0V1.out
    StdErr = /home/sunip624/IntOpt/./stderrs/j3_2_3_3B3_0V1.err
- Requested resources:
    Timelimit = 04:00:00 ( 14400s )
    MinMemoryNode = 200G ( 204800.000M )
    NumNodes = 1
    NumCPUs = 16
    NumTasks = 1
    CPUs/Task = 16
- Used resources:
    RunTime = 03:21:32 ( 12092s )
    MaxRSS = 209714620K ( 204799.434M )
====================
- Important conclusions and remarks:
    * !!! Please, always check if the number of requested cores and nodes matches the need of your program/code !!!
    (null)
    (null)

