--------BEG-----------
 2
 2
-7
 0
-5
-7
 0
 1
-3
costs: 5

-8
-7
-1
 2
 2
 3
 7
-5
 9
costs: -130

solutions: 2
best solutions: 1
max costs: 5

Slurm Job Summary
*****************
- General information:
    date = Sat Apr 3 19:31:14 CEST 2021
    hostname = node032
- Job information:
    JobId = 900605
    JobName = j3_2_2_3B1_1Vbrute
    UserId = sunip624(67554)
    Account = sunip624
    QOS = normal
    NodeList = node032
    Features = (null)
    Command = /home/sunip624/IntOpt/sbatches/j3_2_2_3B1_1Vbrute.sbatch
    WorkDir = /home/sunip624/IntOpt
    StdOut = /home/sunip624/IntOpt/./stdouts/j3_2_2_3B1_1Vbrute.out
    StdErr = /home/sunip624/IntOpt/./stderrs/j3_2_2_3B1_1Vbrute.err
- Requested resources:
    Timelimit = 04:00:00 ( 14400s )
    MinMemoryNode = 10G ( 10240.000M )
    NumNodes = 1
    NumCPUs = 16
    NumTasks = 1
    CPUs/Task = 16
- Used resources:
    RunTime = 00:11:07 ( 667s )
    MaxRSS = 912K ( 0.891M )
====================
- Important conclusions and remarks:
    * !!! Please, always check if the number of requested cores and nodes matches the need of your program/code !!!
    * !!! Less than 10% of requested walltime used !!! Please, adapt your batch script.
    * !!! Less than 10% of requested main memory used !!! Please, adapt your batch script.

