--------BEG-----------
-1
-3
-8
 0
-3
 8
-3
 6
-6
costs: -475

  5
  9
  1
 -6
-10
  7
 -2
  1
 -5
costs: -430

solutions: 2
best solutions: 1
max costs: -430

Slurm Job Summary
*****************
- General information:
    date = Sat Apr 3 19:16:38 CEST 2021
    hostname = node035
- Job information:
    JobId = 900587
    JobName = j3_2_1_3B3_0Vbrute
    UserId = sunip624(67554)
    Account = sunip624
    QOS = normal
    NodeList = node035
    Features = (null)
    Command = /home/sunip624/IntOpt/sbatches/j3_2_1_3B3_0Vbrute.sbatch
    WorkDir = /home/sunip624/IntOpt
    StdOut = /home/sunip624/IntOpt/./stdouts/j3_2_1_3B3_0Vbrute.out
    StdErr = /home/sunip624/IntOpt/./stderrs/j3_2_1_3B3_0Vbrute.err
- Requested resources:
    Timelimit = 04:00:00 ( 14400s )
    MinMemoryNode = 10G ( 10240.000M )
    NumNodes = 1
    NumCPUs = 16
    NumTasks = 1
    CPUs/Task = 16
- Used resources:
    RunTime = 00:00:30 ( 30s )
    MaxRSS = 912K ( 0.891M )
====================
- Important conclusions and remarks:
    * !!! Please, always check if the number of requested cores and nodes matches the need of your program/code !!!
    * !!! Less than 10% of requested walltime used !!! Please, adapt your batch script.
    * !!! Less than 10% of requested main memory used !!! Please, adapt your batch script.

