solution:
 -1
  7
 -1
 -6
 -6
 -3
-10
 10
 -7
maximum: 414

Slurm Job Summary
*****************
- General information:
    date = Sun Apr 4 02:09:12 CEST 2021
    hostname = node002
- Job information:
    JobId = 899449
    JobName = j3_2_1_3B1_0V1
    UserId = sunip624(67554)
    Account = sunip624
    QOS = normal
    NodeList = node002
    Features = (null)
    Command = /home/sunip624/IntOpt/sbatches/j3_2_1_3B1_0V1.sbatch
    WorkDir = /home/sunip624/IntOpt
    StdOut = /home/sunip624/IntOpt/./stdouts/j3_2_1_3B1_0V1.out
    StdErr = /home/sunip624/IntOpt/./stderrs/j3_2_1_3B1_0V1.err
- Requested resources:
    Timelimit = 04:00:00 ( 14400s )
    MinMemoryNode = 200G ( 204800.000M )
    NumNodes = 1
    NumCPUs = 16
    NumTasks = 1
    CPUs/Task = 16
- Used resources:
    RunTime = 00:20:49 ( 1249s )
    MaxRSS = 23165524K ( 22622.582M )
====================
- Important conclusions and remarks:
    * !!! Please, always check if the number of requested cores and nodes matches the need of your program/code !!!
    * !!! Less than 10% of requested walltime used !!! Please, adapt your batch script.
    * !!! Less than 20% of requested main memory used !!! Please, adapt your batch script.

