solution:
 -7
 -7
  9
-10
 -1
 -2
maximum: -335

Slurm Job Summary
*****************
- General information:
    date = Sun Apr 4 01:48:27 CEST 2021
    hostname = node062
- Job information:
    JobId = 899448
    JobName = j3_2_1_2B3_0V1
    UserId = sunip624(67554)
    Account = sunip624
    QOS = normal
    NodeList = node062
    Features = (null)
    Command = /home/sunip624/IntOpt/sbatches/j3_2_1_2B3_0V1.sbatch
    WorkDir = /home/sunip624/IntOpt
    StdOut = /home/sunip624/IntOpt/./stdouts/j3_2_1_2B3_0V1.out
    StdErr = /home/sunip624/IntOpt/./stderrs/j3_2_1_2B3_0V1.err
- Requested resources:
    Timelimit = 04:00:00 ( 14400s )
    MinMemoryNode = 200G ( 204800.000M )
    NumNodes = 1
    NumCPUs = 16
    NumTasks = 1
    CPUs/Task = 16
- Used resources:
    RunTime = 00:01:24 ( 84s )
    MaxRSS = 2886592K ( 2818.938M )
====================
- Important conclusions and remarks:
    * !!! Please, always check if the number of requested cores and nodes matches the need of your program/code !!!
    * !!! Less than 10% of requested walltime used !!! Please, adapt your batch script.
    * !!! Less than 10% of requested main memory used !!! Please, adapt your batch script.

