--------BEG-----------
 -1
 21
-11
-14
  3
 -7
costs: -463

 -5
-29
-16
 -4
  4
 -6
costs: 758

 -1
 21
-10
-14
  5
 -5
costs: -454

 -5
-29
-15
 -4
  6
 -4
costs: 767

 -1
 21
 -9
-14
  7
 -3
costs: -445

 -5
-29
-14
 -4
  8
 -2
costs: 776

 -1
 21
 -8
-14
  9
 -1
costs: -436

 -5
-29
-13
 -4
 10
  0
costs: 785

 -1
 21
 -7
-14
 11
  1
costs: -427

 -5
-29
-12
 -4
 12
  2
costs: 794

 -1
 21
 -6
-14
 13
  3
costs: -418

 -5
-29
-11
 -4
 14
  4
costs: 803

 -1
 21
 -5
-14
 15
  5
costs: -409

 -5
-29
-10
 -4
 16
  6
costs: 812

 -1
 21
 -4
-14
 17
  7
costs: -400

 -5
-29
 -9
 -4
 18
  8
costs: 821

 -1
 21
 -3
-14
 19
  9
costs: -391

 -5
-29
 -8
 -4
 20
 10
costs: 830

 -1
 21
 -2
-14
 21
 11
costs: -382

 -5
-29
 -7
 -4
 22
 12
costs: 839

 -1
 21
 -1
-14
 23
 13
costs: -373

 -5
-29
 -6
 -4
 24
 14
costs: 848

 -1
 21
  0
-14
 25
 15
costs: -364

 -5
-29
 -5
 -4
 26
 16
costs: 857

 -1
 21
  1
-14
 27
 17
costs: -355

 -5
-29
 -4
 -4
 28
 18
costs: 866

 -1
 21
  2
-14
 29
 19
costs: -346

 -5
-29
 -3
 -4
 30
 20
costs: 875

solutions: 28
best solutions: 1
max costs: 875

Slurm Job Summary
*****************
- General information:
    date = Sat Apr 3 19:15:34 CEST 2021
    hostname = node039
- Job information:
    JobId = 900580
    JobName = j3_2_1_2B5_0Vbrute
    UserId = sunip624(67554)
    Account = sunip624
    QOS = normal
    NodeList = node039
    Features = (null)
    Command = /home/sunip624/IntOpt/sbatches/j3_2_1_2B5_0Vbrute.sbatch
    WorkDir = /home/sunip624/IntOpt
    StdOut = /home/sunip624/IntOpt/./stdouts/j3_2_1_2B5_0Vbrute.out
    StdErr = /home/sunip624/IntOpt/./stderrs/j3_2_1_2B5_0Vbrute.err
- Requested resources:
    Timelimit = 04:00:00 ( 14400s )
    MinMemoryNode = 10G ( 10240.000M )
    NumNodes = 1
    NumCPUs = 16
    NumTasks = 1
    CPUs/Task = 16
- Used resources:
    RunTime = 00:00:27 ( 27s )
    MaxRSS = 912K ( 0.891M )
====================
- Important conclusions and remarks:
    * !!! Please, always check if the number of requested cores and nodes matches the need of your program/code !!!
    * !!! Less than 10% of requested walltime used !!! Please, adapt your batch script.
    * !!! Less than 10% of requested main memory used !!! Please, adapt your batch script.

