--------BEG-----------
  5
  8
  7
  6
  9
 -8
 -6
  6
-11
costs: 69

  5
  5
  7
  6
  9
 -8
 -4
  6
-11
costs: 103

  5
  2
  7
  6
  9
 -8
 -2
  6
-11
costs: 137

-10
  6
  6
 -7
 -4
 -5
 -8
  7
-11
costs: -91

-10
  3
  6
 -7
 -4
 -5
 -6
  7
-11
costs: -57

-10
  0
  6
 -7
 -4
 -5
 -4
  7
-11
costs: -23

-10
 -3
  6
 -7
 -4
 -5
 -2
  7
-11
costs: 11

  5
  7
  7
  6
  5
 -7
 -2
  3
-10
costs: 5

  5
  6
  7
  6
  9
 -8
 -5
  5
-10
costs: 76

  5
  3
  7
  6
  9
 -8
 -3
  5
-10
costs: 110

-10
  4
  6
 -7
 -4
 -5
 -7
  6
-10
costs: -84

-10
  1
  6
 -7
 -4
 -5
 -5
  6
-10
costs: -50

-10
 -2
  6
 -7
 -4
 -5
 -3
  6
-10
costs: -16

 5
 8
 7
 6
 5
-7
-3
 2
-9
costs: -22

 5
 7
 7
 6
 9
-8
-6
 4
-9
costs: 49

 5
 4
 7
 6
 9
-8
-4
 4
-9
costs: 83

 5
 1
 7
 6
 9
-8
-2
 4
-9
costs: 117

-10
  5
  6
 -7
 -4
 -5
 -8
  5
 -9
costs: -111

-10
  2
  6
 -7
 -4
 -5
 -6
  5
 -9
costs: -77

-10
 -1
  6
 -7
 -4
 -5
 -4
  5
 -9
costs: -43

-10
 -2
  6
 -7
  0
 -6
 -7
  7
 -9
costs: 28

 5
 6
 7
 6
 5
-7
-2
 1
-8
costs: -15

 5
 8
 7
 6
 9
-8
-7
 3
-8
costs: 22

 5
 5
 7
 6
 9
-8
-5
 3
-8
costs: 56

 5
 2
 7
 6
 9
-8
-3
 3
-8
costs: 90

-10
  3
  6
 -7
 -4
 -5
 -7
  4
 -8
costs: -104

-10
  0
  6
 -7
 -4
 -5
 -5
  4
 -8
costs: -70

-10
 -3
  6
 -7
 -4
 -5
 -3
  4
 -8
costs: -36

-10
 -1
  6
 -7
  0
 -6
 -8
  6
 -8
costs: 1

 5
 7
 7
 6
 5
-7
-3
 0
-7
costs: -42

 5
 6
 7
 6
 9
-8
-6
 2
-7
costs: 29

 5
 3
 7
 6
 9
-8
-4
 2
-7
costs: 63

 5
 0
 7
 6
 9
-8
-2
 2
-7
costs: 97

-10
  4
  6
 -7
 -4
 -5
 -8
  3
 -7
costs: -131

-10
  1
  6
 -7
 -4
 -5
 -6
  3
 -7
costs: -97

-10
 -2
  6
 -7
 -4
 -5
 -4
  3
 -7
costs: -63

-10
 -3
  6
 -7
  0
 -6
 -7
  5
 -7
costs: 8

 5
 7
 7
 6
 9
-8
-7
 1
-6
costs: 2

 5
 4
 7
 6
 9
-8
-5
 1
-6
costs: 36

 5
 1
 7
 6
 9
-8
-3
 1
-6
costs: 70

-10
  2
  6
 -7
 -4
 -5
 -7
  2
 -6
costs: -124

-10
 -1
  6
 -7
 -4
 -5
 -5
  2
 -6
costs: -90

-10
 -2
  6
 -7
  0
 -6
 -8
  4
 -6
costs: -19

 5
 8
 7
 6
 9
-8
-8
 0
-5
costs: -25

 5
 5
 7
 6
 9
-8
-6
 0
-5
costs: 9

 5
 2
 7
 6
 9
-8
-4
 0
-5
costs: 43

 5
-1
 7
 6
 9
-8
-2
 0
-5
costs: 77

-10
  3
  6
 -7
 -4
 -5
 -8
  1
 -5
costs: -151

-10
  0
  6
 -7
 -4
 -5
 -6
  1
 -5
costs: -117

-10
 -3
  6
 -7
 -4
 -5
 -4
  1
 -5
costs: -83

solutions: 50
best solutions: 1
max costs: 137

Slurm Job Summary
*****************
- General information:
    date = Sat Apr 3 19:19:37 CEST 2021
    hostname = node039
- Job information:
    JobId = 900586
    JobName = j3_2_1_3B1_1Vbrute
    UserId = sunip624(67554)
    Account = sunip624
    QOS = normal
    NodeList = node039
    Features = (null)
    Command = /home/sunip624/IntOpt/sbatches/j3_2_1_3B1_1Vbrute.sbatch
    WorkDir = /home/sunip624/IntOpt
    StdOut = /home/sunip624/IntOpt/./stdouts/j3_2_1_3B1_1Vbrute.out
    StdErr = /home/sunip624/IntOpt/./stderrs/j3_2_1_3B1_1Vbrute.err
- Requested resources:
    Timelimit = 04:00:00 ( 14400s )
    MinMemoryNode = 10G ( 10240.000M )
    NumNodes = 1
    NumCPUs = 16
    NumTasks = 1
    CPUs/Task = 16
- Used resources:
    RunTime = 00:03:29 ( 209s )
    MaxRSS = 912K ( 0.891M )
====================
- Important conclusions and remarks:
    * !!! Please, always check if the number of requested cores and nodes matches the need of your program/code !!!
    * !!! Less than 10% of requested walltime used !!! Please, adapt your batch script.
    * !!! Less than 10% of requested main memory used !!! Please, adapt your batch script.

