--------BEG-----------
  2
 -4
  6
 -1
 -8
  7
  5
 -7
-10
costs: -305

-8
-9
-8
 4
-2
-2
-6
-6
-4
costs: 307

solutions: 2
best solutions: 1
max costs: 307

Slurm Job Summary
*****************
- General information:
    date = Sat Apr 3 19:27:04 CEST 2021
    hostname = node035
- Job information:
    JobId = 900606
    JobName = j3_2_2_3B1_2Vbrute
    UserId = sunip624(67554)
    Account = sunip624
    QOS = normal
    NodeList = node035
    Features = (null)
    Command = /home/sunip624/IntOpt/sbatches/j3_2_2_3B1_2Vbrute.sbatch
    WorkDir = /home/sunip624/IntOpt
    StdOut = /home/sunip624/IntOpt/./stdouts/j3_2_2_3B1_2Vbrute.out
    StdErr = /home/sunip624/IntOpt/./stderrs/j3_2_2_3B1_2Vbrute.err
- Requested resources:
    Timelimit = 04:00:00 ( 14400s )
    MinMemoryNode = 10G ( 10240.000M )
    NumNodes = 1
    NumCPUs = 16
    NumTasks = 1
    CPUs/Task = 16
- Used resources:
    RunTime = 00:06:57 ( 417s )
    MaxRSS = 912K ( 0.891M )
====================
- Important conclusions and remarks:
    * !!! Please, always check if the number of requested cores and nodes matches the need of your program/code !!!
    * !!! Less than 10% of requested walltime used !!! Please, adapt your batch script.
    * !!! Less than 10% of requested main memory used !!! Please, adapt your batch script.

