--------BEG-----------
 2
 3
16
 6
 4
 1
 6
 1
15
costs: -25

-17
  5
 -3
 10
 10
 10
 -4
  2
 20
costs: -1642

solutions: 2
best solutions: 1
max costs: -25

Slurm Job Summary
*****************
- General information:
    date = Sat Apr 3 19:21:12 CEST 2021
    hostname = node036
- Job information:
    JobId = 900588
    JobName = j3_2_1_3B4_0Vbrute
    UserId = sunip624(67554)
    Account = sunip624
    QOS = normal
    NodeList = node036
    Features = (null)
    Command = /home/sunip624/IntOpt/sbatches/j3_2_1_3B4_0Vbrute.sbatch
    WorkDir = /home/sunip624/IntOpt
    StdOut = /home/sunip624/IntOpt/./stdouts/j3_2_1_3B4_0Vbrute.out
    StdErr = /home/sunip624/IntOpt/./stderrs/j3_2_1_3B4_0Vbrute.err
- Requested resources:
    Timelimit = 04:00:00 ( 14400s )
    MinMemoryNode = 10G ( 10240.000M )
    NumNodes = 1
    NumCPUs = 16
    NumTasks = 1
    CPUs/Task = 16
- Used resources:
    RunTime = 00:05:04 ( 304s )
    MaxRSS = 912K ( 0.891M )
====================
- Important conclusions and remarks:
    * !!! Please, always check if the number of requested cores and nodes matches the need of your program/code !!!
    * !!! Less than 10% of requested walltime used !!! Please, adapt your batch script.
    * !!! Less than 10% of requested main memory used !!! Please, adapt your batch script.

