--------BEG-----------
  6
 -1
  9
 10
 -3
  9
  3
  4
-10
costs: -915

 6
 3
 6
-5
-4
 8
 1
 6
-3
costs: -192

solutions: 2
best solutions: 1
max costs: -192

Slurm Job Summary
*****************
- General information:
    date = Sat Apr 3 19:27:13 CEST 2021
    hostname = node011
- Job information:
    JobId = 900627
    JobName = j3_2_3_3B1_2Vbrute
    UserId = sunip624(67554)
    Account = sunip624
    QOS = normal
    NodeList = node011
    Features = (null)
    Command = /home/sunip624/IntOpt/sbatches/j3_2_3_3B1_2Vbrute.sbatch
    WorkDir = /home/sunip624/IntOpt
    StdOut = /home/sunip624/IntOpt/./stdouts/j3_2_3_3B1_2Vbrute.out
    StdErr = /home/sunip624/IntOpt/./stderrs/j3_2_3_3B1_2Vbrute.err
- Requested resources:
    Timelimit = 04:00:00 ( 14400s )
    MinMemoryNode = 10G ( 10240.000M )
    NumNodes = 1
    NumCPUs = 16
    NumTasks = 1
    CPUs/Task = 16
- Used resources:
    RunTime = 00:00:06 ( 6s )
    MaxRSS = 916K ( 0.895M )
====================
- Important conclusions and remarks:
    * !!! Please, always check if the number of requested cores and nodes matches the need of your program/code !!!
    * !!! Less than 10% of requested walltime used !!! Please, adapt your batch script.
    * !!! Less than 10% of requested main memory used !!! Please, adapt your batch script.

