solution:
-4
 0
 2
-9
 2
-8
maximum: 311

Slurm Job Summary
*****************
- General information:
    date = Sun Apr 4 16:06:12 CEST 2021
    hostname = node062
- Job information:
    JobId = 900033
    JobName = j3_2_2_2B2_0V2
    UserId = sunip624(67554)
    Account = sunip624
    QOS = normal
    NodeList = node062
    Features = (null)
    Command = /home/sunip624/IntOpt/sbatches/j3_2_2_2B2_0V2.sbatch
    WorkDir = /home/sunip624/IntOpt
    StdOut = /home/sunip624/IntOpt/./stdouts/j3_2_2_2B2_0V2.out
    StdErr = /home/sunip624/IntOpt/./stderrs/j3_2_2_2B2_0V2.err
- Requested resources:
    Timelimit = 04:00:00 ( 14400s )
    MinMemoryNode = 200G ( 204800.000M )
    NumNodes = 1
    NumCPUs = 16
    NumTasks = 1
    CPUs/Task = 16
- Used resources:
    RunTime = 00:38:58 ( 2338s )
    MaxRSS = 68556068K ( 66949.285M )
====================
- Important conclusions and remarks:
    * !!! Please, always check if the number of requested cores and nodes matches the need of your program/code !!!
    * !!! Less than 20% of requested walltime used !!! Please, adapt your batch script.
    * !!! Less than 40% of requested main memory used !!! Please, adapt your batch script.

