--------BEG-----------
 8
-2
 4
costs: -10

 9
-5
 7
costs: -23

10
-8
10
costs: -36

solutions: 3
best solutions: 1
max costs: -10

Slurm Job Summary
*****************
- General information:
    date = Sat Apr 3 19:13:08 CEST 2021
    hostname = node061
- Job information:
    JobId = 900574
    JobName = j3_2_1_1B3_0Vbrute
    UserId = sunip624(67554)
    Account = sunip624
    QOS = normal
    NodeList = node061
    Features = (null)
    Command = /home/sunip624/IntOpt/sbatches/j3_2_1_1B3_0Vbrute.sbatch
    WorkDir = /home/sunip624/IntOpt
    StdOut = /home/sunip624/IntOpt/./stdouts/j3_2_1_1B3_0Vbrute.out
    StdErr = /home/sunip624/IntOpt/./stderrs/j3_2_1_1B3_0Vbrute.err
- Requested resources:
    Timelimit = 04:00:00 ( 14400s )
    MinMemoryNode = 10G ( 10240.000M )
    NumNodes = 1
    NumCPUs = 16
    NumTasks = 1
    CPUs/Task = 16
- Used resources:
    RunTime = 00:00:01 ( 1s )
    MaxRSS = 908K ( 0.887M )
====================
- Important conclusions and remarks:
    * !!! Please, always check if the number of requested cores and nodes matches the need of your program/code !!!
    * !!! Less than 10% of requested walltime used !!! Please, adapt your batch script.
    * !!! Less than 10% of requested main memory used !!! Please, adapt your batch script.

