--------BEG-----------
 -4
 -3
-10
  8
  4
 -7
 -4
 -6
  9
costs: 28

 -3
-10
  0
 -4
 -3
 -2
  3
 -6
  9
costs: 468

solutions: 2
best solutions: 1
max costs: 468

Slurm Job Summary
*****************
- General information:
    date = Sat Apr 3 19:26:45 CEST 2021
    hostname = node036
- Job information:
    JobId = 900625
    JobName = j3_2_3_3B1_0Vbrute
    UserId = sunip624(67554)
    Account = sunip624
    QOS = normal
    NodeList = node036
    Features = (null)
    Command = /home/sunip624/IntOpt/sbatches/j3_2_3_3B1_0Vbrute.sbatch
    WorkDir = /home/sunip624/IntOpt
    StdOut = /home/sunip624/IntOpt/./stdouts/j3_2_3_3B1_0Vbrute.out
    StdErr = /home/sunip624/IntOpt/./stderrs/j3_2_3_3B1_0Vbrute.err
- Requested resources:
    Timelimit = 04:00:00 ( 14400s )
    MinMemoryNode = 10G ( 10240.000M )
    NumNodes = 1
    NumCPUs = 16
    NumTasks = 1
    CPUs/Task = 16
- Used resources:
    RunTime = 00:00:38 ( 38s )
    MaxRSS = 912K ( 0.891M )
====================
- Important conclusions and remarks:
    * !!! Please, always check if the number of requested cores and nodes matches the need of your program/code !!!
    * !!! Less than 10% of requested walltime used !!! Please, adapt your batch script.
    * !!! Less than 10% of requested main memory used !!! Please, adapt your batch script.

