--------BEG-----------
 3
-2
 2
costs: -59

 2
-1
 2
costs: -53

1
0
2
costs: -47

0
1
2
costs: -41

-1
 2
 2
costs: -35

-2
 3
 2
costs: -29

-3
 4
 2
costs: -23

solutions: 7
best solutions: 1
max costs: -23

Slurm Job Summary
*****************
- General information:
    date = Sat Apr 3 19:16:08 CEST 2021
    hostname = node082
- Job information:
    JobId = 900590
    JobName = j3_2_2_1B1_0Vbrute
    UserId = sunip624(67554)
    Account = sunip624
    QOS = normal
    NodeList = node082
    Features = (null)
    Command = /home/sunip624/IntOpt/sbatches/j3_2_2_1B1_0Vbrute.sbatch
    WorkDir = /home/sunip624/IntOpt
    StdOut = /home/sunip624/IntOpt/./stdouts/j3_2_2_1B1_0Vbrute.out
    StdErr = /home/sunip624/IntOpt/./stderrs/j3_2_2_1B1_0Vbrute.err
- Requested resources:
    Timelimit = 04:00:00 ( 14400s )
    MinMemoryNode = 10G ( 10240.000M )
    NumNodes = 1
    NumCPUs = 16
    NumTasks = 1
    CPUs/Task = 16
- Used resources:
    RunTime = 00:00:00 ( 0s )
    MaxRSS = 916K ( 0.895M )
====================
- Important conclusions and remarks:
    * !!! Please, always check if the number of requested cores and nodes matches the need of your program/code !!!
    * !!! Less than 10% of requested walltime used !!! Please, adapt your batch script.
    * !!! Less than 10% of requested main memory used !!! Please, adapt your batch script.

