--------BEG-----------
 8
-9
-8
costs: 38

 8
-8
-8
costs: 32

 8
-7
-8
costs: 26

 8
-6
-8
costs: 20

 8
-5
-8
costs: 14

 8
-4
-8
costs: 8

 8
-3
-8
costs: 2

 8
-2
-8
costs: -4

solutions: 8
best solutions: 1
max costs: 38

Slurm Job Summary
*****************
- General information:
    date = Sat Apr 3 19:17:07 CEST 2021
    hostname = node035
- Job information:
    JobId = 900592
    JobName = j3_2_2_1B1_1Vbrute
    UserId = sunip624(67554)
    Account = sunip624
    QOS = normal
    NodeList = node035
    Features = (null)
    Command = /home/sunip624/IntOpt/sbatches/j3_2_2_1B1_1Vbrute.sbatch
    WorkDir = /home/sunip624/IntOpt
    StdOut = /home/sunip624/IntOpt/./stdouts/j3_2_2_1B1_1Vbrute.out
    StdErr = /home/sunip624/IntOpt/./stderrs/j3_2_2_1B1_1Vbrute.err
- Requested resources:
    Timelimit = 04:00:00 ( 14400s )
    MinMemoryNode = 10G ( 10240.000M )
    NumNodes = 1
    NumCPUs = 16
    NumTasks = 1
    CPUs/Task = 16
- Used resources:
    RunTime = 00:00:00 ( 0s )
    MaxRSS = 912K ( 0.891M )
====================
- Important conclusions and remarks:
    * !!! Please, always check if the number of requested cores and nodes matches the need of your program/code !!!
    * !!! Less than 10% of requested walltime used !!! Please, adapt your batch script.
    * !!! Less than 10% of requested main memory used !!! Please, adapt your batch script.

