solution:
 -8
-14
 12
maximum: 340

Slurm Job Summary
*****************
- General information:
    date = Sun Apr 4 16:32:09 CEST 2021
    hostname = node083
- Job information:
    JobId = 900048
    JobName = j3_2_3_1B4_0V2
    UserId = sunip624(67554)
    Account = sunip624
    QOS = normal
    NodeList = node083
    Features = (null)
    Command = /home/sunip624/IntOpt/sbatches/j3_2_3_1B4_0V2.sbatch
    WorkDir = /home/sunip624/IntOpt
    StdOut = /home/sunip624/IntOpt/./stdouts/j3_2_3_1B4_0V2.out
    StdErr = /home/sunip624/IntOpt/./stderrs/j3_2_3_1B4_0V2.err
- Requested resources:
    Timelimit = 04:00:00 ( 14400s )
    MinMemoryNode = 200G ( 204800.000M )
    NumNodes = 1
    NumCPUs = 16
    NumTasks = 1
    CPUs/Task = 16
- Used resources:
    RunTime = 00:19:05 ( 1145s )
    MaxRSS = 9263672K ( 9046.555M )
====================
- Important conclusions and remarks:
    * !!! Please, always check if the number of requested cores and nodes matches the need of your program/code !!!
    * !!! Less than 10% of requested walltime used !!! Please, adapt your batch script.
    * !!! Less than 10% of requested main memory used !!! Please, adapt your batch script.

