--------BEG-----------
 -3
  3
-28
costs: 98

  0
  4
-28
costs: 84

  3
  5
-28
costs: 70

  6
  6
-28
costs: 56

  9
  7
-28
costs: 42

 12
  8
-28
costs: 28

 15
  9
-28
costs: 14

 18
 10
-28
costs: 0

 21
 11
-28
costs: -14

 24
 12
-28
costs: -28

 27
 13
-28
costs: -42

solutions: 11
best solutions: 1
max costs: 98

Slurm Job Summary
*****************
- General information:
    date = Sat Apr 3 19:18:08 CEST 2021
    hostname = node035
- Job information:
    JobId = 900596
    JobName = j3_2_2_1B5_0Vbrute
    UserId = sunip624(67554)
    Account = sunip624
    QOS = normal
    NodeList = node035
    Features = (null)
    Command = /home/sunip624/IntOpt/sbatches/j3_2_2_1B5_0Vbrute.sbatch
    WorkDir = /home/sunip624/IntOpt
    StdOut = /home/sunip624/IntOpt/./stdouts/j3_2_2_1B5_0Vbrute.out
    StdErr = /home/sunip624/IntOpt/./stderrs/j3_2_2_1B5_0Vbrute.err
- Requested resources:
    Timelimit = 04:00:00 ( 14400s )
    MinMemoryNode = 10G ( 10240.000M )
    NumNodes = 1
    NumCPUs = 16
    NumTasks = 1
    CPUs/Task = 16
- Used resources:
    RunTime = 00:00:01 ( 1s )
    MaxRSS = 920K ( 0.898M )
====================
- Important conclusions and remarks:
    * !!! Please, always check if the number of requested cores and nodes matches the need of your program/code !!!
    * !!! Less than 10% of requested walltime used !!! Please, adapt your batch script.
    * !!! Less than 10% of requested main memory used !!! Please, adapt your batch script.

