
Slurm Job Summary
*****************
- General information:
    date = Sun Apr 4 05:02:13 CEST 2021
    hostname = node046
- Job information:
    JobId = 899451
    JobName = j3_2_1_3B2_0V1
    UserId = sunip624(67554)
    Account = sunip624
    QOS = normal
    NodeList = node046
    Features = (null)
    Command = /home/sunip624/IntOpt/sbatches/j3_2_1_3B2_0V1.sbatch
    WorkDir = /home/sunip624/IntOpt
    StdOut = /home/sunip624/IntOpt/./stdouts/j3_2_1_3B2_0V1.out
    StdErr = /home/sunip624/IntOpt/./stderrs/j3_2_1_3B2_0V1.err
- Requested resources:
    Timelimit = 04:00:00 ( 14400s )
    MinMemoryNode = 200G ( 204800.000M )
    NumNodes = 1
    NumCPUs = 16
    NumTasks = 1
    CPUs/Task = 16
- Used resources:
    RunTime = 03:13:32 ( 11612s )
    MaxRSS = 209715016K ( 204799.820M )
====================
- Important conclusions and remarks:
    * !!! Please, always check if the number of requested cores and nodes matches the need of your program/code !!!
    (null)
    (null)

