
Slurm Job Summary
*****************
- General information:
    date = Sun Apr 4 20:20:08 CEST 2021
    hostname = node084
- Job information:
    JobId = 900068
    JobName = j3_3_1_1B3_0V2
    UserId = sunip624(67554)
    Account = sunip624
    QOS = normal
    NodeList = node084
    Features = (null)
    Command = /home/sunip624/IntOpt/sbatches/j3_3_1_1B3_0V2.sbatch
    WorkDir = /home/sunip624/IntOpt
    StdOut = /home/sunip624/IntOpt/./stdouts/j3_3_1_1B3_0V2.out
    StdErr = /home/sunip624/IntOpt/./stderrs/j3_3_1_1B3_0V2.err
- Requested resources:
    Timelimit = 04:00:00 ( 14400s )
    MinMemoryNode = 200G ( 204800.000M )
    NumNodes = 1
    NumCPUs = 16
    NumTasks = 1
    CPUs/Task = 16
- Used resources:
    RunTime = 03:16:31 ( 11791s )
    MaxRSS = 209715076K ( 204799.879M )
====================
- Important conclusions and remarks:
    * !!! Please, always check if the number of requested cores and nodes matches the need of your program/code !!!
    (null)
    (null)

