
Slurm Job Summary
*****************
- General information:
    date = Sun Apr 4 05:26:11 CEST 2021
    hostname = node060
- Job information:
    JobId = 899503
    JobName = j3_3_1_1B5_0V1
    UserId = sunip624(67554)
    Account = sunip624
    QOS = normal
    NodeList = node060
    Features = (null)
    Command = /home/sunip624/IntOpt/sbatches/j3_3_1_1B5_0V1.sbatch
    WorkDir = /home/sunip624/IntOpt
    StdOut = /home/sunip624/IntOpt/./stdouts/j3_3_1_1B5_0V1.out
    StdErr = /home/sunip624/IntOpt/./stderrs/j3_3_1_1B5_0V1.err
- Requested resources:
    Timelimit = 04:00:00 ( 14400s )
    MinMemoryNode = 200G ( 204800.000M )
    NumNodes = 1
    NumCPUs = 16
    NumTasks = 1
    CPUs/Task = 16
- Used resources:
    RunTime = 01:38:49 ( 5929s )
    MaxRSS = 209714932K ( 204799.738M )
====================
- Important conclusions and remarks:
    * !!! Please, always check if the number of requested cores and nodes matches the need of your program/code !!!
    * !!! Less than 50% of requested walltime used !!! Please, adapt your batch script.
    (null)

