--------BEG-----------
 -7
  2
  3
  8
 -4
-10
costs: 97

-6
 2
 4
 8
-4
-9
costs: 79

-5
 2
 5
 8
-4
-8
costs: 61

-4
 2
 6
 8
-4
-7
costs: 43

-3
 2
 7
 8
-4
-6
costs: 25

-2
 2
 8
 8
-4
-5
costs: 7

solutions: 6
best solutions: 1
max costs: 97

Slurm Job Summary
*****************
- General information:
    date = Sat Apr 3 19:34:07 CEST 2021
    hostname = node036
- Job information:
    JobId = 900642
    JobName = j3_3_1_2B2_0Vbrute
    UserId = sunip624(67554)
    Account = sunip624
    QOS = normal
    NodeList = node036
    Features = (null)
    Command = /home/sunip624/IntOpt/sbatches/j3_3_1_2B2_0Vbrute.sbatch
    WorkDir = /home/sunip624/IntOpt
    StdOut = /home/sunip624/IntOpt/./stdouts/j3_3_1_2B2_0Vbrute.out
    StdErr = /home/sunip624/IntOpt/./stderrs/j3_3_1_2B2_0Vbrute.err
- Requested resources:
    Timelimit = 04:00:00 ( 14400s )
    MinMemoryNode = 10G ( 10240.000M )
    NumNodes = 1
    NumCPUs = 16
    NumTasks = 1
    CPUs/Task = 16
- Used resources:
    RunTime = 00:00:00 ( 0s )
    MaxRSS = 912K ( 0.891M )
====================
- Important conclusions and remarks:
    * !!! Please, always check if the number of requested cores and nodes matches the need of your program/code !!!
    * !!! Less than 10% of requested walltime used !!! Please, adapt your batch script.
    * !!! Less than 10% of requested main memory used !!! Please, adapt your batch script.

