--------BEG-----------
-6
 1
 5
 1
-1
-2
-8
 5
-3
costs: -96

-6
-5
 7
-2
-8
-7
 0
 1
 1
costs: -34

solutions: 2
best solutions: 1
max costs: -34

Slurm Job Summary
*****************
- General information:
    date = Sat Apr 3 19:36:23 CEST 2021
    hostname = node032
- Job information:
    JobId = 900647
    JobName = j3_3_1_3B1_2Vbrute
    UserId = sunip624(67554)
    Account = sunip624
    QOS = normal
    NodeList = node032
    Features = (null)
    Command = /home/sunip624/IntOpt/sbatches/j3_3_1_3B1_2Vbrute.sbatch
    WorkDir = /home/sunip624/IntOpt
    StdOut = /home/sunip624/IntOpt/./stdouts/j3_3_1_3B1_2Vbrute.out
    StdErr = /home/sunip624/IntOpt/./stderrs/j3_3_1_3B1_2Vbrute.err
- Requested resources:
    Timelimit = 04:00:00 ( 14400s )
    MinMemoryNode = 10G ( 10240.000M )
    NumNodes = 1
    NumCPUs = 16
    NumTasks = 1
    CPUs/Task = 16
- Used resources:
    RunTime = 00:00:16 ( 16s )
    MaxRSS = 908K ( 0.887M )
====================
- Important conclusions and remarks:
    * !!! Please, always check if the number of requested cores and nodes matches the need of your program/code !!!
    * !!! Less than 10% of requested walltime used !!! Please, adapt your batch script.
    * !!! Less than 10% of requested main memory used !!! Please, adapt your batch script.

