solution:
 -7
  2
  3
  8
 -4
-10
maximum: 97

Slurm Job Summary
*****************
- General information:
    date = Sun Apr 4 04:10:29 CEST 2021
    hostname = node081
- Job information:
    JobId = 899508
    JobName = j3_3_1_2B2_0V1
    UserId = sunip624(67554)
    Account = sunip624
    QOS = normal
    NodeList = node081
    Features = (null)
    Command = /home/sunip624/IntOpt/sbatches/j3_3_1_2B2_0V1.sbatch
    WorkDir = /home/sunip624/IntOpt
    StdOut = /home/sunip624/IntOpt/./stdouts/j3_3_1_2B2_0V1.out
    StdErr = /home/sunip624/IntOpt/./stderrs/j3_3_1_2B2_0V1.err
- Requested resources:
    Timelimit = 04:00:00 ( 14400s )
    MinMemoryNode = 200G ( 204800.000M )
    NumNodes = 1
    NumCPUs = 16
    NumTasks = 1
    CPUs/Task = 16
- Used resources:
    RunTime = 00:00:23 ( 23s )
    MaxRSS = 916K ( 0.895M )
====================
- Important conclusions and remarks:
    * !!! Please, always check if the number of requested cores and nodes matches the need of your program/code !!!
    * !!! Less than 10% of requested walltime used !!! Please, adapt your batch script.
    * !!! Less than 10% of requested main memory used !!! Please, adapt your batch script.

