
Slurm Job Summary
*****************
- General information:
    date = Sun Apr 4 22:09:38 CEST 2021
    hostname = node054
- Job information:
    JobId = 900116
    JobName = j3_3_3_2B1_2V2
    UserId = sunip624(67554)
    Account = sunip624
    QOS = normal
    NodeList = node054
    Features = (null)
    Command = /home/sunip624/IntOpt/sbatches/j3_3_3_2B1_2V2.sbatch
    WorkDir = /home/sunip624/IntOpt
    StdOut = /home/sunip624/IntOpt/./stdouts/j3_3_3_2B1_2V2.out
    StdErr = /home/sunip624/IntOpt/./stderrs/j3_3_3_2B1_2V2.err
- Requested resources:
    Timelimit = 04:00:00 ( 14400s )
    MinMemoryNode = 200G ( 204800.000M )
    NumNodes = 1
    NumCPUs = 16
    NumTasks = 1
    CPUs/Task = 16
- Used resources:
    RunTime = 02:22:56 ( 8576s )
    MaxRSS = 206521264K ( 201680.922M )
====================
- Important conclusions and remarks:
    * !!! Please, always check if the number of requested cores and nodes matches the need of your program/code !!!
    * !!! Less than 60% of requested walltime used !!! Please, adapt your batch script.
    (null)

