--------BEG-----------
 19
 13
  6
  1
  2
-18
costs: -106

 11
  9
-15
  9
-11
  5
costs: -100

solutions: 2
best solutions: 1
max costs: -100

Slurm Job Summary
*****************
- General information:
    date = Sat Apr 3 20:01:12 CEST 2021
    hostname = node036
- Job information:
    JobId = 900664
    JobName = j3_3_2_2B4_0Vbrute
    UserId = sunip624(67554)
    Account = sunip624
    QOS = normal
    NodeList = node036
    Features = (null)
    Command = /home/sunip624/IntOpt/sbatches/j3_3_2_2B4_0Vbrute.sbatch
    WorkDir = /home/sunip624/IntOpt
    StdOut = /home/sunip624/IntOpt/./stdouts/j3_3_2_2B4_0Vbrute.out
    StdErr = /home/sunip624/IntOpt/./stderrs/j3_3_2_2B4_0Vbrute.err
- Requested resources:
    Timelimit = 04:00:00 ( 14400s )
    MinMemoryNode = 10G ( 10240.000M )
    NumNodes = 1
    NumCPUs = 16
    NumTasks = 1
    CPUs/Task = 16
- Used resources:
    RunTime = 00:00:05 ( 5s )
    MaxRSS = 916K ( 0.895M )
====================
- Important conclusions and remarks:
    * !!! Please, always check if the number of requested cores and nodes matches the need of your program/code !!!
    * !!! Less than 10% of requested walltime used !!! Please, adapt your batch script.
    * !!! Less than 10% of requested main memory used !!! Please, adapt your batch script.

