--------BEG-----------
10
 7
-8
-4
 7
-3
 3
 3
-4
costs: 193

 -9
-10
 -8
 -1
  0
  4
  7
  4
  3
costs: -89

solutions: 2
best solutions: 1
max costs: 193

Slurm Job Summary
*****************
- General information:
    date = Sat Apr 3 21:23:36 CEST 2021
    hostname = node078
- Job information:
    JobId = 900690
    JobName = j3_3_3_3B1_2Vbrute
    UserId = sunip624(67554)
    Account = sunip624
    QOS = normal
    NodeList = node078
    Features = (null)
    Command = /home/sunip624/IntOpt/sbatches/j3_3_3_3B1_2Vbrute.sbatch
    WorkDir = /home/sunip624/IntOpt
    StdOut = /home/sunip624/IntOpt/./stdouts/j3_3_3_3B1_2Vbrute.out
    StdErr = /home/sunip624/IntOpt/./stderrs/j3_3_3_3B1_2Vbrute.err
- Requested resources:
    Timelimit = 04:00:00 ( 14400s )
    MinMemoryNode = 10G ( 10240.000M )
    NumNodes = 1
    NumCPUs = 16
    NumTasks = 1
    CPUs/Task = 16
- Used resources:
    RunTime = 00:02:29 ( 149s )
    MaxRSS = 920K ( 0.898M )
====================
- Important conclusions and remarks:
    * !!! Please, always check if the number of requested cores and nodes matches the need of your program/code !!!
    * !!! Less than 10% of requested walltime used !!! Please, adapt your batch script.
    * !!! Less than 10% of requested main memory used !!! Please, adapt your batch script.

