--------BEG-----------
-13
-25
-15
 -9
 29
  4
 -3
 15
 25
costs: 316

-28
-30
-16
 23
 17
 -5
  6
  3
 27
costs: 713

solutions: 2
best solutions: 1
max costs: 713

Slurm Job Summary
*****************
- General information:
    date = Sat Apr 3 22:03:04 CEST 2021
    hostname = node078
- Job information:
    JobId = 900693
    JobName = j3_3_3_3B5_0Vbrute
    UserId = sunip624(67554)
    Account = sunip624
    QOS = normal
    NodeList = node078
    Features = (null)
    Command = /home/sunip624/IntOpt/sbatches/j3_3_3_3B5_0Vbrute.sbatch
    WorkDir = /home/sunip624/IntOpt
    StdOut = /home/sunip624/IntOpt/./stdouts/j3_3_3_3B5_0Vbrute.out
    StdErr = /home/sunip624/IntOpt/./stderrs/j3_3_3_3B5_0Vbrute.err
- Requested resources:
    Timelimit = 04:00:00 ( 14400s )
    MinMemoryNode = 10G ( 10240.000M )
    NumNodes = 1
    NumCPUs = 16
    NumTasks = 1
    CPUs/Task = 16
- Used resources:
    RunTime = 00:35:57 ( 2157s )
    MaxRSS = 908K ( 0.887M )
====================
- Important conclusions and remarks:
    * !!! Please, always check if the number of requested cores and nodes matches the need of your program/code !!!
    * !!! Less than 20% of requested walltime used !!! Please, adapt your batch script.
    * !!! Less than 10% of requested main memory used !!! Please, adapt your batch script.

