--------BEG-----------
 3
 1
-4
-9
10
-9
costs: -502

  7
-10
 -8
  5
  4
 -1
costs: 112

solutions: 2
best solutions: 1
max costs: 112

Slurm Job Summary
*****************
- General information:
    date = Sat Apr 3 20:00:08 CEST 2021
    hostname = node032
- Job information:
    JobId = 900661
    JobName = j3_3_2_2B1_2Vbrute
    UserId = sunip624(67554)
    Account = sunip624
    QOS = normal
    NodeList = node032
    Features = (null)
    Command = /home/sunip624/IntOpt/sbatches/j3_3_2_2B1_2Vbrute.sbatch
    WorkDir = /home/sunip624/IntOpt
    StdOut = /home/sunip624/IntOpt/./stdouts/j3_3_2_2B1_2Vbrute.out
    StdErr = /home/sunip624/IntOpt/./stderrs/j3_3_2_2B1_2Vbrute.err
- Requested resources:
    Timelimit = 04:00:00 ( 14400s )
    MinMemoryNode = 10G ( 10240.000M )
    NumNodes = 1
    NumCPUs = 16
    NumTasks = 1
    CPUs/Task = 16
- Used resources:
    RunTime = 00:00:01 ( 1s )
    MaxRSS = 912K ( 0.891M )
====================
- Important conclusions and remarks:
    * !!! Please, always check if the number of requested cores and nodes matches the need of your program/code !!!
    * !!! Less than 10% of requested walltime used !!! Please, adapt your batch script.
    * !!! Less than 10% of requested main memory used !!! Please, adapt your batch script.

