
Slurm Job Summary
*****************
- General information:
    date = Sun Apr 4 19:39:45 CEST 2021
    hostname = node062
- Job information:
    JobId = 900097
    JobName = j3_3_2_2B4_0V2
    UserId = sunip624(67554)
    Account = sunip624
    QOS = normal
    NodeList = node062
    Features = (null)
    Command = /home/sunip624/IntOpt/sbatches/j3_3_2_2B4_0V2.sbatch
    WorkDir = /home/sunip624/IntOpt
    StdOut = /home/sunip624/IntOpt/./stdouts/j3_3_2_2B4_0V2.out
    StdErr = /home/sunip624/IntOpt/./stderrs/j3_3_2_2B4_0V2.err
- Requested resources:
    Timelimit = 04:00:00 ( 14400s )
    MinMemoryNode = 200G ( 204800.000M )
    NumNodes = 1
    NumCPUs = 16
    NumTasks = 1
    CPUs/Task = 16
- Used resources:
    RunTime = 00:51:29 ( 3089s )
    MaxRSS = 209714988K ( 204799.793M )
====================
- Important conclusions and remarks:
    * !!! Please, always check if the number of requested cores and nodes matches the need of your program/code !!!
    * !!! Less than 30% of requested walltime used !!! Please, adapt your batch script.
    (null)

