--------BEG-----------
 0
 3
-8
-8
 5
-5
 4
 8
 1
costs: -368

-9
 7
-2
 3
-5
10
 7
-7
 6
costs: 194

solutions: 2
best solutions: 1
max costs: 194

Slurm Job Summary
*****************
- General information:
    date = Sat Apr 3 19:53:23 CEST 2021
    hostname = node032
- Job information:
    JobId = 900652
    JobName = j3_3_1_3B3_0Vbrute
    UserId = sunip624(67554)
    Account = sunip624
    QOS = normal
    NodeList = node032
    Features = (null)
    Command = /home/sunip624/IntOpt/sbatches/j3_3_1_3B3_0Vbrute.sbatch
    WorkDir = /home/sunip624/IntOpt
    StdOut = /home/sunip624/IntOpt/./stdouts/j3_3_1_3B3_0Vbrute.out
    StdErr = /home/sunip624/IntOpt/./stderrs/j3_3_1_3B3_0Vbrute.err
- Requested resources:
    Timelimit = 04:00:00 ( 14400s )
    MinMemoryNode = 10G ( 10240.000M )
    NumNodes = 1
    NumCPUs = 16
    NumTasks = 1
    CPUs/Task = 16
- Used resources:
    RunTime = 00:15:16 ( 916s )
    MaxRSS = 904K ( 0.883M )
====================
- Important conclusions and remarks:
    * !!! Please, always check if the number of requested cores and nodes matches the need of your program/code !!!
    * !!! Less than 10% of requested walltime used !!! Please, adapt your batch script.
    * !!! Less than 10% of requested main memory used !!! Please, adapt your batch script.

