--------BEG-----------
 6
-5
 3
-6
-8
-2
 3
 0
-6
costs: 119

  6
  1
 -5
-10
 -8
 -2
 -3
 -1
  6
costs: 90

solutions: 2
best solutions: 1
max costs: 119

Slurm Job Summary
*****************
- General information:
    date = Sat Apr 3 21:24:15 CEST 2021
    hostname = node078
- Job information:
    JobId = 900691
    JobName = j3_3_3_3B2_0Vbrute
    UserId = sunip624(67554)
    Account = sunip624
    QOS = normal
    NodeList = node078
    Features = (null)
    Command = /home/sunip624/IntOpt/sbatches/j3_3_3_3B2_0Vbrute.sbatch
    WorkDir = /home/sunip624/IntOpt
    StdOut = /home/sunip624/IntOpt/./stdouts/j3_3_3_3B2_0Vbrute.out
    StdErr = /home/sunip624/IntOpt/./stderrs/j3_3_3_3B2_0Vbrute.err
- Requested resources:
    Timelimit = 04:00:00 ( 14400s )
    MinMemoryNode = 10G ( 10240.000M )
    NumNodes = 1
    NumCPUs = 16
    NumTasks = 1
    CPUs/Task = 16
- Used resources:
    RunTime = 00:00:08 ( 8s )
    MaxRSS = 916K ( 0.895M )
====================
- Important conclusions and remarks:
    * !!! Please, always check if the number of requested cores and nodes matches the need of your program/code !!!
    * !!! Less than 10% of requested walltime used !!! Please, adapt your batch script.
    * !!! Less than 10% of requested main memory used !!! Please, adapt your batch script.

