--------BEG-----------
  9
-11
 -1
 12
-15
 -6
  2
 -4
 -4
costs: 331

 10
 20
-14
  3
 13
-12
-10
 -7
  1
costs: -613

solutions: 2
best solutions: 1
max costs: 331

Slurm Job Summary
*****************
- General information:
    date = Sat Apr 3 21:00:06 CEST 2021
    hostname = node036
- Job information:
    JobId = 900671
    JobName = j3_3_2_3B4_0Vbrute
    UserId = sunip624(67554)
    Account = sunip624
    QOS = normal
    NodeList = node036
    Features = (null)
    Command = /home/sunip624/IntOpt/sbatches/j3_3_2_3B4_0Vbrute.sbatch
    WorkDir = /home/sunip624/IntOpt
    StdOut = /home/sunip624/IntOpt/./stdouts/j3_3_2_3B4_0Vbrute.out
    StdErr = /home/sunip624/IntOpt/./stderrs/j3_3_2_3B4_0Vbrute.err
- Requested resources:
    Timelimit = 04:00:00 ( 14400s )
    MinMemoryNode = 10G ( 10240.000M )
    NumNodes = 1
    NumCPUs = 16
    NumTasks = 1
    CPUs/Task = 16
- Used resources:
    RunTime = 00:49:59 ( 2999s )
    MaxRSS = 916K ( 0.895M )
====================
- Important conclusions and remarks:
    * !!! Please, always check if the number of requested cores and nodes matches the need of your program/code !!!
    * !!! Less than 30% of requested walltime used !!! Please, adapt your batch script.
    * !!! Less than 10% of requested main memory used !!! Please, adapt your batch script.

