--------BEG-----------
-3
 7
 5
 8
 4
-7
costs: 201

-1
 7
 2
 7
 3
-6
costs: 42

 1
 7
-1
 6
 2
-5
costs: -117

 3
 7
-4
 5
 1
-4
costs: -276

 5
 7
-7
 4
 0
-3
costs: -435

  7
  7
-10
  3
 -1
 -2
costs: -594

solutions: 6
best solutions: 1
max costs: 201

Slurm Job Summary
*****************
- General information:
    date = Sat Apr 3 21:14:07 CEST 2021
    hostname = node078
- Job information:
    JobId = 900685
    JobName = j3_3_3_2B2_0Vbrute
    UserId = sunip624(67554)
    Account = sunip624
    QOS = normal
    NodeList = node078
    Features = (null)
    Command = /home/sunip624/IntOpt/sbatches/j3_3_3_2B2_0Vbrute.sbatch
    WorkDir = /home/sunip624/IntOpt
    StdOut = /home/sunip624/IntOpt/./stdouts/j3_3_3_2B2_0Vbrute.out
    StdErr = /home/sunip624/IntOpt/./stderrs/j3_3_3_2B2_0Vbrute.err
- Requested resources:
    Timelimit = 04:00:00 ( 14400s )
    MinMemoryNode = 10G ( 10240.000M )
    NumNodes = 1
    NumCPUs = 16
    NumTasks = 1
    CPUs/Task = 16
- Used resources:
    RunTime = 00:00:00 ( 0s )
    MaxRSS = 908K ( 0.887M )
====================
- Important conclusions and remarks:
    * !!! Please, always check if the number of requested cores and nodes matches the need of your program/code !!!
    * !!! Less than 10% of requested walltime used !!! Please, adapt your batch script.
    * !!! Less than 10% of requested main memory used !!! Please, adapt your batch script.

