--------BEG-----------
 8
-7
 3
 0
-1
-2
-5
-1
-9
costs: 270

-6
 3
 0
 2
-5
-1
-2
-1
-8
costs: -17

solutions: 2
best solutions: 1
max costs: 270

Slurm Job Summary
*****************
- General information:
    date = Sat Apr 3 21:17:16 CEST 2021
    hostname = node078
- Job information:
    JobId = 900688
    JobName = j3_3_3_3B1_0Vbrute
    UserId = sunip624(67554)
    Account = sunip624
    QOS = normal
    NodeList = node078
    Features = (null)
    Command = /home/sunip624/IntOpt/sbatches/j3_3_3_3B1_0Vbrute.sbatch
    WorkDir = /home/sunip624/IntOpt
    StdOut = /home/sunip624/IntOpt/./stdouts/j3_3_3_3B1_0Vbrute.out
    StdErr = /home/sunip624/IntOpt/./stderrs/j3_3_3_3B1_0Vbrute.err
- Requested resources:
    Timelimit = 04:00:00 ( 14400s )
    MinMemoryNode = 10G ( 10240.000M )
    NumNodes = 1
    NumCPUs = 16
    NumTasks = 1
    CPUs/Task = 16
- Used resources:
    RunTime = 00:00:09 ( 9s )
    MaxRSS = 912K ( 0.891M )
====================
- Important conclusions and remarks:
    * !!! Please, always check if the number of requested cores and nodes matches the need of your program/code !!!
    * !!! Less than 10% of requested walltime used !!! Please, adapt your batch script.
    * !!! Less than 10% of requested main memory used !!! Please, adapt your batch script.

