--------BEG-----------
0
4
4
2
3
6
costs: -213

-6
 8
 1
 2
 5
 7
costs: -317

solutions: 2
best solutions: 1
max costs: -213

Slurm Job Summary
*****************
- General information:
    date = Sat Apr 3 20:00:07 CEST 2021
    hostname = node036
- Job information:
    JobId = 900662
    JobName = j3_3_2_2B2_0Vbrute
    UserId = sunip624(67554)
    Account = sunip624
    QOS = normal
    NodeList = node036
    Features = (null)
    Command = /home/sunip624/IntOpt/sbatches/j3_3_2_2B2_0Vbrute.sbatch
    WorkDir = /home/sunip624/IntOpt
    StdOut = /home/sunip624/IntOpt/./stdouts/j3_3_2_2B2_0Vbrute.out
    StdErr = /home/sunip624/IntOpt/./stderrs/j3_3_2_2B2_0Vbrute.err
- Requested resources:
    Timelimit = 04:00:00 ( 14400s )
    MinMemoryNode = 10G ( 10240.000M )
    NumNodes = 1
    NumCPUs = 16
    NumTasks = 1
    CPUs/Task = 16
- Used resources:
    RunTime = 00:00:00 ( 0s )
    MaxRSS = 908K ( 0.887M )
====================
- Important conclusions and remarks:
    * !!! Please, always check if the number of requested cores and nodes matches the need of your program/code !!!
    * !!! Less than 10% of requested walltime used !!! Please, adapt your batch script.
    * !!! Less than 10% of requested main memory used !!! Please, adapt your batch script.

