--------BEG-----------
-22
 -5
 -3
  9
  1
 11
 23
 -3
-30
costs: -297

-12
 -8
-10
 24
-23
 24
  7
  2
-14
costs: -545

solutions: 2
best solutions: 1
max costs: -297

Slurm Job Summary
*****************
- General information:
    date = Sat Apr 3 21:41:43 CEST 2021
    hostname = node039
- Job information:
    JobId = 900651
    JobName = j3_3_1_3B5_0Vbrute
    UserId = sunip624(67554)
    Account = sunip624
    QOS = normal
    NodeList = node039
    Features = (null)
    Command = /home/sunip624/IntOpt/sbatches/j3_3_1_3B5_0Vbrute.sbatch
    WorkDir = /home/sunip624/IntOpt
    StdOut = /home/sunip624/IntOpt/./stdouts/j3_3_1_3B5_0Vbrute.out
    StdErr = /home/sunip624/IntOpt/./stderrs/j3_3_1_3B5_0Vbrute.err
- Requested resources:
    Timelimit = 04:00:00 ( 14400s )
    MinMemoryNode = 10G ( 10240.000M )
    NumNodes = 1
    NumCPUs = 16
    NumTasks = 1
    CPUs/Task = 16
- Used resources:
    RunTime = 02:04:36 ( 7476s )
    MaxRSS = 912K ( 0.891M )
====================
- Important conclusions and remarks:
    * !!! Please, always check if the number of requested cores and nodes matches the need of your program/code !!!
    * !!! Less than 60% of requested walltime used !!! Please, adapt your batch script.
    * !!! Less than 10% of requested main memory used !!! Please, adapt your batch script.

