--------BEG-----------
-9
-8
-3
 0
 3
 9
 4
 2
-3
costs: 361

 -4
-10
 -6
  4
 -2
 -3
 -8
  1
  5
costs: -1

solutions: 2
best solutions: 1
max costs: 361

Slurm Job Summary
*****************
- General information:
    date = Sat Apr 3 19:37:05 CEST 2021
    hostname = node036
- Job information:
    JobId = 900648
    JobName = j3_3_1_3B1_1Vbrute
    UserId = sunip624(67554)
    Account = sunip624
    QOS = normal
    NodeList = node036
    Features = (null)
    Command = /home/sunip624/IntOpt/sbatches/j3_3_1_3B1_1Vbrute.sbatch
    WorkDir = /home/sunip624/IntOpt
    StdOut = /home/sunip624/IntOpt/./stdouts/j3_3_1_3B1_1Vbrute.out
    StdErr = /home/sunip624/IntOpt/./stderrs/j3_3_1_3B1_1Vbrute.err
- Requested resources:
    Timelimit = 04:00:00 ( 14400s )
    MinMemoryNode = 10G ( 10240.000M )
    NumNodes = 1
    NumCPUs = 16
    NumTasks = 1
    CPUs/Task = 16
- Used resources:
    RunTime = 00:00:58 ( 58s )
    MaxRSS = 912K ( 0.891M )
====================
- Important conclusions and remarks:
    * !!! Please, always check if the number of requested cores and nodes matches the need of your program/code !!!
    * !!! Less than 10% of requested walltime used !!! Please, adapt your batch script.
    * !!! Less than 10% of requested main memory used !!! Please, adapt your batch script.

