--------BEG-----------
 -2
  2
-11
costs: 26

 -2
  2
-10
costs: 24

-2
 2
-9
costs: 22

-2
 2
-8
costs: 20

-2
 2
-7
costs: 18

-2
 2
-6
costs: 16

-2
 2
-5
costs: 14

-2
 2
-4
costs: 12

-2
 2
-3
costs: 10

-2
 2
-2
costs: 8

-2
 2
-1
costs: 6

-2
 2
 0
costs: 4

-2
 2
 1
costs: 2

-2
 2
 2
costs: 0

-2
 2
 3
costs: -2

solutions: 15
best solutions: 1
max costs: 26

Slurm Job Summary
*****************
- General information:
    date = Sat Apr 3 19:55:07 CEST 2021
    hostname = node032
- Job information:
    JobId = 900654
    JobName = j3_3_2_1B1_1Vbrute
    UserId = sunip624(67554)
    Account = sunip624
    QOS = normal
    NodeList = node032
    Features = (null)
    Command = /home/sunip624/IntOpt/sbatches/j3_3_2_1B1_1Vbrute.sbatch
    WorkDir = /home/sunip624/IntOpt
    StdOut = /home/sunip624/IntOpt/./stdouts/j3_3_2_1B1_1Vbrute.out
    StdErr = /home/sunip624/IntOpt/./stderrs/j3_3_2_1B1_1Vbrute.err
- Requested resources:
    Timelimit = 04:00:00 ( 14400s )
    MinMemoryNode = 10G ( 10240.000M )
    NumNodes = 1
    NumCPUs = 16
    NumTasks = 1
    CPUs/Task = 16
- Used resources:
    RunTime = 00:00:00 ( 0s )
    MaxRSS = 920K ( 0.898M )
====================
- Important conclusions and remarks:
    * !!! Please, always check if the number of requested cores and nodes matches the need of your program/code !!!
    * !!! Less than 10% of requested walltime used !!! Please, adapt your batch script.
    * !!! Less than 10% of requested main memory used !!! Please, adapt your batch script.

