--------BEG-----------
10
-4
-3
costs: 40

10
 2
 4
costs: -130

solutions: 2
best solutions: 1
max costs: 40

Slurm Job Summary
*****************
- General information:
    date = Sat Apr 3 19:56:08 CEST 2021
    hostname = node032
- Job information:
    JobId = 900655
    JobName = j3_3_2_1B1_2Vbrute
    UserId = sunip624(67554)
    Account = sunip624
    QOS = normal
    NodeList = node032
    Features = (null)
    Command = /home/sunip624/IntOpt/sbatches/j3_3_2_1B1_2Vbrute.sbatch
    WorkDir = /home/sunip624/IntOpt
    StdOut = /home/sunip624/IntOpt/./stdouts/j3_3_2_1B1_2Vbrute.out
    StdErr = /home/sunip624/IntOpt/./stderrs/j3_3_2_1B1_2Vbrute.err
- Requested resources:
    Timelimit = 04:00:00 ( 14400s )
    MinMemoryNode = 10G ( 10240.000M )
    NumNodes = 1
    NumCPUs = 16
    NumTasks = 1
    CPUs/Task = 16
- Used resources:
    RunTime = 00:00:01 ( 1s )
    MaxRSS = 908K ( 0.887M )
====================
- Important conclusions and remarks:
    * !!! Please, always check if the number of requested cores and nodes matches the need of your program/code !!!
    * !!! Less than 10% of requested walltime used !!! Please, adapt your batch script.
    * !!! Less than 10% of requested main memory used !!! Please, adapt your batch script.

