--------BEG-----------
-3
10
10
 4
 0
-5
-2
 8
 6
costs: 408

 7
 9
-5
 6
-9
 5
-7
 5
 8
costs: -32

solutions: 2
best solutions: 1
max costs: 408

Slurm Job Summary
*****************
- General information:
    date = Sat Apr 3 19:36:23 CEST 2021
    hostname = node039
- Job information:
    JobId = 900646
    JobName = j3_3_1_3B1_0Vbrute
    UserId = sunip624(67554)
    Account = sunip624
    QOS = normal
    NodeList = node039
    Features = (null)
    Command = /home/sunip624/IntOpt/sbatches/j3_3_1_3B1_0Vbrute.sbatch
    WorkDir = /home/sunip624/IntOpt
    StdOut = /home/sunip624/IntOpt/./stdouts/j3_3_1_3B1_0Vbrute.out
    StdErr = /home/sunip624/IntOpt/./stderrs/j3_3_1_3B1_0Vbrute.err
- Requested resources:
    Timelimit = 04:00:00 ( 14400s )
    MinMemoryNode = 10G ( 10240.000M )
    NumNodes = 1
    NumCPUs = 16
    NumTasks = 1
    CPUs/Task = 16
- Used resources:
    RunTime = 00:01:16 ( 76s )
    MaxRSS = 912K ( 0.891M )
====================
- Important conclusions and remarks:
    * !!! Please, always check if the number of requested cores and nodes matches the need of your program/code !!!
    * !!! Less than 10% of requested walltime used !!! Please, adapt your batch script.
    * !!! Less than 10% of requested main memory used !!! Please, adapt your batch script.

