--------BEG-----------
 16
-16
-15
costs: 347

 16
-20
-14
costs: 474

 16
-24
-13
costs: 601

 16
-28
-12
costs: 728

solutions: 4
best solutions: 1
max costs: 728

Slurm Job Summary
*****************
- General information:
    date = Sat Apr 3 19:59:08 CEST 2021
    hostname = node032
- Job information:
    JobId = 900659
    JobName = j3_3_2_1B5_0Vbrute
    UserId = sunip624(67554)
    Account = sunip624
    QOS = normal
    NodeList = node032
    Features = (null)
    Command = /home/sunip624/IntOpt/sbatches/j3_3_2_1B5_0Vbrute.sbatch
    WorkDir = /home/sunip624/IntOpt
    StdOut = /home/sunip624/IntOpt/./stdouts/j3_3_2_1B5_0Vbrute.out
    StdErr = /home/sunip624/IntOpt/./stderrs/j3_3_2_1B5_0Vbrute.err
- Requested resources:
    Timelimit = 04:00:00 ( 14400s )
    MinMemoryNode = 10G ( 10240.000M )
    NumNodes = 1
    NumCPUs = 16
    NumTasks = 1
    CPUs/Task = 16
- Used resources:
    RunTime = 00:00:01 ( 1s )
    MaxRSS = 912K ( 0.891M )
====================
- Important conclusions and remarks:
    * !!! Please, always check if the number of requested cores and nodes matches the need of your program/code !!!
    * !!! Less than 10% of requested walltime used !!! Please, adapt your batch script.
    * !!! Less than 10% of requested main memory used !!! Please, adapt your batch script.

