
Slurm Job Summary
*****************
- General information:
    date = Sun Apr 4 07:41:44 CEST 2021
    hostname = node081
- Job information:
    JobId = 899559
    JobName = j3_3_3_3B5_0V1
    UserId = sunip624(67554)
    Account = sunip624
    QOS = normal
    NodeList = node081
    Features = (null)
    Command = /home/sunip624/IntOpt/sbatches/j3_3_3_3B5_0V1.sbatch
    WorkDir = /home/sunip624/IntOpt
    StdOut = /home/sunip624/IntOpt/./stdouts/j3_3_3_3B5_0V1.out
    StdErr = /home/sunip624/IntOpt/./stderrs/j3_3_3_3B5_0V1.err
- Requested resources:
    Timelimit = 04:00:00 ( 14400s )
    MinMemoryNode = 200G ( 204800.000M )
    NumNodes = 1
    NumCPUs = 16
    NumTasks = 1
    CPUs/Task = 16
- Used resources:
    RunTime = 00:40:45 ( 2445s )
    MaxRSS = 209715116K ( 204799.918M )
====================
- Important conclusions and remarks:
    * !!! Please, always check if the number of requested cores and nodes matches the need of your program/code !!!
    * !!! Less than 20% of requested walltime used !!! Please, adapt your batch script.
    (null)

