--------BEG-----------
 10
-10
 -3
costs: -9

 8
-9
 2
costs: -58

 6
-8
 7
costs: -107

solutions: 3
best solutions: 1
max costs: -9

Slurm Job Summary
*****************
- General information:
    date = Sat Apr 3 19:30:08 CEST 2021
    hostname = node036
- Job information:
    JobId = 900633
    JobName = j3_3_1_1B2_0Vbrute
    UserId = sunip624(67554)
    Account = sunip624
    QOS = normal
    NodeList = node036
    Features = (null)
    Command = /home/sunip624/IntOpt/sbatches/j3_3_1_1B2_0Vbrute.sbatch
    WorkDir = /home/sunip624/IntOpt
    StdOut = /home/sunip624/IntOpt/./stdouts/j3_3_1_1B2_0Vbrute.out
    StdErr = /home/sunip624/IntOpt/./stderrs/j3_3_1_1B2_0Vbrute.err
- Requested resources:
    Timelimit = 04:00:00 ( 14400s )
    MinMemoryNode = 10G ( 10240.000M )
    NumNodes = 1
    NumCPUs = 16
    NumTasks = 1
    CPUs/Task = 16
- Used resources:
    RunTime = 00:00:00 ( 0s )
    MaxRSS = 904K ( 0.883M )
====================
- Important conclusions and remarks:
    * !!! Please, always check if the number of requested cores and nodes matches the need of your program/code !!!
    * !!! Less than 10% of requested walltime used !!! Please, adapt your batch script.
    * !!! Less than 10% of requested main memory used !!! Please, adapt your batch script.

