
Slurm Job Summary
*****************
- General information:
    date = Sun Apr 4 21:02:48 CEST 2021
    hostname = node061
- Job information:
    JobId = 900101
    JobName = j3_3_2_3B1_1V2
    UserId = sunip624(67554)
    Account = sunip624
    QOS = normal
    NodeList = node061
    Features = (null)
    Command = /home/sunip624/IntOpt/sbatches/j3_3_2_3B1_1V2.sbatch
    WorkDir = /home/sunip624/IntOpt
    StdOut = /home/sunip624/IntOpt/./stdouts/j3_3_2_3B1_1V2.out
    StdErr = /home/sunip624/IntOpt/./stderrs/j3_3_2_3B1_1V2.err
- Requested resources:
    Timelimit = 04:00:00 ( 14400s )
    MinMemoryNode = 200G ( 204800.000M )
    NumNodes = 1
    NumCPUs = 16
    NumTasks = 1
    CPUs/Task = 16
- Used resources:
    RunTime = 01:55:56 ( 6956s )
    MaxRSS = 209715056K ( 204799.859M )
====================
- Important conclusions and remarks:
    * !!! Please, always check if the number of requested cores and nodes matches the need of your program/code !!!
    * !!! Less than 50% of requested walltime used !!! Please, adapt your batch script.
    (null)

