
Slurm Job Summary
*****************
- General information:
    date = Sun Apr 4 19:53:53 CEST 2021
    hostname = node083
- Job information:
    JobId = 900081
    JobName = j3_3_1_3B1_1V2
    UserId = sunip624(67554)
    Account = sunip624
    QOS = normal
    NodeList = node083
    Features = (null)
    Command = /home/sunip624/IntOpt/sbatches/j3_3_1_3B1_1V2.sbatch
    WorkDir = /home/sunip624/IntOpt
    StdOut = /home/sunip624/IntOpt/./stdouts/j3_3_1_3B1_1V2.out
    StdErr = /home/sunip624/IntOpt/./stderrs/j3_3_1_3B1_1V2.err
- Requested resources:
    Timelimit = 04:00:00 ( 14400s )
    MinMemoryNode = 200G ( 204800.000M )
    NumNodes = 1
    NumCPUs = 16
    NumTasks = 1
    CPUs/Task = 16
- Used resources:
    RunTime = 01:38:15 ( 5895s )
    MaxRSS = 209715188K ( 204799.988M )
====================
- Important conclusions and remarks:
    * !!! Please, always check if the number of requested cores and nodes matches the need of your program/code !!!
    * !!! Less than 50% of requested walltime used !!! Please, adapt your batch script.
    (null)

