
Slurm Job Summary
*****************
- General information:
    date = Sun Apr 4 20:48:48 CEST 2021
    hostname = node059
- Job information:
    JobId = 900098
    JobName = j3_3_2_2B1_0V2
    UserId = sunip624(67554)
    Account = sunip624
    QOS = normal
    NodeList = node059
    Features = (null)
    Command = /home/sunip624/IntOpt/sbatches/j3_3_2_2B1_0V2.sbatch
    WorkDir = /home/sunip624/IntOpt
    StdOut = /home/sunip624/IntOpt/./stdouts/j3_3_2_2B1_0V2.out
    StdErr = /home/sunip624/IntOpt/./stderrs/j3_3_2_2B1_0V2.err
- Requested resources:
    Timelimit = 04:00:00 ( 14400s )
    MinMemoryNode = 200G ( 204800.000M )
    NumNodes = 1
    NumCPUs = 16
    NumTasks = 1
    CPUs/Task = 16
- Used resources:
    RunTime = 01:57:41 ( 7061s )
    MaxRSS = 209714696K ( 204799.508M )
====================
- Important conclusions and remarks:
    * !!! Please, always check if the number of requested cores and nodes matches the need of your program/code !!!
    * !!! Less than 50% of requested walltime used !!! Please, adapt your batch script.
    (null)

