--------BEG-----------
 15
  6
  6
-10
 -7
 -4
 -8
 -8
  7
costs: 561

 20
 -2
-17
 -1
-12
  2
 11
  5
 11
costs: -444

solutions: 2
best solutions: 1
max costs: 561

Slurm Job Summary
*****************
- General information:
    date = Sat Apr 3 22:38:43 CEST 2021
    hostname = node036
- Job information:
    JobId = 900694
    JobName = j3_3_3_3B4_0Vbrute
    UserId = sunip624(67554)
    Account = sunip624
    QOS = normal
    NodeList = node036
    Features = (null)
    Command = /home/sunip624/IntOpt/sbatches/j3_3_3_3B4_0Vbrute.sbatch
    WorkDir = /home/sunip624/IntOpt
    StdOut = /home/sunip624/IntOpt/./stdouts/j3_3_3_3B4_0Vbrute.out
    StdErr = /home/sunip624/IntOpt/./stderrs/j3_3_3_3B4_0Vbrute.err
- Requested resources:
    Timelimit = 04:00:00 ( 14400s )
    MinMemoryNode = 10G ( 10240.000M )
    NumNodes = 1
    NumCPUs = 16
    NumTasks = 1
    CPUs/Task = 16
- Used resources:
    RunTime = 00:56:36 ( 3396s )
    MaxRSS = 920K ( 0.898M )
====================
- Important conclusions and remarks:
    * !!! Please, always check if the number of requested cores and nodes matches the need of your program/code !!!
    * !!! Less than 30% of requested walltime used !!! Please, adapt your batch script.
    * !!! Less than 10% of requested main memory used !!! Please, adapt your batch script.

