solution:
-7
-7
 5
maximum: -16

Slurm Job Summary
*****************
- General information:
    date = Sat Apr 10 05:47:53 CEST 2021
    hostname = node051
- Job information:
    JobId = 908686
    JobName = j3_4_1_1B1_2V1
    UserId = sunip624(67554)
    Account = sunip624
    QOS = normal
    NodeList = node051
    Features = (null)
    Command = /home/sunip624/IntOpt/sbatches/j3_4_1_1B1_2V1.sbatch
    WorkDir = /home/sunip624/IntOpt
    StdOut = /home/sunip624/IntOpt/./stdouts/j3_4_1_1B1_2V1.out
    StdErr = /home/sunip624/IntOpt/./stderrs/j3_4_1_1B1_2V1.err
- Requested resources:
    Timelimit = 04:00:00 ( 14400s )
    MinMemoryNode = 200G ( 204800.000M )
    NumNodes = 1
    NumCPUs = 16
    NumTasks = 1
    CPUs/Task = 16
- Used resources:
    RunTime = 00:25:34 ( 1534s )
    MaxRSS = 22310484K ( 21787.582M )
====================
- Important conclusions and remarks:
    * !!! Please, always check if the number of requested cores and nodes matches the need of your program/code !!!
    * !!! Less than 20% of requested walltime used !!! Please, adapt your batch script.
    * !!! Less than 20% of requested main memory used !!! Please, adapt your batch script.

