
Slurm Job Summary
*****************
- General information:
    date = Sat Apr 10 08:45:41 CEST 2021
    hostname = node049
- Job information:
    JobId = 908690
    JobName = j3_4_1_2B1_2V1
    UserId = sunip624(67554)
    Account = sunip624
    QOS = normal
    NodeList = node049
    Features = (null)
    Command = /home/sunip624/IntOpt/sbatches/j3_4_1_2B1_2V1.sbatch
    WorkDir = /home/sunip624/IntOpt
    StdOut = /home/sunip624/IntOpt/./stdouts/j3_4_1_2B1_2V1.out
    StdErr = /home/sunip624/IntOpt/./stderrs/j3_4_1_2B1_2V1.err
- Requested resources:
    Timelimit = 04:00:00 ( 14400s )
    MinMemoryNode = 200G ( 204800.000M )
    NumNodes = 1
    NumCPUs = 16
    NumTasks = 1
    CPUs/Task = 16
- Used resources:
    RunTime = 03:14:39 ( 11679s )
    MaxRSS = 209714980K ( 204799.785M )
====================
- Important conclusions and remarks:
    * !!! Please, always check if the number of requested cores and nodes matches the need of your program/code !!!
    (null)
    (null)

