solution:
-7
-7
 5
maximum: -16

Slurm Job Summary
*****************
- General information:
    date = Sat Apr 10 11:25:13 CEST 2021
    hostname = node090
- Job information:
    JobId = 908939
    JobName = j3_4_1_1B1_2V2
    UserId = sunip624(67554)
    Account = sunip624
    QOS = normal
    NodeList = node090
    Features = (null)
    Command = /home/sunip624/IntOpt/sbatches/j3_4_1_1B1_2V2.sbatch
    WorkDir = /home/sunip624/IntOpt
    StdOut = /home/sunip624/IntOpt/./stdouts/j3_4_1_1B1_2V2.out
    StdErr = /home/sunip624/IntOpt/./stderrs/j3_4_1_1B1_2V2.err
- Requested resources:
    Timelimit = 04:00:00 ( 14400s )
    MinMemoryNode = 200G ( 204800.000M )
    NumNodes = 1
    NumCPUs = 16
    NumTasks = 1
    CPUs/Task = 16
- Used resources:
    RunTime = 00:10:44 ( 644s )
    MaxRSS = 15405672K ( 15044.602M )
====================
- Important conclusions and remarks:
    * !!! Please, always check if the number of requested cores and nodes matches the need of your program/code !!!
    * !!! Less than 10% of requested walltime used !!! Please, adapt your batch script.
    * !!! Less than 10% of requested main memory used !!! Please, adapt your batch script.

