
Slurm Job Summary
*****************
- General information:
    date = Sat Apr 10 12:52:02 CEST 2021
    hostname = node004
- Job information:
    JobId = 908960
    JobName = j3_5_2_2B1_2V2
    UserId = sunip624(67554)
    Account = sunip624
    QOS = normal
    NodeList = node004
    Features = (null)
    Command = /home/sunip624/IntOpt/sbatches/j3_5_2_2B1_2V2.sbatch
    WorkDir = /home/sunip624/IntOpt
    StdOut = /home/sunip624/IntOpt/./stdouts/j3_5_2_2B1_2V2.out
    StdErr = /home/sunip624/IntOpt/./stderrs/j3_5_2_2B1_2V2.err
- Requested resources:
    Timelimit = 04:00:00 ( 14400s )
    MinMemoryNode = 200G ( 204800.000M )
    NumNodes = 1
    NumCPUs = 16
    NumTasks = 1
    CPUs/Task = 16
- Used resources:
    RunTime = 01:10:51 ( 4251s )
    MaxRSS = 209715072K ( 204799.875M )
====================
- Important conclusions and remarks:
    * !!! Please, always check if the number of requested cores and nodes matches the need of your program/code !!!
    * !!! Less than 30% of requested walltime used !!! Please, adapt your batch script.
    (null)

