solution:
10
-2
 2
maximum: 166

Slurm Job Summary
*****************
- General information:
    date = Sat Apr 10 07:36:05 CEST 2021
    hostname = node051
- Job information:
    JobId = 908723
    JobName = j3_7_1_1B1_0V1
    UserId = sunip624(67554)
    Account = sunip624
    QOS = normal
    NodeList = node051
    Features = (null)
    Command = /home/sunip624/IntOpt/sbatches/j3_7_1_1B1_0V1.sbatch
    WorkDir = /home/sunip624/IntOpt
    StdOut = /home/sunip624/IntOpt/./stdouts/j3_7_1_1B1_0V1.out
    StdErr = /home/sunip624/IntOpt/./stderrs/j3_7_1_1B1_0V1.err
- Requested resources:
    Timelimit = 04:00:00 ( 14400s )
    MinMemoryNode = 200G ( 204800.000M )
    NumNodes = 1
    NumCPUs = 16
    NumTasks = 1
    CPUs/Task = 16
- Used resources:
    RunTime = 00:51:55 ( 3115s )
    MaxRSS = 53574280K ( 52318.633M )
====================
- Important conclusions and remarks:
    * !!! Please, always check if the number of requested cores and nodes matches the need of your program/code !!!
    * !!! Less than 30% of requested walltime used !!! Please, adapt your batch script.
    * !!! Less than 30% of requested main memory used !!! Please, adapt your batch script.

