
Slurm Job Summary
*****************
- General information:
    date = Sat Apr 10 08:46:09 CEST 2021
    hostname = node004
- Job information:
    JobId = 908735
    JobName = j3_8_1_1B1_2V1
    UserId = sunip624(67554)
    Account = sunip624
    QOS = normal
    NodeList = node004
    Features = (null)
    Command = /home/sunip624/IntOpt/sbatches/j3_8_1_1B1_2V1.sbatch
    WorkDir = /home/sunip624/IntOpt
    StdOut = /home/sunip624/IntOpt/./stdouts/j3_8_1_1B1_2V1.out
    StdErr = /home/sunip624/IntOpt/./stderrs/j3_8_1_1B1_2V1.err
- Requested resources:
    Timelimit = 04:00:00 ( 14400s )
    MinMemoryNode = 200G ( 204800.000M )
    NumNodes = 1
    NumCPUs = 16
    NumTasks = 1
    CPUs/Task = 16
- Used resources:
    RunTime = 01:29:05 ( 5345s )
    MaxRSS = 209715156K ( 204799.957M )
====================
- Important conclusions and remarks:
    * !!! Please, always check if the number of requested cores and nodes matches the need of your program/code !!!
    * !!! Less than 40% of requested walltime used !!! Please, adapt your batch script.
    (null)

