
Slurm Job Summary
*****************
- General information:
    date = Sat Apr 10 13:24:03 CEST 2021
    hostname = graph01
- Job information:
    JobId = 909000
    JobName = j3_9_1_1B1_1V2
    UserId = sunip624(67554)
    Account = sunip624
    QOS = normal
    NodeList = graph01
    Features = (null)
    Command = /home/sunip624/IntOpt/sbatches/j3_9_1_1B1_1V2.sbatch
    WorkDir = /home/sunip624/IntOpt
    StdOut = /home/sunip624/IntOpt/./stdouts/j3_9_1_1B1_1V2.out
    StdErr = /home/sunip624/IntOpt/./stderrs/j3_9_1_1B1_1V2.err
- Requested resources:
    Timelimit = 04:00:00 ( 14400s )
    MinMemoryNode = 200G ( 204800.000M )
    NumNodes = 1
    NumCPUs = 16
    NumTasks = 1
    CPUs/Task = 16
- Used resources:
    RunTime = 00:30:13 ( 1813s )
    MaxRSS = 206308992K ( 201473.625M )
====================
- Important conclusions and remarks:
    * !!! Please, always check if the number of requested cores and nodes matches the need of your program/code !!!
    * !!! Less than 20% of requested walltime used !!! Please, adapt your batch script.
    (null)

